#
# A fatal error has been detected by the Java Runtime Environment:
#
#  SIGSEGV (0xb) at pc=0x000000010cee16de, pid=7068, tid=0x0000000000007103
#
# JRE version: Java(TM) SE Runtime Environment (8.0_144-b01) (build 1.8.0_144-b01)
# Java VM: Java HotSpot(TM) 64-Bit Server VM (25.144-b01 mixed mode bsd-amd64 compressed oops)
# Problematic frame:
# J 7667 C2 java.io.File.<init>(Ljava/lang/String;)V (47 bytes) @ 0x000000010cee16de [0x000000010cee16a0+0x3e]
#
# Failed to write core dump. Core dumps have been disabled. To enable core dumping, try "ulimit -c unlimited" before starting Java again
#
# If you would like to submit a bug report, please visit:
#   http://bugreport.java.com/bugreport/crash.jsp
#

---------------  T H R E A D  ---------------

Current thread (0x00007f8a3909c800):  JavaThread "FSEvent thread" daemon [_thread_in_Java, id=28931, stack(0x000070000b245000,0x000070000b345000)]

siginfo: si_signo: 11 (SIGSEGV), si_code: 1 (SEGV_MAPERR), si_addr: 0x0000000232806a4c

Registers:
RAX=0x00000007b06aa170, RBX=0x00000007b06aa050, RCX=0x0000000000000000, RDX=0x0000000232806a40
RSP=0x000070000b33e0c0, RBP=0x000070000b33e1f8, RSI=0x00000007b06aa170, RDI=0x000000010c8b6db8
R8 =0x0000000780201418, R9 =0x0000000000000000, R10=0x00000001024f4fa0, R11=0x000000010dd75260
R12=0x0000000000000000, R13=0x000070000b33e1a0, R14=0x000070000b33e260, R15=0x00007f8a3909c800
RIP=0x000000010cee16de, EFLAGS=0x0000000000010202, ERR=0x0000000000000004
  TRAPNO=0x000000000000000e

Top of Stack: (sp=0x000070000b33e0c0)
0x000070000b33e0c0:   000070000b33e130 00000007b06aa170
0x000070000b33e0d0:   000000010ca152bd 0000000000000000
0x000070000b33e0e0:   00000007ae5d7ef0 00000007b06a9fd0
0x000070000b33e0f0:   000070000b33e0f0 000000010cb21659
0x000070000b33e100:   000070000b33e1f8 000000010dd7536c
0x000070000b33e110:   0000000000000000 000000010c7a5e30
0x000070000b33e120:   000070000b33e190 000000010ca152bd
0x000070000b33e130:   000000010ca152bd 00000007b06aa140
0x000070000b33e140:   00000007b06aa140 00000007b06aa080
0x000070000b33e150:   000070000b33e1f8 00000007b06aa050
0x000070000b33e160:   000000078258dfb8 00000007b06aa170
0x000070000b33e170:   00000007b06aa080 000000010c8b5a58
0x000070000b33e180:   000070000b33e1f8 000000010ca152bd
0x000070000b33e190:   000070000b33e1f8 000000010ca152bd
0x000070000b33e1a0:   00000007b06aa080 00000007b06aa050
0x000070000b33e1b0:   000000078258dfb8 000070000b33e1b8
0x000070000b33e1c0:   000000011c33a769 000070000b33e260
0x000070000b33e1d0:   000000010c8ac028 0000000000000000
0x000070000b33e1e0:   000000011c33abc0 000070000b33e1a0
0x000070000b33e1f0:   000070000b33e258 000070000b33e2a8
0x000070000b33e200:   000000010ca152bd 0000000000000000
0x000070000b33e210:   0000000000000000 0000000000000000
0x000070000b33e220:   0000000000000000 0000000000000000
0x000070000b33e230:   0000000000000000 0000000000000000
0x000070000b33e240:   00000007b06aa050 00000007b06aa080
0x000070000b33e250:   000000078258dfb8 0000000000000000
0x000070000b33e260:   0000000784249670 000070000b33e268
0x000070000b33e270:   000000010c8accbd 000070000b33e2c0
0x000070000b33e280:   000000010c8acd70 0000000000000000
0x000070000b33e290:   000000010c8acce8 000070000b33e258
0x000070000b33e2a0:   000070000b33e2b8 000070000b33e308
0x000070000b33e2b0:   000000010ca15302 0000000000000000 

Instructions: (pc=0x000000010cee16de)
0x000000010cee16be:   66 90 89 84 24 00 c0 fe ff 55 48 83 ec 40 48 89
0x000000010cee16ce:   74 24 08 44 89 66 14 48 85 d2 0f 84 7d 02 00 00
0x000000010cee16de:   44 8b 4a 0c 47 8b 5c cc 0c 48 bd 00 70 36 ff 00
0x000000010cee16ee:   00 00 00 45 85 db 0f 8e 0d 02 00 00 45 85 db 0f 

Register to memory mapping:

RAX=0x00000007b06aa170 is an oop
java.io.File 
 - klass: 'java/io/File'
RBX=0x00000007b06aa050 is an oop
net.contentobjects.jnotify.macosx.JNotifyAdapterMacOSX$ScanJob 
 - klass: 'net/contentobjects/jnotify/macosx/JNotifyAdapterMacOSX$ScanJob'
RCX=0x0000000000000000 is an unknown value
RDX=0x0000000232806a40 is an unknown value
RSP=0x000070000b33e0c0 is pointing into the stack for thread: 0x00007f8a3909c800
RBP=0x000070000b33e1f8 is pointing into the stack for thread: 0x00007f8a3909c800
RSI=0x00000007b06aa170 is an oop
java.io.File 
 - klass: 'java/io/File'
RDI=0x000000010c8b6db8 is pointing into metadata
R8 =0x0000000780201418 is an oop
java.lang.Integer 
 - klass: 'java/lang/Integer'
R9 =0x0000000000000000 is an unknown value
R10=0x00000001024f4fa0: _ZN19TemplateInterpreter20_invoke_return_entryE+0 in /Library/Java/JavaVirtualMachines/jdk1.8.0_144.jdk/Contents/Home/jre/lib/server/libjvm.dylib at 0x0000000101c00000
R11=0x000000010dd75260 is at entry_point+0 in (nmethod*)0x000000010dd750d0
R12=0x0000000000000000 is an unknown value
R13=0x000070000b33e1a0 is pointing into the stack for thread: 0x00007f8a3909c800
R14=0x000070000b33e260 is pointing into the stack for thread: 0x00007f8a3909c800
R15=0x00007f8a3909c800 is a thread


Stack: [0x000070000b245000,0x000070000b345000],  sp=0x000070000b33e0c0,  free space=996k
Native frames: (J=compiled Java code, j=interpreted, Vv=VM code, C=native code)
J 7667 C2 java.io.File.<init>(Ljava/lang/String;)V (47 bytes) @ 0x000000010cee16de [0x000000010cee16a0+0x3e]
J 8587 C1 net.contentobjects.jnotify.macosx.JNotifyAdapterMacOSX$WatchData.access$000(Lnet/contentobjects/jnotify/macosx/JNotifyAdapterMacOSX$WatchData;Lnet/contentobjects/jnotify/macosx/JNotifyAdapterMacOSX$ScanJob;Lnet/contentobjects/jnotify/macosx/JNotifyAdapterMacOSX$JNEvents;)V (7 bytes) @ 0x000000010dd7536c [0x000000010dd75260+0x10c]
j  net.contentobjects.jnotify.macosx.JNotifyAdapterMacOSX.batchEndEvent(I)V+73
j  net.contentobjects.jnotify.macosx.JNotifyAdapterMacOSX$1.batchEnd(I)V+5
j  net.contentobjects.jnotify.macosx.JNotify_macosx.callbackInBatch(IZ)V+26
v  ~StubRoutines::call_stub
V  [libjvm.dylib+0x2ee70a]  JavaCalls::call_helper(JavaValue*, methodHandle*, JavaCallArguments*, Thread*)+0x6ae
V  [libjvm.dylib+0x3258b9]  jni_invoke_nonstatic(JNIEnv_*, JavaValue*, _jobject*, JNICallType, _jmethodID*, JNI_ArgumentPusher*, Thread*)+0x2ec
V  [libjvm.dylib+0x318087]  jni_CallVoidMethod+0x16b
C  [libjnotify.jnilib+0x1585]  fsevent_callback+0x115
C  [FSEvents+0x3b03]  implementation_callback_rpc+0x75b
C  [FSEvents+0x1702]  _Xcallback_rpc+0xfe
C  [FSEvents+0x17c9]  FSEventsD2F_server+0x37
C  [FSEvents+0x6fed]  FSEventsClientProcessMessageCallback+0x2c
C  [CoreFoundation+0x9030d]  __CFMachPortPerform+0xfd
C  [CoreFoundation+0x901f9]  __CFRUNLOOP_IS_CALLING_OUT_TO_A_SOURCE1_PERFORM_FUNCTION__+0x29
C  [CoreFoundation+0x90171]  __CFRunLoopDoSource1+0x1d1
C  [CoreFoundation+0x880c5]  __CFRunLoopRun+0x955
C  [CoreFoundation+0x87514]  CFRunLoopRunSpecific+0x1a4
C  [CoreFoundation+0xc6bb1]  CFRunLoopRun+0x61
j  net.contentobjects.jnotify.macosx.JNotify_macosx.nativeNotifyLoop()V+0
j  net.contentobjects.jnotify.macosx.JNotify_macosx.access$400()V+0
j  net.contentobjects.jnotify.macosx.JNotify_macosx$1.run()V+65
v  ~StubRoutines::call_stub
V  [libjvm.dylib+0x2ee70a]  JavaCalls::call_helper(JavaValue*, methodHandle*, JavaCallArguments*, Thread*)+0x6ae
V  [libjvm.dylib+0x2eeeae]  JavaCalls::call_virtual(JavaValue*, KlassHandle, Symbol*, Symbol*, JavaCallArguments*, Thread*)+0x164
V  [libjvm.dylib+0x2ef05a]  JavaCalls::call_virtual(JavaValue*, Handle, KlassHandle, Symbol*, Symbol*, Thread*)+0x4a
V  [libjvm.dylib+0x3497b1]  thread_entry(JavaThread*, Thread*)+0x7c
V  [libjvm.dylib+0x56c0b3]  JavaThread::thread_main_inner()+0x9b
V  [libjvm.dylib+0x56d7a0]  JavaThread::run()+0x1c2
V  [libjvm.dylib+0x48baee]  java_start(Thread*)+0xf6
C  [libsystem_pthread.dylib+0x3aab]  _pthread_body+0xb4
C  [libsystem_pthread.dylib+0x39f7]  _pthread_body+0x0
C  [libsystem_pthread.dylib+0x3221]  thread_start+0xd
C  0x0000000000000000


---------------  P R O C E S S  ---------------

Java Threads: ( => current thread )
  0x00007f8a349a7000 JavaThread "play-dev-mode-akka.actor.default-dispatcher-7" [_thread_blocked, id=38923, stack(0x000070000b857000,0x000070000b957000)]
  0x00007f8a34aaf800 JavaThread "com.google.common.base.internal.Finalizer" daemon [_thread_blocked, id=38159, stack(0x000070000b54e000,0x000070000b64e000)]
  0x00007f8a3315c800 JavaThread "application-akka.actor.default-dispatcher-3" [_thread_blocked, id=33035, stack(0x000070000b651000,0x000070000b751000)]
  0x00007f8a343bf800 JavaThread "application-scheduler-1" [_thread_blocked, id=31759, stack(0x000070000b348000,0x000070000b448000)]
  0x00007f8a3609f000 JavaThread "__DEFAULT__" daemon [_thread_blocked, id=32779, stack(0x000070000b44b000,0x000070000b54b000)]
  0x00007f8a347b9800 JavaThread "HikariPool-1 housekeeper" daemon [_thread_blocked, id=32267, stack(0x000070000b142000,0x000070000b242000)]
  0x00007f8a347ba000 JavaThread "PostgreSQL-JDBC-SharedTimer-1" daemon [_thread_blocked, id=5391, stack(0x000070000b03f000,0x000070000b13f000)]
  0x00007f8a340e9800 JavaThread "AsyncAppender-Worker-ASYNCSTDOUT" daemon [_thread_blocked, id=5135, stack(0x000070000af3c000,0x000070000b03c000)]
  0x00007f8a34401000 JavaThread "AsyncAppender-Worker-ASYNCFILE" daemon [_thread_blocked, id=33811, stack(0x000070000a724000,0x000070000a824000)]
  0x00007f8a34196800 JavaThread "play-dev-mode-akka.io.pinned-dispatcher-5" [_thread_in_native, id=28423, stack(0x000070000ad36000,0x000070000ae36000)]
  0x00007f8a37d4f800 JavaThread "play-dev-mode-akka.actor.default-dispatcher-3" [_thread_blocked, id=23055, stack(0x000070000ab30000,0x000070000ac30000)]
  0x00007f8a361e4800 JavaThread "play-dev-mode-akka.actor.default-dispatcher-2" [_thread_blocked, id=23827, stack(0x000070000aa2d000,0x000070000ab2d000)]
  0x00007f8a36205800 JavaThread "play-dev-mode-scheduler-1" [_thread_blocked, id=25107, stack(0x000070000a92a000,0x000070000aa2a000)]
  0x00007f8a381c9000 JavaThread "reloader-timer" daemon [_thread_blocked, id=28167, stack(0x000070000a621000,0x000070000a721000)]
=>0x00007f8a3909c800 JavaThread "FSEvent thread" daemon [_thread_in_Java, id=28931, stack(0x000070000b245000,0x000070000b345000)]
  0x00007f8a37b79000 JavaThread "pool-4-thread-6" [_thread_in_native, id=26883, stack(0x000070000ae39000,0x000070000af39000)]
  0x00007f8a367dc800 JavaThread "sbt-web-akka.actor.default-dispatcher-4" [_thread_blocked, id=25615, stack(0x000070000a827000,0x000070000a927000)]
  0x00007f8a367d8800 JavaThread "sbt-web-scheduler-1" [_thread_blocked, id=22799, stack(0x000070000a51e000,0x000070000a61e000)]
  0x00007f8a3401c800 JavaThread "Service Thread" daemon [_thread_blocked, id=21251, stack(0x000070000a318000,0x000070000a418000)]
  0x00007f8a3383f800 JavaThread "C1 CompilerThread3" daemon [_thread_blocked, id=20739, stack(0x000070000a215000,0x000070000a315000)]
  0x00007f8a3383f000 JavaThread "C2 CompilerThread2" daemon [_thread_blocked, id=20227, stack(0x000070000a112000,0x000070000a212000)]
  0x00007f8a3383e000 JavaThread "C2 CompilerThread1" daemon [_thread_blocked, id=19715, stack(0x000070000a00f000,0x000070000a10f000)]
  0x00007f8a33838000 JavaThread "C2 CompilerThread0" daemon [_thread_blocked, id=19203, stack(0x0000700009f0c000,0x000070000a00c000)]
  0x00007f8a33837800 JavaThread "Signal Dispatcher" daemon [_thread_blocked, id=18691, stack(0x0000700009e09000,0x0000700009f09000)]
  0x00007f8a33823000 JavaThread "Finalizer" daemon [_thread_blocked, id=14595, stack(0x0000700009d06000,0x0000700009e06000)]
  0x00007f8a31013000 JavaThread "Reference Handler" daemon [_thread_blocked, id=14083, stack(0x0000700009c03000,0x0000700009d03000)]
  0x00007f8a31008800 JavaThread "main" [_thread_blocked, id=7171, stack(0x00007000091e5000,0x00007000092e5000)]

Other Threads:
  0x00007f8a32011000 VMThread [stack: 0x0000700009b00000,0x0000700009c00000] [id=13571]
  0x00007f8a31000800 WatcherThread [stack: 0x000070000a41b000,0x000070000a51b000] [id=21763]

VM state:not at safepoint (normal execution)

VM Mutex/Monitor currently owned by a thread: None

Heap:
 PSYoungGen      total 231424K, used 100683K [0x00000007aab00000, 0x00000007bf380000, 0x00000007c0000000)
  eden space 125440K, 75% used [0x00000007aab00000,0x00000007b07b2e68,0x00000007b2580000)
  from space 105984K, 5% used [0x00000007b2580000,0x00000007b2b20040,0x00000007b8d00000)
  to   space 102912K, 0% used [0x00000007b8f00000,0x00000007b8f00000,0x00000007bf380000)
 ParOldGen       total 699392K, used 115199K [0x0000000780000000, 0x00000007aab00000, 0x00000007aab00000)
  object space 699392K, 16% used [0x0000000780000000,0x000000078707ffb0,0x00000007aab00000)
 Metaspace       used 116197K, capacity 120752K, committed 121048K, reserved 1150976K
  class space    used 19076K, capacity 19570K, committed 19672K, reserved 1048576K

Card table byte_map: [0x0000000102f67000,0x0000000103168000] byte_map_base: 0x00000000ff367000

Marking Bits: (ParMarkBitMap*) 0x00000001024f35d0
 Begin Bits: [0x00000001032be000, 0x00000001042be000)
 End Bits:   [0x00000001042be000, 0x00000001052be000)

Polling page: 0x0000000100b93000

CodeCache: size=245760Kb used=26084Kb max_used=26097Kb free=219675Kb
 bounds [0x000000010ca0d000, 0x000000010e3ad000, 0x000000011ba0d000]
 total_blobs=10227 nmethods=9530 adapters=606
 compilation: enabled

Compilation events (10 events):
Event: 483.212 Thread 0x00007f8a33838000 11676       4       java.nio.CharBuffer::arrayOffset (35 bytes)
Event: 483.212 Thread 0x00007f8a3383f800 nmethod 11674 0x000000010e3a6510 code [0x000000010e3a6680, 0x000000010e3a6828]
Event: 483.212 Thread 0x00007f8a3383f800 11675   !   3       sun.nio.cs.StreamEncoder::flushBuffer (42 bytes)
Event: 483.213 Thread 0x00007f8a33838000 nmethod 11676 0x000000010e2c9890 code [0x000000010e2c99e0, 0x000000010e2c9a78]
Event: 483.213 Thread 0x00007f8a3383f800 nmethod 11675 0x000000010e3a5b10 code [0x000000010e3a5cc0, 0x000000010e3a6278]
Event: 483.231 Thread 0x00007f8a3383f000 nmethod 11673% 0x000000010e3a9690 code [0x000000010e3a98c0, 0x000000010e3aa7a0]
Event: 503.509 Thread 0x00007f8a3383f800 11677       3       java.util.concurrent.locks.ReentrantLock::tryLock (9 bytes)
Event: 503.510 Thread 0x00007f8a3383f800 nmethod 11677 0x000000010e3a56d0 code [0x000000010e3a5840, 0x000000010e3a5a68]
Event: 521.779 Thread 0x00007f8a3383e000 11678 %     4       akka.actor.LightArrayRevolverScheduler$$anon$8::nextTick @ 0 (202 bytes)
Event: 521.796 Thread 0x00007f8a3383e000 nmethod 11678% 0x000000010e3ab490 code [0x000000010e3ab6c0, 0x000000010e3abfd0]

GC Heap History (10 events):
Event: 361.475 GC heap before
{Heap before GC invocations=126 (full 35):
 PSYoungGen      total 231936K, used 126725K [0x00000007aab00000, 0x00000007bff00000, 0x00000007c0000000)
  eden space 116736K, 100% used [0x00000007aab00000,0x00000007b1d00000,0x00000007b1d00000)
  from space 115200K, 8% used [0x00000007b8e80000,0x00000007b9841678,0x00000007bff00000)
  to   space 115712K, 0% used [0x00000007b1d00000,0x00000007b1d00000,0x00000007b8e00000)
 ParOldGen       total 699392K, used 112581K [0x0000000780000000, 0x00000007aab00000, 0x00000007aab00000)
  object space 699392K, 16% used [0x0000000780000000,0x0000000786df1460,0x00000007aab00000)
 Metaspace       used 116030K, capacity 120606K, committed 120792K, reserved 1150976K
  class space    used 19073K, capacity 19567K, committed 19672K, reserved 1048576K
Event: 361.483 GC heap after
Heap after GC invocations=126 (full 35):
 PSYoungGen      total 232448K, used 8131K [0x00000007aab00000, 0x00000007bfd80000, 0x00000007c0000000)
  eden space 116736K, 0% used [0x00000007aab00000,0x00000007aab00000,0x00000007b1d00000)
  from space 115712K, 7% used [0x00000007b1d00000,0x00000007b24f0db0,0x00000007b8e00000)
  to   space 114176K, 0% used [0x00000007b8e00000,0x00000007b8e00000,0x00000007bfd80000)
 ParOldGen       total 699392K, used 115183K [0x0000000780000000, 0x00000007aab00000, 0x00000007aab00000)
  object space 699392K, 16% used [0x0000000780000000,0x000000078707bfb0,0x00000007aab00000)
 Metaspace       used 116030K, capacity 120606K, committed 120792K, reserved 1150976K
  class space    used 19073K, capacity 19567K, committed 19672K, reserved 1048576K
}
Event: 463.665 GC heap before
{Heap before GC invocations=127 (full 35):
 PSYoungGen      total 232448K, used 124867K [0x00000007aab00000, 0x00000007bfd80000, 0x00000007c0000000)
  eden space 116736K, 100% used [0x00000007aab00000,0x00000007b1d00000,0x00000007b1d00000)
  from space 115712K, 7% used [0x00000007b1d00000,0x00000007b24f0db0,0x00000007b8e00000)
  to   space 114176K, 0% used [0x00000007b8e00000,0x00000007b8e00000,0x00000007bfd80000)
 ParOldGen       total 699392K, used 115183K [0x0000000780000000, 0x00000007aab00000, 0x00000007aab00000)
  object space 699392K, 16% used [0x0000000780000000,0x000000078707bfb0,0x00000007aab00000)
 Metaspace       used 116196K, capacity 120752K, committed 121048K, reserved 1150976K
  class space    used 19076K, capacity 19570K, committed 19672K, reserved 1048576K
Event: 463.672 GC heap after
Heap after GC invocations=127 (full 35):
 PSYoungGen      total 231424K, used 3424K [0x00000007aab00000, 0x00000007bfb80000, 0x00000007c0000000)
  eden space 119296K, 0% used [0x00000007aab00000,0x00000007aab00000,0x00000007b1f80000)
  from space 112128K, 3% used [0x00000007b8e00000,0x00000007b9158050,0x00000007bfb80000)
  to   space 112640K, 0% used [0x00000007b1f80000,0x00000007b1f80000,0x00000007b8d80000)
 ParOldGen       total 699392K, used 115191K [0x0000000780000000, 0x00000007aab00000, 0x00000007aab00000)
  object space 699392K, 16% used [0x0000000780000000,0x000000078707dfb0,0x00000007aab00000)
 Metaspace       used 116196K, capacity 120752K, committed 121048K, reserved 1150976K
  class space    used 19076K, capacity 19570K, committed 19672K, reserved 1048576K
}
Event: 530.186 GC heap before
{Heap before GC invocations=128 (full 35):
 PSYoungGen      total 231424K, used 122720K [0x00000007aab00000, 0x00000007bfb80000, 0x00000007c0000000)
  eden space 119296K, 100% used [0x00000007aab00000,0x00000007b1f80000,0x00000007b1f80000)
  from space 112128K, 3% used [0x00000007b8e00000,0x00000007b9158050,0x00000007bfb80000)
  to   space 112640K, 0% used [0x00000007b1f80000,0x00000007b1f80000,0x00000007b8d80000)
 ParOldGen       total 699392K, used 115191K [0x0000000780000000, 0x00000007aab00000, 0x00000007aab00000)
  object space 699392K, 16% used [0x0000000780000000,0x000000078707dfb0,0x00000007aab00000)
 Metaspace       used 116197K, capacity 120752K, committed 121048K, reserved 1150976K
  class space    used 19076K, capacity 19570K, committed 19672K, reserved 1048576K
Event: 530.212 GC heap after
Heap after GC invocations=128 (full 35):
 PSYoungGen      total 231936K, used 4832K [0x00000007aab00000, 0x00000007bfb80000, 0x00000007c0000000)
  eden space 119296K, 0% used [0x00000007aab00000,0x00000007aab00000,0x00000007b1f80000)
  from space 112640K, 4% used [0x00000007b1f80000,0x00000007b2438040,0x00000007b8d80000)
  to   space 110080K, 0% used [0x00000007b9000000,0x00000007b9000000,0x00000007bfb80000)
 ParOldGen       total 699392K, used 115199K [0x0000000780000000, 0x00000007aab00000, 0x00000007aab00000)
  object space 699392K, 16% used [0x0000000780000000,0x000000078707ffb0,0x00000007aab00000)
 Metaspace       used 116197K, capacity 120752K, committed 121048K, reserved 1150976K
  class space    used 19076K, capacity 19570K, committed 19672K, reserved 1048576K
}
Event: 552.214 GC heap before
{Heap before GC invocations=129 (full 35):
 PSYoungGen      total 231936K, used 124128K [0x00000007aab00000, 0x00000007bfb80000, 0x00000007c0000000)
  eden space 119296K, 100% used [0x00000007aab00000,0x00000007b1f80000,0x00000007b1f80000)
  from space 112640K, 4% used [0x00000007b1f80000,0x00000007b2438040,0x00000007b8d80000)
  to   space 110080K, 0% used [0x00000007b9000000,0x00000007b9000000,0x00000007bfb80000)
 ParOldGen       total 699392K, used 115199K [0x0000000780000000, 0x00000007aab00000, 0x00000007aab00000)
  object space 699392K, 16% used [0x0000000780000000,0x000000078707ffb0,0x00000007aab00000)
 Metaspace       used 116197K, capacity 120752K, committed 121048K, reserved 1150976K
  class space    used 19076K, capacity 19570K, committed 19672K, reserved 1048576K
Event: 552.227 GC heap after
Heap after GC invocations=129 (full 35):
 PSYoungGen      total 228352K, used 8608K [0x00000007aab00000, 0x00000007bf480000, 0x00000007c0000000)
  eden space 125440K, 0% used [0x00000007aab00000,0x00000007aab00000,0x00000007b2580000)
  from space 102912K, 8% used [0x00000007b9000000,0x00000007b9868040,0x00000007bf480000)
  to   space 105984K, 0% used [0x00000007b2580000,0x00000007b2580000,0x00000007b8d00000)
 ParOldGen       total 699392K, used 115199K [0x0000000780000000, 0x00000007aab00000, 0x00000007aab00000)
  object space 699392K, 16% used [0x0000000780000000,0x000000078707ffb0,0x00000007aab00000)
 Metaspace       used 116197K, capacity 120752K, committed 121048K, reserved 1150976K
  class space    used 19076K, capacity 19570K, committed 19672K, reserved 1048576K
}
Event: 554.543 GC heap before
{Heap before GC invocations=130 (full 35):
 PSYoungGen      total 228352K, used 134048K [0x00000007aab00000, 0x00000007bf480000, 0x00000007c0000000)
  eden space 125440K, 100% used [0x00000007aab00000,0x00000007b2580000,0x00000007b2580000)
  from space 102912K, 8% used [0x00000007b9000000,0x00000007b9868040,0x00000007bf480000)
  to   space 105984K, 0% used [0x00000007b2580000,0x00000007b2580000,0x00000007b8d00000)
 ParOldGen       total 699392K, used 115199K [0x0000000780000000, 0x00000007aab00000, 0x00000007aab00000)
  object space 699392K, 16% used [0x0000000780000000,0x000000078707ffb0,0x00000007aab00000)
 Metaspace       used 116197K, capacity 120752K, committed 121048K, reserved 1150976K
  class space    used 19076K, capacity 19570K, committed 19672K, reserved 1048576K
Event: 554.557 GC heap after
Heap after GC invocations=130 (full 35):
 PSYoungGen      total 231424K, used 5760K [0x00000007aab00000, 0x00000007bf380000, 0x00000007c0000000)
  eden space 125440K, 0% used [0x00000007aab00000,0x00000007aab00000,0x00000007b2580000)
  from space 105984K, 5% used [0x00000007b2580000,0x00000007b2b20040,0x00000007b8d00000)
  to   space 102912K, 0% used [0x00000007b8f00000,0x00000007b8f00000,0x00000007bf380000)
 ParOldGen       total 699392K, used 115199K [0x0000000780000000, 0x00000007aab00000, 0x00000007aab00000)
  object space 699392K, 16% used [0x0000000780000000,0x000000078707ffb0,0x00000007aab00000)
 Metaspace       used 116197K, capacity 120752K, committed 121048K, reserved 1150976K
  class space    used 19076K, capacity 19570K, committed 19672K, reserved 1048576K
}

Deoptimization events (10 events):
Event: 322.618 Thread 0x00007f8a3315c800 Uncommon trap: reason=unstable_if action=reinterpret pc=0x000000010ccc8548 method=sun.reflect.misc.ReflectUtil.isNonPublicProxyClass(Ljava/lang/Class;)Z @ 42
Event: 322.807 Thread 0x00007f8a3315c800 Uncommon trap: reason=unstable_if action=reinterpret pc=0x000000010de5b044 method=java.util.Collections.unmodifiableList(Ljava/util/List;)Ljava/util/List; @ 4
Event: 322.973 Thread 0x00007f8a3315c800 Uncommon trap: reason=class_check action=maybe_recompile pc=0x000000010e031604 method=java.lang.reflect.Array.newInstance(Ljava/lang/Class;I)Ljava/lang/Object; @ 2
Event: 322.974 Thread 0x00007f8a3315c800 Uncommon trap: reason=unstable_if action=reinterpret pc=0x000000010e002348 method=java.util.HashMap.putMapEntries(Ljava/util/Map;Z)V @ 53
Event: 323.010 Thread 0x00007f8a393e2000 Uncommon trap: reason=class_check action=maybe_recompile pc=0x000000010dd2c680 method=java.nio.channels.spi.AbstractInterruptibleChannel.close()V @ 23
Event: 360.779 Thread 0x00007f8a37d4f800 Uncommon trap: reason=class_check action=maybe_recompile pc=0x000000010dd2c680 method=java.nio.channels.spi.AbstractInterruptibleChannel.close()V @ 23
Event: 364.048 Thread 0x00007f8a393e2000 Uncommon trap: reason=class_check action=maybe_recompile pc=0x000000010dd2c680 method=java.nio.channels.spi.AbstractInterruptibleChannel.close()V @ 23
Event: 386.432 Thread 0x00007f8a349a7000 Uncommon trap: reason=class_check action=maybe_recompile pc=0x000000010dd2c680 method=java.nio.channels.spi.AbstractInterruptibleChannel.close()V @ 23
Event: 401.313 Thread 0x00007f8a3909c800 Uncommon trap: reason=unstable_if action=reinterpret pc=0x000000010dd85cdc method=net.contentobjects.jnotify.macosx.JNotifyAdapterMacOSX$WatchData.scan(Ljava/io/File;ZLnet/contentobjects/jnotify/macosx/JNotifyAdapterMacOSX$JNEvents;)V @ 513
Event: 440.021 Thread 0x00007f8a3909c800 Uncommon trap: reason=unstable_if action=reinterpret pc=0x000000010e3028c0 method=java.util.TreeMap.deleteEntry(Ljava/util/TreeMap$Entry;)V @ 92

Internal exceptions (10 events):
Event: 323.012 Thread 0x00007f8a393e2000 Exception <a 'java/lang/NoSuchMethodError': java.lang.Object.$anonfun$maintainAddressTerminatedSubscription$2$adapted(Lakka/actor/ActorRef;)Ljava/lang/Object;> (0x00000007af70cb30) thrown at [/Users/java_re/workspace/8-2-build-macosx-x86_64/jdk8u144/9417/
Event: 323.013 Thread 0x00007f8a393e2000 Exception <a 'java/lang/NoSuchMethodError': java.lang.Object.$anonfun$unwatchWatchedActors$2$adapted(Lakka/actor/dungeon/DeathWatch;Lscala/Tuple2;)Ljava/lang/Object;> (0x00000007af7102f8) thrown at [/Users/java_re/workspace/8-2-build-macosx-x86_64/jdk8u14
Event: 323.014 Thread 0x00007f8a393e2000 Exception <a 'java/lang/NoSuchMethodError': java.lang.Object.$anonfun$tellWatchersWeDied$1$adapted(Lakka/actor/dungeon/DeathWatch;Lakka/actor/ActorRef;)Ljava/lang/Object;> (0x00000007af73d170) thrown at [/Users/java_re/workspace/8-2-build-macosx-x86_64/jd
Event: 323.014 Thread 0x00007f8a38402800 Exception <a 'java/lang/NoSuchMethodError': java.lang.Object.$anonfun$watchedActorTerminated$1(Lakka/actor/dungeon/DeathWatch;Lakka/actor/ActorRef;)V> (0x00000007af750ab8) thrown at [/Users/java_re/workspace/8-2-build-macosx-x86_64/jdk8u144/9417/hotspot/s
Event: 323.014 Thread 0x00007f8a393e2000 Exception <a 'java/lang/NoSuchMethodError': java.lang.Object.$anonfun$tellWatchersWeDied$2$adapted(Lakka/actor/dungeon/DeathWatch;Lakka/actor/ActorRef;)Ljava/lang/Object;> (0x00000007af741238) thrown at [/Users/java_re/workspace/8-2-build-macosx-x86_64/jd
Event: 323.014 Thread 0x00007f8a37d4f800 Exception <a 'java/lang/NoSuchMethodError': java.lang.Object.$anonfun$removeFunctionRef$1()Ljava/lang/String;> (0x00000007af71f7f0) thrown at [/Users/java_re/workspace/8-2-build-macosx-x86_64/jdk8u144/9417/hotspot/src/share/vm/interpreter/linkResolver.cpp
Event: 323.014 Thread 0x00007f8a38402800 Exception <a 'java/lang/NoSuchMethodError': java.lang.Object.$anonfun$watchedActorTerminated$2(Lakka/actor/ActorRef;ZZ)Lakka/actor/Terminated;> (0x00000007af754608) thrown at [/Users/java_re/workspace/8-2-build-macosx-x86_64/jdk8u144/9417/hotspot/src/shar
Event: 323.015 Thread 0x00007f8a393e2000 Exception <a 'java/lang/NoSuchMethodError': java.lang.Object.$anonfun$tellWatchersWeDied$3(Lakka/actor/dungeon/DeathWatch;)V> (0x00000007af7488b8) thrown at [/Users/java_re/workspace/8-2-build-macosx-x86_64/jdk8u144/9417/hotspot/src/share/vm/interpreter/l
Event: 440.021 Thread 0x00007f8a3909c800 Implicit null exception at 0x000000010e2fce99 to 0x000000010e302881
Event: 483.211 Thread 0x00007f8a3909c800 Exception <a 'java/io/FileNotFoundException': /Users/jasmina/ABH/eRestoran/public/eRestoran_FE/tmp/rollup-cache_path-ujNoCJmb.tmp/node_modules/.bin/í ½í°¹> (0x00000007abd3bf40) thrown at [/Users/java_re/workspace/8-2-build-macosx-x86_64/jdk8u144/9417/hots

Events (10 events):
Event: 503.509 Thread 0x00007f8a38402800 Thread exited: 0x00007f8a38402800
Event: 530.186 Executing VM operation: ParallelGCFailedAllocation
Event: 530.212 Executing VM operation: ParallelGCFailedAllocation done
Event: 545.513 Executing VM operation: RevokeBias
Event: 545.513 Executing VM operation: RevokeBias done
Event: 545.513 Thread 0x00007f8a393e2000 Thread exited: 0x00007f8a393e2000
Event: 552.214 Executing VM operation: ParallelGCFailedAllocation
Event: 552.227 Executing VM operation: ParallelGCFailedAllocation done
Event: 554.543 Executing VM operation: ParallelGCFailedAllocation
Event: 554.557 Executing VM operation: ParallelGCFailedAllocation done


Dynamic libraries:
0x00000000435dd000 	/System/Library/Frameworks/Cocoa.framework/Versions/A/Cocoa
0x00000000435dd000 	/System/Library/Frameworks/Security.framework/Versions/A/Security
0x00000000435dd000 	/System/Library/Frameworks/ApplicationServices.framework/Versions/A/ApplicationServices
0x00000000435dd000 	/usr/lib/libz.1.dylib
0x00000000435dd000 	/usr/lib/libSystem.B.dylib
0x00000000435dd000 	/usr/lib/libobjc.A.dylib
0x00000000435dd000 	/System/Library/Frameworks/CoreFoundation.framework/Versions/A/CoreFoundation
0x00000000435dd000 	/System/Library/Frameworks/Foundation.framework/Versions/C/Foundation
0x00000000435dd000 	/System/Library/Frameworks/AppKit.framework/Versions/C/AppKit
0x00000000435dd000 	/System/Library/Frameworks/CoreData.framework/Versions/A/CoreData
0x00000000435dd000 	/System/Library/PrivateFrameworks/RemoteViewServices.framework/Versions/A/RemoteViewServices
0x00000000435dd000 	/System/Library/PrivateFrameworks/UIFoundation.framework/Versions/A/UIFoundation
0x00000000435dd000 	/System/Library/PrivateFrameworks/DFRFoundation.framework/Versions/A/DFRFoundation
0x00000000435dd000 	/usr/lib/libenergytrace.dylib
0x00000000435dd000 	/System/Library/PrivateFrameworks/SkyLight.framework/Versions/A/SkyLight
0x00000000435dd000 	/System/Library/Frameworks/CoreGraphics.framework/Versions/A/CoreGraphics
0x00000000435dd000 	/usr/lib/libScreenReader.dylib
0x00000000435dd000 	/System/Library/Frameworks/Accelerate.framework/Versions/A/Accelerate
0x00000000435dd000 	/System/Library/Frameworks/IOSurface.framework/Versions/A/IOSurface
0x00000000435dd000 	/System/Library/Frameworks/AudioToolbox.framework/Versions/A/AudioToolbox
0x00000000435dd000 	/System/Library/Frameworks/AudioUnit.framework/Versions/A/AudioUnit
0x00000000435dd000 	/System/Library/PrivateFrameworks/DataDetectorsCore.framework/Versions/A/DataDetectorsCore
0x00000000435dd000 	/System/Library/PrivateFrameworks/DesktopServicesPriv.framework/Versions/A/DesktopServicesPriv
0x00000000435dd000 	/System/Library/Frameworks/Carbon.framework/Versions/A/Frameworks/HIToolbox.framework/Versions/A/HIToolbox
0x00000000435dd000 	/usr/lib/libicucore.A.dylib
0x00000000435dd000 	/System/Library/Frameworks/QuartzCore.framework/Versions/A/QuartzCore
0x00000000435dd000 	/System/Library/Frameworks/Carbon.framework/Versions/A/Frameworks/SpeechRecognition.framework/Versions/A/SpeechRecognition
0x00000000435dd000 	/usr/lib/libauto.dylib
0x00000000435dd000 	/usr/lib/libxml2.2.dylib
0x00000000435dd000 	/System/Library/PrivateFrameworks/CoreUI.framework/Versions/A/CoreUI
0x00000000435dd000 	/System/Library/Frameworks/CoreAudio.framework/Versions/A/CoreAudio
0x00000000435dd000 	/System/Library/Frameworks/DiskArbitration.framework/Versions/A/DiskArbitration
0x00000000435dd000 	/usr/lib/liblangid.dylib
0x00000000435dd000 	/System/Library/PrivateFrameworks/MultitouchSupport.framework/Versions/A/MultitouchSupport
0x00000000435dd000 	/System/Library/Frameworks/IOKit.framework/Versions/A/IOKit
0x00000000435dd000 	/usr/lib/libDiagnosticMessagesClient.dylib
0x00000000435dd000 	/System/Library/Frameworks/CoreServices.framework/Versions/A/CoreServices
0x00000000435dd000 	/System/Library/PrivateFrameworks/PerformanceAnalysis.framework/Versions/A/PerformanceAnalysis
0x00000000435dd000 	/System/Library/PrivateFrameworks/GenerationalStorage.framework/Versions/A/GenerationalStorage
0x00000000435dd000 	/System/Library/Frameworks/OpenGL.framework/Versions/A/OpenGL
0x00000000435dd000 	/System/Library/Frameworks/CoreImage.framework/Versions/A/CoreImage
0x00000000435dd000 	/System/Library/Frameworks/CoreText.framework/Versions/A/CoreText
0x00000000435dd000 	/System/Library/Frameworks/ImageIO.framework/Versions/A/ImageIO
0x00000000435dd000 	/System/Library/PrivateFrameworks/Backup.framework/Versions/A/Backup
0x00000000435dd000 	/usr/lib/libarchive.2.dylib
0x00000000435dd000 	/System/Library/Frameworks/CFNetwork.framework/Versions/A/CFNetwork
0x00000000435dd000 	/System/Library/Frameworks/SystemConfiguration.framework/Versions/A/SystemConfiguration
0x00000000435dd000 	/usr/lib/libCRFSuite.dylib
0x00000000435dd000 	/usr/lib/libc++.1.dylib
0x00000000435dd000 	/usr/lib/libc++abi.dylib
0x00000000435dd000 	/usr/lib/system/libcache.dylib
0x00000000435dd000 	/usr/lib/system/libcommonCrypto.dylib
0x00000000435dd000 	/usr/lib/system/libcompiler_rt.dylib
0x00000000435dd000 	/usr/lib/system/libcopyfile.dylib
0x00000000435dd000 	/usr/lib/system/libcorecrypto.dylib
0x00000000435dd000 	/usr/lib/system/libdispatch.dylib
0x00000000435dd000 	/usr/lib/system/libdyld.dylib
0x00000000435dd000 	/usr/lib/system/libkeymgr.dylib
0x00000000435dd000 	/usr/lib/system/liblaunch.dylib
0x00000000435dd000 	/usr/lib/system/libmacho.dylib
0x00000000435dd000 	/usr/lib/system/libquarantine.dylib
0x00000000435dd000 	/usr/lib/system/libremovefile.dylib
0x00000000435dd000 	/usr/lib/system/libsystem_asl.dylib
0x00000000435dd000 	/usr/lib/system/libsystem_blocks.dylib
0x00000000435dd000 	/usr/lib/system/libsystem_c.dylib
0x00000000435dd000 	/usr/lib/system/libsystem_configuration.dylib
0x00000000435dd000 	/usr/lib/system/libsystem_coreservices.dylib
0x00000000435dd000 	/usr/lib/system/libsystem_coretls.dylib
0x00000000435dd000 	/usr/lib/system/libsystem_dnssd.dylib
0x00000000435dd000 	/usr/lib/system/libsystem_info.dylib
0x00000000435dd000 	/usr/lib/system/libsystem_kernel.dylib
0x00000000435dd000 	/usr/lib/system/libsystem_m.dylib
0x00000000435dd000 	/usr/lib/system/libsystem_malloc.dylib
0x00000000435dd000 	/usr/lib/system/libsystem_network.dylib
0x00000000435dd000 	/usr/lib/system/libsystem_networkextension.dylib
0x00000000435dd000 	/usr/lib/system/libsystem_notify.dylib
0x00000000435dd000 	/usr/lib/system/libsystem_platform.dylib
0x00000000435dd000 	/usr/lib/system/libsystem_pthread.dylib
0x00000000435dd000 	/usr/lib/system/libsystem_sandbox.dylib
0x00000000435dd000 	/usr/lib/system/libsystem_secinit.dylib
0x00000000435dd000 	/usr/lib/system/libsystem_symptoms.dylib
0x00000000435dd000 	/usr/lib/system/libsystem_trace.dylib
0x00000000435dd000 	/usr/lib/system/libunwind.dylib
0x00000000435dd000 	/usr/lib/system/libxpc.dylib
0x00000000435dd000 	/usr/lib/libbsm.0.dylib
0x00000000435dd000 	/usr/lib/system/libkxld.dylib
0x00000000435dd000 	/usr/lib/libcoretls.dylib
0x00000000435dd000 	/usr/lib/libcoretls_cfhelpers.dylib
0x00000000435dd000 	/usr/lib/libxar.1.dylib
0x00000000435dd000 	/usr/lib/libsqlite3.dylib
0x00000000435dd000 	/usr/lib/libpam.2.dylib
0x00000000435dd000 	/usr/lib/libOpenScriptingUtil.dylib
0x00000000435dd000 	/usr/lib/libbz2.1.0.dylib
0x00000000435dd000 	/usr/lib/liblzma.5.dylib
0x00000000435dd000 	/usr/lib/libnetwork.dylib
0x00000000435dd000 	/usr/lib/libpcap.A.dylib
0x00000000435dd000 	/System/Library/Frameworks/CoreServices.framework/Versions/A/Frameworks/FSEvents.framework/Versions/A/FSEvents
0x00000000435dd000 	/System/Library/Frameworks/CoreServices.framework/Versions/A/Frameworks/CarbonCore.framework/Versions/A/CarbonCore
0x00000000435dd000 	/System/Library/Frameworks/CoreServices.framework/Versions/A/Frameworks/Metadata.framework/Versions/A/Metadata
0x00000000435dd000 	/System/Library/Frameworks/CoreServices.framework/Versions/A/Frameworks/OSServices.framework/Versions/A/OSServices
0x00000000435dd000 	/System/Library/Frameworks/CoreServices.framework/Versions/A/Frameworks/SearchKit.framework/Versions/A/SearchKit
0x00000000435dd000 	/System/Library/Frameworks/CoreServices.framework/Versions/A/Frameworks/AE.framework/Versions/A/AE
0x00000000435dd000 	/System/Library/Frameworks/CoreServices.framework/Versions/A/Frameworks/LaunchServices.framework/Versions/A/LaunchServices
0x00000000435dd000 	/System/Library/Frameworks/CoreServices.framework/Versions/A/Frameworks/DictionaryServices.framework/Versions/A/DictionaryServices
0x00000000435dd000 	/System/Library/Frameworks/CoreServices.framework/Versions/A/Frameworks/SharedFileList.framework/Versions/A/SharedFileList
0x00000000435dd000 	/System/Library/Frameworks/NetFS.framework/Versions/A/NetFS
0x00000000435dd000 	/System/Library/PrivateFrameworks/NetAuth.framework/Versions/A/NetAuth
0x00000000435dd000 	/System/Library/PrivateFrameworks/login.framework/Versions/A/Frameworks/loginsupport.framework/Versions/A/loginsupport
0x00000000435dd000 	/System/Library/PrivateFrameworks/TCC.framework/Versions/A/TCC
0x00000000435dd000 	/usr/lib/libmecabra.dylib
0x00000000435dd000 	/System/Library/Frameworks/ApplicationServices.framework/Versions/A/Frameworks/ATS.framework/Versions/A/ATS
0x00000000435dd000 	/System/Library/Frameworks/ApplicationServices.framework/Versions/A/Frameworks/ColorSync.framework/Versions/A/ColorSync
0x00000000435dd000 	/System/Library/Frameworks/ApplicationServices.framework/Versions/A/Frameworks/HIServices.framework/Versions/A/HIServices
0x00000000435dd000 	/System/Library/Frameworks/ApplicationServices.framework/Versions/A/Frameworks/LangAnalysis.framework/Versions/A/LangAnalysis
0x00000000435dd000 	/System/Library/Frameworks/ApplicationServices.framework/Versions/A/Frameworks/PrintCore.framework/Versions/A/PrintCore
0x00000000435dd000 	/System/Library/Frameworks/ApplicationServices.framework/Versions/A/Frameworks/QD.framework/Versions/A/QD
0x00000000435dd000 	/System/Library/Frameworks/ApplicationServices.framework/Versions/A/Frameworks/SpeechSynthesis.framework/Versions/A/SpeechSynthesis
0x00000000435dd000 	/System/Library/Frameworks/Accelerate.framework/Versions/A/Frameworks/vImage.framework/Versions/A/vImage
0x00000000435dd000 	/System/Library/Frameworks/Accelerate.framework/Versions/A/Frameworks/vecLib.framework/Versions/A/vecLib
0x00000000435dd000 	/System/Library/Frameworks/Accelerate.framework/Versions/A/Frameworks/vecLib.framework/Versions/A/libvDSP.dylib
0x00000000435dd000 	/System/Library/Frameworks/Accelerate.framework/Versions/A/Frameworks/vecLib.framework/Versions/A/libBNNS.dylib
0x00000000435dd000 	/System/Library/Frameworks/Accelerate.framework/Versions/A/Frameworks/vecLib.framework/Versions/A/libQuadrature.dylib
0x00000000435dd000 	/System/Library/Frameworks/Accelerate.framework/Versions/A/Frameworks/vecLib.framework/Versions/A/libvMisc.dylib
0x00000000435dd000 	/System/Library/Frameworks/Accelerate.framework/Versions/A/Frameworks/vecLib.framework/Versions/A/libLAPACK.dylib
0x00000000435dd000 	/System/Library/Frameworks/Accelerate.framework/Versions/A/Frameworks/vecLib.framework/Versions/A/libBLAS.dylib
0x00000000435dd000 	/System/Library/Frameworks/Accelerate.framework/Versions/A/Frameworks/vecLib.framework/Versions/A/libLinearAlgebra.dylib
0x00000000435dd000 	/System/Library/Frameworks/Accelerate.framework/Versions/A/Frameworks/vecLib.framework/Versions/A/libSparseBLAS.dylib
0x00000000435dd000 	/System/Library/Frameworks/ApplicationServices.framework/Versions/A/Frameworks/ATS.framework/Versions/A/Resources/libFontParser.dylib
0x00000000435dd000 	/System/Library/Frameworks/ApplicationServices.framework/Versions/A/Frameworks/ATS.framework/Versions/A/Resources/libFontRegistry.dylib
0x00000000435dd000 	/System/Library/Frameworks/ImageIO.framework/Versions/A/Resources/libJPEG.dylib
0x00000000435dd000 	/System/Library/Frameworks/ImageIO.framework/Versions/A/Resources/libTIFF.dylib
0x00000000435dd000 	/System/Library/Frameworks/ImageIO.framework/Versions/A/Resources/libPng.dylib
0x00000000435dd000 	/System/Library/Frameworks/ImageIO.framework/Versions/A/Resources/libGIF.dylib
0x00000000435dd000 	/System/Library/Frameworks/ImageIO.framework/Versions/A/Resources/libJP2.dylib
0x00000000435dd000 	/System/Library/Frameworks/ImageIO.framework/Versions/A/Resources/libRadiance.dylib
0x00000000435dd000 	/usr/lib/libcompression.dylib
0x00000000435dd000 	/System/Library/PrivateFrameworks/AppleJPEG.framework/Versions/A/AppleJPEG
0x00000000435dd000 	/usr/lib/libcups.2.dylib
0x00000000435dd000 	/System/Library/Frameworks/Kerberos.framework/Versions/A/Kerberos
0x00000000435dd000 	/System/Library/Frameworks/GSS.framework/Versions/A/GSS
0x00000000435dd000 	/usr/lib/libresolv.9.dylib
0x00000000435dd000 	/usr/lib/libiconv.2.dylib
0x00000000435dd000 	/System/Library/PrivateFrameworks/Heimdal.framework/Versions/A/Heimdal
0x00000000435dd000 	/usr/lib/libheimdal-asn1.dylib
0x00000000435dd000 	/System/Library/Frameworks/OpenDirectory.framework/Versions/A/OpenDirectory
0x00000000435dd000 	/System/Library/PrivateFrameworks/CommonAuth.framework/Versions/A/CommonAuth
0x00000000435dd000 	/System/Library/Frameworks/OpenDirectory.framework/Versions/A/Frameworks/CFOpenDirectory.framework/Versions/A/CFOpenDirectory
0x00000000435dd000 	/System/Library/Frameworks/SecurityFoundation.framework/Versions/A/SecurityFoundation
0x00000000435dd000 	/System/Library/PrivateFrameworks/LanguageModeling.framework/Versions/A/LanguageModeling
0x00000000435dd000 	/usr/lib/libmarisa.dylib
0x00000000435dd000 	/usr/lib/libChineseTokenizer.dylib
0x00000000435dd000 	/usr/lib/libcmph.dylib
0x00000000435dd000 	/System/Library/PrivateFrameworks/CoreEmoji.framework/Versions/A/CoreEmoji
0x00000000435dd000 	/System/Library/Frameworks/ServiceManagement.framework/Versions/A/ServiceManagement
0x00000000435dd000 	/usr/lib/libxslt.1.dylib
0x00000000435dd000 	/System/Library/Frameworks/Carbon.framework/Versions/A/Frameworks/Ink.framework/Versions/A/Ink
0x00000000435dd000 	/System/Library/PrivateFrameworks/TextureIO.framework/Versions/A/TextureIO
0x00000000435dd000 	/System/Library/Frameworks/Metal.framework/Versions/A/Metal
0x00000000435dd000 	/usr/lib/libate.dylib
0x00000000435dd000 	/System/Library/PrivateFrameworks/GPUCompiler.framework/libmetal_timestamp.dylib
0x00000000435dd000 	/System/Library/Frameworks/OpenGL.framework/Versions/A/Libraries/libCoreFSCache.dylib
0x00000000435dd000 	/System/Library/PrivateFrameworks/IOAccelerator.framework/Versions/A/IOAccelerator
0x00000000435dd000 	/System/Library/Frameworks/CoreVideo.framework/Versions/A/CoreVideo
0x00000000435dd000 	/usr/lib/libFosl_dynamic.dylib
0x00000000435dd000 	/System/Library/PrivateFrameworks/MetalPerformanceShaders.framework/Versions/A/MetalPerformanceShaders
0x00000000435dd000 	/System/Library/PrivateFrameworks/FaceCore.framework/Versions/A/FaceCore
0x00000000435dd000 	/System/Library/Frameworks/OpenCL.framework/Versions/A/OpenCL
0x00000000435dd000 	/System/Library/Frameworks/OpenGL.framework/Versions/A/Libraries/libGLU.dylib
0x00000000435dd000 	/System/Library/Frameworks/OpenGL.framework/Versions/A/Libraries/libGFXShared.dylib
0x00000000435dd000 	/System/Library/Frameworks/OpenGL.framework/Versions/A/Libraries/libGL.dylib
0x00000000435dd000 	/System/Library/Frameworks/OpenGL.framework/Versions/A/Libraries/libGLImage.dylib
0x00000000435dd000 	/System/Library/Frameworks/OpenGL.framework/Versions/A/Libraries/libCVMSPluginSupport.dylib
0x00000000435dd000 	/System/Library/Frameworks/OpenGL.framework/Versions/A/Libraries/libCoreVMClient.dylib
0x00000000435dd000 	/System/Library/PrivateFrameworks/CrashReporterSupport.framework/Versions/A/CrashReporterSupport
0x00000000435dd000 	/System/Library/PrivateFrameworks/Sharing.framework/Versions/A/Sharing
0x00000000435dd000 	/System/Library/PrivateFrameworks/IconServices.framework/Versions/A/IconServices
0x00000000435dd000 	/System/Library/PrivateFrameworks/ProtocolBuffer.framework/Versions/A/ProtocolBuffer
0x00000000435dd000 	/System/Library/PrivateFrameworks/Apple80211.framework/Versions/A/Apple80211
0x00000000435dd000 	/System/Library/Frameworks/CoreWLAN.framework/Versions/A/CoreWLAN
0x00000000435dd000 	/System/Library/PrivateFrameworks/CoreUtils.framework/Versions/A/CoreUtils
0x00000000435dd000 	/System/Library/Frameworks/IOBluetooth.framework/Versions/A/IOBluetooth
0x00000000435dd000 	/System/Library/PrivateFrameworks/CoreWiFi.framework/Versions/A/CoreWiFi
0x00000000435dd000 	/System/Library/Frameworks/CoreBluetooth.framework/Versions/A/CoreBluetooth
0x00000000435dd000 	/System/Library/Frameworks/CoreDisplay.framework/Versions/A/CoreDisplay
0x00000000435dd000 	/System/Library/PrivateFrameworks/IOPresentment.framework/Versions/A/IOPresentment
0x00000000435dd000 	/System/Library/PrivateFrameworks/DebugSymbols.framework/Versions/A/DebugSymbols
0x00000000435dd000 	/System/Library/PrivateFrameworks/CoreSymbolication.framework/Versions/A/CoreSymbolication
0x00000000435dd000 	/System/Library/PrivateFrameworks/Symbolication.framework/Versions/A/Symbolication
0x00000000435dd000 	/System/Library/PrivateFrameworks/AppleFSCompression.framework/Versions/A/AppleFSCompression
0x00000000435dd000 	/System/Library/PrivateFrameworks/SpeechRecognitionCore.framework/Versions/A/SpeechRecognitionCore
0x00000000435dd000 	/System/Library/PrivateFrameworks/ChunkingLibrary.framework/Versions/A/ChunkingLibrary
0x0000000101c00000 	/Library/Java/JavaVirtualMachines/jdk1.8.0_144.jdk/Contents/Home/jre/lib/server/libjvm.dylib
0x00000000435dd000 	/usr/lib/libstdc++.6.dylib
0x0000000100b50000 	/Library/Java/JavaVirtualMachines/jdk1.8.0_144.jdk/Contents/Home/jre/lib/libverify.dylib
0x0000000100b5e000 	/Library/Java/JavaVirtualMachines/jdk1.8.0_144.jdk/Contents/Home/jre/lib/libjava.dylib
0x0000000100b9d000 	/Library/Java/JavaVirtualMachines/jdk1.8.0_144.jdk/Contents/Home/jre/lib/libzip.dylib
0x0000000100be3000 	/System/Library/Frameworks/JavaVM.framework/Frameworks/JavaRuntimeSupport.framework/JavaRuntimeSupport
0x0000000107be6000 	/System/Library/Frameworks/JavaVM.framework/Versions/A/Frameworks/JavaNativeFoundation.framework/Versions/A/JavaNativeFoundation
0x0000000107bfb000 	/System/Library/Frameworks/JavaVM.framework/Versions/A/JavaVM
0x00000000435dd000 	/System/Library/Frameworks/Carbon.framework/Versions/A/Carbon
0x0000000107c08000 	/System/Library/PrivateFrameworks/JavaLaunching.framework/Versions/A/JavaLaunching
0x00000000435dd000 	/System/Library/Frameworks/Carbon.framework/Versions/A/Frameworks/CommonPanels.framework/Versions/A/CommonPanels
0x00000000435dd000 	/System/Library/Frameworks/Carbon.framework/Versions/A/Frameworks/Help.framework/Versions/A/Help
0x00000000435dd000 	/System/Library/Frameworks/Carbon.framework/Versions/A/Frameworks/ImageCapture.framework/Versions/A/ImageCapture
0x00000000435dd000 	/System/Library/Frameworks/Carbon.framework/Versions/A/Frameworks/OpenScripting.framework/Versions/A/OpenScripting
0x00000000435dd000 	/System/Library/Frameworks/Carbon.framework/Versions/A/Frameworks/Print.framework/Versions/A/Print
0x00000000435dd000 	/System/Library/Frameworks/Carbon.framework/Versions/A/Frameworks/SecurityHI.framework/Versions/A/SecurityHI
0x000000010952e000 	/Library/Java/JavaVirtualMachines/jdk1.8.0_144.jdk/Contents/Home/jre/lib/libnet.dylib
0x000000010958d000 	/Library/Java/JavaVirtualMachines/jdk1.8.0_144.jdk/Contents/Home/jre/lib/libnio.dylib
0x0000000109743000 	/Library/Java/JavaVirtualMachines/jdk1.8.0_144.jdk/Contents/Home/jre/lib/libmanagement.dylib
0x0000000109751000 	/Users/jasmina/ABH/eRestoran/target/jnotify/native_libraries/64bits/libjnotify.jnilib
0x0000000109f69000 	/Library/Java/JavaVirtualMachines/jdk1.8.0_144.jdk/Contents/Home/jre/lib/libsunec.dylib

VM Arguments:
jvm_args: -Dfile.encoding=UTF8 -Djline.terminal=none -Dsbt.log.noformat=true -Dsbt.global.base=/private/var/folders/96/cw4ykw9n6z1d7rb_n0k307400000gn/T/sbt-global-pluginstub -Xms512M -Xmx1024M -Xss1M -XX:+CMSClassUnloadingEnabled -XX:MaxPermSize=256M 
java_command: xsbt.boot.Boot project root run
java_class_path (initial): /Users/jasmina/Library/Application Support/IntelliJIdea2017.2/Scala/launcher/sbt-launch.jar
Launcher Type: SUN_STANDARD

Environment Variables:
PATH=/usr/local/opt/node@6/bin:/usr/local/bin:/usr/bin:/bin:/usr/sbin:/sbin
SHELL=/bin/bash

Signal Handlers:
SIGSEGV: [libjvm.dylib+0x5b26e5], sa_mask[0]=11111111011111110111111111111111, sa_flags=SA_ONSTACK|SA_RESTART|SA_SIGINFO
SIGBUS: [libjvm.dylib+0x5b26e5], sa_mask[0]=11111111011111110111111111111111, sa_flags=SA_RESTART|SA_SIGINFO
SIGFPE: [libjvm.dylib+0x489100], sa_mask[0]=11111111011111110111111111111111, sa_flags=SA_RESTART|SA_SIGINFO
SIGPIPE: [libjvm.dylib+0x489100], sa_mask[0]=11111111011111110111111111111111, sa_flags=SA_RESTART|SA_SIGINFO
SIGXFSZ: [libjvm.dylib+0x489100], sa_mask[0]=11111111011111110111111111111111, sa_flags=SA_RESTART|SA_SIGINFO
SIGILL: [libjvm.dylib+0x489100], sa_mask[0]=11111111011111110111111111111111, sa_flags=SA_RESTART|SA_SIGINFO
SIGUSR1: SIG_DFL, sa_mask[0]=00000000000000000000000000000000, sa_flags=none
SIGUSR2: [libjvm.dylib+0x488c1e], sa_mask[0]=00100000000000000000000000000000, sa_flags=SA_RESTART|SA_SIGINFO
SIGHUP: [libjvm.dylib+0x4871f5], sa_mask[0]=11111111011111110111111111111111, sa_flags=SA_RESTART|SA_SIGINFO
SIGINT: [libjvm.dylib+0x4871f5], sa_mask[0]=11111111011111110111111111111111, sa_flags=SA_RESTART|SA_SIGINFO
SIGTERM: [libjvm.dylib+0x4871f5], sa_mask[0]=11111111011111110111111111111111, sa_flags=SA_RESTART|SA_SIGINFO
SIGQUIT: [libjvm.dylib+0x4871f5], sa_mask[0]=11111111011111110111111111111111, sa_flags=SA_RESTART|SA_SIGINFO


---------------  S Y S T E M  ---------------

OS:Bsduname:Darwin 16.1.0 Darwin Kernel Version 16.1.0: Wed Oct 19 20:31:56 PDT 2016; root:xnu-3789.21.4~4/RELEASE_X86_64 x86_64
rlimit: STACK 8192k, CORE 0k, NPROC 709, NOFILE 10240, AS infinity
load average:3.60 3.50 3.13

CPU:total 8 (initial active 8) (4 cores per cpu, 2 threads per core) family 6 model 70 stepping 1, cmov, cx8, fxsr, mmx, sse, sse2, sse3, ssse3, sse4.1, sse4.2, popcnt, avx, avx2, aes, clmul, erms, lzcnt, ht, tsc, tscinvbit, bmi1, bmi2

Memory: 4k page, physical 8388608k(129172k free)

/proc/meminfo:


vm_info: Java HotSpot(TM) 64-Bit Server VM (25.144-b01) for bsd-amd64 JRE (1.8.0_144-b01), built on Jul 21 2017 22:07:42 by "java_re" with gcc 4.2.1 (Based on Apple Inc. build 5658) (LLVM build 2336.11.00)

time: Mon Oct 16 16:01:25 2017
elapsed time: 556 seconds (0d 0h 9m 16s)

