#
# A fatal error has been detected by the Java Runtime Environment:
#
#  SIGSEGV (0xb) at pc=0x0000000108ae09de, pid=4474, tid=0x0000000000006903
#
# JRE version: Java(TM) SE Runtime Environment (8.0_144-b01) (build 1.8.0_144-b01)
# Java VM: Java HotSpot(TM) 64-Bit Server VM (25.144-b01 mixed mode bsd-amd64 compressed oops)
# Problematic frame:
# J 7649 C2 java.io.File.<init>(Ljava/lang/String;)V (47 bytes) @ 0x0000000108ae09de [0x0000000108ae09a0+0x3e]
#
# Failed to write core dump. Core dumps have been disabled. To enable core dumping, try "ulimit -c unlimited" before starting Java again
#
# If you would like to submit a bug report, please visit:
#   http://bugreport.java.com/bugreport/crash.jsp
#

---------------  T H R E A D  ---------------

Current thread (0x00007feb7eec6800):  JavaThread "FSEvent thread" daemon [_thread_in_Java, id=26883, stack(0x0000700005912000,0x0000700005a12000)]

siginfo: si_signo: 11 (SIGSEGV), si_code: 1 (SEGV_MAPERR), si_addr: 0x00000003787032dc

Registers:
RAX=0x00000007aacebaf0, RBX=0x00000007aaceb9d0, RCX=0x0000000000000000, RDX=0x00000003787032d0
RSP=0x0000700005a0b030, RBP=0x0000700005a0b2a8, RSI=0x00000007aacebaf0, RDI=0x000000011c28d4e0
R8 =0x0000000003c0eba1, R9 =0x000000078018c9b8, R10=0x0000000100167000, R11=0x0000000000000000
R12=0x0000000000000000, R13=0x0000000109331554, R14=0x0000700005a0b070, R15=0x00007feb7eec6800
RIP=0x0000000108ae09de, EFLAGS=0x0000000000010202, ERR=0x0000000000000004
  TRAPNO=0x000000000000000e

Top of Stack: (sp=0x0000700005a0b030)
0x0000700005a0b030:   000000011c28b0b0 00000007aacebaf0
0x0000700005a0b040:   000000011c28aa58 0000000000000000
0x0000700005a0b050:   0000700005a0b080 0000700005a0b2a8
0x0000700005a0b060:   0000000109331554 000070000000000f
0x0000700005a0b070:   0000700005a0b2a8 00000001093319d4
0x0000700005a0b080:   0000000000000000 0000000000000000
0x0000700005a0b090:   0000000000000000 0000000000000000
0x0000700005a0b0a0:   0000000000000000 0000000000000000
0x0000700005a0b0b0:   0000000000000000 0000000000000000
0x0000700005a0b0c0:   6d6f632f70617274 2f73746e656e6f70
0x0000700005a0b0d0:   000000003e800000 0000000000000000
0x0000700005a0b0e0:   0000000200000002 0000000000000000
0x0000700005a0b0f0:   0000000100000001 0000000000000000
0x0000700005a0b100:   0000000000000000 0000000000000000
0x0000700005a0b110:   0000000000000000 0000000000000000
0x0000700005a0b120:   00007feb00000000 0000000781b8a770
0x0000700005a0b130:   00000007aaceba00 00000007aaceb9d0
0x0000700005a0b140:   00000007aacebaf0 00000007aaceb8c0
0x0000700005a0b150:   00000007aaceb8f0 0000000000000000
0x0000700005a0b160:   0000000782542610 000000078253df60
0x0000700005a0b170:   000000078253df60 0000000000000000
0x0000700005a0b180:   0000000000000007 000000078253df60
0x0000700005a0b190:   00000007aaceb9d0 0000000781d74390
0x0000700005a0b1a0:   0000000000000000 0000700005a0b1f8
0x0000700005a0b1b0:   0000700005a0b390 00000001094d1794
0x0000700005a0b1c0:   00000001064e8e50 0000000000000000
0x0000700005a0b1d0:   0000700005a0b1f8 0000700005a0b240
0x0000700005a0b1e0:   00000001079f62bd 0000000000000000
0x0000700005a0b1f0:   0000000000000000 0000000781d74390
0x0000700005a0b200:   0000700005a0b200 000000011d16565f
0x0000700005a0b210:   0000700005a0b260 000000011c281028
0x0000700005a0b220:   0000000000000000 000000011d165698 

Instructions: (pc=0x0000000108ae09de)
0x0000000108ae09be:   66 90 89 84 24 00 c0 fe ff 55 48 83 ec 40 48 89
0x0000000108ae09ce:   74 24 08 44 89 66 14 48 85 d2 0f 84 7d 02 00 00
0x0000000108ae09de:   44 8b 4a 0c 47 8b 5c cc 0c 48 bd 00 70 16 00 01
0x0000000108ae09ee:   00 00 00 45 85 db 0f 8e 0d 02 00 00 45 85 db 0f 

Register to memory mapping:

RAX=0x00000007aacebaf0 is an oop
java.io.File 
 - klass: 'java/io/File'
RBX=0x00000007aaceb9d0 is an oop
net.contentobjects.jnotify.macosx.JNotifyAdapterMacOSX$ScanJob 
 - klass: 'net/contentobjects/jnotify/macosx/JNotifyAdapterMacOSX$ScanJob'
RCX=0x0000000000000000 is an unknown value
RDX=0x00000003787032d0 is an unknown value
RSP=0x0000700005a0b030 is pointing into the stack for thread: 0x00007feb7eec6800
RBP=0x0000700005a0b2a8 is pointing into the stack for thread: 0x00007feb7eec6800
RSI=0x00000007aacebaf0 is an oop
java.io.File 
 - klass: 'java/io/File'
RDI=0x000000011c28d4e0 is pointing into metadata
R8 =0x0000000003c0eba1 is an unknown value
R9 =0x000000078018c9b8 is an oop
java.lang.Integer 
 - klass: 'java/lang/Integer'
R10=0x0000000100167000 is an unknown value
R11=0x0000000000000000 is an unknown value
R12=0x0000000000000000 is an unknown value
R13=0x0000000109331554 is at entry_point+1204 in (nmethod*)0x00000001093306d0
R14=0x0000700005a0b070 is pointing into the stack for thread: 0x00007feb7eec6800
R15=0x00007feb7eec6800 is a thread


Stack: [0x0000700005912000,0x0000700005a12000],  sp=0x0000700005a0b030,  free space=996k
Native frames: (J=compiled Java code, j=interpreted, Vv=VM code, C=native code)
J 7649 C2 java.io.File.<init>(Ljava/lang/String;)V (47 bytes) @ 0x0000000108ae09de [0x0000000108ae09a0+0x3e]
J 11950 C1 net.contentobjects.jnotify.macosx.JNotifyAdapterMacOSX.batchEndEvent(I)V (815 bytes) @ 0x00000001093319d4 [0x00000001093310a0+0x934]
j  net.contentobjects.jnotify.macosx.JNotifyAdapterMacOSX$1.batchEnd(I)V+5
j  net.contentobjects.jnotify.macosx.JNotify_macosx.callbackInBatch(IZ)V+26
v  ~StubRoutines::call_stub
V  [libjvm.dylib+0x2ee70a]  JavaCalls::call_helper(JavaValue*, methodHandle*, JavaCallArguments*, Thread*)+0x6ae
V  [libjvm.dylib+0x3258b9]  jni_invoke_nonstatic(JNIEnv_*, JavaValue*, _jobject*, JNICallType, _jmethodID*, JNI_ArgumentPusher*, Thread*)+0x2ec
V  [libjvm.dylib+0x318087]  jni_CallVoidMethod+0x16b
C  [libjnotify.jnilib+0x1585]  fsevent_callback+0x115
C  [FSEvents+0x3b03]  implementation_callback_rpc+0x75b
C  [FSEvents+0x1702]  _Xcallback_rpc+0xfe
C  [FSEvents+0x17c9]  FSEventsD2F_server+0x37
C  [FSEvents+0x6fed]  FSEventsClientProcessMessageCallback+0x2c
C  [CoreFoundation+0x9030d]  __CFMachPortPerform+0xfd
C  [CoreFoundation+0x901f9]  __CFRUNLOOP_IS_CALLING_OUT_TO_A_SOURCE1_PERFORM_FUNCTION__+0x29
C  [CoreFoundation+0x90171]  __CFRunLoopDoSource1+0x1d1
C  [CoreFoundation+0x880c5]  __CFRunLoopRun+0x955
C  [CoreFoundation+0x87514]  CFRunLoopRunSpecific+0x1a4
C  [CoreFoundation+0xc6bb1]  CFRunLoopRun+0x61
j  net.contentobjects.jnotify.macosx.JNotify_macosx.nativeNotifyLoop()V+0
j  net.contentobjects.jnotify.macosx.JNotify_macosx.access$400()V+0
j  net.contentobjects.jnotify.macosx.JNotify_macosx$1.run()V+65
v  ~StubRoutines::call_stub
V  [libjvm.dylib+0x2ee70a]  JavaCalls::call_helper(JavaValue*, methodHandle*, JavaCallArguments*, Thread*)+0x6ae
V  [libjvm.dylib+0x2eeeae]  JavaCalls::call_virtual(JavaValue*, KlassHandle, Symbol*, Symbol*, JavaCallArguments*, Thread*)+0x164
V  [libjvm.dylib+0x2ef05a]  JavaCalls::call_virtual(JavaValue*, Handle, KlassHandle, Symbol*, Symbol*, Thread*)+0x4a
V  [libjvm.dylib+0x3497b1]  thread_entry(JavaThread*, Thread*)+0x7c
V  [libjvm.dylib+0x56c0b3]  JavaThread::thread_main_inner()+0x9b
V  [libjvm.dylib+0x56d7a0]  JavaThread::run()+0x1c2
V  [libjvm.dylib+0x48baee]  java_start(Thread*)+0xf6
C  [libsystem_pthread.dylib+0x3aab]  _pthread_body+0xb4
C  [libsystem_pthread.dylib+0x39f7]  _pthread_body+0x0
C  [libsystem_pthread.dylib+0x3221]  thread_start+0xd
C  0x0000000000000000


---------------  P R O C E S S  ---------------

Java Threads: ( => current thread )
  0x00007feb80ce5800 JavaThread "pool-23-thread-9" [_thread_blocked, id=36135, stack(0x0000700006d4e000,0x0000700006e4e000)]
  0x00007feb80ce5000 JavaThread "pool-23-thread-8" [_thread_blocked, id=36395, stack(0x0000700006b48000,0x0000700006c48000)]
  0x00007feb80ce4000 JavaThread "pool-23-thread-7" [_thread_blocked, id=29227, stack(0x0000700006a45000,0x0000700006b45000)]
  0x00007feb80ce3800 JavaThread "pool-23-thread-6" [_thread_blocked, id=30503, stack(0x0000700006942000,0x0000700006a42000)]
  0x00007feb8109c800 JavaThread "pool-23-thread-5" [_thread_blocked, id=38443, stack(0x000070000683f000,0x000070000693f000)]
  0x00007feb81002800 JavaThread "pool-23-thread-4" [_thread_in_native, id=35367, stack(0x0000700006639000,0x0000700006739000)]
  0x00007feb81002000 JavaThread "pool-23-thread-3" [_thread_blocked, id=39175, stack(0x0000700006536000,0x0000700006636000)]
  0x00007feb8149c000 JavaThread "pool-23-thread-2" [_thread_blocked, id=36895, stack(0x0000700006433000,0x0000700006533000)]
  0x00007feb811af800 JavaThread "pool-23-thread-1" [_thread_blocked, id=34615, stack(0x0000700006330000,0x0000700006430000)]
  0x00007feb7a903800 JavaThread "application-akka.actor.default-dispatcher-8" [_thread_blocked, id=30747, stack(0x000070000673c000,0x000070000683c000)]
  0x00007feb7c2b8000 JavaThread "play-dev-mode-akka.actor.default-dispatcher-12" [_thread_blocked, id=35611, stack(0x000070000612a000,0x000070000622a000)]
  0x00007feb81934000 JavaThread "play-dev-mode-akka.actor.default-dispatcher-10" [_thread_blocked, id=34059, stack(0x0000700006c4b000,0x0000700006d4b000)]
  0x00007feb81e0b800 JavaThread "play-dev-mode-akka.actor.default-dispatcher-9" [_thread_blocked, id=29447, stack(0x0000700005a15000,0x0000700005b15000)]
  0x00007feb7aad7800 JavaThread "play-dev-mode-akka.actor.default-dispatcher-8" [_thread_blocked, id=5135, stack(0x000070000570c000,0x000070000580c000)]
  0x00007feb81e02800 JavaThread "play-dev-mode-akka.actor.default-dispatcher-7" [_thread_blocked, id=24867, stack(0x0000700005506000,0x0000700005606000)]
  0x00007feb7f362000 JavaThread "com.google.common.base.internal.Finalizer" daemon [_thread_blocked, id=37395, stack(0x000070000622d000,0x000070000632d000)]
  0x00007feb81029800 JavaThread "application-scheduler-1" [_thread_blocked, id=33047, stack(0x0000700005f24000,0x0000700006024000)]
  0x00007feb80ccf800 JavaThread "__DEFAULT__" daemon [_thread_blocked, id=29963, stack(0x0000700006027000,0x0000700006127000)]
  0x00007feb8129c800 JavaThread "HikariPool-1 housekeeper" daemon [_thread_blocked, id=32267, stack(0x0000700005e21000,0x0000700005f21000)]
  0x00007feb7bb43800 JavaThread "PostgreSQL-JDBC-SharedTimer-1" daemon [_thread_blocked, id=32011, stack(0x0000700005d1e000,0x0000700005e1e000)]
  0x00007feb7bc4d000 JavaThread "AsyncAppender-Worker-ASYNCSTDOUT" daemon [_thread_blocked, id=31251, stack(0x0000700005c1b000,0x0000700005d1b000)]
  0x00007feb81001000 JavaThread "AsyncAppender-Worker-ASYNCFILE" daemon [_thread_blocked, id=30991, stack(0x0000700005b18000,0x0000700005c18000)]
  0x00007feb7efc8000 JavaThread "play-dev-mode-akka.io.pinned-dispatcher-5" [_thread_in_native, id=4359, stack(0x000070000580f000,0x000070000590f000)]
  0x00007feb7eddc800 JavaThread "play-dev-mode-akka.actor.default-dispatcher-2" [_thread_blocked, id=26635, stack(0x0000700005403000,0x0000700005503000)]
  0x00007feb78a7a000 JavaThread "play-dev-mode-scheduler-1" [_thread_blocked, id=26379, stack(0x0000700005300000,0x0000700005400000)]
  0x00007feb7ec8a800 JavaThread "reloader-timer" daemon [_thread_blocked, id=26131, stack(0x00007000050fa000,0x00007000051fa000)]
=>0x00007feb7eec6800 JavaThread "FSEvent thread" daemon [_thread_in_Java, id=26883, stack(0x0000700005912000,0x0000700005a12000)]
  0x00007feb79168800 JavaThread "pool-4-thread-3" [_thread_in_native, id=23311, stack(0x0000700005609000,0x0000700005709000)]
  0x00007feb7e50a000 JavaThread "sbt-web-akka.actor.default-dispatcher-3" [_thread_blocked, id=23567, stack(0x00007000051fd000,0x00007000052fd000)]
  0x00007feb7df07000 JavaThread "sbt-web-scheduler-1" [_thread_blocked, id=25359, stack(0x0000700004ff7000,0x00007000050f7000)]
  0x00007feb7b82c800 JavaThread "Service Thread" daemon [_thread_blocked, id=21251, stack(0x0000700004df1000,0x0000700004ef1000)]
  0x00007feb7900e000 JavaThread "C1 CompilerThread3" daemon [_thread_blocked, id=20739, stack(0x0000700004cee000,0x0000700004dee000)]
  0x00007feb7b829800 JavaThread "C2 CompilerThread2" daemon [_thread_blocked, id=20227, stack(0x0000700004beb000,0x0000700004ceb000)]
  0x00007feb7b829000 JavaThread "C2 CompilerThread1" daemon [_thread_blocked, id=19715, stack(0x0000700004ae8000,0x0000700004be8000)]
  0x00007feb7b827800 JavaThread "C2 CompilerThread0" daemon [_thread_blocked, id=19203, stack(0x00007000049e5000,0x0000700004ae5000)]
  0x00007feb7b847000 JavaThread "Signal Dispatcher" daemon [_thread_blocked, id=18691, stack(0x00007000048e2000,0x00007000049e2000)]
  0x00007feb7880e800 JavaThread "Finalizer" daemon [_thread_blocked, id=14595, stack(0x00007000047df000,0x00007000048df000)]
  0x00007feb7b843800 JavaThread "Reference Handler" daemon [_thread_blocked, id=14083, stack(0x00007000046dc000,0x00007000047dc000)]
  0x00007feb7a801800 JavaThread "main" [_thread_blocked, id=7171, stack(0x0000700003cbe000,0x0000700003dbe000)]

Other Threads:
  0x00007feb79808800 VMThread [stack: 0x00007000045d9000,0x00007000046d9000] [id=13571]
  0x00007feb79004000 WatcherThread [stack: 0x0000700004ef4000,0x0000700004ff4000] [id=21763]

VM state:not at safepoint (normal execution)

VM Mutex/Monitor currently owned by a thread: None

Heap:
 PSYoungGen      total 232960K, used 39322K [0x00000007aab00000, 0x00000007c0000000, 0x00000007c0000000)
  eden space 116736K, 33% used [0x00000007aab00000,0x00000007ad166830,0x00000007b1d00000)
  from space 116224K, 0% used [0x00000007b8e80000,0x00000007b8e80000,0x00000007c0000000)
  to   space 116224K, 0% used [0x00000007b1d00000,0x00000007b1d00000,0x00000007b8e80000)
 ParOldGen       total 699392K, used 662863K [0x0000000780000000, 0x00000007aab00000, 0x00000007aab00000)
  object space 699392K, 94% used [0x0000000780000000,0x00000007a8753ca8,0x00000007aab00000)
 Metaspace       used 116337K, capacity 120886K, committed 121304K, reserved 1150976K
  class space    used 19041K, capacity 19526K, committed 19672K, reserved 1048576K

Card table byte_map: [0x0000000103d67000,0x0000000103f68000] byte_map_base: 0x0000000100167000

Marking Bits: (ParMarkBitMap*) 0x00000001032f35d0
 Begin Bits: [0x00000001040be000, 0x00000001050be000)
 End Bits:   [0x00000001050be000, 0x00000001060be000)

Polling page: 0x00000001019ac000

CodeCache: size=245760Kb used=27387Kb max_used=27405Kb free=218372Kb
 bounds [0x00000001079ee000, 0x00000001094ee000, 0x00000001169ee000]
 total_blobs=10773 nmethods=10076 adapters=606
 compilation: enabled

Compilation events (10 events):
Event: 915.693 Thread 0x00007feb7900e000 12302       3       scala.collection.immutable.ListMap$Node::<init> (32 bytes)
Event: 915.693 Thread 0x00007feb7900e000 nmethod 12302 0x00000001083fad10 code [0x00000001083faec0, 0x00000001083fb3b8]
Event: 920.826 Thread 0x00007feb7900e000 12303   !   3       com.sun.proxy.$Proxy4::fileCreated (47 bytes)
Event: 920.826 Thread 0x00007feb7900e000 nmethod 12303 0x00000001094d2190 code [0x00000001094d2380, 0x00000001094d2d78]
Event: 920.827 Thread 0x00007feb7b829000 12304 %     4       net.contentobjects.jnotify.macosx.JNotifyAdapterMacOSX::batchEndEvent @ 453 (815 bytes)
Event: 920.827 Thread 0x00007feb7b827800 12305   !   4       com.sun.proxy.$Proxy4::fileCreated (47 bytes)
Event: 920.829 Thread 0x00007feb7b827800 nmethod 12305 0x00000001085b8950 code [0x00000001085b8ac0, 0x00000001085b8cf8]
Event: 920.961 Thread 0x00007feb7b829000 nmethod 12304% 0x00000001094d8cd0 code [0x00000001094d90e0, 0x00000001094db7a0]
Event: 921.651 Thread 0x00007feb7900e000 12306   !   3       net.contentobjects.jnotify.macosx.JNotifyAdapterMacOSX::notifyChangeEvent (63 bytes)
Event: 921.652 Thread 0x00007feb7900e000 nmethod 12306 0x00000001094d0f10 code [0x00000001094d1100, 0x00000001094d1a78]

GC Heap History (10 events):
Event: 915.107 GC heap before
{Heap before GC invocations=242 (full 42):
 PSYoungGen      total 232960K, used 116736K [0x00000007aab00000, 0x00000007c0000000, 0x00000007c0000000)
  eden space 116736K, 100% used [0x00000007aab00000,0x00000007b1d00000,0x00000007b1d00000)
  from space 116224K, 0% used [0x00000007b8e80000,0x00000007b8e80000,0x00000007c0000000)
  to   space 116224K, 0% used [0x00000007b1d00000,0x00000007b1d00000,0x00000007b8e80000)
 ParOldGen       total 699392K, used 646105K [0x0000000780000000, 0x00000007aab00000, 0x00000007aab00000)
  object space 699392K, 92% used [0x0000000780000000,0x00000007a76f6630,0x00000007aab00000)
 Metaspace       used 116337K, capacity 120886K, committed 121304K, reserved 1150976K
  class space    used 19041K, capacity 19526K, committed 19672K, reserved 1048576K
Event: 915.456 GC heap after
Heap after GC invocations=242 (full 42):
 PSYoungGen      total 232960K, used 0K [0x00000007aab00000, 0x00000007c0000000, 0x00000007c0000000)
  eden space 116736K, 0% used [0x00000007aab00000,0x00000007aab00000,0x00000007b1d00000)
  from space 116224K, 0% used [0x00000007b8e80000,0x00000007b8e80000,0x00000007c0000000)
  to   space 116224K, 0% used [0x00000007b1d00000,0x00000007b1d00000,0x00000007b8e80000)
 ParOldGen       total 699392K, used 657879K [0x0000000780000000, 0x00000007aab00000, 0x00000007aab00000)
  object space 699392K, 94% used [0x0000000780000000,0x00000007a8275c90,0x00000007aab00000)
 Metaspace       used 116337K, capacity 120886K, committed 121304K, reserved 1150976K
  class space    used 19041K, capacity 19526K, committed 19672K, reserved 1048576K
}
Event: 916.407 GC heap before
{Heap before GC invocations=243 (full 43):
 PSYoungGen      total 232960K, used 116736K [0x00000007aab00000, 0x00000007c0000000, 0x00000007c0000000)
  eden space 116736K, 100% used [0x00000007aab00000,0x00000007b1d00000,0x00000007b1d00000)
  from space 116224K, 0% used [0x00000007b8e80000,0x00000007b8e80000,0x00000007c0000000)
  to   space 116224K, 0% used [0x00000007b1d00000,0x00000007b1d00000,0x00000007b8e80000)
 ParOldGen       total 699392K, used 657879K [0x0000000780000000, 0x00000007aab00000, 0x00000007aab00000)
  object space 699392K, 94% used [0x0000000780000000,0x00000007a8275c90,0x00000007aab00000)
 Metaspace       used 116337K, capacity 120886K, committed 121304K, reserved 1150976K
  class space    used 19041K, capacity 19526K, committed 19672K, reserved 1048576K
Event: 916.722 GC heap after
Heap after GC invocations=243 (full 43):
 PSYoungGen      total 232960K, used 0K [0x00000007aab00000, 0x00000007c0000000, 0x00000007c0000000)
  eden space 116736K, 0% used [0x00000007aab00000,0x00000007aab00000,0x00000007b1d00000)
  from space 116224K, 0% used [0x00000007b8e80000,0x00000007b8e80000,0x00000007c0000000)
  to   space 116224K, 0% used [0x00000007b1d00000,0x00000007b1d00000,0x00000007b8e80000)
 ParOldGen       total 699392K, used 658619K [0x0000000780000000, 0x00000007aab00000, 0x00000007aab00000)
  object space 699392K, 94% used [0x0000000780000000,0x00000007a832ef28,0x00000007aab00000)
 Metaspace       used 116337K, capacity 120886K, committed 121304K, reserved 1150976K
  class space    used 19041K, capacity 19526K, committed 19672K, reserved 1048576K
}
Event: 918.142 GC heap before
{Heap before GC invocations=244 (full 44):
 PSYoungGen      total 232960K, used 116736K [0x00000007aab00000, 0x00000007c0000000, 0x00000007c0000000)
  eden space 116736K, 100% used [0x00000007aab00000,0x00000007b1d00000,0x00000007b1d00000)
  from space 116224K, 0% used [0x00000007b8e80000,0x00000007b8e80000,0x00000007c0000000)
  to   space 116224K, 0% used [0x00000007b1d00000,0x00000007b1d00000,0x00000007b8e80000)
 ParOldGen       total 699392K, used 658619K [0x0000000780000000, 0x00000007aab00000, 0x00000007aab00000)
  object space 699392K, 94% used [0x0000000780000000,0x00000007a832ef28,0x00000007aab00000)
 Metaspace       used 116337K, capacity 120886K, committed 121304K, reserved 1150976K
  class space    used 19041K, capacity 19526K, committed 19672K, reserved 1048576K
Event: 918.746 GC heap after
Heap after GC invocations=244 (full 44):
 PSYoungGen      total 232960K, used 0K [0x00000007aab00000, 0x00000007c0000000, 0x00000007c0000000)
  eden space 116736K, 0% used [0x00000007aab00000,0x00000007aab00000,0x00000007b1d00000)
  from space 116224K, 0% used [0x00000007b8e80000,0x00000007b8e80000,0x00000007c0000000)
  to   space 116224K, 0% used [0x00000007b1d00000,0x00000007b1d00000,0x00000007b8e80000)
 ParOldGen       total 699392K, used 667703K [0x0000000780000000, 0x00000007aab00000, 0x00000007aab00000)
  object space 699392K, 95% used [0x0000000780000000,0x00000007a8c0dd50,0x00000007aab00000)
 Metaspace       used 116337K, capacity 120886K, committed 121304K, reserved 1150976K
  class space    used 19041K, capacity 19526K, committed 19672K, reserved 1048576K
}
Event: 919.775 GC heap before
{Heap before GC invocations=245 (full 45):
 PSYoungGen      total 232960K, used 116736K [0x00000007aab00000, 0x00000007c0000000, 0x00000007c0000000)
  eden space 116736K, 100% used [0x00000007aab00000,0x00000007b1d00000,0x00000007b1d00000)
  from space 116224K, 0% used [0x00000007b8e80000,0x00000007b8e80000,0x00000007c0000000)
  to   space 116224K, 0% used [0x00000007b1d00000,0x00000007b1d00000,0x00000007b8e80000)
 ParOldGen       total 699392K, used 667703K [0x0000000780000000, 0x00000007aab00000, 0x00000007aab00000)
  object space 699392K, 95% used [0x0000000780000000,0x00000007a8c0dd50,0x00000007aab00000)
 Metaspace       used 116337K, capacity 120886K, committed 121304K, reserved 1150976K
  class space    used 19041K, capacity 19526K, committed 19672K, reserved 1048576K
Event: 920.647 GC heap after
Heap after GC invocations=245 (full 45):
 PSYoungGen      total 232960K, used 0K [0x00000007aab00000, 0x00000007c0000000, 0x00000007c0000000)
  eden space 116736K, 0% used [0x00000007aab00000,0x00000007aab00000,0x00000007b1d00000)
  from space 116224K, 0% used [0x00000007b8e80000,0x00000007b8e80000,0x00000007c0000000)
  to   space 116224K, 0% used [0x00000007b1d00000,0x00000007b1d00000,0x00000007b8e80000)
 ParOldGen       total 699392K, used 672356K [0x0000000780000000, 0x00000007aab00000, 0x00000007aab00000)
  object space 699392K, 96% used [0x0000000780000000,0x00000007a9099130,0x00000007aab00000)
 Metaspace       used 116337K, capacity 120886K, committed 121304K, reserved 1150976K
  class space    used 19041K, capacity 19526K, committed 19672K, reserved 1048576K
}
Event: 921.206 GC heap before
{Heap before GC invocations=246 (full 46):
 PSYoungGen      total 232960K, used 116736K [0x00000007aab00000, 0x00000007c0000000, 0x00000007c0000000)
  eden space 116736K, 100% used [0x00000007aab00000,0x00000007b1d00000,0x00000007b1d00000)
  from space 116224K, 0% used [0x00000007b8e80000,0x00000007b8e80000,0x00000007c0000000)
  to   space 116224K, 0% used [0x00000007b1d00000,0x00000007b1d00000,0x00000007b8e80000)
 ParOldGen       total 699392K, used 672356K [0x0000000780000000, 0x00000007aab00000, 0x00000007aab00000)
  object space 699392K, 96% used [0x0000000780000000,0x00000007a9099130,0x00000007aab00000)
 Metaspace       used 116337K, capacity 120886K, committed 121304K, reserved 1150976K
  class space    used 19041K, capacity 19526K, committed 19672K, reserved 1048576K
Event: 921.635 GC heap after
Heap after GC invocations=246 (full 46):
 PSYoungGen      total 232960K, used 0K [0x00000007aab00000, 0x00000007c0000000, 0x00000007c0000000)
  eden space 116736K, 0% used [0x00000007aab00000,0x00000007aab00000,0x00000007b1d00000)
  from space 116224K, 0% used [0x00000007b8e80000,0x00000007b8e80000,0x00000007c0000000)
  to   space 116224K, 0% used [0x00000007b1d00000,0x00000007b1d00000,0x00000007b8e80000)
 ParOldGen       total 699392K, used 662863K [0x0000000780000000, 0x00000007aab00000, 0x00000007aab00000)
  object space 699392K, 94% used [0x0000000780000000,0x00000007a8753ca8,0x00000007aab00000)
 Metaspace       used 116337K, capacity 120886K, committed 121304K, reserved 1150976K
  class space    used 19041K, capacity 19526K, committed 19672K, reserved 1048576K
}

Deoptimization events (10 events):
Event: 838.305 Thread 0x00007feb7c035000 Uncommon trap: reason=unstable_if action=reinterpret pc=0x000000010823b598 method=scala.collection.immutable.HashSet$HashTrieSet.removed0(Ljava/lang/Object;II)Lscala/collection/immutable/HashSet; @ 64
Event: 838.305 Thread 0x00007feb7c035000 Uncommon trap: reason=unstable_if action=reinterpret pc=0x000000010823b598 method=scala.collection.immutable.HashSet$HashTrieSet.removed0(Ljava/lang/Object;II)Lscala/collection/immutable/HashSet; @ 64
Event: 838.305 Thread 0x00007feb7c035000 Uncommon trap: reason=unstable_if action=reinterpret pc=0x0000000107e92e1c method=scala.collection.immutable.HashSet$HashSet1.removed0(Ljava/lang/Object;II)Lscala/collection/immutable/HashSet; @ 5
Event: 838.548 Thread 0x00007feb7c035000 Uncommon trap: reason=class_check action=maybe_recompile pc=0x0000000108cba5a0 method=sbt.MRelation.contains(Ljava/lang/Object;Ljava/lang/Object;)Z @ 6
Event: 838.549 Thread 0x00007feb7c035000 Uncommon trap: reason=class_check action=maybe_recompile pc=0x0000000108cba5a0 method=sbt.MRelation.contains(Ljava/lang/Object;Ljava/lang/Object;)Z @ 6
Event: 838.549 Thread 0x00007feb7c035000 Uncommon trap: reason=class_check action=maybe_recompile pc=0x0000000108cba5a0 method=sbt.MRelation.contains(Ljava/lang/Object;Ljava/lang/Object;)Z @ 6
Event: 838.549 Thread 0x00007feb7c035000 Uncommon trap: reason=class_check action=maybe_recompile pc=0x0000000108cba5a0 method=sbt.MRelation.contains(Ljava/lang/Object;Ljava/lang/Object;)Z @ 6
Event: 862.545 Thread 0x00007feb7c035000 Uncommon trap: reason=unstable_if action=reinterpret pc=0x00000001093d59ac method=sbt.IO$$anonfun$sbt$IO$$visit$1$1.apply$mcZ$sp()Z @ 13
Event: 862.545 Thread 0x00007feb7c035000 Uncommon trap: reason=unstable_if action=reinterpret pc=0x00000001093d5668 method=scala.collection.IndexedSeqOptimized$class.forall(Lscala/collection/IndexedSeqOptimized;Lscala/Function1;)Z @ 21
Event: 864.941 Thread 0x00007feb7c035000 Uncommon trap: reason=unstable_if action=reinterpret pc=0x0000000108365c1c method=java.util.LinkedHashMap.afterNodeInsertion(Z)V @ 18

Internal exceptions (10 events):
Event: 770.112 Thread 0x00007feb81e0b800 Exception <a 'java/lang/ArrayIndexOutOfBoundsException': 1> (0x00000007afe9b410) thrown at [/Users/java_re/workspace/8-2-build-macosx-x86_64/jdk8u144/9417/hotspot/src/share/vm/interpreter/interpreterRuntime.cpp, line 366]
Event: 770.112 Thread 0x00007feb81e0b800 Exception <a 'java/lang/ArrayIndexOutOfBoundsException': 1> (0x00000007afe9f1f8) thrown at [/Users/java_re/workspace/8-2-build-macosx-x86_64/jdk8u144/9417/hotspot/src/share/vm/interpreter/interpreterRuntime.cpp, line 366]
Event: 770.112 Thread 0x00007feb81e0b800 Exception <a 'java/lang/ArrayIndexOutOfBoundsException': 1> (0x00000007afea2be0) thrown at [/Users/java_re/workspace/8-2-build-macosx-x86_64/jdk8u144/9417/hotspot/src/share/vm/interpreter/interpreterRuntime.cpp, line 366]
Event: 770.113 Thread 0x00007feb81e0b800 Exception <a 'java/lang/ArrayIndexOutOfBoundsException': 1> (0x00000007afea6690) thrown at [/Users/java_re/workspace/8-2-build-macosx-x86_64/jdk8u144/9417/hotspot/src/share/vm/interpreter/interpreterRuntime.cpp, line 366]
Event: 770.113 Thread 0x00007feb81e0b800 Exception <a 'java/lang/ArrayIndexOutOfBoundsException': 1> (0x00000007afea9ea0) thrown at [/Users/java_re/workspace/8-2-build-macosx-x86_64/jdk8u144/9417/hotspot/src/share/vm/interpreter/interpreterRuntime.cpp, line 366]
Event: 770.123 Thread 0x00007feb7eddc800 Implicit null exception at 0x0000000109031dca to 0x0000000109032581
Event: 796.608 Thread 0x00007feb7eec6800 Implicit null exception at 0x00000001089cfa29 to 0x00000001089d0359
Event: 799.037 Thread 0x00007feb7eec6800 Exception <a 'java/io/FileNotFoundException': /Users/jasmina/ABH/eRestoran/public/eRestoran_FE/node_modules/.bin/í ½í°¹> (0x00000007acd8e190) thrown at [/Users/java_re/workspace/8-2-build-macosx-x86_64/jdk8u144/9417/hotspot/src/share/vm/prims/jni.cpp, lin
Event: 830.326 Thread 0x00007feb7c036800 Exception <a 'java/lang/ClassNotFoundException': com/sun/tools/javac/api/JavacTool> (0x00000007ad3c4108) thrown at [/Users/java_re/workspace/8-2-build-macosx-x86_64/jdk8u144/9417/hotspot/src/share/vm/classfile/systemDictionary.cpp, line 210]
Event: 882.423 Thread 0x00007feb7eec6800 Exception <a 'java/io/FileNotFoundException': /Users/jasmina/ABH/eRestoran/public/eRestoran_FE/tmp/rollup-cache_path-s1uCYZ4Y.tmp/node_modules/.bin/í ½í°¹> (0x00000007afd91148) thrown at [/Users/java_re/workspace/8-2-build-macosx-x86_64/jdk8u144/9417/hots

Events (10 events):
Event: 915.693 Thread 0x00007feb7900e000 flushing nmethod 0x00000001085b87d0
Event: 916.406 Executing VM operation: ParallelGCFailedAllocation
Event: 916.723 Executing VM operation: ParallelGCFailedAllocation done
Event: 918.142 Executing VM operation: ParallelGCFailedAllocation
Event: 918.746 Executing VM operation: ParallelGCFailedAllocation done
Event: 919.775 Executing VM operation: ParallelGCFailedAllocation
Event: 920.647 Executing VM operation: ParallelGCFailedAllocation done
Event: 920.961 Thread 0x00007feb7b829000 flushing nmethod 0x0000000108a73410
Event: 921.206 Executing VM operation: ParallelGCFailedAllocation
Event: 921.635 Executing VM operation: ParallelGCFailedAllocation done


Dynamic libraries:
0x00000000435dd000 	/System/Library/Frameworks/Cocoa.framework/Versions/A/Cocoa
0x00000000435dd000 	/System/Library/Frameworks/Security.framework/Versions/A/Security
0x00000000435dd000 	/System/Library/Frameworks/ApplicationServices.framework/Versions/A/ApplicationServices
0x00000000435dd000 	/usr/lib/libz.1.dylib
0x00000000435dd000 	/usr/lib/libSystem.B.dylib
0x00000000435dd000 	/usr/lib/libobjc.A.dylib
0x00000000435dd000 	/System/Library/Frameworks/CoreFoundation.framework/Versions/A/CoreFoundation
0x00000000435dd000 	/System/Library/Frameworks/Foundation.framework/Versions/C/Foundation
0x00000000435dd000 	/System/Library/Frameworks/AppKit.framework/Versions/C/AppKit
0x00000000435dd000 	/System/Library/Frameworks/CoreData.framework/Versions/A/CoreData
0x00000000435dd000 	/System/Library/PrivateFrameworks/RemoteViewServices.framework/Versions/A/RemoteViewServices
0x00000000435dd000 	/System/Library/PrivateFrameworks/UIFoundation.framework/Versions/A/UIFoundation
0x00000000435dd000 	/System/Library/PrivateFrameworks/DFRFoundation.framework/Versions/A/DFRFoundation
0x00000000435dd000 	/usr/lib/libenergytrace.dylib
0x00000000435dd000 	/System/Library/PrivateFrameworks/SkyLight.framework/Versions/A/SkyLight
0x00000000435dd000 	/System/Library/Frameworks/CoreGraphics.framework/Versions/A/CoreGraphics
0x00000000435dd000 	/usr/lib/libScreenReader.dylib
0x00000000435dd000 	/System/Library/Frameworks/Accelerate.framework/Versions/A/Accelerate
0x00000000435dd000 	/System/Library/Frameworks/IOSurface.framework/Versions/A/IOSurface
0x00000000435dd000 	/System/Library/Frameworks/AudioToolbox.framework/Versions/A/AudioToolbox
0x00000000435dd000 	/System/Library/Frameworks/AudioUnit.framework/Versions/A/AudioUnit
0x00000000435dd000 	/System/Library/PrivateFrameworks/DataDetectorsCore.framework/Versions/A/DataDetectorsCore
0x00000000435dd000 	/System/Library/PrivateFrameworks/DesktopServicesPriv.framework/Versions/A/DesktopServicesPriv
0x00000000435dd000 	/System/Library/Frameworks/Carbon.framework/Versions/A/Frameworks/HIToolbox.framework/Versions/A/HIToolbox
0x00000000435dd000 	/usr/lib/libicucore.A.dylib
0x00000000435dd000 	/System/Library/Frameworks/QuartzCore.framework/Versions/A/QuartzCore
0x00000000435dd000 	/System/Library/Frameworks/Carbon.framework/Versions/A/Frameworks/SpeechRecognition.framework/Versions/A/SpeechRecognition
0x00000000435dd000 	/usr/lib/libauto.dylib
0x00000000435dd000 	/usr/lib/libxml2.2.dylib
0x00000000435dd000 	/System/Library/PrivateFrameworks/CoreUI.framework/Versions/A/CoreUI
0x00000000435dd000 	/System/Library/Frameworks/CoreAudio.framework/Versions/A/CoreAudio
0x00000000435dd000 	/System/Library/Frameworks/DiskArbitration.framework/Versions/A/DiskArbitration
0x00000000435dd000 	/usr/lib/liblangid.dylib
0x00000000435dd000 	/System/Library/PrivateFrameworks/MultitouchSupport.framework/Versions/A/MultitouchSupport
0x00000000435dd000 	/System/Library/Frameworks/IOKit.framework/Versions/A/IOKit
0x00000000435dd000 	/usr/lib/libDiagnosticMessagesClient.dylib
0x00000000435dd000 	/System/Library/Frameworks/CoreServices.framework/Versions/A/CoreServices
0x00000000435dd000 	/System/Library/PrivateFrameworks/PerformanceAnalysis.framework/Versions/A/PerformanceAnalysis
0x00000000435dd000 	/System/Library/PrivateFrameworks/GenerationalStorage.framework/Versions/A/GenerationalStorage
0x00000000435dd000 	/System/Library/Frameworks/OpenGL.framework/Versions/A/OpenGL
0x00000000435dd000 	/System/Library/Frameworks/CoreImage.framework/Versions/A/CoreImage
0x00000000435dd000 	/System/Library/Frameworks/CoreText.framework/Versions/A/CoreText
0x00000000435dd000 	/System/Library/Frameworks/ImageIO.framework/Versions/A/ImageIO
0x00000000435dd000 	/System/Library/PrivateFrameworks/Backup.framework/Versions/A/Backup
0x00000000435dd000 	/usr/lib/libarchive.2.dylib
0x00000000435dd000 	/System/Library/Frameworks/CFNetwork.framework/Versions/A/CFNetwork
0x00000000435dd000 	/System/Library/Frameworks/SystemConfiguration.framework/Versions/A/SystemConfiguration
0x00000000435dd000 	/usr/lib/libCRFSuite.dylib
0x00000000435dd000 	/usr/lib/libc++.1.dylib
0x00000000435dd000 	/usr/lib/libc++abi.dylib
0x00000000435dd000 	/usr/lib/system/libcache.dylib
0x00000000435dd000 	/usr/lib/system/libcommonCrypto.dylib
0x00000000435dd000 	/usr/lib/system/libcompiler_rt.dylib
0x00000000435dd000 	/usr/lib/system/libcopyfile.dylib
0x00000000435dd000 	/usr/lib/system/libcorecrypto.dylib
0x00000000435dd000 	/usr/lib/system/libdispatch.dylib
0x00000000435dd000 	/usr/lib/system/libdyld.dylib
0x00000000435dd000 	/usr/lib/system/libkeymgr.dylib
0x00000000435dd000 	/usr/lib/system/liblaunch.dylib
0x00000000435dd000 	/usr/lib/system/libmacho.dylib
0x00000000435dd000 	/usr/lib/system/libquarantine.dylib
0x00000000435dd000 	/usr/lib/system/libremovefile.dylib
0x00000000435dd000 	/usr/lib/system/libsystem_asl.dylib
0x00000000435dd000 	/usr/lib/system/libsystem_blocks.dylib
0x00000000435dd000 	/usr/lib/system/libsystem_c.dylib
0x00000000435dd000 	/usr/lib/system/libsystem_configuration.dylib
0x00000000435dd000 	/usr/lib/system/libsystem_coreservices.dylib
0x00000000435dd000 	/usr/lib/system/libsystem_coretls.dylib
0x00000000435dd000 	/usr/lib/system/libsystem_dnssd.dylib
0x00000000435dd000 	/usr/lib/system/libsystem_info.dylib
0x00000000435dd000 	/usr/lib/system/libsystem_kernel.dylib
0x00000000435dd000 	/usr/lib/system/libsystem_m.dylib
0x00000000435dd000 	/usr/lib/system/libsystem_malloc.dylib
0x00000000435dd000 	/usr/lib/system/libsystem_network.dylib
0x00000000435dd000 	/usr/lib/system/libsystem_networkextension.dylib
0x00000000435dd000 	/usr/lib/system/libsystem_notify.dylib
0x00000000435dd000 	/usr/lib/system/libsystem_platform.dylib
0x00000000435dd000 	/usr/lib/system/libsystem_pthread.dylib
0x00000000435dd000 	/usr/lib/system/libsystem_sandbox.dylib
0x00000000435dd000 	/usr/lib/system/libsystem_secinit.dylib
0x00000000435dd000 	/usr/lib/system/libsystem_symptoms.dylib
0x00000000435dd000 	/usr/lib/system/libsystem_trace.dylib
0x00000000435dd000 	/usr/lib/system/libunwind.dylib
0x00000000435dd000 	/usr/lib/system/libxpc.dylib
0x00000000435dd000 	/usr/lib/libbsm.0.dylib
0x00000000435dd000 	/usr/lib/system/libkxld.dylib
0x00000000435dd000 	/usr/lib/libcoretls.dylib
0x00000000435dd000 	/usr/lib/libcoretls_cfhelpers.dylib
0x00000000435dd000 	/usr/lib/libxar.1.dylib
0x00000000435dd000 	/usr/lib/libsqlite3.dylib
0x00000000435dd000 	/usr/lib/libpam.2.dylib
0x00000000435dd000 	/usr/lib/libOpenScriptingUtil.dylib
0x00000000435dd000 	/usr/lib/libbz2.1.0.dylib
0x00000000435dd000 	/usr/lib/liblzma.5.dylib
0x00000000435dd000 	/usr/lib/libnetwork.dylib
0x00000000435dd000 	/usr/lib/libpcap.A.dylib
0x00000000435dd000 	/System/Library/Frameworks/CoreServices.framework/Versions/A/Frameworks/FSEvents.framework/Versions/A/FSEvents
0x00000000435dd000 	/System/Library/Frameworks/CoreServices.framework/Versions/A/Frameworks/CarbonCore.framework/Versions/A/CarbonCore
0x00000000435dd000 	/System/Library/Frameworks/CoreServices.framework/Versions/A/Frameworks/Metadata.framework/Versions/A/Metadata
0x00000000435dd000 	/System/Library/Frameworks/CoreServices.framework/Versions/A/Frameworks/OSServices.framework/Versions/A/OSServices
0x00000000435dd000 	/System/Library/Frameworks/CoreServices.framework/Versions/A/Frameworks/SearchKit.framework/Versions/A/SearchKit
0x00000000435dd000 	/System/Library/Frameworks/CoreServices.framework/Versions/A/Frameworks/AE.framework/Versions/A/AE
0x00000000435dd000 	/System/Library/Frameworks/CoreServices.framework/Versions/A/Frameworks/LaunchServices.framework/Versions/A/LaunchServices
0x00000000435dd000 	/System/Library/Frameworks/CoreServices.framework/Versions/A/Frameworks/DictionaryServices.framework/Versions/A/DictionaryServices
0x00000000435dd000 	/System/Library/Frameworks/CoreServices.framework/Versions/A/Frameworks/SharedFileList.framework/Versions/A/SharedFileList
0x00000000435dd000 	/System/Library/Frameworks/NetFS.framework/Versions/A/NetFS
0x00000000435dd000 	/System/Library/PrivateFrameworks/NetAuth.framework/Versions/A/NetAuth
0x00000000435dd000 	/System/Library/PrivateFrameworks/login.framework/Versions/A/Frameworks/loginsupport.framework/Versions/A/loginsupport
0x00000000435dd000 	/System/Library/PrivateFrameworks/TCC.framework/Versions/A/TCC
0x00000000435dd000 	/usr/lib/libmecabra.dylib
0x00000000435dd000 	/System/Library/Frameworks/ApplicationServices.framework/Versions/A/Frameworks/ATS.framework/Versions/A/ATS
0x00000000435dd000 	/System/Library/Frameworks/ApplicationServices.framework/Versions/A/Frameworks/ColorSync.framework/Versions/A/ColorSync
0x00000000435dd000 	/System/Library/Frameworks/ApplicationServices.framework/Versions/A/Frameworks/HIServices.framework/Versions/A/HIServices
0x00000000435dd000 	/System/Library/Frameworks/ApplicationServices.framework/Versions/A/Frameworks/LangAnalysis.framework/Versions/A/LangAnalysis
0x00000000435dd000 	/System/Library/Frameworks/ApplicationServices.framework/Versions/A/Frameworks/PrintCore.framework/Versions/A/PrintCore
0x00000000435dd000 	/System/Library/Frameworks/ApplicationServices.framework/Versions/A/Frameworks/QD.framework/Versions/A/QD
0x00000000435dd000 	/System/Library/Frameworks/ApplicationServices.framework/Versions/A/Frameworks/SpeechSynthesis.framework/Versions/A/SpeechSynthesis
0x00000000435dd000 	/System/Library/Frameworks/Accelerate.framework/Versions/A/Frameworks/vImage.framework/Versions/A/vImage
0x00000000435dd000 	/System/Library/Frameworks/Accelerate.framework/Versions/A/Frameworks/vecLib.framework/Versions/A/vecLib
0x00000000435dd000 	/System/Library/Frameworks/Accelerate.framework/Versions/A/Frameworks/vecLib.framework/Versions/A/libvDSP.dylib
0x00000000435dd000 	/System/Library/Frameworks/Accelerate.framework/Versions/A/Frameworks/vecLib.framework/Versions/A/libBNNS.dylib
0x00000000435dd000 	/System/Library/Frameworks/Accelerate.framework/Versions/A/Frameworks/vecLib.framework/Versions/A/libQuadrature.dylib
0x00000000435dd000 	/System/Library/Frameworks/Accelerate.framework/Versions/A/Frameworks/vecLib.framework/Versions/A/libvMisc.dylib
0x00000000435dd000 	/System/Library/Frameworks/Accelerate.framework/Versions/A/Frameworks/vecLib.framework/Versions/A/libLAPACK.dylib
0x00000000435dd000 	/System/Library/Frameworks/Accelerate.framework/Versions/A/Frameworks/vecLib.framework/Versions/A/libBLAS.dylib
0x00000000435dd000 	/System/Library/Frameworks/Accelerate.framework/Versions/A/Frameworks/vecLib.framework/Versions/A/libLinearAlgebra.dylib
0x00000000435dd000 	/System/Library/Frameworks/Accelerate.framework/Versions/A/Frameworks/vecLib.framework/Versions/A/libSparseBLAS.dylib
0x00000000435dd000 	/System/Library/Frameworks/ApplicationServices.framework/Versions/A/Frameworks/ATS.framework/Versions/A/Resources/libFontParser.dylib
0x00000000435dd000 	/System/Library/Frameworks/ApplicationServices.framework/Versions/A/Frameworks/ATS.framework/Versions/A/Resources/libFontRegistry.dylib
0x00000000435dd000 	/System/Library/Frameworks/ImageIO.framework/Versions/A/Resources/libJPEG.dylib
0x00000000435dd000 	/System/Library/Frameworks/ImageIO.framework/Versions/A/Resources/libTIFF.dylib
0x00000000435dd000 	/System/Library/Frameworks/ImageIO.framework/Versions/A/Resources/libPng.dylib
0x00000000435dd000 	/System/Library/Frameworks/ImageIO.framework/Versions/A/Resources/libGIF.dylib
0x00000000435dd000 	/System/Library/Frameworks/ImageIO.framework/Versions/A/Resources/libJP2.dylib
0x00000000435dd000 	/System/Library/Frameworks/ImageIO.framework/Versions/A/Resources/libRadiance.dylib
0x00000000435dd000 	/usr/lib/libcompression.dylib
0x00000000435dd000 	/System/Library/PrivateFrameworks/AppleJPEG.framework/Versions/A/AppleJPEG
0x00000000435dd000 	/usr/lib/libcups.2.dylib
0x00000000435dd000 	/System/Library/Frameworks/Kerberos.framework/Versions/A/Kerberos
0x00000000435dd000 	/System/Library/Frameworks/GSS.framework/Versions/A/GSS
0x00000000435dd000 	/usr/lib/libresolv.9.dylib
0x00000000435dd000 	/usr/lib/libiconv.2.dylib
0x00000000435dd000 	/System/Library/PrivateFrameworks/Heimdal.framework/Versions/A/Heimdal
0x00000000435dd000 	/usr/lib/libheimdal-asn1.dylib
0x00000000435dd000 	/System/Library/Frameworks/OpenDirectory.framework/Versions/A/OpenDirectory
0x00000000435dd000 	/System/Library/PrivateFrameworks/CommonAuth.framework/Versions/A/CommonAuth
0x00000000435dd000 	/System/Library/Frameworks/OpenDirectory.framework/Versions/A/Frameworks/CFOpenDirectory.framework/Versions/A/CFOpenDirectory
0x00000000435dd000 	/System/Library/Frameworks/SecurityFoundation.framework/Versions/A/SecurityFoundation
0x00000000435dd000 	/System/Library/PrivateFrameworks/LanguageModeling.framework/Versions/A/LanguageModeling
0x00000000435dd000 	/usr/lib/libmarisa.dylib
0x00000000435dd000 	/usr/lib/libChineseTokenizer.dylib
0x00000000435dd000 	/usr/lib/libcmph.dylib
0x00000000435dd000 	/System/Library/PrivateFrameworks/CoreEmoji.framework/Versions/A/CoreEmoji
0x00000000435dd000 	/System/Library/Frameworks/ServiceManagement.framework/Versions/A/ServiceManagement
0x00000000435dd000 	/usr/lib/libxslt.1.dylib
0x00000000435dd000 	/System/Library/Frameworks/Carbon.framework/Versions/A/Frameworks/Ink.framework/Versions/A/Ink
0x00000000435dd000 	/System/Library/PrivateFrameworks/TextureIO.framework/Versions/A/TextureIO
0x00000000435dd000 	/System/Library/Frameworks/Metal.framework/Versions/A/Metal
0x00000000435dd000 	/usr/lib/libate.dylib
0x00000000435dd000 	/System/Library/PrivateFrameworks/GPUCompiler.framework/libmetal_timestamp.dylib
0x00000000435dd000 	/System/Library/Frameworks/OpenGL.framework/Versions/A/Libraries/libCoreFSCache.dylib
0x00000000435dd000 	/System/Library/PrivateFrameworks/IOAccelerator.framework/Versions/A/IOAccelerator
0x00000000435dd000 	/System/Library/Frameworks/CoreVideo.framework/Versions/A/CoreVideo
0x00000000435dd000 	/usr/lib/libFosl_dynamic.dylib
0x00000000435dd000 	/System/Library/PrivateFrameworks/MetalPerformanceShaders.framework/Versions/A/MetalPerformanceShaders
0x00000000435dd000 	/System/Library/PrivateFrameworks/FaceCore.framework/Versions/A/FaceCore
0x00000000435dd000 	/System/Library/Frameworks/OpenCL.framework/Versions/A/OpenCL
0x00000000435dd000 	/System/Library/Frameworks/OpenGL.framework/Versions/A/Libraries/libGLU.dylib
0x00000000435dd000 	/System/Library/Frameworks/OpenGL.framework/Versions/A/Libraries/libGFXShared.dylib
0x00000000435dd000 	/System/Library/Frameworks/OpenGL.framework/Versions/A/Libraries/libGL.dylib
0x00000000435dd000 	/System/Library/Frameworks/OpenGL.framework/Versions/A/Libraries/libGLImage.dylib
0x00000000435dd000 	/System/Library/Frameworks/OpenGL.framework/Versions/A/Libraries/libCVMSPluginSupport.dylib
0x00000000435dd000 	/System/Library/Frameworks/OpenGL.framework/Versions/A/Libraries/libCoreVMClient.dylib
0x00000000435dd000 	/System/Library/PrivateFrameworks/CrashReporterSupport.framework/Versions/A/CrashReporterSupport
0x00000000435dd000 	/System/Library/PrivateFrameworks/Sharing.framework/Versions/A/Sharing
0x00000000435dd000 	/System/Library/PrivateFrameworks/IconServices.framework/Versions/A/IconServices
0x00000000435dd000 	/System/Library/PrivateFrameworks/ProtocolBuffer.framework/Versions/A/ProtocolBuffer
0x00000000435dd000 	/System/Library/PrivateFrameworks/Apple80211.framework/Versions/A/Apple80211
0x00000000435dd000 	/System/Library/Frameworks/CoreWLAN.framework/Versions/A/CoreWLAN
0x00000000435dd000 	/System/Library/PrivateFrameworks/CoreUtils.framework/Versions/A/CoreUtils
0x00000000435dd000 	/System/Library/Frameworks/IOBluetooth.framework/Versions/A/IOBluetooth
0x00000000435dd000 	/System/Library/PrivateFrameworks/CoreWiFi.framework/Versions/A/CoreWiFi
0x00000000435dd000 	/System/Library/Frameworks/CoreBluetooth.framework/Versions/A/CoreBluetooth
0x00000000435dd000 	/System/Library/Frameworks/CoreDisplay.framework/Versions/A/CoreDisplay
0x00000000435dd000 	/System/Library/PrivateFrameworks/IOPresentment.framework/Versions/A/IOPresentment
0x00000000435dd000 	/System/Library/PrivateFrameworks/DebugSymbols.framework/Versions/A/DebugSymbols
0x00000000435dd000 	/System/Library/PrivateFrameworks/CoreSymbolication.framework/Versions/A/CoreSymbolication
0x00000000435dd000 	/System/Library/PrivateFrameworks/Symbolication.framework/Versions/A/Symbolication
0x00000000435dd000 	/System/Library/PrivateFrameworks/AppleFSCompression.framework/Versions/A/AppleFSCompression
0x00000000435dd000 	/System/Library/PrivateFrameworks/SpeechRecognitionCore.framework/Versions/A/SpeechRecognitionCore
0x00000000435dd000 	/System/Library/PrivateFrameworks/ChunkingLibrary.framework/Versions/A/ChunkingLibrary
0x0000000102a00000 	/Library/Java/JavaVirtualMachines/jdk1.8.0_144.jdk/Contents/Home/jre/lib/server/libjvm.dylib
0x00000000435dd000 	/usr/lib/libstdc++.6.dylib
0x0000000101969000 	/Library/Java/JavaVirtualMachines/jdk1.8.0_144.jdk/Contents/Home/jre/lib/libverify.dylib
0x0000000101977000 	/Library/Java/JavaVirtualMachines/jdk1.8.0_144.jdk/Contents/Home/jre/lib/libjava.dylib
0x00000001019b6000 	/Library/Java/JavaVirtualMachines/jdk1.8.0_144.jdk/Contents/Home/jre/lib/libzip.dylib
0x0000000107946000 	/System/Library/Frameworks/JavaVM.framework/Frameworks/JavaRuntimeSupport.framework/JavaRuntimeSupport
0x0000000117a8e000 	/System/Library/Frameworks/JavaVM.framework/Versions/A/Frameworks/JavaNativeFoundation.framework/Versions/A/JavaNativeFoundation
0x0000000117aa3000 	/System/Library/Frameworks/JavaVM.framework/Versions/A/JavaVM
0x00000000435dd000 	/System/Library/Frameworks/Carbon.framework/Versions/A/Carbon
0x0000000117ab0000 	/System/Library/PrivateFrameworks/JavaLaunching.framework/Versions/A/JavaLaunching
0x00000000435dd000 	/System/Library/Frameworks/Carbon.framework/Versions/A/Frameworks/CommonPanels.framework/Versions/A/CommonPanels
0x00000000435dd000 	/System/Library/Frameworks/Carbon.framework/Versions/A/Frameworks/Help.framework/Versions/A/Help
0x00000000435dd000 	/System/Library/Frameworks/Carbon.framework/Versions/A/Frameworks/ImageCapture.framework/Versions/A/ImageCapture
0x00000000435dd000 	/System/Library/Frameworks/Carbon.framework/Versions/A/Frameworks/OpenScripting.framework/Versions/A/OpenScripting
0x00000000435dd000 	/System/Library/Frameworks/Carbon.framework/Versions/A/Frameworks/Print.framework/Versions/A/Print
0x00000000435dd000 	/System/Library/Frameworks/Carbon.framework/Versions/A/Frameworks/SecurityHI.framework/Versions/A/SecurityHI
0x00000001193d2000 	/Library/Java/JavaVirtualMachines/jdk1.8.0_144.jdk/Contents/Home/jre/lib/libnet.dylib
0x0000000119431000 	/Library/Java/JavaVirtualMachines/jdk1.8.0_144.jdk/Contents/Home/jre/lib/libnio.dylib
0x000000011a356000 	/Library/Java/JavaVirtualMachines/jdk1.8.0_144.jdk/Contents/Home/jre/lib/libmanagement.dylib
0x000000011a364000 	/Users/jasmina/ABH/eRestoran/target/jnotify/native_libraries/64bits/libjnotify.jnilib
0x0000000119e50000 	/Library/Java/JavaVirtualMachines/jdk1.8.0_144.jdk/Contents/Home/jre/lib/libsunec.dylib

VM Arguments:
jvm_args: -Dfile.encoding=UTF8 -Djline.terminal=none -Dsbt.log.noformat=true -Dsbt.global.base=/private/var/folders/96/cw4ykw9n6z1d7rb_n0k307400000gn/T/sbt-global-pluginstub -Xms512M -Xmx1024M -Xss1M -XX:+CMSClassUnloadingEnabled -XX:MaxPermSize=256M 
java_command: xsbt.boot.Boot project root run
java_class_path (initial): /Users/jasmina/Library/Application Support/IntelliJIdea2017.2/Scala/launcher/sbt-launch.jar
Launcher Type: SUN_STANDARD

Environment Variables:
PATH=/usr/local/opt/node@6/bin:/usr/local/bin:/usr/bin:/bin:/usr/sbin:/sbin
SHELL=/bin/bash

Signal Handlers:
SIGSEGV: [libjvm.dylib+0x5b26e5], sa_mask[0]=11111111011111110111111111111111, sa_flags=SA_ONSTACK|SA_RESTART|SA_SIGINFO
SIGBUS: [libjvm.dylib+0x5b26e5], sa_mask[0]=11111111011111110111111111111111, sa_flags=SA_RESTART|SA_SIGINFO
SIGFPE: [libjvm.dylib+0x489100], sa_mask[0]=11111111011111110111111111111111, sa_flags=SA_RESTART|SA_SIGINFO
SIGPIPE: [libjvm.dylib+0x489100], sa_mask[0]=11111111011111110111111111111111, sa_flags=SA_RESTART|SA_SIGINFO
SIGXFSZ: [libjvm.dylib+0x489100], sa_mask[0]=11111111011111110111111111111111, sa_flags=SA_RESTART|SA_SIGINFO
SIGILL: [libjvm.dylib+0x489100], sa_mask[0]=11111111011111110111111111111111, sa_flags=SA_RESTART|SA_SIGINFO
SIGUSR1: SIG_DFL, sa_mask[0]=00000000000000000000000000000000, sa_flags=none
SIGUSR2: [libjvm.dylib+0x488c1e], sa_mask[0]=00100000000000000000000000000000, sa_flags=SA_RESTART|SA_SIGINFO
SIGHUP: [libjvm.dylib+0x4871f5], sa_mask[0]=11111111011111110111111111111111, sa_flags=SA_RESTART|SA_SIGINFO
SIGINT: [libjvm.dylib+0x4871f5], sa_mask[0]=11111111011111110111111111111111, sa_flags=SA_RESTART|SA_SIGINFO
SIGTERM: [libjvm.dylib+0x4871f5], sa_mask[0]=11111111011111110111111111111111, sa_flags=SA_RESTART|SA_SIGINFO
SIGQUIT: [libjvm.dylib+0x4871f5], sa_mask[0]=11111111011111110111111111111111, sa_flags=SA_RESTART|SA_SIGINFO


---------------  S Y S T E M  ---------------

OS:Bsduname:Darwin 16.1.0 Darwin Kernel Version 16.1.0: Wed Oct 19 20:31:56 PDT 2016; root:xnu-3789.21.4~4/RELEASE_X86_64 x86_64
rlimit: STACK 8192k, CORE 0k, NPROC 709, NOFILE 10240, AS infinity
load average:3.40 2.85 2.76

CPU:total 8 (initial active 8) (4 cores per cpu, 2 threads per core) family 6 model 70 stepping 1, cmov, cx8, fxsr, mmx, sse, sse2, sse3, ssse3, sse4.1, sse4.2, popcnt, avx, avx2, aes, clmul, erms, lzcnt, ht, tsc, tscinvbit, bmi1, bmi2

Memory: 4k page, physical 8388608k(94908k free)

/proc/meminfo:


vm_info: Java HotSpot(TM) 64-Bit Server VM (25.144-b01) for bsd-amd64 JRE (1.8.0_144-b01), built on Jul 21 2017 22:07:42 by "java_re" with gcc 4.2.1 (Based on Apple Inc. build 5658) (LLVM build 2336.11.00)

time: Mon Oct 16 14:05:15 2017
elapsed time: 922 seconds (0d 0h 15m 22s)

