#
# A fatal error has been detected by the Java Runtime Environment:
#
#  SIGSEGV (0xb) at pc=0x000000011528005e, pid=2511, tid=0x0000000000007103
#
# JRE version: Java(TM) SE Runtime Environment (8.0_144-b01) (build 1.8.0_144-b01)
# Java VM: Java HotSpot(TM) 64-Bit Server VM (25.144-b01 mixed mode bsd-amd64 compressed oops)
# Problematic frame:
# J 7713 C2 java.io.File.<init>(Ljava/lang/String;)V (47 bytes) @ 0x000000011528005e [0x0000000115280020+0x3e]
#
# Failed to write core dump. Core dumps have been disabled. To enable core dumping, try "ulimit -c unlimited" before starting Java again
#
# If you would like to submit a bug report, please visit:
#   http://bugreport.java.com/bugreport/crash.jsp
#

---------------  T H R E A D  ---------------

Current thread (0x00007f9aa2bad800):  JavaThread "FSEvent thread" daemon [_thread_in_Java, id=28931, stack(0x000070000e831000,0x000070000e931000)]

siginfo: si_signo: 11 (SIGSEGV), si_code: 1 (SEGV_MAPERR), si_addr: 0x000000029cb0b164

Registers:
RAX=0x00000007aacd0c80, RBX=0x00000007aacd0b60, RCX=0x0000000000000000, RDX=0x000000029cb0b158
RSP=0x000070000e92a030, RBP=0x000070000e92a2a8, RSI=0x00000007aacd0c80, RDI=0x00000001140e3b78
R8 =0x0000000003c0e146, R9 =0x0000000000000000, R10=0x0000000107567000, R11=0x0000000000000000
R12=0x0000000000000000, R13=0x0000000118627914, R14=0x000070000e92a070, R15=0x00007f9aa2bad800
RIP=0x000000011528005e, EFLAGS=0x0000000000010202, ERR=0x0000000000000004
  TRAPNO=0x000000000000000e

Top of Stack: (sp=0x000070000e92a030)
0x000070000e92a030:   00000001140e30b0 00000007aacd0c80
0x000070000e92a040:   00000001140e2a58 0000000000000000
0x000070000e92a050:   000070000e92a080 000070000e92a2a8
0x000070000e92a060:   0000000118627914 000000000000000f
0x000070000e92a070:   000070000e92a2a8 0000000118627d94
0x000070000e92a080:   0000000000000000 0000000000000000
0x000070000e92a090:   0000000000000000 0000000000000000
0x000070000e92a0a0:   0000000000000000 0000000000000000
0x000070000e92a0b0:   0000000000000000 0000000000000000
0x000070000e92a0c0:   6f632f7061727473 73746e656e6f706d
0x000070000e92a0d0:   0000000000000085 0000000000000000
0x000070000e92a0e0:   0000000200000002 0000000000000000
0x000070000e92a0f0:   0000000100000001 0000000000000000
0x000070000e92a100:   0000000000000000 0000000000000000
0x000070000e92a110:   0000000000000000 0000000000000000
0x000070000e92a120:   00007f9a00000000 0000000781a3fe48
0x000070000e92a130:   00000007aacd0b90 00000007aacd0b60
0x000070000e92a140:   00000007aacd0c80 00000007aacd0a50
0x000070000e92a150:   00000007aacd0a80 0000000000000000
0x000070000e92a160:   00000007aac85db0 0000000781c28c98
0x000070000e92a170:   000070000e92a1b0 0000000000000000
0x000070000e92a180:   0000000781c28c98 00000000000003e3
0x000070000e92a190:   0000000781f51080 000070000e92a198
0x000070000e92a1a0:   0000000000000000 000070000e92a1f8
0x000070000e92a1b0:   000070000e92a390 000000011828f394
0x000070000e92a1c0:   000000010d8fce50 0000000000000000
0x000070000e92a1d0:   000070000e92a1f8 000070000e92a240
0x000070000e92a1e0:   00000001150af2bd 0000000000000000
0x000070000e92a1f0:   0000000000000000 0000000781c28c98
0x000070000e92a200:   000070000e92a200 0000000114cff65f
0x000070000e92a210:   000070000e92a260 00000001140d9028
0x000070000e92a220:   0000000000000000 0000000114cff698 

Instructions: (pc=0x000000011528005e)
0x000000011528003e:   66 90 89 84 24 00 c0 fe ff 55 48 83 ec 40 48 89
0x000000011528004e:   74 24 08 44 89 66 14 48 85 d2 0f 84 8b 02 00 00
0x000000011528005e:   44 8b 4a 0c 47 8b 5c cc 0c 48 bd 00 70 56 07 01
0x000000011528006e:   00 00 00 45 85 db 0f 8e 15 02 00 00 45 85 db 0f 

Register to memory mapping:

RAX=0x00000007aacd0c80 is an oop
java.io.File 
 - klass: 'java/io/File'
RBX=0x00000007aacd0b60 is an oop
net.contentobjects.jnotify.macosx.JNotifyAdapterMacOSX$ScanJob 
 - klass: 'net/contentobjects/jnotify/macosx/JNotifyAdapterMacOSX$ScanJob'
RCX=0x0000000000000000 is an unknown value
RDX=0x000000029cb0b158 is an unknown value
RSP=0x000070000e92a030 is pointing into the stack for thread: 0x00007f9aa2bad800
RBP=0x000070000e92a2a8 is pointing into the stack for thread: 0x00007f9aa2bad800
RSI=0x00000007aacd0c80 is an oop
java.io.File 
 - klass: 'java/io/File'
RDI=0x00000001140e3b78 is pointing into metadata
R8 =0x0000000003c0e146 is an unknown value
R9 =0x0000000000000000 is an unknown value
R10=0x0000000107567000 is an unknown value
R11=0x0000000000000000 is an unknown value
R12=0x0000000000000000 is an unknown value
R13=0x0000000118627914 is at entry_point+1204 in (nmethod*)0x0000000118626a90
R14=0x000070000e92a070 is pointing into the stack for thread: 0x00007f9aa2bad800
R15=0x00007f9aa2bad800 is a thread


Stack: [0x000070000e831000,0x000070000e931000],  sp=0x000070000e92a030,  free space=996k
Native frames: (J=compiled Java code, j=interpreted, Vv=VM code, C=native code)
J 7713 C2 java.io.File.<init>(Ljava/lang/String;)V (47 bytes) @ 0x000000011528005e [0x0000000115280020+0x3e]
J 20660 C1 net.contentobjects.jnotify.macosx.JNotifyAdapterMacOSX.batchEndEvent(I)V (815 bytes) @ 0x0000000118627d94 [0x0000000118627460+0x934]
j  net.contentobjects.jnotify.macosx.JNotifyAdapterMacOSX$1.batchEnd(I)V+5
j  net.contentobjects.jnotify.macosx.JNotify_macosx.callbackInBatch(IZ)V+26
v  ~StubRoutines::call_stub
V  [libjvm.dylib+0x2ee70a]  JavaCalls::call_helper(JavaValue*, methodHandle*, JavaCallArguments*, Thread*)+0x6ae
V  [libjvm.dylib+0x3258b9]  jni_invoke_nonstatic(JNIEnv_*, JavaValue*, _jobject*, JNICallType, _jmethodID*, JNI_ArgumentPusher*, Thread*)+0x2ec
V  [libjvm.dylib+0x318087]  jni_CallVoidMethod+0x16b
C  [libjnotify.jnilib+0x1585]  fsevent_callback+0x115
C  [FSEvents+0x3b03]  implementation_callback_rpc+0x75b
C  [FSEvents+0x1702]  _Xcallback_rpc+0xfe
C  [FSEvents+0x17c9]  FSEventsD2F_server+0x37
C  [FSEvents+0x6fed]  FSEventsClientProcessMessageCallback+0x2c
C  [CoreFoundation+0x9030d]  __CFMachPortPerform+0xfd
C  [CoreFoundation+0x901f9]  __CFRUNLOOP_IS_CALLING_OUT_TO_A_SOURCE1_PERFORM_FUNCTION__+0x29
C  [CoreFoundation+0x90171]  __CFRunLoopDoSource1+0x1d1
C  [CoreFoundation+0x880c5]  __CFRunLoopRun+0x955
C  [CoreFoundation+0x87514]  CFRunLoopRunSpecific+0x1a4
C  [CoreFoundation+0xc6bb1]  CFRunLoopRun+0x61
j  net.contentobjects.jnotify.macosx.JNotify_macosx.nativeNotifyLoop()V+0
j  net.contentobjects.jnotify.macosx.JNotify_macosx.access$400()V+0
j  net.contentobjects.jnotify.macosx.JNotify_macosx$1.run()V+65
v  ~StubRoutines::call_stub
V  [libjvm.dylib+0x2ee70a]  JavaCalls::call_helper(JavaValue*, methodHandle*, JavaCallArguments*, Thread*)+0x6ae
V  [libjvm.dylib+0x2eeeae]  JavaCalls::call_virtual(JavaValue*, KlassHandle, Symbol*, Symbol*, JavaCallArguments*, Thread*)+0x164
V  [libjvm.dylib+0x2ef05a]  JavaCalls::call_virtual(JavaValue*, Handle, KlassHandle, Symbol*, Symbol*, Thread*)+0x4a
V  [libjvm.dylib+0x3497b1]  thread_entry(JavaThread*, Thread*)+0x7c
V  [libjvm.dylib+0x56c0b3]  JavaThread::thread_main_inner()+0x9b
V  [libjvm.dylib+0x56d7a0]  JavaThread::run()+0x1c2
V  [libjvm.dylib+0x48baee]  java_start(Thread*)+0xf6
C  [libsystem_pthread.dylib+0x3aab]  _pthread_body+0xb4
C  [libsystem_pthread.dylib+0x39f7]  _pthread_body+0x0
C  [libsystem_pthread.dylib+0x3221]  thread_start+0xd
C  0x0000000000000000


---------------  P R O C E S S  ---------------

Java Threads: ( => current thread )
  0x00007f9a9c244000 JavaThread "pool-43-thread-10" [_thread_blocked, id=37979, stack(0x000070000f861000,0x000070000f961000)]
  0x00007f9aa2ee4000 JavaThread "pool-43-thread-9" [_thread_in_native, id=27991, stack(0x000070000f558000,0x000070000f658000)]
  0x00007f9a9d4d6800 JavaThread "pool-43-thread-8" [_thread_blocked, id=40967, stack(0x000070000f455000,0x000070000f555000)]
  0x00007f9aa2bef000 JavaThread "pool-43-thread-7" [_thread_blocked, id=35907, stack(0x000070000f352000,0x000070000f452000)]
  0x00007f9a9d4d6000 JavaThread "pool-43-thread-6" [_thread_blocked, id=40711, stack(0x000070000f24f000,0x000070000f34f000)]
  0x00007f9a9f1a7800 JavaThread "pool-43-thread-5" [_thread_blocked, id=27203, stack(0x000070000f049000,0x000070000f149000)]
  0x00007f9aa27f0800 JavaThread "pool-43-thread-4" [_thread_blocked, id=32855, stack(0x000070000ef46000,0x000070000f046000)]
  0x00007f9aa270c000 JavaThread "pool-43-thread-3" [_thread_blocked, id=23867, stack(0x000070000ee43000,0x000070000ef43000)]
  0x00007f9a9bb85800 JavaThread "pool-43-thread-2" [_thread_blocked, id=41223, stack(0x000070000ec3d000,0x000070000ed3d000)]
  0x00007f9a9be6c000 JavaThread "pool-43-thread-1" [_thread_blocked, id=41743, stack(0x000070000eb3a000,0x000070000ec3a000)]
  0x00007f9a9f942000 JavaThread "com.google.common.base.internal.Finalizer" daemon [_thread_blocked, id=42243, stack(0x000070000fe73000,0x000070000ff73000)]
  0x00007f9a9d53a800 JavaThread "application-akka.actor.default-dispatcher-4" [_thread_blocked, id=32343, stack(0x000070000ed40000,0x000070000ee40000)]
  0x00007f9a9fbed800 JavaThread "application-scheduler-1" [_thread_blocked, id=37459, stack(0x000070000ea37000,0x000070000eb37000)]
  0x00007f9aa2ed6800 JavaThread "__DEFAULT__" daemon [_thread_blocked, id=33143, stack(0x000070000e934000,0x000070000ea34000)]
  0x00007f9a9f95a000 JavaThread "HikariPool-2 housekeeper" daemon [_thread_blocked, id=4115, stack(0x000070000e72e000,0x000070000e82e000)]
  0x00007f9a9be70800 JavaThread "PostgreSQL-JDBC-SharedTimer-2" daemon [_thread_blocked, id=34315, stack(0x000070000e62b000,0x000070000e72b000)]
  0x00007f9aa0bb4800 JavaThread "AsyncAppender-Worker-ASYNCSTDOUT" daemon [_thread_blocked, id=31251, stack(0x000070000e528000,0x000070000e628000)]
  0x00007f9aa0b39000 JavaThread "AsyncAppender-Worker-ASYNCFILE" daemon [_thread_blocked, id=33303, stack(0x000070000e425000,0x000070000e525000)]
  0x00007f9aa2d02800 JavaThread "play-dev-mode-akka.actor.default-dispatcher-13" [_thread_blocked, id=39939, stack(0x000070000fa67000,0x000070000fb67000)]
  0x00007f9a9f1f2000 JavaThread "play-dev-mode-akka.actor.default-dispatcher-12" [_thread_blocked, id=39427, stack(0x000070000f964000,0x000070000fa64000)]
  0x00007f9a9f1bb000 JavaThread "play-dev-mode-akka.actor.default-dispatcher-11" [_thread_blocked, id=38403, stack(0x000070000f75e000,0x000070000f85e000)]
  0x00007f9aa3203800 JavaThread "play-dev-mode-akka.actor.default-dispatcher-10" [_thread_blocked, id=36403, stack(0x000070000f65b000,0x000070000f75b000)]
  0x00007f9aa09f3800 JavaThread "play-dev-mode-akka.actor.default-dispatcher-9" [_thread_blocked, id=32555, stack(0x000070000e11c000,0x000070000e21c000)]
  0x00007f9aa1cd6800 JavaThread "com.google.common.base.internal.Finalizer" daemon [_thread_blocked, id=35331, stack(0x000070000f14c000,0x000070000f24c000)]
  0x00007f9a9df7b800 JavaThread "play-dev-mode-akka.io.pinned-dispatcher-5" [_thread_in_native, id=26887, stack(0x000070000e322000,0x000070000e422000)]
  0x00007f9a9d624000 JavaThread "play-dev-mode-akka.actor.default-dispatcher-4" [_thread_blocked, id=26387, stack(0x000070000e21f000,0x000070000e31f000)]
  0x00007f9aa2cbe000 JavaThread "play-dev-mode-akka.actor.default-dispatcher-2" [_thread_blocked, id=28679, stack(0x000070000e019000,0x000070000e119000)]
  0x00007f9aa21ce000 JavaThread "play-dev-mode-scheduler-1" [_thread_blocked, id=28423, stack(0x000070000dd10000,0x000070000de10000)]
  0x00007f9aa22f0800 JavaThread "reloader-timer" daemon [_thread_blocked, id=23315, stack(0x000070000dc0d000,0x000070000dd0d000)]
=>0x00007f9aa2bad800 JavaThread "FSEvent thread" daemon [_thread_in_Java, id=28931, stack(0x000070000e831000,0x000070000e931000)]
  0x00007f9aa2489800 JavaThread "pool-4-thread-1" [_thread_in_native, id=25363, stack(0x000070000df16000,0x000070000e016000)]
  0x00007f9aa2b25800 JavaThread "sbt-web-akka.actor.default-dispatcher-4" [_thread_blocked, id=24847, stack(0x000070000de13000,0x000070000df13000)]
  0x00007f9aa2b2f800 JavaThread "sbt-web-scheduler-1" [_thread_blocked, id=22543, stack(0x000070000db0a000,0x000070000dc0a000)]
  0x00007f9a9b814800 JavaThread "Service Thread" daemon [_thread_blocked, id=21251, stack(0x000070000d904000,0x000070000da04000)]
  0x00007f9a9e038000 JavaThread "C1 CompilerThread3" daemon [_thread_blocked, id=20739, stack(0x000070000d801000,0x000070000d901000)]
  0x00007f9a9d85e800 JavaThread "C2 CompilerThread2" daemon [_thread_blocked, id=20227, stack(0x000070000d6fe000,0x000070000d7fe000)]
  0x00007f9a9e037000 JavaThread "C2 CompilerThread1" daemon [_thread_blocked, id=19715, stack(0x000070000d5fb000,0x000070000d6fb000)]
  0x00007f9a9e020800 JavaThread "C2 CompilerThread0" daemon [_thread_blocked, id=19203, stack(0x000070000d4f8000,0x000070000d5f8000)]
  0x00007f9a9e01f800 JavaThread "Signal Dispatcher" daemon [_thread_blocked, id=18691, stack(0x000070000d3f5000,0x000070000d4f5000)]
  0x00007f9a9e800000 JavaThread "Finalizer" daemon [_thread_blocked, id=14595, stack(0x000070000d2f2000,0x000070000d3f2000)]
  0x00007f9a9b80d000 JavaThread "Reference Handler" daemon [_thread_blocked, id=14083, stack(0x000070000d1ef000,0x000070000d2ef000)]
  0x00007f9a9e005000 JavaThread "main" [_thread_blocked, id=7171, stack(0x000070000c7d1000,0x000070000c8d1000)]

Other Threads:
  0x00007f9a9b808800 VMThread [stack: 0x000070000d0ec000,0x000070000d1ec000] [id=13571]
  0x00007f9a9b815800 WatcherThread [stack: 0x000070000da07000,0x000070000db07000] [id=21763]

VM state:not at safepoint (normal execution)

VM Mutex/Monitor currently owned by a thread: None

Heap:
 PSYoungGen      total 232960K, used 13779K [0x00000007aab00000, 0x00000007c0000000, 0x00000007c0000000)
  eden space 116736K, 10% used [0x00000007aab00000,0x00000007ab6bce20,0x00000007b1d00000)
  from space 116224K, 1% used [0x00000007b8e80000,0x00000007b9038000,0x00000007c0000000)
  to   space 116224K, 0% used [0x00000007b1d00000,0x00000007b1d00000,0x00000007b8e80000)
 ParOldGen       total 699392K, used 582086K [0x0000000780000000, 0x00000007aab00000, 0x00000007aab00000)
  object space 699392K, 83% used [0x0000000780000000,0x00000007a38719b8,0x00000007aab00000)
 Metaspace       used 164535K, capacity 173571K, committed 173912K, reserved 1196032K
  class space    used 25664K, capacity 26364K, committed 26456K, reserved 1048576K

Card table byte_map: [0x000000010b167000,0x000000010b368000] byte_map_base: 0x0000000107567000

Marking Bits: (ParMarkBitMap*) 0x000000010a6f35d0
 Begin Bits: [0x000000010b4be000, 0x000000010c4be000)
 End Bits:   [0x000000010c4be000, 0x000000010d4be000)

Polling page: 0x0000000108ddf000

CodeCache: size=245760Kb used=55524Kb max_used=55542Kb free=190235Kb
 bounds [0x00000001150a7000, 0x0000000118737000, 0x00000001240a7000]
 total_blobs=18522 nmethods=17763 adapters=665
 compilation: enabled

Compilation events (10 events):
Event: 941.664 Thread 0x00007f9a9e038000 21526   !   3       com.sun.proxy.$Proxy4::fileCreated (47 bytes)
Event: 941.665 Thread 0x00007f9a9e038000 nmethod 21526 0x00000001153ea0d0 code [0x00000001153ea2c0, 0x00000001153eacb8]
Event: 941.666 Thread 0x00007f9a9d85e800 21527 %     4       net.contentobjects.jnotify.macosx.JNotifyAdapterMacOSX::batchEndEvent @ 453 (815 bytes)
Event: 941.667 Thread 0x00007f9a9e037000 21528   !   4       com.sun.proxy.$Proxy4::fileCreated (47 bytes)
Event: 941.670 Thread 0x00007f9a9e037000 nmethod 21528 0x00000001186f1d10 code [0x00000001186f1e80, 0x00000001186f20b8]
Event: 941.793 Thread 0x00007f9a9d85e800 nmethod 21527% 0x0000000118719d50 code [0x000000011871a160, 0x000000011871c820]
Event: 941.909 Thread 0x00007f9a9e038000 21529       3       net.contentobjects.jnotify.macosx.JNotifyAdapterMacOSX$ScanJob::<init> (15 bytes)
Event: 941.909 Thread 0x00007f9a9e038000 nmethod 21529 0x000000011857d490 code [0x000000011857d600, 0x000000011857d7d0]
Event: 942.105 Thread 0x00007f9a9e038000 21530   !   3       net.contentobjects.jnotify.macosx.JNotifyAdapterMacOSX::notifyChangeEvent (63 bytes)
Event: 942.106 Thread 0x00007f9a9e038000 nmethod 21530 0x000000011828eb10 code [0x000000011828ed00, 0x000000011828f678]

GC Heap History (10 events):
Event: 935.632 GC heap before
{Heap before GC invocations=442 (full 72):
 PSYoungGen      total 232960K, used 216192K [0x00000007aab00000, 0x00000007c0000000, 0x00000007c0000000)
  eden space 116736K, 100% used [0x00000007aab00000,0x00000007b1d00000,0x00000007b1d00000)
  from space 116224K, 85% used [0x00000007b1d00000,0x00000007b7e20000,0x00000007b8e80000)
  to   space 116224K, 0% used [0x00000007b8e80000,0x00000007b8e80000,0x00000007c0000000)
 ParOldGen       total 699392K, used 480758K [0x0000000780000000, 0x00000007aab00000, 0x00000007aab00000)
  object space 699392K, 68% used [0x0000000780000000,0x000000079d57d9b8,0x00000007aab00000)
 Metaspace       used 164535K, capacity 173571K, committed 173912K, reserved 1196032K
  class space    used 25664K, capacity 26364K, committed 26456K, reserved 1048576K
Event: 935.666 GC heap after
Heap after GC invocations=442 (full 72):
 PSYoungGen      total 232960K, used 91072K [0x00000007aab00000, 0x00000007c0000000, 0x00000007c0000000)
  eden space 116736K, 0% used [0x00000007aab00000,0x00000007aab00000,0x00000007b1d00000)
  from space 116224K, 78% used [0x00000007b8e80000,0x00000007be770000,0x00000007c0000000)
  to   space 116224K, 0% used [0x00000007b1d00000,0x00000007b1d00000,0x00000007b8e80000)
 ParOldGen       total 699392K, used 485974K [0x0000000780000000, 0x00000007aab00000, 0x00000007aab00000)
  object space 699392K, 69% used [0x0000000780000000,0x000000079da959b8,0x00000007aab00000)
 Metaspace       used 164535K, capacity 173571K, committed 173912K, reserved 1196032K
  class space    used 25664K, capacity 26364K, committed 26456K, reserved 1048576K
}
Event: 936.010 GC heap before
{Heap before GC invocations=443 (full 72):
 PSYoungGen      total 232960K, used 207808K [0x00000007aab00000, 0x00000007c0000000, 0x00000007c0000000)
  eden space 116736K, 100% used [0x00000007aab00000,0x00000007b1d00000,0x00000007b1d00000)
  from space 116224K, 78% used [0x00000007b8e80000,0x00000007be770000,0x00000007c0000000)
  to   space 116224K, 0% used [0x00000007b1d00000,0x00000007b1d00000,0x00000007b8e80000)
 ParOldGen       total 699392K, used 485974K [0x0000000780000000, 0x00000007aab00000, 0x00000007aab00000)
  object space 699392K, 69% used [0x0000000780000000,0x000000079da959b8,0x00000007aab00000)
 Metaspace       used 164535K, capacity 173571K, committed 173912K, reserved 1196032K
  class space    used 25664K, capacity 26364K, committed 26456K, reserved 1048576K
Event: 936.168 GC heap after
Heap after GC invocations=443 (full 72):
 PSYoungGen      total 232960K, used 19008K [0x00000007aab00000, 0x00000007c0000000, 0x00000007c0000000)
  eden space 116736K, 0% used [0x00000007aab00000,0x00000007aab00000,0x00000007b1d00000)
  from space 116224K, 16% used [0x00000007b1d00000,0x00000007b2f90000,0x00000007b8e80000)
  to   space 116224K, 0% used [0x00000007b8e80000,0x00000007b8e80000,0x00000007c0000000)
 ParOldGen       total 699392K, used 560854K [0x0000000780000000, 0x00000007aab00000, 0x00000007aab00000)
  object space 699392K, 80% used [0x0000000780000000,0x00000007a23b59b8,0x00000007aab00000)
 Metaspace       used 164535K, capacity 173571K, committed 173912K, reserved 1196032K
  class space    used 25664K, capacity 26364K, committed 26456K, reserved 1048576K
}
Event: 937.951 GC heap before
{Heap before GC invocations=444 (full 72):
 PSYoungGen      total 232960K, used 135744K [0x00000007aab00000, 0x00000007c0000000, 0x00000007c0000000)
  eden space 116736K, 100% used [0x00000007aab00000,0x00000007b1d00000,0x00000007b1d00000)
  from space 116224K, 16% used [0x00000007b1d00000,0x00000007b2f90000,0x00000007b8e80000)
  to   space 116224K, 0% used [0x00000007b8e80000,0x00000007b8e80000,0x00000007c0000000)
 ParOldGen       total 699392K, used 560854K [0x0000000780000000, 0x00000007aab00000, 0x00000007aab00000)
  object space 699392K, 80% used [0x0000000780000000,0x00000007a23b59b8,0x00000007aab00000)
 Metaspace       used 164535K, capacity 173571K, committed 173912K, reserved 1196032K
  class space    used 25664K, capacity 26364K, committed 26456K, reserved 1048576K
Event: 937.977 GC heap after
Heap after GC invocations=444 (full 72):
 PSYoungGen      total 232960K, used 10720K [0x00000007aab00000, 0x00000007c0000000, 0x00000007c0000000)
  eden space 116736K, 0% used [0x00000007aab00000,0x00000007aab00000,0x00000007b1d00000)
  from space 116224K, 9% used [0x00000007b8e80000,0x00000007b98f8000,0x00000007c0000000)
  to   space 116224K, 0% used [0x00000007b1d00000,0x00000007b1d00000,0x00000007b8e80000)
 ParOldGen       total 699392K, used 571350K [0x0000000780000000, 0x00000007aab00000, 0x00000007aab00000)
  object space 699392K, 81% used [0x0000000780000000,0x00000007a2df59b8,0x00000007aab00000)
 Metaspace       used 164535K, capacity 173571K, committed 173912K, reserved 1196032K
  class space    used 25664K, capacity 26364K, committed 26456K, reserved 1048576K
}
Event: 941.390 GC heap before
{Heap before GC invocations=445 (full 72):
 PSYoungGen      total 232960K, used 127456K [0x00000007aab00000, 0x00000007c0000000, 0x00000007c0000000)
  eden space 116736K, 100% used [0x00000007aab00000,0x00000007b1d00000,0x00000007b1d00000)
  from space 116224K, 9% used [0x00000007b8e80000,0x00000007b98f8000,0x00000007c0000000)
  to   space 116224K, 0% used [0x00000007b1d00000,0x00000007b1d00000,0x00000007b8e80000)
 ParOldGen       total 699392K, used 571350K [0x0000000780000000, 0x00000007aab00000, 0x00000007aab00000)
  object space 699392K, 81% used [0x0000000780000000,0x00000007a2df59b8,0x00000007aab00000)
 Metaspace       used 164535K, capacity 173571K, committed 173912K, reserved 1196032K
  class space    used 25664K, capacity 26364K, committed 26456K, reserved 1048576K
Event: 941.423 GC heap after
Heap after GC invocations=445 (full 72):
 PSYoungGen      total 232960K, used 5952K [0x00000007aab00000, 0x00000007c0000000, 0x00000007c0000000)
  eden space 116736K, 0% used [0x00000007aab00000,0x00000007aab00000,0x00000007b1d00000)
  from space 116224K, 5% used [0x00000007b1d00000,0x00000007b22d0000,0x00000007b8e80000)
  to   space 116224K, 0% used [0x00000007b8e80000,0x00000007b8e80000,0x00000007c0000000)
 ParOldGen       total 699392K, used 579886K [0x0000000780000000, 0x00000007aab00000, 0x00000007aab00000)
  object space 699392K, 82% used [0x0000000780000000,0x00000007a364b9b8,0x00000007aab00000)
 Metaspace       used 164535K, capacity 173571K, committed 173912K, reserved 1196032K
  class space    used 25664K, capacity 26364K, committed 26456K, reserved 1048576K
}
Event: 942.091 GC heap before
{Heap before GC invocations=446 (full 72):
 PSYoungGen      total 232960K, used 122688K [0x00000007aab00000, 0x00000007c0000000, 0x00000007c0000000)
  eden space 116736K, 100% used [0x00000007aab00000,0x00000007b1d00000,0x00000007b1d00000)
  from space 116224K, 5% used [0x00000007b1d00000,0x00000007b22d0000,0x00000007b8e80000)
  to   space 116224K, 0% used [0x00000007b8e80000,0x00000007b8e80000,0x00000007c0000000)
 ParOldGen       total 699392K, used 579886K [0x0000000780000000, 0x00000007aab00000, 0x00000007aab00000)
  object space 699392K, 82% used [0x0000000780000000,0x00000007a364b9b8,0x00000007aab00000)
 Metaspace       used 164535K, capacity 173571K, committed 173912K, reserved 1196032K
  class space    used 25664K, capacity 26364K, committed 26456K, reserved 1048576K
Event: 942.102 GC heap after
Heap after GC invocations=446 (full 72):
 PSYoungGen      total 232960K, used 1760K [0x00000007aab00000, 0x00000007c0000000, 0x00000007c0000000)
  eden space 116736K, 0% used [0x00000007aab00000,0x00000007aab00000,0x00000007b1d00000)
  from space 116224K, 1% used [0x00000007b8e80000,0x00000007b9038000,0x00000007c0000000)
  to   space 116224K, 0% used [0x00000007b1d00000,0x00000007b1d00000,0x00000007b8e80000)
 ParOldGen       total 699392K, used 582086K [0x0000000780000000, 0x00000007aab00000, 0x00000007aab00000)
  object space 699392K, 83% used [0x0000000780000000,0x00000007a38719b8,0x00000007aab00000)
 Metaspace       used 164535K, capacity 173571K, committed 173912K, reserved 1196032K
  class space    used 25664K, capacity 26364K, committed 26456K, reserved 1048576K
}

Deoptimization events (10 events):
Event: 880.290 Thread 0x00007f9aa2ff7000 Uncommon trap: reason=class_check action=maybe_recompile pc=0x00000001168f4558 method=sbt.MRelation.contains(Ljava/lang/Object;Ljava/lang/Object;)Z @ 6
Event: 880.290 Thread 0x00007f9aa2ff7000 Uncommon trap: reason=class_check action=maybe_recompile pc=0x00000001168f9b4c method=sbt.MRelation.contains(Ljava/lang/Object;Ljava/lang/Object;)Z @ 6
Event: 883.420 Thread 0x00007f9aa2ff7000 Uncommon trap: reason=bimorphic action=maybe_recompile pc=0x00000001181055ac method=sbt.IO$$anonfun$sbt$IO$$visit$1$1.apply$mcZ$sp()Z @ 8
Event: 883.492 Thread 0x00007f9aa2ff7000 Uncommon trap: reason=bimorphic action=maybe_recompile pc=0x00000001181055ac method=sbt.IO$$anonfun$sbt$IO$$visit$1$1.apply$mcZ$sp()Z @ 8
Event: 883.492 Thread 0x00007f9aa2ff7000 Uncommon trap: reason=bimorphic action=maybe_recompile pc=0x00000001181055ac method=sbt.IO$$anonfun$sbt$IO$$visit$1$1.apply$mcZ$sp()Z @ 8
Event: 883.493 Thread 0x00007f9aa2ff7000 Uncommon trap: reason=bimorphic action=maybe_recompile pc=0x00000001181055ac method=sbt.IO$$anonfun$sbt$IO$$visit$1$1.apply$mcZ$sp()Z @ 8
Event: 883.566 Thread 0x00007f9aa2ff7000 Uncommon trap: reason=unstable_if action=reinterpret pc=0x00000001152f191c method=java.util.LinkedHashMap.afterNodeInsertion(Z)V @ 18
Event: 916.214 Thread 0x00007f9a9b80d000 Uncommon trap: reason=unstable_if action=reinterpret pc=0x00000001184b88b8 method=sun.misc.Cleaner.remove(Lsun/misc/Cleaner;)Z @ 5
Event: 932.512 Thread 0x00007f9aa2ee4000 Uncommon trap: reason=bimorphic action=maybe_recompile pc=0x000000011864f0ac method=scala.collection.immutable.HashSet.$minus(Ljava/lang/Object;)Lscala/collection/immutable/HashSet; @ 8
Event: 932.512 Thread 0x00007f9aa2ee4000 Uncommon trap: reason=bimorphic action=maybe_recompile pc=0x000000011864f0ac method=scala.collection.immutable.HashSet.$minus(Ljava/lang/Object;)Lscala/collection/immutable/HashSet; @ 8

Internal exceptions (10 events):
Event: 872.216 Thread 0x00007f9a9f1bb000 Exception <a 'java/io/FileNotFoundException'> (0x00000007b023ba88) thrown at [/Users/java_re/workspace/8-2-build-macosx-x86_64/jdk8u144/9417/hotspot/src/share/vm/prims/jni.cpp, line 709]
Event: 872.316 Thread 0x00007f9a9f1bb000 Exception <a 'java/lang/NoSuchMethodError': java.lang.Object.$anonfun$statements$1(Ljava/lang/String;)Ljava/lang/String;> (0x00000007abf44e78) thrown at [/Users/java_re/workspace/8-2-build-macosx-x86_64/jdk8u144/9417/hotspot/src/share/vm/interpreter/linkR
Event: 872.316 Thread 0x00007f9a9f1bb000 Exception <a 'java/lang/NoSuchMethodError': java.lang.Object.$anonfun$statements$2$adapted(Ljava/lang/String;)Ljava/lang/Object;> (0x00000007abf49988) thrown at [/Users/java_re/workspace/8-2-build-macosx-x86_64/jdk8u144/9417/hotspot/src/share/vm/interpret
Event: 872.527 Thread 0x00007f9a9f1bb000 Exception <a 'java/lang/NullPointerException'> (0x00000007af96d2e8) thrown at [/Users/java_re/workspace/8-2-build-macosx-x86_64/jdk8u144/9417/hotspot/src/share/vm/runtime/reflection.cpp, line 922]
Event: 872.680 Thread 0x00007f9a9f1bb000 Exception <a 'java/lang/reflect/InvocationTargetException'> (0x00000007b0c42cd8) thrown at [/Users/java_re/workspace/8-2-build-macosx-x86_64/jdk8u144/9417/hotspot/src/share/vm/runtime/reflection.cpp, line 1092]
Event: 872.702 Thread 0x00007f9a9f1bb000 Exception <a 'java/lang/NoClassDefFoundError': javax/el/ExpressionFactory> (0x00000007b0ed57f8) thrown at [/Users/java_re/workspace/8-2-build-macosx-x86_64/jdk8u144/9417/hotspot/src/share/vm/oops/constantPool.cpp, line 235]
Event: 872.702 Thread 0x00007f9a9f1bb000 Exception <a 'java/lang/NoClassDefFoundError': javax/el/ExpressionFactory> (0x00000007b0ed5e68) thrown at [/Users/java_re/workspace/8-2-build-macosx-x86_64/jdk8u144/9417/hotspot/src/share/vm/oops/constantPool.cpp, line 235]
Event: 872.947 Thread 0x00007f9a9f1bb000 Exception <a 'javax/validation/ValidationException'> (0x00000007ab777a68) thrown at [/Users/java_re/workspace/8-2-build-macosx-x86_64/jdk8u144/9417/hotspot/src/share/vm/prims/jvm.cpp, line 1394]
Event: 872.947 Thread 0x00007f9a9f1bb000 Exception <a 'javax/validation/ValidationException'> (0x00000007ab7d5ba8) thrown at [/Users/java_re/workspace/8-2-build-macosx-x86_64/jdk8u144/9417/hotspot/src/share/vm/prims/jvm.cpp, line 1394]
Event: 904.565 Thread 0x00007f9aa2bad800 Exception <a 'java/io/FileNotFoundException': /Users/jasmina/ABH/eRestoran/public/eRestoran_FE/tmp/rollup-cache_path-GpuQM96X.tmp/node_modules/.bin/í ½í°¹> (0x00000007b029ce98) thrown at [/Users/java_re/workspace/8-2-build-macosx-x86_64/jdk8u144/9417/hots

Events (10 events):
Event: 936.168 Executing VM operation: ParallelGCFailedAllocation done
Event: 937.041 Thread 0x00007f9a9e038000 flushing nmethod 0x0000000116d7eb50
Event: 937.951 Executing VM operation: ParallelGCFailedAllocation
Event: 937.977 Executing VM operation: ParallelGCFailedAllocation done
Event: 941.390 Executing VM operation: ParallelGCFailedAllocation
Event: 941.423 Executing VM operation: ParallelGCFailedAllocation done
Event: 941.671 Thread 0x00007f9a9e037000 flushing nmethod 0x000000011828df50
Event: 941.672 Thread 0x00007f9a9e037000 flushing nmethod 0x000000011857d490
Event: 942.091 Executing VM operation: ParallelGCFailedAllocation
Event: 942.103 Executing VM operation: ParallelGCFailedAllocation done


Dynamic libraries:
0x000000005d359000 	/System/Library/Frameworks/Cocoa.framework/Versions/A/Cocoa
0x000000005d359000 	/System/Library/Frameworks/Security.framework/Versions/A/Security
0x000000005d359000 	/System/Library/Frameworks/ApplicationServices.framework/Versions/A/ApplicationServices
0x000000005d359000 	/usr/lib/libz.1.dylib
0x000000005d359000 	/usr/lib/libSystem.B.dylib
0x000000005d359000 	/usr/lib/libobjc.A.dylib
0x000000005d359000 	/System/Library/Frameworks/CoreFoundation.framework/Versions/A/CoreFoundation
0x000000005d359000 	/System/Library/Frameworks/Foundation.framework/Versions/C/Foundation
0x000000005d359000 	/System/Library/Frameworks/AppKit.framework/Versions/C/AppKit
0x000000005d359000 	/System/Library/Frameworks/CoreData.framework/Versions/A/CoreData
0x000000005d359000 	/System/Library/PrivateFrameworks/RemoteViewServices.framework/Versions/A/RemoteViewServices
0x000000005d359000 	/System/Library/PrivateFrameworks/UIFoundation.framework/Versions/A/UIFoundation
0x000000005d359000 	/System/Library/PrivateFrameworks/DFRFoundation.framework/Versions/A/DFRFoundation
0x000000005d359000 	/usr/lib/libenergytrace.dylib
0x000000005d359000 	/System/Library/PrivateFrameworks/SkyLight.framework/Versions/A/SkyLight
0x000000005d359000 	/System/Library/Frameworks/CoreGraphics.framework/Versions/A/CoreGraphics
0x000000005d359000 	/usr/lib/libScreenReader.dylib
0x000000005d359000 	/System/Library/Frameworks/Accelerate.framework/Versions/A/Accelerate
0x000000005d359000 	/System/Library/Frameworks/IOSurface.framework/Versions/A/IOSurface
0x000000005d359000 	/System/Library/Frameworks/AudioToolbox.framework/Versions/A/AudioToolbox
0x000000005d359000 	/System/Library/Frameworks/AudioUnit.framework/Versions/A/AudioUnit
0x000000005d359000 	/System/Library/PrivateFrameworks/DataDetectorsCore.framework/Versions/A/DataDetectorsCore
0x000000005d359000 	/System/Library/PrivateFrameworks/DesktopServicesPriv.framework/Versions/A/DesktopServicesPriv
0x000000005d359000 	/System/Library/Frameworks/Carbon.framework/Versions/A/Frameworks/HIToolbox.framework/Versions/A/HIToolbox
0x000000005d359000 	/usr/lib/libicucore.A.dylib
0x000000005d359000 	/System/Library/Frameworks/QuartzCore.framework/Versions/A/QuartzCore
0x000000005d359000 	/System/Library/Frameworks/Carbon.framework/Versions/A/Frameworks/SpeechRecognition.framework/Versions/A/SpeechRecognition
0x000000005d359000 	/usr/lib/libauto.dylib
0x000000005d359000 	/usr/lib/libxml2.2.dylib
0x000000005d359000 	/System/Library/PrivateFrameworks/CoreUI.framework/Versions/A/CoreUI
0x000000005d359000 	/System/Library/Frameworks/CoreAudio.framework/Versions/A/CoreAudio
0x000000005d359000 	/System/Library/Frameworks/DiskArbitration.framework/Versions/A/DiskArbitration
0x000000005d359000 	/usr/lib/liblangid.dylib
0x000000005d359000 	/System/Library/PrivateFrameworks/MultitouchSupport.framework/Versions/A/MultitouchSupport
0x000000005d359000 	/System/Library/Frameworks/IOKit.framework/Versions/A/IOKit
0x000000005d359000 	/usr/lib/libDiagnosticMessagesClient.dylib
0x000000005d359000 	/System/Library/Frameworks/CoreServices.framework/Versions/A/CoreServices
0x000000005d359000 	/System/Library/PrivateFrameworks/PerformanceAnalysis.framework/Versions/A/PerformanceAnalysis
0x000000005d359000 	/System/Library/PrivateFrameworks/GenerationalStorage.framework/Versions/A/GenerationalStorage
0x000000005d359000 	/System/Library/Frameworks/OpenGL.framework/Versions/A/OpenGL
0x000000005d359000 	/System/Library/Frameworks/CoreImage.framework/Versions/A/CoreImage
0x000000005d359000 	/System/Library/Frameworks/CoreText.framework/Versions/A/CoreText
0x000000005d359000 	/System/Library/Frameworks/ImageIO.framework/Versions/A/ImageIO
0x000000005d359000 	/System/Library/PrivateFrameworks/Backup.framework/Versions/A/Backup
0x000000005d359000 	/usr/lib/libarchive.2.dylib
0x000000005d359000 	/System/Library/Frameworks/CFNetwork.framework/Versions/A/CFNetwork
0x000000005d359000 	/System/Library/Frameworks/SystemConfiguration.framework/Versions/A/SystemConfiguration
0x000000005d359000 	/usr/lib/libCRFSuite.dylib
0x000000005d359000 	/usr/lib/libc++.1.dylib
0x000000005d359000 	/usr/lib/libc++abi.dylib
0x000000005d359000 	/usr/lib/system/libcache.dylib
0x000000005d359000 	/usr/lib/system/libcommonCrypto.dylib
0x000000005d359000 	/usr/lib/system/libcompiler_rt.dylib
0x000000005d359000 	/usr/lib/system/libcopyfile.dylib
0x000000005d359000 	/usr/lib/system/libcorecrypto.dylib
0x000000005d359000 	/usr/lib/system/libdispatch.dylib
0x000000005d359000 	/usr/lib/system/libdyld.dylib
0x000000005d359000 	/usr/lib/system/libkeymgr.dylib
0x000000005d359000 	/usr/lib/system/liblaunch.dylib
0x000000005d359000 	/usr/lib/system/libmacho.dylib
0x000000005d359000 	/usr/lib/system/libquarantine.dylib
0x000000005d359000 	/usr/lib/system/libremovefile.dylib
0x000000005d359000 	/usr/lib/system/libsystem_asl.dylib
0x000000005d359000 	/usr/lib/system/libsystem_blocks.dylib
0x000000005d359000 	/usr/lib/system/libsystem_c.dylib
0x000000005d359000 	/usr/lib/system/libsystem_configuration.dylib
0x000000005d359000 	/usr/lib/system/libsystem_coreservices.dylib
0x000000005d359000 	/usr/lib/system/libsystem_coretls.dylib
0x000000005d359000 	/usr/lib/system/libsystem_dnssd.dylib
0x000000005d359000 	/usr/lib/system/libsystem_info.dylib
0x000000005d359000 	/usr/lib/system/libsystem_kernel.dylib
0x000000005d359000 	/usr/lib/system/libsystem_m.dylib
0x000000005d359000 	/usr/lib/system/libsystem_malloc.dylib
0x000000005d359000 	/usr/lib/system/libsystem_network.dylib
0x000000005d359000 	/usr/lib/system/libsystem_networkextension.dylib
0x000000005d359000 	/usr/lib/system/libsystem_notify.dylib
0x000000005d359000 	/usr/lib/system/libsystem_platform.dylib
0x000000005d359000 	/usr/lib/system/libsystem_pthread.dylib
0x000000005d359000 	/usr/lib/system/libsystem_sandbox.dylib
0x000000005d359000 	/usr/lib/system/libsystem_secinit.dylib
0x000000005d359000 	/usr/lib/system/libsystem_symptoms.dylib
0x000000005d359000 	/usr/lib/system/libsystem_trace.dylib
0x000000005d359000 	/usr/lib/system/libunwind.dylib
0x000000005d359000 	/usr/lib/system/libxpc.dylib
0x000000005d359000 	/usr/lib/libbsm.0.dylib
0x000000005d359000 	/usr/lib/system/libkxld.dylib
0x000000005d359000 	/usr/lib/libcoretls.dylib
0x000000005d359000 	/usr/lib/libcoretls_cfhelpers.dylib
0x000000005d359000 	/usr/lib/libxar.1.dylib
0x000000005d359000 	/usr/lib/libsqlite3.dylib
0x000000005d359000 	/usr/lib/libpam.2.dylib
0x000000005d359000 	/usr/lib/libOpenScriptingUtil.dylib
0x000000005d359000 	/usr/lib/libbz2.1.0.dylib
0x000000005d359000 	/usr/lib/liblzma.5.dylib
0x000000005d359000 	/usr/lib/libnetwork.dylib
0x000000005d359000 	/usr/lib/libpcap.A.dylib
0x000000005d359000 	/System/Library/Frameworks/CoreServices.framework/Versions/A/Frameworks/FSEvents.framework/Versions/A/FSEvents
0x000000005d359000 	/System/Library/Frameworks/CoreServices.framework/Versions/A/Frameworks/CarbonCore.framework/Versions/A/CarbonCore
0x000000005d359000 	/System/Library/Frameworks/CoreServices.framework/Versions/A/Frameworks/Metadata.framework/Versions/A/Metadata
0x000000005d359000 	/System/Library/Frameworks/CoreServices.framework/Versions/A/Frameworks/OSServices.framework/Versions/A/OSServices
0x000000005d359000 	/System/Library/Frameworks/CoreServices.framework/Versions/A/Frameworks/SearchKit.framework/Versions/A/SearchKit
0x000000005d359000 	/System/Library/Frameworks/CoreServices.framework/Versions/A/Frameworks/AE.framework/Versions/A/AE
0x000000005d359000 	/System/Library/Frameworks/CoreServices.framework/Versions/A/Frameworks/LaunchServices.framework/Versions/A/LaunchServices
0x000000005d359000 	/System/Library/Frameworks/CoreServices.framework/Versions/A/Frameworks/DictionaryServices.framework/Versions/A/DictionaryServices
0x000000005d359000 	/System/Library/Frameworks/CoreServices.framework/Versions/A/Frameworks/SharedFileList.framework/Versions/A/SharedFileList
0x000000005d359000 	/System/Library/Frameworks/NetFS.framework/Versions/A/NetFS
0x000000005d359000 	/System/Library/PrivateFrameworks/NetAuth.framework/Versions/A/NetAuth
0x000000005d359000 	/System/Library/PrivateFrameworks/login.framework/Versions/A/Frameworks/loginsupport.framework/Versions/A/loginsupport
0x000000005d359000 	/System/Library/PrivateFrameworks/TCC.framework/Versions/A/TCC
0x000000005d359000 	/usr/lib/libmecabra.dylib
0x000000005d359000 	/System/Library/Frameworks/ApplicationServices.framework/Versions/A/Frameworks/ATS.framework/Versions/A/ATS
0x000000005d359000 	/System/Library/Frameworks/ApplicationServices.framework/Versions/A/Frameworks/ColorSync.framework/Versions/A/ColorSync
0x000000005d359000 	/System/Library/Frameworks/ApplicationServices.framework/Versions/A/Frameworks/HIServices.framework/Versions/A/HIServices
0x000000005d359000 	/System/Library/Frameworks/ApplicationServices.framework/Versions/A/Frameworks/LangAnalysis.framework/Versions/A/LangAnalysis
0x000000005d359000 	/System/Library/Frameworks/ApplicationServices.framework/Versions/A/Frameworks/PrintCore.framework/Versions/A/PrintCore
0x000000005d359000 	/System/Library/Frameworks/ApplicationServices.framework/Versions/A/Frameworks/QD.framework/Versions/A/QD
0x000000005d359000 	/System/Library/Frameworks/ApplicationServices.framework/Versions/A/Frameworks/SpeechSynthesis.framework/Versions/A/SpeechSynthesis
0x000000005d359000 	/System/Library/Frameworks/Accelerate.framework/Versions/A/Frameworks/vImage.framework/Versions/A/vImage
0x000000005d359000 	/System/Library/Frameworks/Accelerate.framework/Versions/A/Frameworks/vecLib.framework/Versions/A/vecLib
0x000000005d359000 	/System/Library/Frameworks/Accelerate.framework/Versions/A/Frameworks/vecLib.framework/Versions/A/libvDSP.dylib
0x000000005d359000 	/System/Library/Frameworks/Accelerate.framework/Versions/A/Frameworks/vecLib.framework/Versions/A/libBNNS.dylib
0x000000005d359000 	/System/Library/Frameworks/Accelerate.framework/Versions/A/Frameworks/vecLib.framework/Versions/A/libQuadrature.dylib
0x000000005d359000 	/System/Library/Frameworks/Accelerate.framework/Versions/A/Frameworks/vecLib.framework/Versions/A/libvMisc.dylib
0x000000005d359000 	/System/Library/Frameworks/Accelerate.framework/Versions/A/Frameworks/vecLib.framework/Versions/A/libLAPACK.dylib
0x000000005d359000 	/System/Library/Frameworks/Accelerate.framework/Versions/A/Frameworks/vecLib.framework/Versions/A/libBLAS.dylib
0x000000005d359000 	/System/Library/Frameworks/Accelerate.framework/Versions/A/Frameworks/vecLib.framework/Versions/A/libLinearAlgebra.dylib
0x000000005d359000 	/System/Library/Frameworks/Accelerate.framework/Versions/A/Frameworks/vecLib.framework/Versions/A/libSparseBLAS.dylib
0x000000005d359000 	/System/Library/Frameworks/ApplicationServices.framework/Versions/A/Frameworks/ATS.framework/Versions/A/Resources/libFontParser.dylib
0x000000005d359000 	/System/Library/Frameworks/ApplicationServices.framework/Versions/A/Frameworks/ATS.framework/Versions/A/Resources/libFontRegistry.dylib
0x000000005d359000 	/System/Library/Frameworks/ImageIO.framework/Versions/A/Resources/libJPEG.dylib
0x000000005d359000 	/System/Library/Frameworks/ImageIO.framework/Versions/A/Resources/libTIFF.dylib
0x000000005d359000 	/System/Library/Frameworks/ImageIO.framework/Versions/A/Resources/libPng.dylib
0x000000005d359000 	/System/Library/Frameworks/ImageIO.framework/Versions/A/Resources/libGIF.dylib
0x000000005d359000 	/System/Library/Frameworks/ImageIO.framework/Versions/A/Resources/libJP2.dylib
0x000000005d359000 	/System/Library/Frameworks/ImageIO.framework/Versions/A/Resources/libRadiance.dylib
0x000000005d359000 	/usr/lib/libcompression.dylib
0x000000005d359000 	/System/Library/PrivateFrameworks/AppleJPEG.framework/Versions/A/AppleJPEG
0x000000005d359000 	/usr/lib/libcups.2.dylib
0x000000005d359000 	/System/Library/Frameworks/Kerberos.framework/Versions/A/Kerberos
0x000000005d359000 	/System/Library/Frameworks/GSS.framework/Versions/A/GSS
0x000000005d359000 	/usr/lib/libresolv.9.dylib
0x000000005d359000 	/usr/lib/libiconv.2.dylib
0x000000005d359000 	/System/Library/PrivateFrameworks/Heimdal.framework/Versions/A/Heimdal
0x000000005d359000 	/usr/lib/libheimdal-asn1.dylib
0x000000005d359000 	/System/Library/Frameworks/OpenDirectory.framework/Versions/A/OpenDirectory
0x000000005d359000 	/System/Library/PrivateFrameworks/CommonAuth.framework/Versions/A/CommonAuth
0x000000005d359000 	/System/Library/Frameworks/OpenDirectory.framework/Versions/A/Frameworks/CFOpenDirectory.framework/Versions/A/CFOpenDirectory
0x000000005d359000 	/System/Library/Frameworks/SecurityFoundation.framework/Versions/A/SecurityFoundation
0x000000005d359000 	/System/Library/PrivateFrameworks/LanguageModeling.framework/Versions/A/LanguageModeling
0x000000005d359000 	/usr/lib/libmarisa.dylib
0x000000005d359000 	/usr/lib/libChineseTokenizer.dylib
0x000000005d359000 	/usr/lib/libcmph.dylib
0x000000005d359000 	/System/Library/PrivateFrameworks/CoreEmoji.framework/Versions/A/CoreEmoji
0x000000005d359000 	/System/Library/Frameworks/ServiceManagement.framework/Versions/A/ServiceManagement
0x000000005d359000 	/usr/lib/libxslt.1.dylib
0x000000005d359000 	/System/Library/Frameworks/Carbon.framework/Versions/A/Frameworks/Ink.framework/Versions/A/Ink
0x000000005d359000 	/System/Library/PrivateFrameworks/TextureIO.framework/Versions/A/TextureIO
0x000000005d359000 	/System/Library/Frameworks/Metal.framework/Versions/A/Metal
0x000000005d359000 	/usr/lib/libate.dylib
0x000000005d359000 	/System/Library/PrivateFrameworks/GPUCompiler.framework/libmetal_timestamp.dylib
0x000000005d359000 	/System/Library/Frameworks/OpenGL.framework/Versions/A/Libraries/libCoreFSCache.dylib
0x000000005d359000 	/System/Library/PrivateFrameworks/IOAccelerator.framework/Versions/A/IOAccelerator
0x000000005d359000 	/System/Library/Frameworks/CoreVideo.framework/Versions/A/CoreVideo
0x000000005d359000 	/usr/lib/libFosl_dynamic.dylib
0x000000005d359000 	/System/Library/PrivateFrameworks/MetalPerformanceShaders.framework/Versions/A/MetalPerformanceShaders
0x000000005d359000 	/System/Library/PrivateFrameworks/FaceCore.framework/Versions/A/FaceCore
0x000000005d359000 	/System/Library/Frameworks/OpenCL.framework/Versions/A/OpenCL
0x000000005d359000 	/System/Library/Frameworks/OpenGL.framework/Versions/A/Libraries/libGLU.dylib
0x000000005d359000 	/System/Library/Frameworks/OpenGL.framework/Versions/A/Libraries/libGFXShared.dylib
0x000000005d359000 	/System/Library/Frameworks/OpenGL.framework/Versions/A/Libraries/libGL.dylib
0x000000005d359000 	/System/Library/Frameworks/OpenGL.framework/Versions/A/Libraries/libGLImage.dylib
0x000000005d359000 	/System/Library/Frameworks/OpenGL.framework/Versions/A/Libraries/libCVMSPluginSupport.dylib
0x000000005d359000 	/System/Library/Frameworks/OpenGL.framework/Versions/A/Libraries/libCoreVMClient.dylib
0x000000005d359000 	/System/Library/PrivateFrameworks/CrashReporterSupport.framework/Versions/A/CrashReporterSupport
0x000000005d359000 	/System/Library/PrivateFrameworks/Sharing.framework/Versions/A/Sharing
0x000000005d359000 	/System/Library/PrivateFrameworks/IconServices.framework/Versions/A/IconServices
0x000000005d359000 	/System/Library/PrivateFrameworks/ProtocolBuffer.framework/Versions/A/ProtocolBuffer
0x000000005d359000 	/System/Library/PrivateFrameworks/Apple80211.framework/Versions/A/Apple80211
0x000000005d359000 	/System/Library/Frameworks/CoreWLAN.framework/Versions/A/CoreWLAN
0x000000005d359000 	/System/Library/PrivateFrameworks/CoreUtils.framework/Versions/A/CoreUtils
0x000000005d359000 	/System/Library/Frameworks/IOBluetooth.framework/Versions/A/IOBluetooth
0x000000005d359000 	/System/Library/PrivateFrameworks/CoreWiFi.framework/Versions/A/CoreWiFi
0x000000005d359000 	/System/Library/Frameworks/CoreBluetooth.framework/Versions/A/CoreBluetooth
0x000000005d359000 	/System/Library/Frameworks/CoreDisplay.framework/Versions/A/CoreDisplay
0x000000005d359000 	/System/Library/PrivateFrameworks/IOPresentment.framework/Versions/A/IOPresentment
0x000000005d359000 	/System/Library/PrivateFrameworks/DebugSymbols.framework/Versions/A/DebugSymbols
0x000000005d359000 	/System/Library/PrivateFrameworks/CoreSymbolication.framework/Versions/A/CoreSymbolication
0x000000005d359000 	/System/Library/PrivateFrameworks/Symbolication.framework/Versions/A/Symbolication
0x000000005d359000 	/System/Library/PrivateFrameworks/AppleFSCompression.framework/Versions/A/AppleFSCompression
0x000000005d359000 	/System/Library/PrivateFrameworks/SpeechRecognitionCore.framework/Versions/A/SpeechRecognitionCore
0x000000005d359000 	/System/Library/PrivateFrameworks/ChunkingLibrary.framework/Versions/A/ChunkingLibrary
0x0000000109e00000 	/Library/Java/JavaVirtualMachines/jdk1.8.0_144.jdk/Contents/Home/jre/lib/server/libjvm.dylib
0x000000005d359000 	/usr/lib/libstdc++.6.dylib
0x0000000108d9c000 	/Library/Java/JavaVirtualMachines/jdk1.8.0_144.jdk/Contents/Home/jre/lib/libverify.dylib
0x0000000108daa000 	/Library/Java/JavaVirtualMachines/jdk1.8.0_144.jdk/Contents/Home/jre/lib/libjava.dylib
0x0000000108de9000 	/Library/Java/JavaVirtualMachines/jdk1.8.0_144.jdk/Contents/Home/jre/lib/libzip.dylib
0x000000010fe22000 	/System/Library/Frameworks/JavaVM.framework/Frameworks/JavaRuntimeSupport.framework/JavaRuntimeSupport
0x000000010fe3c000 	/System/Library/Frameworks/JavaVM.framework/Versions/A/Frameworks/JavaNativeFoundation.framework/Versions/A/JavaNativeFoundation
0x0000000108df3000 	/System/Library/Frameworks/JavaVM.framework/Versions/A/JavaVM
0x000000005d359000 	/System/Library/Frameworks/Carbon.framework/Versions/A/Carbon
0x000000010fe51000 	/System/Library/PrivateFrameworks/JavaLaunching.framework/Versions/A/JavaLaunching
0x000000005d359000 	/System/Library/Frameworks/Carbon.framework/Versions/A/Frameworks/CommonPanels.framework/Versions/A/CommonPanels
0x000000005d359000 	/System/Library/Frameworks/Carbon.framework/Versions/A/Frameworks/Help.framework/Versions/A/Help
0x000000005d359000 	/System/Library/Frameworks/Carbon.framework/Versions/A/Frameworks/ImageCapture.framework/Versions/A/ImageCapture
0x000000005d359000 	/System/Library/Frameworks/Carbon.framework/Versions/A/Frameworks/OpenScripting.framework/Versions/A/OpenScripting
0x000000005d359000 	/System/Library/Frameworks/Carbon.framework/Versions/A/Frameworks/Print.framework/Versions/A/Print
0x000000005d359000 	/System/Library/Frameworks/Carbon.framework/Versions/A/Frameworks/SecurityHI.framework/Versions/A/SecurityHI
0x0000000111779000 	/Library/Java/JavaVirtualMachines/jdk1.8.0_144.jdk/Contents/Home/jre/lib/libnet.dylib
0x00000001117d8000 	/Library/Java/JavaVirtualMachines/jdk1.8.0_144.jdk/Contents/Home/jre/lib/libnio.dylib
0x0000000112734000 	/Library/Java/JavaVirtualMachines/jdk1.8.0_144.jdk/Contents/Home/jre/lib/libmanagement.dylib
0x000000011268c000 	/Users/jasmina/ABH/eRestoran/target/jnotify/native_libraries/64bits/libjnotify.jnilib
0x00000001121f3000 	/Library/Java/JavaVirtualMachines/jdk1.8.0_144.jdk/Contents/Home/jre/lib/libsunec.dylib

VM Arguments:
jvm_args: -Dfile.encoding=UTF8 -Djline.terminal=none -Dsbt.log.noformat=true -Dsbt.global.base=/private/var/folders/96/cw4ykw9n6z1d7rb_n0k307400000gn/T/sbt-global-pluginstub -Xms512M -Xmx1024M -Xss1M -XX:+CMSClassUnloadingEnabled -XX:MaxPermSize=256M 
java_command: xsbt.boot.Boot project root run
java_class_path (initial): /Users/jasmina/Library/Application Support/IntelliJIdea2017.2/Scala/launcher/sbt-launch.jar
Launcher Type: SUN_STANDARD

Environment Variables:
PATH=/usr/local/opt/node@6/bin:/usr/local/bin:/usr/bin:/bin:/usr/sbin:/sbin
SHELL=/bin/bash

Signal Handlers:
SIGSEGV: [libjvm.dylib+0x5b26e5], sa_mask[0]=11111111011111110111111111111111, sa_flags=SA_ONSTACK|SA_RESTART|SA_SIGINFO
SIGBUS: [libjvm.dylib+0x5b26e5], sa_mask[0]=11111111011111110111111111111111, sa_flags=SA_RESTART|SA_SIGINFO
SIGFPE: [libjvm.dylib+0x489100], sa_mask[0]=11111111011111110111111111111111, sa_flags=SA_RESTART|SA_SIGINFO
SIGPIPE: [libjvm.dylib+0x489100], sa_mask[0]=11111111011111110111111111111111, sa_flags=SA_RESTART|SA_SIGINFO
SIGXFSZ: [libjvm.dylib+0x489100], sa_mask[0]=11111111011111110111111111111111, sa_flags=SA_RESTART|SA_SIGINFO
SIGILL: [libjvm.dylib+0x489100], sa_mask[0]=11111111011111110111111111111111, sa_flags=SA_RESTART|SA_SIGINFO
SIGUSR1: SIG_DFL, sa_mask[0]=00000000000000000000000000000000, sa_flags=none
SIGUSR2: [libjvm.dylib+0x488c1e], sa_mask[0]=00100000000000000000000000000000, sa_flags=SA_RESTART|SA_SIGINFO
SIGHUP: [libjvm.dylib+0x4871f5], sa_mask[0]=11111111011111110111111111111111, sa_flags=SA_RESTART|SA_SIGINFO
SIGINT: [libjvm.dylib+0x4871f5], sa_mask[0]=11111111011111110111111111111111, sa_flags=SA_RESTART|SA_SIGINFO
SIGTERM: [libjvm.dylib+0x4871f5], sa_mask[0]=11111111011111110111111111111111, sa_flags=SA_RESTART|SA_SIGINFO
SIGQUIT: [libjvm.dylib+0x4871f5], sa_mask[0]=11111111011111110111111111111111, sa_flags=SA_RESTART|SA_SIGINFO


---------------  S Y S T E M  ---------------

OS:Bsduname:Darwin 16.1.0 Darwin Kernel Version 16.1.0: Wed Oct 19 20:31:56 PDT 2016; root:xnu-3789.21.4~4/RELEASE_X86_64 x86_64
rlimit: STACK 8192k, CORE 0k, NPROC 709, NOFILE 10240, AS infinity
load average:4.46 3.96 3.54

CPU:total 8 (initial active 8) (4 cores per cpu, 2 threads per core) family 6 model 70 stepping 1, cmov, cx8, fxsr, mmx, sse, sse2, sse3, ssse3, sse4.1, sse4.2, popcnt, avx, avx2, aes, clmul, erms, lzcnt, ht, tsc, tscinvbit, bmi1, bmi2

Memory: 4k page, physical 8388608k(151120k free)

/proc/meminfo:


vm_info: Java HotSpot(TM) 64-Bit Server VM (25.144-b01) for bsd-amd64 JRE (1.8.0_144-b01), built on Jul 21 2017 22:07:42 by "java_re" with gcc 4.2.1 (Based on Apple Inc. build 5658) (LLVM build 2336.11.00)

time: Thu Oct 19 16:16:50 2017
elapsed time: 942 seconds (0d 0h 15m 42s)

