#
# A fatal error has been detected by the Java Runtime Environment:
#
#  SIGSEGV (0xb) at pc=0x000000010f977a5b, pid=2213, tid=0x0000000000006d03
#
# JRE version: Java(TM) SE Runtime Environment (8.0_144-b01) (build 1.8.0_144-b01)
# Java VM: Java HotSpot(TM) 64-Bit Server VM (25.144-b01 mixed mode bsd-amd64 compressed oops)
# Problematic frame:
# J 22467 C2 net.contentobjects.jnotify.macosx.JNotifyAdapterMacOSX.batchEndEvent(I)V (815 bytes) @ 0x000000010f977a5b [0x000000010f977300+0x75b]
#
# Failed to write core dump. Core dumps have been disabled. To enable core dumping, try "ulimit -c unlimited" before starting Java again
#
# If you would like to submit a bug report, please visit:
#   http://bugreport.java.com/bugreport/crash.jsp
#

---------------  T H R E A D  ---------------

Current thread (0x00007fd6b890b000):  JavaThread "FSEvent thread" daemon [_thread_in_Java, id=27907, stack(0x000070000af36000,0x000070000b036000)]

siginfo: si_signo: 11 (SIGSEGV), si_code: 1 (SEGV_MAPERR), si_addr: 0x00000006b95b6fbc

Registers:
RAX=0x00000007b118b0f8, RBX=0x00000007b118afd8, RCX=0x00000007c000e940, RDX=0x000000078014d9b8
RSP=0x000070000b02f190, RBP=0x00000000d72b6df6, RSI=0x000000078014d9b8, RDI=0x0000000780002cb8
R8 =0x0000000000000001, R9 =0x00000007b118b008, R10=0x00000007b118afd8, R11=0x00000007818b9ab0
R12=0x0000000000000000, R13=0x0000000000000000, R14=0x0000000000000001, R15=0x00007fd6b890b000
RIP=0x000000010f977a5b, EFLAGS=0x0000000000010286, ERR=0x0000000000000004
  TRAPNO=0x000000000000000e

Top of Stack: (sp=0x000070000b02f190)
0x000070000b02f190:   0000000100000080 0000000000000000
0x000070000b02f1a0:   00000007c0011338 f031735400000000
0x000070000b02f1b0:   00000007b118b008 00000007818b9ab0
0x000070000b02f1c0:   0000000780002cb8 00000007b118afd8
0x000070000b02f1d0:   00000007c000e940 00000007b118b0f8
0x000070000b02f1e0:   00000007c09c4010 00000007c00016d0
0x000070000b02f1f0:   00000007b084b2a8 0000004f00001bbc
0x000070000b02f200:   00000007b084b2d8 f0317351f5f68431
0x000070000b02f210:   0000000000000000 0000000000000000
0x000070000b02f220:   0000000782dd88c8 0000000000001637
0x000070000b02f230:   0000000782dd88c8 000070000b02f238
0x000070000b02f240:   00007fd6b95b6fb0 0000700000000001
0x000070000b02f250:   000000078250caa0 0000000000000021
0x000070000b02f260:   000000078250caa0 0000000000000000
0x000070000b02f270:   000070000b02f390 000000010de53384
0x000070000b02f280:   000000010dc191dc 0000000000000000
0x000070000b02f290:   000070000b02f390 000000010dc192bc
0x000070000b02f2a0:   000070000b02f2b8 000070000b02f308
0x000070000b02f2b0:   000000010c3af302 0000000000000000
0x000070000b02f2c0:   000000078250cbe0 000070000b02f2c8
0x000070000b02f2d0:   0000000123e61a52 000070000b02f320
0x000070000b02f2e0:   0000000123e62460 000000078250caa0
0x000070000b02f2f0:   000070000b02f390 000000010c3a77a7
0x000070000b02f300:   000070000b02f390 000000010c3a77a7
0x000070000b02f310:   000000010c3a77a7 00007fd600000000
0x000070000b02f320:   0000000000000000 000000078250ca08
0x000070000b02f330:   0000000100001fa0 000000000000000a
0x000070000b02f340:   00007fd6b890b000 0000000000000003
0x000070000b02f350:   000000010c3a771f 0000000123e61a80
0x000070000b02f360:   000070000b02f428 000070000b02f7c8
0x000070000b02f370:   00007fd60000000a 0000000123e61a80
0x000070000b02f380:   000000010c40ada0 000070000b02f578 

Instructions: (pc=0x000000010f977a5b)
0x000000010f977a3b:   60 0c 4c 89 60 10 4c 89 60 18 48 89 44 24 48 4c
0x000000010f977a4b:   8b 54 24 38 41 8b 6a 10 85 ed 0f 84 72 20 00 00
0x000000010f977a5b:   45 8b 54 ec 0c 45 85 d2 0f 84 fc 1f 00 00 43 8b
0x000000010f977a6b:   4c d4 0c 49 8d 1c ec 85 c9 0f 8e 17 fd ff ff 85 

Register to memory mapping:

RAX=0x00000007b118b0f8 is an oop
java.io.File 
 - klass: 'java/io/File'
RBX=0x00000007b118afd8 is an oop
net.contentobjects.jnotify.macosx.JNotifyAdapterMacOSX$ScanJob 
 - klass: 'net/contentobjects/jnotify/macosx/JNotifyAdapterMacOSX$ScanJob'
RCX=0x00000007c000e940 is pointing into metadata
RDX=0x000000078014d9b8 is an oop
java.lang.Integer 
 - klass: 'java/lang/Integer'
RSP=0x000070000b02f190 is pointing into the stack for thread: 0x00007fd6b890b000
RBP=0x00000000d72b6df6 is an unknown value
RSI=0x000000078014d9b8 is an oop
java.lang.Integer 
 - klass: 'java/lang/Integer'
RDI=0x0000000780002cb8 is an oop
java.lang.NullPointerException 
 - klass: 'java/lang/NullPointerException'
R8 =0x0000000000000001 is an unknown value
R9 =0x00000007b118b008 is an oop
net.contentobjects.jnotify.macosx.JNotifyAdapterMacOSX$JNEvents 
 - klass: 'net/contentobjects/jnotify/macosx/JNotifyAdapterMacOSX$JNEvents'
R10=0x00000007b118afd8 is an oop
net.contentobjects.jnotify.macosx.JNotifyAdapterMacOSX$ScanJob 
 - klass: 'net/contentobjects/jnotify/macosx/JNotifyAdapterMacOSX$ScanJob'
R11=0x00000007818b9ab0 is an oop
net.contentobjects.jnotify.macosx.JNotifyAdapterMacOSX$WatchData 
 - klass: 'net/contentobjects/jnotify/macosx/JNotifyAdapterMacOSX$WatchData'
R12=0x0000000000000000 is an unknown value
R13=0x0000000000000000 is an unknown value
R14=0x0000000000000001 is an unknown value
R15=0x00007fd6b890b000 is a thread


Stack: [0x000070000af36000,0x000070000b036000],  sp=0x000070000b02f190,  free space=996k
Native frames: (J=compiled Java code, j=interpreted, Vv=VM code, C=native code)
J 22467 C2 net.contentobjects.jnotify.macosx.JNotifyAdapterMacOSX.batchEndEvent(I)V (815 bytes) @ 0x000000010f977a5b [0x000000010f977300+0x75b]
J 22238 C1 net.contentobjects.jnotify.macosx.JNotify_macosx.callbackInBatch(IZ)V (32 bytes) @ 0x000000010dc192bc [0x000000010dc18e00+0x4bc]
v  ~StubRoutines::call_stub
V  [libjvm.dylib+0x2ee70a]
V  [libjvm.dylib+0x3258b9]
V  [libjvm.dylib+0x318087]
C  [libjnotify.jnilib+0x1585]  fsevent_callback+0x115
C  [FSEvents+0x3b03]  implementation_callback_rpc+0x75b
C  [FSEvents+0x1702]  _Xcallback_rpc+0xfe
C  [FSEvents+0x17c9]  FSEventsD2F_server+0x37
C  [FSEvents+0x6fed]  FSEventsClientProcessMessageCallback+0x2c
C  [CoreFoundation+0x9030d]  __CFMachPortPerform+0xfd
C  [CoreFoundation+0x901f9]  __CFRUNLOOP_IS_CALLING_OUT_TO_A_SOURCE1_PERFORM_FUNCTION__+0x29
C  [CoreFoundation+0x90171]  __CFRunLoopDoSource1+0x1d1
C  [CoreFoundation+0x880c5]  __CFRunLoopRun+0x955
C  [CoreFoundation+0x87514]  CFRunLoopRunSpecific+0x1a4
C  [CoreFoundation+0xc6bb1]  CFRunLoopRun+0x61
j  net.contentobjects.jnotify.macosx.JNotify_macosx.nativeNotifyLoop()V+0
j  net.contentobjects.jnotify.macosx.JNotify_macosx.access$400()V+0
j  net.contentobjects.jnotify.macosx.JNotify_macosx$1.run()V+65
v  ~StubRoutines::call_stub
V  [libjvm.dylib+0x2ee70a]
V  [libjvm.dylib+0x2eeeae]
V  [libjvm.dylib+0x2ef05a]
V  [libjvm.dylib+0x3497b1]
V  [libjvm.dylib+0x56c0b3]
V  [libjvm.dylib+0x56d7a0]
V  [libjvm.dylib+0x48baee]
C  [libsystem_pthread.dylib+0x3aab]  _pthread_body+0xb4
C  [libsystem_pthread.dylib+0x39f7]  _pthread_body+0x0
C  [libsystem_pthread.dylib+0x3221]  thread_start+0xd
C  0x0000000000000000


---------------  P R O C E S S  ---------------

Java Threads: ( => current thread )
  0x00007fd6bcfef000 JavaThread "PostgreSQL-JDBC-SharedTimer-4" daemon [_thread_blocked, id=31815, stack(0x000070000aa27000,0x000070000ab27000)]
  0x00007fd6bfec9800 JavaThread "play-dev-mode-akka.actor.default-dispatcher-29" [_thread_blocked, id=25667, stack(0x000070000a821000,0x000070000a921000)]
  0x00007fd6ba4ce800 JavaThread "com.google.common.base.internal.Finalizer" daemon [_thread_blocked, id=24371, stack(0x000070000ba57000,0x000070000bb57000)]
  0x00007fd6c061f800 JavaThread "HikariPool-2 housekeeper" daemon [_thread_blocked, id=30755, stack(0x000070000b851000,0x000070000b951000)]
  0x00007fd6bc6c0800 JavaThread "application-akka.actor.default-dispatcher-4" [_thread_blocked, id=37955, stack(0x000070000b548000,0x000070000b648000)]
  0x00007fd6c06f2800 JavaThread "application-scheduler-1" [_thread_blocked, id=30247, stack(0x000070000b13c000,0x000070000b23c000)]
  0x00007fd6bf2a0800 JavaThread "__DEFAULT__" daemon [_thread_blocked, id=36131, stack(0x000070000b039000,0x000070000b139000)]
  0x00007fd6ba167000 JavaThread "AsyncAppender-Worker-ASYNCSTDOUT" daemon [_thread_blocked, id=31015, stack(0x000070000ae33000,0x000070000af33000)]
  0x00007fd6bff1a800 JavaThread "AsyncAppender-Worker-ASYNCFILE" daemon [_thread_blocked, id=33567, stack(0x000070000ac2d000,0x000070000ad2d000)]
  0x00007fd6bd64a000 JavaThread "play-dev-mode-akka.io.pinned-dispatcher-5" [_thread_in_native, id=23315, stack(0x000070000ab2a000,0x000070000ac2a000)]
  0x00007fd6bdc06800 JavaThread "play-dev-mode-scheduler-1" [_thread_blocked, id=23059, stack(0x000070000a61b000,0x000070000a71b000)]
  0x00007fd6bcdcc800 JavaThread "reloader-timer" daemon [_thread_blocked, id=22291, stack(0x000070000a518000,0x000070000a618000)]
=>0x00007fd6b890b000 JavaThread "FSEvent thread" daemon [_thread_in_Java, id=27907, stack(0x000070000af36000,0x000070000b036000)]
  0x00007fd6b8b32000 JavaThread "pool-4-thread-6" [_thread_in_native, id=26883, stack(0x000070000ad30000,0x000070000ae30000)]
  0x00007fd6bd6d0000 JavaThread "sbt-web-akka.actor.default-dispatcher-4" [_thread_blocked, id=26127, stack(0x000070000a71e000,0x000070000a81e000)]
  0x00007fd6bab51800 JavaThread "sbt-web-scheduler-1" [_thread_blocked, id=25359, stack(0x000070000a415000,0x000070000a515000)]
  0x00007fd6b9802800 JavaThread "Service Thread" daemon [_thread_blocked, id=21251, stack(0x000070000a20f000,0x000070000a30f000)]
  0x00007fd6bc046800 JavaThread "C1 CompilerThread3" daemon [_thread_blocked, id=20739, stack(0x000070000a10c000,0x000070000a20c000)]
  0x00007fd6b801d800 JavaThread "C2 CompilerThread2" daemon [_thread_blocked, id=20227, stack(0x000070000a009000,0x000070000a109000)]
  0x00007fd6b982c800 JavaThread "C2 CompilerThread1" daemon [_thread_blocked, id=19715, stack(0x0000700009f06000,0x000070000a006000)]
  0x00007fd6b982a800 JavaThread "C2 CompilerThread0" daemon [_thread_blocked, id=19203, stack(0x0000700009e03000,0x0000700009f03000)]
  0x00007fd6b8800800 JavaThread "Signal Dispatcher" daemon [_thread_blocked, id=18691, stack(0x0000700009d00000,0x0000700009e00000)]
  0x00007fd6b8803800 JavaThread "Finalizer" daemon [_thread_blocked, id=14595, stack(0x0000700009bfd000,0x0000700009cfd000)]
  0x00007fd6ba006800 JavaThread "Reference Handler" daemon [_thread_blocked, id=14083, stack(0x0000700009afa000,0x0000700009bfa000)]
  0x00007fd6bb001000 JavaThread "main" [_thread_blocked, id=7171, stack(0x00007000090dc000,0x00007000091dc000)]

Other Threads:
  0x00007fd6ba004000 VMThread [stack: 0x00007000099f7000,0x0000700009af7000] [id=13571]
  0x00007fd6b801a800 WatcherThread [stack: 0x000070000a312000,0x000070000a412000] [id=21763]

VM state:not at safepoint (normal execution)

VM Mutex/Monitor currently owned by a thread: None

Heap:
 PSYoungGen      total 232960K, used 105125K [0x00000007aab00000, 0x00000007c0000000, 0x00000007c0000000)
  eden space 116736K, 90% used [0x00000007aab00000,0x00000007b11a94e0,0x00000007b1d00000)
  from space 116224K, 0% used [0x00000007b1d00000,0x00000007b1d00000,0x00000007b8e80000)
  to   space 116224K, 0% used [0x00000007b8e80000,0x00000007b8e80000,0x00000007c0000000)
 ParOldGen       total 699392K, used 285247K [0x0000000780000000, 0x00000007aab00000, 0x00000007aab00000)
  object space 699392K, 40% used [0x0000000780000000,0x000000079168fd60,0x00000007aab00000)
 Metaspace       used 160513K, capacity 169207K, committed 174296K, reserved 1198080K
  class space    used 25135K, capacity 25748K, committed 26584K, reserved 1048576K

Card table byte_map: [0x0000000109fa9000,0x000000010a1aa000] byte_map_base: 0x00000001063a9000

Marking Bits: (ParMarkBitMap*) 0x000000010bcf35d0
 Begin Bits: [0x000000011b4fd000, 0x000000011c4fd000)
 End Bits:   [0x000000011c4fd000, 0x000000011d4fd000)

Polling page: 0x0000000109bd6000

CodeCache: size=245760Kb used=55498Kb max_used=55527Kb free=190261Kb
 bounds [0x000000010c3a7000, 0x000000010fab7000, 0x000000011b3a7000]
 total_blobs=18550 nmethods=17791 adapters=665
 compilation: enabled

Compilation events (10 events):
Event: 6179.106 Thread 0x00007fd6bc046800 22463       3       akka.actor.LightArrayRevolverScheduler$TaskHolder::isCancelled (19 bytes)
Event: 6179.107 Thread 0x00007fd6bc046800 nmethod 22463 0x000000010f7a1650 code [0x000000010f7a17c0, 0x000000010f7a19b0]
Event: 6193.227 Thread 0x00007fd6bc046800 22464       3       java.util.concurrent.ScheduledThreadPoolExecutor$DelayedWorkQueue::siftUp (66 bytes)
Event: 6193.227 Thread 0x00007fd6bc046800 nmethod 22464 0x000000010f7a04d0 code [0x000000010f7a06c0, 0x000000010f7a11e8]
Event: 6283.237 Thread 0x00007fd6bc046800 22465       3       java.util.concurrent.ScheduledThreadPoolExecutor::triggerTime (23 bytes)
Event: 6283.237 Thread 0x00007fd6bc046800 nmethod 22465 0x000000010f79ff90 code [0x000000010f7a0100, 0x000000010f7a0408]
Event: 6283.237 Thread 0x00007fd6bc046800 22466       3       java.util.concurrent.ScheduledThreadPoolExecutor$DelayedWorkQueue::add (9 bytes)
Event: 6283.238 Thread 0x00007fd6bc046800 nmethod 22466 0x000000010f79fa10 code [0x000000010f79fba0, 0x000000010f79fea8]
Event: 6481.315 Thread 0x00007fd6b982c800 22467       4       net.contentobjects.jnotify.macosx.JNotifyAdapterMacOSX::batchEndEvent (815 bytes)
Event: 6481.727 Thread 0x00007fd6b982c800 nmethod 22467 0x000000010f976d50 code [0x000000010f977300, 0x000000010f97b960]

GC Heap History (10 events):
Event: 6159.101 GC heap before
{Heap before GC invocations=613 (full 193):
 PSYoungGen      total 232960K, used 116736K [0x00000007aab00000, 0x00000007c0000000, 0x00000007c0000000)
  eden space 116736K, 100% used [0x00000007aab00000,0x00000007b1d00000,0x00000007b1d00000)
  from space 116224K, 0% used [0x00000007b8e80000,0x00000007b8e80000,0x00000007c0000000)
  to   space 116224K, 0% used [0x00000007b1d00000,0x00000007b1d00000,0x00000007b8e80000)
 ParOldGen       total 699392K, used 699208K [0x0000000780000000, 0x00000007aab00000, 0x00000007aab00000)
  object space 699392K, 99% used [0x0000000780000000,0x00000007aaad2218,0x00000007aab00000)
 Metaspace       used 160455K, capacity 169143K, committed 174296K, reserved 1198080K
  class space    used 25135K, capacity 25748K, committed 26584K, reserved 1048576K
Event: 6159.616 GC heap after
Heap after GC invocations=613 (full 193):
 PSYoungGen      total 232960K, used 36077K [0x00000007aab00000, 0x00000007c0000000, 0x00000007c0000000)
  eden space 116736K, 30% used [0x00000007aab00000,0x00000007ace3b500,0x00000007b1d00000)
  from space 116224K, 0% used [0x00000007b8e80000,0x00000007b8e80000,0x00000007c0000000)
  to   space 116224K, 0% used [0x00000007b1d00000,0x00000007b1d00000,0x00000007b8e80000)
 ParOldGen       total 699392K, used 699208K [0x0000000780000000, 0x00000007aab00000, 0x00000007aab00000)
  object space 699392K, 99% used [0x0000000780000000,0x00000007aaad21e8,0x00000007aab00000)
 Metaspace       used 160455K, capacity 169143K, committed 174296K, reserved 1198080K
  class space    used 25135K, capacity 25748K, committed 26584K, reserved 1048576K
}
Event: 6161.728 GC heap before
{Heap before GC invocations=614 (full 194):
 PSYoungGen      total 232960K, used 116736K [0x00000007aab00000, 0x00000007c0000000, 0x00000007c0000000)
  eden space 116736K, 100% used [0x00000007aab00000,0x00000007b1d00000,0x00000007b1d00000)
  from space 116224K, 0% used [0x00000007b8e80000,0x00000007b8e80000,0x00000007c0000000)
  to   space 116224K, 0% used [0x00000007b1d00000,0x00000007b1d00000,0x00000007b8e80000)
 ParOldGen       total 699392K, used 699208K [0x0000000780000000, 0x00000007aab00000, 0x00000007aab00000)
  object space 699392K, 99% used [0x0000000780000000,0x00000007aaad21e8,0x00000007aab00000)
 Metaspace       used 160455K, capacity 169143K, committed 174296K, reserved 1198080K
  class space    used 25135K, capacity 25748K, committed 26584K, reserved 1048576K
Event: 6162.124 GC heap after
Heap after GC invocations=614 (full 194):
 PSYoungGen      total 232960K, used 37992K [0x00000007aab00000, 0x00000007c0000000, 0x00000007c0000000)
  eden space 116736K, 32% used [0x00000007aab00000,0x00000007ad01a000,0x00000007b1d00000)
  from space 116224K, 0% used [0x00000007b8e80000,0x00000007b8e80000,0x00000007c0000000)
  to   space 116224K, 0% used [0x00000007b1d00000,0x00000007b1d00000,0x00000007b8e80000)
 ParOldGen       total 699392K, used 699208K [0x0000000780000000, 0x00000007aab00000, 0x00000007aab00000)
  object space 699392K, 99% used [0x0000000780000000,0x00000007aaad21d0,0x00000007aab00000)
 Metaspace       used 160455K, capacity 169143K, committed 174296K, reserved 1198080K
  class space    used 25135K, capacity 25748K, committed 26584K, reserved 1048576K
}
Event: 6166.027 GC heap before
{Heap before GC invocations=615 (full 195):
 PSYoungGen      total 232960K, used 107069K [0x00000007aab00000, 0x00000007c0000000, 0x00000007c0000000)
  eden space 116736K, 91% used [0x00000007aab00000,0x00000007b138f6e8,0x00000007b1d00000)
  from space 116224K, 0% used [0x00000007b8e80000,0x00000007b8e80000,0x00000007c0000000)
  to   space 116224K, 0% used [0x00000007b1d00000,0x00000007b1d00000,0x00000007b8e80000)
 ParOldGen       total 699392K, used 699208K [0x0000000780000000, 0x00000007aab00000, 0x00000007aab00000)
  object space 699392K, 99% used [0x0000000780000000,0x00000007aaad21d0,0x00000007aab00000)
 Metaspace       used 160456K, capacity 169143K, committed 174296K, reserved 1198080K
  class space    used 25135K, capacity 25748K, committed 26584K, reserved 1048576K
Event: 6166.348 GC heap after
Heap after GC invocations=615 (full 195):
 PSYoungGen      total 232960K, used 0K [0x00000007aab00000, 0x00000007c0000000, 0x00000007c0000000)
  eden space 116736K, 0% used [0x00000007aab00000,0x00000007aab00000,0x00000007b1d00000)
  from space 116224K, 0% used [0x00000007b8e80000,0x00000007b8e80000,0x00000007c0000000)
  to   space 116224K, 0% used [0x00000007b1d00000,0x00000007b1d00000,0x00000007b8e80000)
 ParOldGen       total 699392K, used 285248K [0x0000000780000000, 0x00000007aab00000, 0x00000007aab00000)
  object space 699392K, 40% used [0x0000000780000000,0x0000000791690048,0x00000007aab00000)
 Metaspace       used 160456K, capacity 169143K, committed 174296K, reserved 1198080K
  class space    used 25135K, capacity 25748K, committed 26584K, reserved 1048576K
}
Event: 6166.349 GC heap before
{Heap before GC invocations=616 (full 195):
 PSYoungGen      total 232960K, used 10K [0x00000007aab00000, 0x00000007c0000000, 0x00000007c0000000)
  eden space 116736K, 0% used [0x00000007aab00000,0x00000007aab02a78,0x00000007b1d00000)
  from space 116224K, 0% used [0x00000007b8e80000,0x00000007b8e80000,0x00000007c0000000)
  to   space 116224K, 0% used [0x00000007b1d00000,0x00000007b1d00000,0x00000007b8e80000)
 ParOldGen       total 699392K, used 285248K [0x0000000780000000, 0x00000007aab00000, 0x00000007aab00000)
  object space 699392K, 40% used [0x0000000780000000,0x0000000791690048,0x00000007aab00000)
 Metaspace       used 160456K, capacity 169143K, committed 174296K, reserved 1198080K
  class space    used 25135K, capacity 25748K, committed 26584K, reserved 1048576K
Event: 6166.352 GC heap after
Heap after GC invocations=616 (full 195):
 PSYoungGen      total 232960K, used 64K [0x00000007aab00000, 0x00000007c0000000, 0x00000007c0000000)
  eden space 116736K, 0% used [0x00000007aab00000,0x00000007aab00000,0x00000007b1d00000)
  from space 116224K, 0% used [0x00000007b1d00000,0x00000007b1d10000,0x00000007b8e80000)
  to   space 116224K, 0% used [0x00000007b8e80000,0x00000007b8e80000,0x00000007c0000000)
 ParOldGen       total 699392K, used 285248K [0x0000000780000000, 0x00000007aab00000, 0x00000007aab00000)
  object space 699392K, 40% used [0x0000000780000000,0x0000000791690048,0x00000007aab00000)
 Metaspace       used 160456K, capacity 169143K, committed 174296K, reserved 1198080K
  class space    used 25135K, capacity 25748K, committed 26584K, reserved 1048576K
}
Event: 6166.352 GC heap before
{Heap before GC invocations=617 (full 196):
 PSYoungGen      total 232960K, used 64K [0x00000007aab00000, 0x00000007c0000000, 0x00000007c0000000)
  eden space 116736K, 0% used [0x00000007aab00000,0x00000007aab00000,0x00000007b1d00000)
  from space 116224K, 0% used [0x00000007b1d00000,0x00000007b1d10000,0x00000007b8e80000)
  to   space 116224K, 0% used [0x00000007b8e80000,0x00000007b8e80000,0x00000007c0000000)
 ParOldGen       total 699392K, used 285248K [0x0000000780000000, 0x00000007aab00000, 0x00000007aab00000)
  object space 699392K, 40% used [0x0000000780000000,0x0000000791690048,0x00000007aab00000)
 Metaspace       used 160456K, capacity 169143K, committed 174296K, reserved 1198080K
  class space    used 25135K, capacity 25748K, committed 26584K, reserved 1048576K
Event: 6166.588 GC heap after
Heap after GC invocations=617 (full 196):
 PSYoungGen      total 232960K, used 0K [0x00000007aab00000, 0x00000007c0000000, 0x00000007c0000000)
  eden space 116736K, 0% used [0x00000007aab00000,0x00000007aab00000,0x00000007b1d00000)
  from space 116224K, 0% used [0x00000007b1d00000,0x00000007b1d00000,0x00000007b8e80000)
  to   space 116224K, 0% used [0x00000007b8e80000,0x00000007b8e80000,0x00000007c0000000)
 ParOldGen       total 699392K, used 285247K [0x0000000780000000, 0x00000007aab00000, 0x00000007aab00000)
  object space 699392K, 40% used [0x0000000780000000,0x000000079168fd60,0x00000007aab00000)
 Metaspace       used 160456K, capacity 169143K, committed 174296K, reserved 1198080K
  class space    used 25135K, capacity 25748K, committed 26584K, reserved 1048576K
}

Deoptimization events (10 events):
Event: 5763.883 Thread 0x00007fd6bf8c4800 Uncommon trap: reason=unstable_if action=reinterpret pc=0x000000010e18c26c method=java.util.LinkedHashMap.afterNodeRemoval(Ljava/util/HashMap$Node;)V @ 27
Event: 5763.885 Thread 0x00007fd6bf8c4800 Uncommon trap: reason=bimorphic action=maybe_recompile pc=0x000000010ef34f04 method=java.util.LinkedHashMap.afterNodeInsertion(Z)V @ 15
Event: 5824.850 Thread 0x00007fd6bc7ed800 Uncommon trap: reason=array_check action=maybe_recompile pc=0x000000010dcc7bec method=scala.runtime.ScalaRunTime$.array_update(Ljava/lang/Object;ILjava/lang/Object;)V @ 17
Event: 5824.850 Thread 0x00007fd6bc7ed800 Uncommon trap: reason=array_check action=maybe_recompile pc=0x000000010dcc7bec method=scala.runtime.ScalaRunTime$.array_update(Ljava/lang/Object;ILjava/lang/Object;)V @ 17
Event: 5824.850 Thread 0x00007fd6bc7ed800 Uncommon trap: reason=array_check action=maybe_recompile pc=0x000000010dcc7bec method=scala.runtime.ScalaRunTime$.array_update(Ljava/lang/Object;ILjava/lang/Object;)V @ 17
Event: 5824.850 Thread 0x00007fd6bc7ed800 Uncommon trap: reason=array_check action=maybe_recompile pc=0x000000010dcc7bec method=scala.runtime.ScalaRunTime$.array_update(Ljava/lang/Object;ILjava/lang/Object;)V @ 17
Event: 5953.095 Thread 0x00007fd6bf6f1000 Uncommon trap: reason=unstable_if action=reinterpret pc=0x000000010ca103f8 method=java.util.concurrent.LinkedBlockingQueue.offer(Ljava/lang/Object;)Z @ 82
Event: 5953.098 Thread 0x00007fd6bfbf7800 Uncommon trap: reason=class_check action=maybe_recompile pc=0x000000010c58189c method=java.lang.String.equals(Ljava/lang/Object;)Z @ 8
Event: 6174.088 Thread 0x00007fd6bd64a000 Uncommon trap: reason=class_check action=maybe_recompile pc=0x000000010d2dce14 method=java.util.HashMap.removeNode(ILjava/lang/Object;Ljava/lang/Object;ZZ)Ljava/util/HashMap$Node; @ 143
Event: 6184.098 Thread 0x00007fd6bd64a000 Uncommon trap: reason=class_check action=maybe_recompile pc=0x000000010d2dce14 method=java.util.HashMap.removeNode(ILjava/lang/Object;Ljava/lang/Object;ZZ)Ljava/util/HashMap$Node; @ 143

Internal exceptions (10 events):
Event: 6166.606 Thread 0x00007fd6c0bb5000 Exception <a 'java/lang/ArrayIndexOutOfBoundsException'> (0x00000007aaccf1f8) thrown at [/Users/java_re/workspace/8-2-build-macosx-x86_64/jdk8u144/9417/hotspot/src/share/vm/runtime/sharedRuntime.cpp, line 605]
Event: 6166.606 Thread 0x00007fd6c0bb5000 Exception <a 'java/lang/ArrayIndexOutOfBoundsException'> (0x00000007aacd2c58) thrown at [/Users/java_re/workspace/8-2-build-macosx-x86_64/jdk8u144/9417/hotspot/src/share/vm/runtime/sharedRuntime.cpp, line 605]
Event: 6166.607 Thread 0x00007fd6c0bb5000 Exception <a 'java/lang/ArrayIndexOutOfBoundsException'> (0x00000007aacd6c80) thrown at [/Users/java_re/workspace/8-2-build-macosx-x86_64/jdk8u144/9417/hotspot/src/share/vm/runtime/sharedRuntime.cpp, line 605]
Event: 6166.607 Thread 0x00007fd6c0bb5000 Exception <a 'java/lang/ArrayIndexOutOfBoundsException'> (0x00000007aacda888) thrown at [/Users/java_re/workspace/8-2-build-macosx-x86_64/jdk8u144/9417/hotspot/src/share/vm/runtime/sharedRuntime.cpp, line 605]
Event: 6166.607 Thread 0x00007fd6c0bb5000 Exception <a 'java/lang/ArrayIndexOutOfBoundsException'> (0x00000007aacde510) thrown at [/Users/java_re/workspace/8-2-build-macosx-x86_64/jdk8u144/9417/hotspot/src/share/vm/runtime/sharedRuntime.cpp, line 605]
Event: 6166.607 Thread 0x00007fd6c0bb5000 Exception <a 'java/lang/ArrayIndexOutOfBoundsException'> (0x00000007aace1f10) thrown at [/Users/java_re/workspace/8-2-build-macosx-x86_64/jdk8u144/9417/hotspot/src/share/vm/runtime/sharedRuntime.cpp, line 605]
Event: 6166.608 Thread 0x00007fd6c0bb5000 Exception <a 'java/lang/ArrayIndexOutOfBoundsException'> (0x00000007aace5c90) thrown at [/Users/java_re/workspace/8-2-build-macosx-x86_64/jdk8u144/9417/hotspot/src/share/vm/runtime/sharedRuntime.cpp, line 605]
Event: 6166.608 Thread 0x00007fd6c0bb5000 Exception <a 'java/lang/ArrayIndexOutOfBoundsException'> (0x00000007aace97c0) thrown at [/Users/java_re/workspace/8-2-build-macosx-x86_64/jdk8u144/9417/hotspot/src/share/vm/runtime/sharedRuntime.cpp, line 605]
Event: 6174.100 Thread 0x00007fd6bc6c0800 Exception <a 'java/lang/ClassNotFoundException': models/RestaurantBeanInfo> (0x00000007aaed5f38) thrown at [/Users/java_re/workspace/8-2-build-macosx-x86_64/jdk8u144/9417/hotspot/src/share/vm/classfile/systemDictionary.cpp, line 210]
Event: 6174.100 Thread 0x00007fd6bc6c0800 Exception <a 'java/lang/ClassNotFoundException': models/RestaurantCustomizer> (0x00000007aaeeb108) thrown at [/Users/java_re/workspace/8-2-build-macosx-x86_64/jdk8u144/9417/hotspot/src/share/vm/classfile/systemDictionary.cpp, line 210]

Events (10 events):
Event: 6216.113 Executing VM operation: RevokeBias done
Event: 6216.113 Thread 0x00007fd6b9e1a800 Thread exited: 0x00007fd6b9e1a800
Event: 6260.114 Executing VM operation: RevokeBias
Event: 6260.114 Executing VM operation: RevokeBias done
Event: 6260.114 Thread 0x00007fd6c0bb5000 Thread exited: 0x00007fd6c0bb5000
Event: 6306.117 Executing VM operation: RevokeBias
Event: 6306.117 Executing VM operation: RevokeBias done
Event: 6306.118 Thread 0x00007fd6bfbf7800 Thread exited: 0x00007fd6bfbf7800
Event: 6481.315 Thread 0x00007fd6b890b000 DEOPT PACKING pc=0x000000010ed832ef sp=0x000070000b02f0d0
Event: 6481.315 Thread 0x00007fd6b890b000 DEOPT UNPACKING pc=0x000000010c3ee633 sp=0x000070000b02ef50 mode 0


Dynamic libraries:
0x00000000575a1000 	/System/Library/Frameworks/Cocoa.framework/Versions/A/Cocoa
0x00000000575a1000 	/System/Library/Frameworks/Security.framework/Versions/A/Security
0x00000000575a1000 	/System/Library/Frameworks/ApplicationServices.framework/Versions/A/ApplicationServices
0x00000000575a1000 	/usr/lib/libz.1.dylib
0x00000000575a1000 	/usr/lib/libSystem.B.dylib
0x00000000575a1000 	/usr/lib/libobjc.A.dylib
0x00000000575a1000 	/System/Library/Frameworks/CoreFoundation.framework/Versions/A/CoreFoundation
0x00000000575a1000 	/System/Library/Frameworks/Foundation.framework/Versions/C/Foundation
0x00000000575a1000 	/System/Library/Frameworks/AppKit.framework/Versions/C/AppKit
0x00000000575a1000 	/System/Library/Frameworks/CoreData.framework/Versions/A/CoreData
0x00000000575a1000 	/System/Library/PrivateFrameworks/RemoteViewServices.framework/Versions/A/RemoteViewServices
0x00000000575a1000 	/System/Library/PrivateFrameworks/UIFoundation.framework/Versions/A/UIFoundation
0x00000000575a1000 	/System/Library/PrivateFrameworks/DFRFoundation.framework/Versions/A/DFRFoundation
0x00000000575a1000 	/usr/lib/libenergytrace.dylib
0x00000000575a1000 	/System/Library/PrivateFrameworks/SkyLight.framework/Versions/A/SkyLight
0x00000000575a1000 	/System/Library/Frameworks/CoreGraphics.framework/Versions/A/CoreGraphics
0x00000000575a1000 	/usr/lib/libScreenReader.dylib
0x00000000575a1000 	/System/Library/Frameworks/Accelerate.framework/Versions/A/Accelerate
0x00000000575a1000 	/System/Library/Frameworks/IOSurface.framework/Versions/A/IOSurface
0x00000000575a1000 	/System/Library/Frameworks/AudioToolbox.framework/Versions/A/AudioToolbox
0x00000000575a1000 	/System/Library/Frameworks/AudioUnit.framework/Versions/A/AudioUnit
0x00000000575a1000 	/System/Library/PrivateFrameworks/DataDetectorsCore.framework/Versions/A/DataDetectorsCore
0x00000000575a1000 	/System/Library/PrivateFrameworks/DesktopServicesPriv.framework/Versions/A/DesktopServicesPriv
0x00000000575a1000 	/System/Library/Frameworks/Carbon.framework/Versions/A/Frameworks/HIToolbox.framework/Versions/A/HIToolbox
0x00000000575a1000 	/usr/lib/libicucore.A.dylib
0x00000000575a1000 	/System/Library/Frameworks/QuartzCore.framework/Versions/A/QuartzCore
0x00000000575a1000 	/System/Library/Frameworks/Carbon.framework/Versions/A/Frameworks/SpeechRecognition.framework/Versions/A/SpeechRecognition
0x00000000575a1000 	/usr/lib/libauto.dylib
0x00000000575a1000 	/usr/lib/libxml2.2.dylib
0x00000000575a1000 	/System/Library/PrivateFrameworks/CoreUI.framework/Versions/A/CoreUI
0x00000000575a1000 	/System/Library/Frameworks/CoreAudio.framework/Versions/A/CoreAudio
0x00000000575a1000 	/System/Library/Frameworks/DiskArbitration.framework/Versions/A/DiskArbitration
0x00000000575a1000 	/usr/lib/liblangid.dylib
0x00000000575a1000 	/System/Library/PrivateFrameworks/MultitouchSupport.framework/Versions/A/MultitouchSupport
0x00000000575a1000 	/System/Library/Frameworks/IOKit.framework/Versions/A/IOKit
0x00000000575a1000 	/usr/lib/libDiagnosticMessagesClient.dylib
0x00000000575a1000 	/System/Library/Frameworks/CoreServices.framework/Versions/A/CoreServices
0x00000000575a1000 	/System/Library/PrivateFrameworks/PerformanceAnalysis.framework/Versions/A/PerformanceAnalysis
0x00000000575a1000 	/System/Library/PrivateFrameworks/GenerationalStorage.framework/Versions/A/GenerationalStorage
0x00000000575a1000 	/System/Library/Frameworks/OpenGL.framework/Versions/A/OpenGL
0x00000000575a1000 	/System/Library/Frameworks/CoreImage.framework/Versions/A/CoreImage
0x00000000575a1000 	/System/Library/Frameworks/CoreText.framework/Versions/A/CoreText
0x00000000575a1000 	/System/Library/Frameworks/ImageIO.framework/Versions/A/ImageIO
0x00000000575a1000 	/System/Library/PrivateFrameworks/Backup.framework/Versions/A/Backup
0x00000000575a1000 	/usr/lib/libarchive.2.dylib
0x00000000575a1000 	/System/Library/Frameworks/CFNetwork.framework/Versions/A/CFNetwork
0x00000000575a1000 	/System/Library/Frameworks/SystemConfiguration.framework/Versions/A/SystemConfiguration
0x00000000575a1000 	/usr/lib/libCRFSuite.dylib
0x00000000575a1000 	/usr/lib/libc++.1.dylib
0x00000000575a1000 	/usr/lib/libc++abi.dylib
0x00000000575a1000 	/usr/lib/system/libcache.dylib
0x00000000575a1000 	/usr/lib/system/libcommonCrypto.dylib
0x00000000575a1000 	/usr/lib/system/libcompiler_rt.dylib
0x00000000575a1000 	/usr/lib/system/libcopyfile.dylib
0x00000000575a1000 	/usr/lib/system/libcorecrypto.dylib
0x00000000575a1000 	/usr/lib/system/libdispatch.dylib
0x00000000575a1000 	/usr/lib/system/libdyld.dylib
0x00000000575a1000 	/usr/lib/system/libkeymgr.dylib
0x00000000575a1000 	/usr/lib/system/liblaunch.dylib
0x00000000575a1000 	/usr/lib/system/libmacho.dylib
0x00000000575a1000 	/usr/lib/system/libquarantine.dylib
0x00000000575a1000 	/usr/lib/system/libremovefile.dylib
0x00000000575a1000 	/usr/lib/system/libsystem_asl.dylib
0x00000000575a1000 	/usr/lib/system/libsystem_blocks.dylib
0x00000000575a1000 	/usr/lib/system/libsystem_c.dylib
0x00000000575a1000 	/usr/lib/system/libsystem_configuration.dylib
0x00000000575a1000 	/usr/lib/system/libsystem_coreservices.dylib
0x00000000575a1000 	/usr/lib/system/libsystem_coretls.dylib
0x00000000575a1000 	/usr/lib/system/libsystem_dnssd.dylib
0x00000000575a1000 	/usr/lib/system/libsystem_info.dylib
0x00000000575a1000 	/usr/lib/system/libsystem_kernel.dylib
0x00000000575a1000 	/usr/lib/system/libsystem_m.dylib
0x00000000575a1000 	/usr/lib/system/libsystem_malloc.dylib
0x00000000575a1000 	/usr/lib/system/libsystem_network.dylib
0x00000000575a1000 	/usr/lib/system/libsystem_networkextension.dylib
0x00000000575a1000 	/usr/lib/system/libsystem_notify.dylib
0x00000000575a1000 	/usr/lib/system/libsystem_platform.dylib
0x00000000575a1000 	/usr/lib/system/libsystem_pthread.dylib
0x00000000575a1000 	/usr/lib/system/libsystem_sandbox.dylib
0x00000000575a1000 	/usr/lib/system/libsystem_secinit.dylib
0x00000000575a1000 	/usr/lib/system/libsystem_symptoms.dylib
0x00000000575a1000 	/usr/lib/system/libsystem_trace.dylib
0x00000000575a1000 	/usr/lib/system/libunwind.dylib
0x00000000575a1000 	/usr/lib/system/libxpc.dylib
0x00000000575a1000 	/usr/lib/libbsm.0.dylib
0x00000000575a1000 	/usr/lib/system/libkxld.dylib
0x00000000575a1000 	/usr/lib/libcoretls.dylib
0x00000000575a1000 	/usr/lib/libcoretls_cfhelpers.dylib
0x00000000575a1000 	/usr/lib/libxar.1.dylib
0x00000000575a1000 	/usr/lib/libsqlite3.dylib
0x00000000575a1000 	/usr/lib/libpam.2.dylib
0x00000000575a1000 	/usr/lib/libOpenScriptingUtil.dylib
0x00000000575a1000 	/usr/lib/libbz2.1.0.dylib
0x00000000575a1000 	/usr/lib/liblzma.5.dylib
0x00000000575a1000 	/usr/lib/libnetwork.dylib
0x00000000575a1000 	/usr/lib/libpcap.A.dylib
0x00000000575a1000 	/System/Library/Frameworks/CoreServices.framework/Versions/A/Frameworks/FSEvents.framework/Versions/A/FSEvents
0x00000000575a1000 	/System/Library/Frameworks/CoreServices.framework/Versions/A/Frameworks/CarbonCore.framework/Versions/A/CarbonCore
0x00000000575a1000 	/System/Library/Frameworks/CoreServices.framework/Versions/A/Frameworks/Metadata.framework/Versions/A/Metadata
0x00000000575a1000 	/System/Library/Frameworks/CoreServices.framework/Versions/A/Frameworks/OSServices.framework/Versions/A/OSServices
0x00000000575a1000 	/System/Library/Frameworks/CoreServices.framework/Versions/A/Frameworks/SearchKit.framework/Versions/A/SearchKit
0x00000000575a1000 	/System/Library/Frameworks/CoreServices.framework/Versions/A/Frameworks/AE.framework/Versions/A/AE
0x00000000575a1000 	/System/Library/Frameworks/CoreServices.framework/Versions/A/Frameworks/LaunchServices.framework/Versions/A/LaunchServices
0x00000000575a1000 	/System/Library/Frameworks/CoreServices.framework/Versions/A/Frameworks/DictionaryServices.framework/Versions/A/DictionaryServices
0x00000000575a1000 	/System/Library/Frameworks/CoreServices.framework/Versions/A/Frameworks/SharedFileList.framework/Versions/A/SharedFileList
0x00000000575a1000 	/System/Library/Frameworks/NetFS.framework/Versions/A/NetFS
0x00000000575a1000 	/System/Library/PrivateFrameworks/NetAuth.framework/Versions/A/NetAuth
0x00000000575a1000 	/System/Library/PrivateFrameworks/login.framework/Versions/A/Frameworks/loginsupport.framework/Versions/A/loginsupport
0x00000000575a1000 	/System/Library/PrivateFrameworks/TCC.framework/Versions/A/TCC
0x00000000575a1000 	/usr/lib/libmecabra.dylib
0x00000000575a1000 	/System/Library/Frameworks/ApplicationServices.framework/Versions/A/Frameworks/ATS.framework/Versions/A/ATS
0x00000000575a1000 	/System/Library/Frameworks/ApplicationServices.framework/Versions/A/Frameworks/ColorSync.framework/Versions/A/ColorSync
0x00000000575a1000 	/System/Library/Frameworks/ApplicationServices.framework/Versions/A/Frameworks/HIServices.framework/Versions/A/HIServices
0x00000000575a1000 	/System/Library/Frameworks/ApplicationServices.framework/Versions/A/Frameworks/LangAnalysis.framework/Versions/A/LangAnalysis
0x00000000575a1000 	/System/Library/Frameworks/ApplicationServices.framework/Versions/A/Frameworks/PrintCore.framework/Versions/A/PrintCore
0x00000000575a1000 	/System/Library/Frameworks/ApplicationServices.framework/Versions/A/Frameworks/QD.framework/Versions/A/QD
0x00000000575a1000 	/System/Library/Frameworks/ApplicationServices.framework/Versions/A/Frameworks/SpeechSynthesis.framework/Versions/A/SpeechSynthesis
0x00000000575a1000 	/System/Library/Frameworks/Accelerate.framework/Versions/A/Frameworks/vImage.framework/Versions/A/vImage
0x00000000575a1000 	/System/Library/Frameworks/Accelerate.framework/Versions/A/Frameworks/vecLib.framework/Versions/A/vecLib
0x00000000575a1000 	/System/Library/Frameworks/Accelerate.framework/Versions/A/Frameworks/vecLib.framework/Versions/A/libvDSP.dylib
0x00000000575a1000 	/System/Library/Frameworks/Accelerate.framework/Versions/A/Frameworks/vecLib.framework/Versions/A/libBNNS.dylib
0x00000000575a1000 	/System/Library/Frameworks/Accelerate.framework/Versions/A/Frameworks/vecLib.framework/Versions/A/libQuadrature.dylib
0x00000000575a1000 	/System/Library/Frameworks/Accelerate.framework/Versions/A/Frameworks/vecLib.framework/Versions/A/libvMisc.dylib
0x00000000575a1000 	/System/Library/Frameworks/Accelerate.framework/Versions/A/Frameworks/vecLib.framework/Versions/A/libLAPACK.dylib
0x00000000575a1000 	/System/Library/Frameworks/Accelerate.framework/Versions/A/Frameworks/vecLib.framework/Versions/A/libBLAS.dylib
0x00000000575a1000 	/System/Library/Frameworks/Accelerate.framework/Versions/A/Frameworks/vecLib.framework/Versions/A/libLinearAlgebra.dylib
0x00000000575a1000 	/System/Library/Frameworks/Accelerate.framework/Versions/A/Frameworks/vecLib.framework/Versions/A/libSparseBLAS.dylib
0x00000000575a1000 	/System/Library/Frameworks/ApplicationServices.framework/Versions/A/Frameworks/ATS.framework/Versions/A/Resources/libFontParser.dylib
0x00000000575a1000 	/System/Library/Frameworks/ApplicationServices.framework/Versions/A/Frameworks/ATS.framework/Versions/A/Resources/libFontRegistry.dylib
0x00000000575a1000 	/System/Library/Frameworks/ImageIO.framework/Versions/A/Resources/libJPEG.dylib
0x00000000575a1000 	/System/Library/Frameworks/ImageIO.framework/Versions/A/Resources/libTIFF.dylib
0x00000000575a1000 	/System/Library/Frameworks/ImageIO.framework/Versions/A/Resources/libPng.dylib
0x00000000575a1000 	/System/Library/Frameworks/ImageIO.framework/Versions/A/Resources/libGIF.dylib
0x00000000575a1000 	/System/Library/Frameworks/ImageIO.framework/Versions/A/Resources/libJP2.dylib
0x00000000575a1000 	/System/Library/Frameworks/ImageIO.framework/Versions/A/Resources/libRadiance.dylib
0x00000000575a1000 	/usr/lib/libcompression.dylib
0x00000000575a1000 	/System/Library/PrivateFrameworks/AppleJPEG.framework/Versions/A/AppleJPEG
0x00000000575a1000 	/usr/lib/libcups.2.dylib
0x00000000575a1000 	/System/Library/Frameworks/Kerberos.framework/Versions/A/Kerberos
0x00000000575a1000 	/System/Library/Frameworks/GSS.framework/Versions/A/GSS
0x00000000575a1000 	/usr/lib/libresolv.9.dylib
0x00000000575a1000 	/usr/lib/libiconv.2.dylib
0x00000000575a1000 	/System/Library/PrivateFrameworks/Heimdal.framework/Versions/A/Heimdal
0x00000000575a1000 	/usr/lib/libheimdal-asn1.dylib
0x00000000575a1000 	/System/Library/Frameworks/OpenDirectory.framework/Versions/A/OpenDirectory
0x00000000575a1000 	/System/Library/PrivateFrameworks/CommonAuth.framework/Versions/A/CommonAuth
0x00000000575a1000 	/System/Library/Frameworks/OpenDirectory.framework/Versions/A/Frameworks/CFOpenDirectory.framework/Versions/A/CFOpenDirectory
0x00000000575a1000 	/System/Library/Frameworks/SecurityFoundation.framework/Versions/A/SecurityFoundation
0x00000000575a1000 	/System/Library/PrivateFrameworks/LanguageModeling.framework/Versions/A/LanguageModeling
0x00000000575a1000 	/usr/lib/libmarisa.dylib
0x00000000575a1000 	/usr/lib/libChineseTokenizer.dylib
0x00000000575a1000 	/usr/lib/libcmph.dylib
0x00000000575a1000 	/System/Library/PrivateFrameworks/CoreEmoji.framework/Versions/A/CoreEmoji
0x00000000575a1000 	/System/Library/Frameworks/ServiceManagement.framework/Versions/A/ServiceManagement
0x00000000575a1000 	/usr/lib/libxslt.1.dylib
0x00000000575a1000 	/System/Library/Frameworks/Carbon.framework/Versions/A/Frameworks/Ink.framework/Versions/A/Ink
0x00000000575a1000 	/System/Library/PrivateFrameworks/TextureIO.framework/Versions/A/TextureIO
0x00000000575a1000 	/System/Library/Frameworks/Metal.framework/Versions/A/Metal
0x00000000575a1000 	/usr/lib/libate.dylib
0x00000000575a1000 	/System/Library/PrivateFrameworks/GPUCompiler.framework/libmetal_timestamp.dylib
0x00000000575a1000 	/System/Library/Frameworks/OpenGL.framework/Versions/A/Libraries/libCoreFSCache.dylib
0x00000000575a1000 	/System/Library/PrivateFrameworks/IOAccelerator.framework/Versions/A/IOAccelerator
0x00000000575a1000 	/System/Library/Frameworks/CoreVideo.framework/Versions/A/CoreVideo
0x00000000575a1000 	/usr/lib/libFosl_dynamic.dylib
0x00000000575a1000 	/System/Library/PrivateFrameworks/MetalPerformanceShaders.framework/Versions/A/MetalPerformanceShaders
0x00000000575a1000 	/System/Library/PrivateFrameworks/FaceCore.framework/Versions/A/FaceCore
0x00000000575a1000 	/System/Library/Frameworks/OpenCL.framework/Versions/A/OpenCL
0x00000000575a1000 	/System/Library/Frameworks/OpenGL.framework/Versions/A/Libraries/libGLU.dylib
0x00000000575a1000 	/System/Library/Frameworks/OpenGL.framework/Versions/A/Libraries/libGFXShared.dylib
0x00000000575a1000 	/System/Library/Frameworks/OpenGL.framework/Versions/A/Libraries/libGL.dylib
0x00000000575a1000 	/System/Library/Frameworks/OpenGL.framework/Versions/A/Libraries/libGLImage.dylib
0x00000000575a1000 	/System/Library/Frameworks/OpenGL.framework/Versions/A/Libraries/libCVMSPluginSupport.dylib
0x00000000575a1000 	/System/Library/Frameworks/OpenGL.framework/Versions/A/Libraries/libCoreVMClient.dylib
0x00000000575a1000 	/System/Library/PrivateFrameworks/CrashReporterSupport.framework/Versions/A/CrashReporterSupport
0x00000000575a1000 	/System/Library/PrivateFrameworks/Sharing.framework/Versions/A/Sharing
0x00000000575a1000 	/System/Library/PrivateFrameworks/IconServices.framework/Versions/A/IconServices
0x00000000575a1000 	/System/Library/PrivateFrameworks/ProtocolBuffer.framework/Versions/A/ProtocolBuffer
0x00000000575a1000 	/System/Library/PrivateFrameworks/Apple80211.framework/Versions/A/Apple80211
0x00000000575a1000 	/System/Library/Frameworks/CoreWLAN.framework/Versions/A/CoreWLAN
0x00000000575a1000 	/System/Library/PrivateFrameworks/CoreUtils.framework/Versions/A/CoreUtils
0x00000000575a1000 	/System/Library/Frameworks/IOBluetooth.framework/Versions/A/IOBluetooth
0x00000000575a1000 	/System/Library/PrivateFrameworks/CoreWiFi.framework/Versions/A/CoreWiFi
0x00000000575a1000 	/System/Library/Frameworks/CoreBluetooth.framework/Versions/A/CoreBluetooth
0x00000000575a1000 	/System/Library/Frameworks/CoreDisplay.framework/Versions/A/CoreDisplay
0x00000000575a1000 	/System/Library/PrivateFrameworks/IOPresentment.framework/Versions/A/IOPresentment
0x00000000575a1000 	/System/Library/PrivateFrameworks/DebugSymbols.framework/Versions/A/DebugSymbols
0x00000000575a1000 	/System/Library/PrivateFrameworks/CoreSymbolication.framework/Versions/A/CoreSymbolication
0x00000000575a1000 	/System/Library/PrivateFrameworks/Symbolication.framework/Versions/A/Symbolication
0x00000000575a1000 	/System/Library/PrivateFrameworks/AppleFSCompression.framework/Versions/A/AppleFSCompression
0x00000000575a1000 	/System/Library/PrivateFrameworks/SpeechRecognitionCore.framework/Versions/A/SpeechRecognitionCore
0x00000000575a1000 	/System/Library/PrivateFrameworks/ChunkingLibrary.framework/Versions/A/ChunkingLibrary
0x000000010b400000 	/Library/Java/JavaVirtualMachines/jdk1.8.0_144.jdk/Contents/Home/jre/lib/server/libjvm.dylib
0x00000000575a1000 	/usr/lib/libstdc++.6.dylib
0x0000000109b93000 	/Library/Java/JavaVirtualMachines/jdk1.8.0_144.jdk/Contents/Home/jre/lib/libverify.dylib
0x0000000109ba1000 	/Library/Java/JavaVirtualMachines/jdk1.8.0_144.jdk/Contents/Home/jre/lib/libjava.dylib
0x0000000109be0000 	/Library/Java/JavaVirtualMachines/jdk1.8.0_144.jdk/Contents/Home/jre/lib/libzip.dylib
0x000000011fcc3000 	/System/Library/Frameworks/JavaVM.framework/Frameworks/JavaRuntimeSupport.framework/JavaRuntimeSupport
0x000000010a207000 	/System/Library/Frameworks/JavaVM.framework/Versions/A/Frameworks/JavaNativeFoundation.framework/Versions/A/JavaNativeFoundation
0x000000010a3ed000 	/System/Library/Frameworks/JavaVM.framework/Versions/A/JavaVM
0x00000000575a1000 	/System/Library/Frameworks/Carbon.framework/Versions/A/Carbon
0x000000011fcdd000 	/System/Library/PrivateFrameworks/JavaLaunching.framework/Versions/A/JavaLaunching
0x00000000575a1000 	/System/Library/Frameworks/Carbon.framework/Versions/A/Frameworks/CommonPanels.framework/Versions/A/CommonPanels
0x00000000575a1000 	/System/Library/Frameworks/Carbon.framework/Versions/A/Frameworks/Help.framework/Versions/A/Help
0x00000000575a1000 	/System/Library/Frameworks/Carbon.framework/Versions/A/Frameworks/ImageCapture.framework/Versions/A/ImageCapture
0x00000000575a1000 	/System/Library/Frameworks/Carbon.framework/Versions/A/Frameworks/OpenScripting.framework/Versions/A/OpenScripting
0x00000000575a1000 	/System/Library/Frameworks/Carbon.framework/Versions/A/Frameworks/Print.framework/Versions/A/Print
0x00000000575a1000 	/System/Library/Frameworks/Carbon.framework/Versions/A/Frameworks/SecurityHI.framework/Versions/A/SecurityHI
0x00000001215fb000 	/Library/Java/JavaVirtualMachines/jdk1.8.0_144.jdk/Contents/Home/jre/lib/libnet.dylib
0x000000012165a000 	/Library/Java/JavaVirtualMachines/jdk1.8.0_144.jdk/Contents/Home/jre/lib/libnio.dylib
0x0000000122738000 	/Library/Java/JavaVirtualMachines/jdk1.8.0_144.jdk/Contents/Home/jre/lib/libmanagement.dylib
0x0000000122746000 	/Users/jasmina/ABH/eRestoran/target/jnotify/native_libraries/64bits/libjnotify.jnilib
0x0000000122075000 	/Library/Java/JavaVirtualMachines/jdk1.8.0_144.jdk/Contents/Home/jre/lib/libsunec.dylib

VM Arguments:
jvm_args: -Dfile.encoding=UTF8 -Djline.terminal=none -Dsbt.log.noformat=true -Dsbt.global.base=/private/var/folders/96/cw4ykw9n6z1d7rb_n0k307400000gn/T/sbt-global-pluginstub -Xms512M -Xmx1024M -Xss1M -XX:+CMSClassUnloadingEnabled -XX:MaxPermSize=256M 
java_command: xsbt.boot.Boot project root run
java_class_path (initial): /Users/jasmina/Library/Application Support/IntelliJIdea2017.2/Scala/launcher/sbt-launch.jar
Launcher Type: SUN_STANDARD

Environment Variables:
PATH=/usr/local/opt/node@6/bin:/usr/local/bin:/usr/bin:/bin:/usr/sbin:/sbin
SHELL=/bin/bash

Signal Handlers:
SIGSEGV: [libjvm.dylib+0x5b26e5], sa_mask[0]=11111111011111110111111111111111, sa_flags=SA_ONSTACK|SA_RESTART|SA_SIGINFO
SIGBUS: [libjvm.dylib+0x5b26e5], sa_mask[0]=11111111011111110111111111111111, sa_flags=SA_RESTART|SA_SIGINFO
SIGFPE: [libjvm.dylib+0x489100], sa_mask[0]=11111111011111110111111111111111, sa_flags=SA_RESTART|SA_SIGINFO
SIGPIPE: [libjvm.dylib+0x489100], sa_mask[0]=11111111011111110111111111111111, sa_flags=SA_RESTART|SA_SIGINFO
SIGXFSZ: [libjvm.dylib+0x489100], sa_mask[0]=11111111011111110111111111111111, sa_flags=SA_RESTART|SA_SIGINFO
SIGILL: [libjvm.dylib+0x489100], sa_mask[0]=11111111011111110111111111111111, sa_flags=SA_RESTART|SA_SIGINFO
SIGUSR1: SIG_DFL, sa_mask[0]=00000000000000000000000000000000, sa_flags=none
SIGUSR2: [libjvm.dylib+0x488c1e], sa_mask[0]=00100000000000000000000000000000, sa_flags=SA_RESTART|SA_SIGINFO
SIGHUP: [libjvm.dylib+0x4871f5], sa_mask[0]=11111111011111110111111111111111, sa_flags=SA_RESTART|SA_SIGINFO
SIGINT: [libjvm.dylib+0x4871f5], sa_mask[0]=11111111011111110111111111111111, sa_flags=SA_RESTART|SA_SIGINFO
SIGTERM: [libjvm.dylib+0x4871f5], sa_mask[0]=11111111011111110111111111111111, sa_flags=SA_RESTART|SA_SIGINFO
SIGQUIT: [libjvm.dylib+0x4871f5], sa_mask[0]=11111111011111110111111111111111, sa_flags=SA_RESTART|SA_SIGINFO


---------------  S Y S T E M  ---------------

OS:Bsduname:Darwin 16.1.0 Darwin Kernel Version 16.1.0: Wed Oct 19 20:31:56 PDT 2016; root:xnu-3789.21.4~4/RELEASE_X86_64 x86_64
rlimit: STACK 8192k, CORE 0k, NPROC 709, NOFILE 10240, AS infinity
load average:2.53 2.37 2.46

CPU:total 8 (initial active 8) (4 cores per cpu, 2 threads per core) family 6 model 70 stepping 1, cmov, cx8, fxsr, mmx, sse, sse2, sse3, ssse3, sse4.1, sse4.2, popcnt, avx, avx2, aes, clmul, erms, lzcnt, ht, tsc, tscinvbit, bmi1, bmi2

Memory: 4k page, physical 8388608k(237360k free)

/proc/meminfo:


vm_info: Java HotSpot(TM) 64-Bit Server VM (25.144-b01) for bsd-amd64 JRE (1.8.0_144-b01), built on Jul 21 2017 22:07:42 by "java_re" with gcc 4.2.1 (Based on Apple Inc. build 5658) (LLVM build 2336.11.00)

time: Fri Oct 20 15:55:08 2017
elapsed time: 6482 seconds (0d 1h 48m 2s)

