#
# A fatal error has been detected by the Java Runtime Environment:
#
#  SIGSEGV (0xb) at pc=0x00000001090a8a1e, pid=764, tid=0x0000000000006d03
#
# JRE version: Java(TM) SE Runtime Environment (8.0_144-b01) (build 1.8.0_144-b01)
# Java VM: Java HotSpot(TM) 64-Bit Server VM (25.144-b01 mixed mode bsd-amd64 compressed oops)
# Problematic frame:
# J 7696 C2 java.io.File.<init>(Ljava/lang/String;)V (47 bytes) @ 0x00000001090a8a1e [0x00000001090a89e0+0x3e]
#
# Failed to write core dump. Core dumps have been disabled. To enable core dumping, try "ulimit -c unlimited" before starting Java again
#
# If you would like to submit a bug report, please visit:
#   http://bugreport.java.com/bugreport/crash.jsp
#

---------------  T H R E A D  ---------------

Current thread (0x00007ffbc600f000):  JavaThread "FSEvent thread" daemon [_thread_in_Java, id=27907, stack(0x0000700005fdb000,0x00007000060db000)]

siginfo: si_signo: 11 (SIGSEGV), si_code: 1 (SEGV_MAPERR), si_addr: 0x00000003c75918a4

Registers:
RAX=0x000000075a4da2e0, RBX=0x000000075a4da1c0, RCX=0x0000000000000000, RDX=0x00000003c7591898
RSP=0x00007000060d4030, RBP=0x00007000060d42a8, RSI=0x000000075a4da2e0, RDI=0x0000000128ee6f08
R8 =0x0000000000000567, R9 =0x0000000640009978, R10=0x00000000032280d7, R11=0x0000000101d67000
R12=0x0000000000000000, R13=0x000000010b84ecf4, R14=0x00007000060d4070, R15=0x00007ffbc600f000
RIP=0x00000001090a8a1e, EFLAGS=0x0000000000010202, ERR=0x0000000000000004
  TRAPNO=0x000000000000000e

Top of Stack: (sp=0x00007000060d4030)
0x00007000060d4030:   0000000128ee50b0 000000075a4da2e0
0x00007000060d4040:   0000000128ee4a58 0000000000000000
0x00007000060d4050:   00007000060d4080 00007000060d42a8
0x00007000060d4060:   000000010b84ecf4 000000000000000f
0x00007000060d4070:   00007000060d42a8 000000010b84f164
0x00007000060d4080:   0000000000000000 0000000000000000
0x00007000060d4090:   0000000000000000 0000000756cd01d8
0x00007000060d40a0:   0000000000000020 00000007c0000208
0x00007000060d40b0:   00007000060d40f0 000000075a25d628
0x00007000060d40c0:   00007000060d4110 0000000103d9e98c
0x00007000060d40d0:   000000075a25d628 0000000756cd01d8
0x00007000060d40e0:   0000000000000078 0000000000000c00
0x00007000060d40f0:   00007ffbc600f000 0000000759c91828
0x00007000060d4100:   0000000756cd01d8 0000000000000000
0x00007000060d4110:   00000000ead9a03f 0000000756cd01d8
0x00007000060d4120:   0000000000000000 0000000642d49438
0x00007000060d4130:   000000075a4da1f0 000000075a4da1c0
0x00007000060d4140:   000000075a4da2e0 00007000060d4170
0x00007000060d4150:   0000000128e7a928 0000000000000000
0x00007000060d4160:   00000006447eef50 00000006447627a0
0x00007000060d4170:   00000006447627a0 0000000000000000
0x00007000060d4180:   0000000000000007 00000006447627a0
0x00007000060d4190:   000000075a4da1c0 000000064501ae10
0x00007000060d41a0:   0000000000000000 00007000060d41f8
0x00007000060d41b0:   00007000060d4390 0000000108121854
0x00007000060d41c0:   0000000107192e50 0000000000000000
0x00007000060d41d0:   00007000060d41f8 00007000060d4240
0x00007000060d41e0:   0000000107f5e2bd 0000000000000000
0x00007000060d41f0:   0000000000000000 000000064501ae10
0x00007000060d4200:   00007000060d4200 000000012765e65f
0x00007000060d4210:   00007000060d4260 0000000128edb028
0x00007000060d4220:   0000000000000000 000000012765e698 

Instructions: (pc=0x00000001090a8a1e)
0x00000001090a89fe:   66 90 89 84 24 00 c0 fe ff 55 48 83 ec 40 48 89
0x00000001090a8a0e:   74 24 08 44 89 66 14 48 85 d2 0f 84 7d 02 00 00
0x00000001090a8a1e:   44 8b 4a 0c 47 8b 5c cc 0c 48 bd 00 70 d6 01 01
0x00000001090a8a2e:   00 00 00 45 85 db 0f 8e 0d 02 00 00 45 85 db 0f 

Register to memory mapping:

RAX=0x000000075a4da2e0 is an oop
java.io.File 
 - klass: 'java/io/File'
RBX=0x000000075a4da1c0 is an oop
net.contentobjects.jnotify.macosx.JNotifyAdapterMacOSX$ScanJob 
 - klass: 'net/contentobjects/jnotify/macosx/JNotifyAdapterMacOSX$ScanJob'
RCX=0x0000000000000000 is an unknown value
RDX=0x00000003c7591898 is an unknown value
RSP=0x00007000060d4030 is pointing into the stack for thread: 0x00007ffbc600f000
RBP=0x00007000060d42a8 is pointing into the stack for thread: 0x00007ffbc600f000
RSI=0x000000075a4da2e0 is an oop
java.io.File 
 - klass: 'java/io/File'
RDI=0x0000000128ee6f08 is pointing into metadata
R8 =0x0000000000000567 is an unknown value
R9 =0x0000000640009978 is an oop
java.lang.Integer 
 - klass: 'java/lang/Integer'
R10=0x00000000032280d7 is an unknown value
R11=0x0000000101d67000 is an unknown value
R12=0x0000000000000000 is an unknown value
R13=0x000000010b84ecf4 is at entry_point+1204 in (nmethod*)0x000000010b84de90
R14=0x00007000060d4070 is pointing into the stack for thread: 0x00007ffbc600f000
R15=0x00007ffbc600f000 is a thread


Stack: [0x0000700005fdb000,0x00007000060db000],  sp=0x00007000060d4030,  free space=996k
Native frames: (J=compiled Java code, j=interpreted, Vv=VM code, C=native code)
J 7696 C2 java.io.File.<init>(Ljava/lang/String;)V (47 bytes) @ 0x00000001090a8a1e [0x00000001090a89e0+0x3e]
J 23837 C1 net.contentobjects.jnotify.macosx.JNotifyAdapterMacOSX.batchEndEvent(I)V (815 bytes) @ 0x000000010b84f164 [0x000000010b84e840+0x924]
j  net.contentobjects.jnotify.macosx.JNotifyAdapterMacOSX$1.batchEnd(I)V+5
j  net.contentobjects.jnotify.macosx.JNotify_macosx.callbackInBatch(IZ)V+26
v  ~StubRoutines::call_stub
V  [libjvm.dylib+0x2ee70a]  JavaCalls::call_helper(JavaValue*, methodHandle*, JavaCallArguments*, Thread*)+0x6ae
V  [libjvm.dylib+0x3258b9]  jni_invoke_nonstatic(JNIEnv_*, JavaValue*, _jobject*, JNICallType, _jmethodID*, JNI_ArgumentPusher*, Thread*)+0x2ec
V  [libjvm.dylib+0x318087]  jni_CallVoidMethod+0x16b
C  [libjnotify.jnilib+0x1585]  fsevent_callback+0x115
C  [FSEvents+0x3b03]  implementation_callback_rpc+0x75b
C  [FSEvents+0x1702]  _Xcallback_rpc+0xfe
C  [FSEvents+0x17c9]  FSEventsD2F_server+0x37
C  [FSEvents+0x6fed]  FSEventsClientProcessMessageCallback+0x2c
C  [CoreFoundation+0x9030d]  __CFMachPortPerform+0xfd
C  [CoreFoundation+0x901f9]  __CFRUNLOOP_IS_CALLING_OUT_TO_A_SOURCE1_PERFORM_FUNCTION__+0x29
C  [CoreFoundation+0x90171]  __CFRunLoopDoSource1+0x1d1
C  [CoreFoundation+0x880c5]  __CFRunLoopRun+0x955
C  [CoreFoundation+0x87514]  CFRunLoopRunSpecific+0x1a4
C  [CoreFoundation+0xc6bb1]  CFRunLoopRun+0x61
j  net.contentobjects.jnotify.macosx.JNotify_macosx.nativeNotifyLoop()V+0
j  net.contentobjects.jnotify.macosx.JNotify_macosx.access$400()V+0
j  net.contentobjects.jnotify.macosx.JNotify_macosx$1.run()V+65
v  ~StubRoutines::call_stub
V  [libjvm.dylib+0x2ee70a]  JavaCalls::call_helper(JavaValue*, methodHandle*, JavaCallArguments*, Thread*)+0x6ae
V  [libjvm.dylib+0x2eeeae]  JavaCalls::call_virtual(JavaValue*, KlassHandle, Symbol*, Symbol*, JavaCallArguments*, Thread*)+0x164
V  [libjvm.dylib+0x2ef05a]  JavaCalls::call_virtual(JavaValue*, Handle, KlassHandle, Symbol*, Symbol*, Thread*)+0x4a
V  [libjvm.dylib+0x3497b1]  thread_entry(JavaThread*, Thread*)+0x7c
V  [libjvm.dylib+0x56c0b3]  JavaThread::thread_main_inner()+0x9b
V  [libjvm.dylib+0x56d7a0]  JavaThread::run()+0x1c2
V  [libjvm.dylib+0x48baee]  java_start(Thread*)+0xf6
C  [libsystem_pthread.dylib+0x3aab]  _pthread_body+0xb4
C  [libsystem_pthread.dylib+0x39f7]  _pthread_body+0x0
C  [libsystem_pthread.dylib+0x3221]  thread_start+0xd
C  0x0000000000000000


---------------  P R O C E S S  ---------------

Java Threads: ( => current thread )
  0x00007ffbc8d1d000 JavaThread "play-dev-mode-akka.actor.default-dispatcher-52" [_thread_blocked, id=36715, stack(0x000070000700b000,0x000070000710b000)]
  0x00007ffbc97c1800 JavaThread "play-dev-mode-akka.actor.default-dispatcher-51" [_thread_blocked, id=33659, stack(0x0000700006f08000,0x0000700007008000)]
  0x00007ffbc97ef800 JavaThread "ForkJoinPool.commonPool-worker-5" daemon [_thread_blocked, id=4459, stack(0x0000700003ff8000,0x00007000040f8000)]
  0x00007ffbcc538000 JavaThread "play-dev-mode-akka.actor.default-dispatcher-49" [_thread_blocked, id=4911, stack(0x0000700007211000,0x0000700007311000)]
  0x00007ffbca1cb800 JavaThread "play-dev-mode-akka.actor.default-dispatcher-48" [_thread_blocked, id=30771, stack(0x000070000710e000,0x000070000720e000)]
  0x00007ffbc8b3e000 JavaThread "play-dev-mode-akka.actor.default-dispatcher-46" [_thread_blocked, id=33895, stack(0x00007000066f0000,0x00007000067f0000)]
  0x00007ffbca7cb000 JavaThread "play-dev-mode-akka.actor.default-dispatcher-44" [_thread_blocked, id=35903, stack(0x0000700005bcf000,0x0000700005ccf000)]
  0x00007ffbccf48800 JavaThread "play-dev-mode-akka.actor.default-dispatcher-43" [_thread_blocked, id=37975, stack(0x0000700005acc000,0x0000700005bcc000)]
  0x00007ffbca551000 JavaThread "play-dev-mode-akka.actor.default-dispatcher-42" [_thread_blocked, id=25915, stack(0x00007000059c9000,0x0000700005ac9000)]
  0x00007ffbcc237000 JavaThread "PostgreSQL-JDBC-SharedTimer-3" daemon [_thread_blocked, id=38207, stack(0x00007000068f6000,0x00007000069f6000)]
  0x00007ffbcc802800 JavaThread "com.google.common.base.internal.Finalizer" daemon [_thread_blocked, id=37395, stack(0x00007000063e7000,0x00007000064e7000)]
  0x00007ffbca2f6800 JavaThread "HikariPool-1 housekeeper" daemon [_thread_blocked, id=34059, stack(0x00007000067f3000,0x00007000068f3000)]
  0x00007ffbc97e4000 JavaThread "application-akka.actor.default-dispatcher-4" [_thread_blocked, id=30475, stack(0x00007000065ed000,0x00007000066ed000)]
  0x00007ffbca3e6000 JavaThread "application-scheduler-1" [_thread_blocked, id=32015, stack(0x00007000062e4000,0x00007000063e4000)]
  0x00007ffbc949f800 JavaThread "__DEFAULT__" daemon [_thread_blocked, id=33035, stack(0x00007000061e1000,0x00007000062e1000)]
  0x00007ffbc83be800 JavaThread "AsyncAppender-Worker-ASYNCSTDOUT" daemon [_thread_blocked, id=32531, stack(0x00007000060de000,0x00007000061de000)]
  0x00007ffbcbe3f000 JavaThread "AsyncAppender-Worker-ASYNCFILE" daemon [_thread_blocked, id=30995, stack(0x00007000058c6000,0x00007000059c6000)]
  0x00007ffbcb746800 JavaThread "play-dev-mode-akka.io.pinned-dispatcher-5" [_thread_in_native, id=5383, stack(0x0000700005cd2000,0x0000700005dd2000)]
  0x00007ffbcab9a000 JavaThread "play-dev-mode-scheduler-1" [_thread_blocked, id=24343, stack(0x00007000056c0000,0x00007000057c0000)]
  0x00007ffbcd1ef800 JavaThread "reloader-timer" daemon [_thread_blocked, id=26887, stack(0x00007000055bd000,0x00007000056bd000)]
=>0x00007ffbc600f000 JavaThread "FSEvent thread" daemon [_thread_in_Java, id=27907, stack(0x0000700005fdb000,0x00007000060db000)]
  0x00007ffbcc458800 JavaThread "pool-4-thread-6" [_thread_in_native, id=27395, stack(0x0000700005ed8000,0x0000700005fd8000)]
  0x00007ffbcbd40000 JavaThread "sbt-web-akka.actor.default-dispatcher-4" [_thread_blocked, id=26127, stack(0x00007000057c3000,0x00007000058c3000)]
  0x00007ffbcc511000 JavaThread "sbt-web-scheduler-1" [_thread_blocked, id=24847, stack(0x00007000054ba000,0x00007000055ba000)]
  0x00007ffbc880a800 JavaThread "Service Thread" daemon [_thread_blocked, id=21251, stack(0x00007000052b4000,0x00007000053b4000)]
  0x00007ffbc5816000 JavaThread "C1 CompilerThread3" daemon [_thread_blocked, id=20739, stack(0x00007000051b1000,0x00007000052b1000)]
  0x00007ffbc5815000 JavaThread "C2 CompilerThread2" daemon [_thread_blocked, id=20227, stack(0x00007000050ae000,0x00007000051ae000)]
  0x00007ffbc5814800 JavaThread "C2 CompilerThread1" daemon [_thread_in_native, id=19715, stack(0x0000700004fab000,0x00007000050ab000)]
  0x00007ffbc5813000 JavaThread "C2 CompilerThread0" daemon [_thread_in_native, id=19203, stack(0x0000700004ea8000,0x0000700004fa8000)]
  0x00007ffbc5811000 JavaThread "Signal Dispatcher" daemon [_thread_blocked, id=18691, stack(0x0000700004da5000,0x0000700004ea5000)]
  0x00007ffbc900c800 JavaThread "Finalizer" daemon [_thread_blocked, id=14595, stack(0x0000700004ca2000,0x0000700004da2000)]
  0x00007ffbc9009800 JavaThread "Reference Handler" daemon [_thread_blocked, id=14083, stack(0x0000700004b9f000,0x0000700004c9f000)]
  0x00007ffbc8001800 JavaThread "main" [_thread_blocked, id=7171, stack(0x0000700004181000,0x0000700004281000)]

Other Threads:
  0x00007ffbc5838000 VMThread [stack: 0x0000700004a9c000,0x0000700004b9c000] [id=13571]
  0x00007ffbc882d800 WatcherThread [stack: 0x00007000053b7000,0x00007000054b7000] [id=21763]

VM state:not at safepoint (normal execution)

VM Mutex/Monitor currently owned by a thread: None

Heap:
 PSYoungGen      total 1552896K, used 713517K [0x0000000740000000, 0x00000007c0000000, 0x00000007c0000000)
  eden space 1006592K, 42% used [0x0000000740000000,0x000000075a63b7e8,0x000000077d700000)
  from space 546304K, 51% used [0x000000079ea80000,0x00000007afd10000,0x00000007c0000000)
  to   space 544256K, 0% used [0x000000077d700000,0x000000077d700000,0x000000079ea80000)
 ParOldGen       total 2485248K, used 1068871K [0x0000000640000000, 0x00000006d7b00000, 0x0000000740000000)
  object space 2485248K, 43% used [0x0000000640000000,0x00000006813d1e90,0x00000006d7b00000)
 Metaspace       used 165502K, capacity 174521K, committed 175448K, reserved 1198080K
  class space    used 25542K, capacity 26247K, committed 26456K, reserved 1048576K

Card table byte_map: [0x0000000104f67000,0x0000000105b68000] byte_map_base: 0x0000000101d67000

Marking Bits: (ParMarkBitMap*) 0x00000001044f35d0
 Begin Bits: [0x0000000116f56000, 0x000000011cf56000)
 End Bits:   [0x000000011cf56000, 0x0000000122f56000)

Polling page: 0x0000000102ad9000

CodeCache: size=245760Kb used=58175Kb max_used=58189Kb free=187584Kb
 bounds [0x0000000107f56000, 0x000000010b876000, 0x0000000116f56000]
 total_blobs=20420 nmethods=19664 adapters=664
 compilation: enabled

Compilation events (10 events):
Event: 5606.853 Thread 0x00007ffbc5814800 23840 % !   4       net.contentobjects.jnotify.macosx.JNotifyAdapterMacOSX$WatchData::scan @ 796 (979 bytes)
Event: 5606.934 Thread 0x00007ffbc5814800 nmethod 23840% 0x000000010b869dd0 code [0x000000010b86a1c0, 0x000000010b86d340]
Event: 5606.977 Thread 0x00007ffbc5815000 23841 %     4       net.contentobjects.jnotify.macosx.JNotifyAdapterMacOSX::batchEndEvent @ 588 (815 bytes)
Event: 5607.028 Thread 0x00007ffbc5815000 nmethod 23841% 0x000000010b870b50 code [0x000000010b870e80, 0x000000010b8729c8]
Event: 5608.226 Thread 0x00007ffbc5813000 23842   !   4       net.contentobjects.jnotify.macosx.JNotifyAdapterMacOSX$WatchData::scan (979 bytes)
Event: 5608.226 Thread 0x00007ffbc5814800 23843       4       java.util.TreeSet::size (10 bytes)
Event: 5608.226 Thread 0x00007ffbc5815000 23844       4       java.util.TreeSet::remove (22 bytes)
Event: 5608.227 Thread 0x00007ffbc5814800 nmethod 23843 0x000000010b6c6f50 code [0x000000010b6c70a0, 0x000000010b6c7138]
Event: 5608.233 Thread 0x00007ffbc5815000 nmethod 23844 0x000000010b869290 code [0x000000010b869420, 0x000000010b8698f8]
Event: 5608.299 Thread 0x00007ffbc5814800 23845 %     4       net.contentobjects.jnotify.macosx.JNotifyAdapterMacOSX::batchEndEvent @ 559 (815 bytes)

GC Heap History (10 events):
Event: 5524.566 GC heap before
{Heap before GC invocations=163 (full 35):
 PSYoungGen      total 1568768K, used 224K [0x0000000740000000, 0x00000007c0000000, 0x00000007c0000000)
  eden space 1037312K, 0% used [0x0000000740000000,0x0000000740000000,0x000000077f500000)
  from space 531456K, 0% used [0x000000079f900000,0x000000079f938000,0x00000007c0000000)
  to   space 528384K, 0% used [0x000000077f500000,0x000000077f500000,0x000000079f900000)
 ParOldGen       total 2485248K, used 350206K [0x0000000640000000, 0x00000006d7b00000, 0x0000000740000000)
  object space 2485248K, 14% used [0x0000000640000000,0x00000006555ff980,0x00000006d7b00000)
 Metaspace       used 165420K, capacity 174521K, committed 175448K, reserved 1198080K
  class space    used 25542K, capacity 26247K, committed 26456K, reserved 1048576K
Event: 5524.952 GC heap after
Heap after GC invocations=163 (full 35):
 PSYoungGen      total 1568768K, used 0K [0x0000000740000000, 0x00000007c0000000, 0x00000007c0000000)
  eden space 1037312K, 0% used [0x0000000740000000,0x0000000740000000,0x000000077f500000)
  from space 531456K, 0% used [0x000000079f900000,0x000000079f900000,0x00000007c0000000)
  to   space 528384K, 0% used [0x000000077f500000,0x000000077f500000,0x000000079f900000)
 ParOldGen       total 2485248K, used 349934K [0x0000000640000000, 0x00000006d7b00000, 0x0000000740000000)
  object space 2485248K, 14% used [0x0000000640000000,0x00000006555bbb10,0x00000006d7b00000)
 Metaspace       used 165420K, capacity 174521K, committed 175448K, reserved 1198080K
  class space    used 25542K, capacity 26247K, committed 26456K, reserved 1048576K
}
Event: 5535.897 GC heap before
{Heap before GC invocations=164 (full 35):
 PSYoungGen      total 1568768K, used 1037312K [0x0000000740000000, 0x00000007c0000000, 0x00000007c0000000)
  eden space 1037312K, 100% used [0x0000000740000000,0x000000077f500000,0x000000077f500000)
  from space 531456K, 0% used [0x000000079f900000,0x000000079f900000,0x00000007c0000000)
  to   space 528384K, 0% used [0x000000077f500000,0x000000077f500000,0x000000079f900000)
 ParOldGen       total 2485248K, used 349934K [0x0000000640000000, 0x00000006d7b00000, 0x0000000740000000)
  object space 2485248K, 14% used [0x0000000640000000,0x00000006555bbb10,0x00000006d7b00000)
 Metaspace       used 165430K, capacity 174521K, committed 175448K, reserved 1198080K
  class space    used 25542K, capacity 26247K, committed 26456K, reserved 1048576K
Event: 5536.033 GC heap after
Heap after GC invocations=164 (full 35):
 PSYoungGen      total 1132544K, used 95162K [0x0000000740000000, 0x00000007bcf00000, 0x00000007c0000000)
  eden space 1037312K, 0% used [0x0000000740000000,0x0000000740000000,0x000000077f500000)
  from space 95232K, 99% used [0x000000077f500000,0x00000007851eea60,0x0000000785200000)
  to   space 504832K, 0% used [0x000000079e200000,0x000000079e200000,0x00000007bcf00000)
 ParOldGen       total 2485248K, used 349934K [0x0000000640000000, 0x00000006d7b00000, 0x0000000740000000)
  object space 2485248K, 14% used [0x0000000640000000,0x00000006555bbb10,0x00000006d7b00000)
 Metaspace       used 165430K, capacity 174521K, committed 175448K, reserved 1198080K
  class space    used 25542K, capacity 26247K, committed 26456K, reserved 1048576K
}
Event: 5538.708 GC heap before
{Heap before GC invocations=165 (full 35):
 PSYoungGen      total 1132544K, used 1132474K [0x0000000740000000, 0x00000007bcf00000, 0x00000007c0000000)
  eden space 1037312K, 100% used [0x0000000740000000,0x000000077f500000,0x000000077f500000)
  from space 95232K, 99% used [0x000000077f500000,0x00000007851eea60,0x0000000785200000)
  to   space 504832K, 0% used [0x000000079e200000,0x000000079e200000,0x00000007bcf00000)
 ParOldGen       total 2485248K, used 349934K [0x0000000640000000, 0x00000006d7b00000, 0x0000000740000000)
  object space 2485248K, 14% used [0x0000000640000000,0x00000006555bbb10,0x00000006d7b00000)
 Metaspace       used 165430K, capacity 174521K, committed 175448K, reserved 1198080K
  class space    used 25542K, capacity 26247K, committed 26456K, reserved 1048576K
Event: 5539.077 GC heap after
Heap after GC invocations=165 (full 35):
 PSYoungGen      total 1531392K, used 283020K [0x0000000740000000, 0x00000007c0000000, 0x00000007c0000000)
  eden space 1026560K, 0% used [0x0000000740000000,0x0000000740000000,0x000000077ea80000)
  from space 504832K, 56% used [0x000000079e200000,0x00000007af6632b0,0x00000007bcf00000)
  to   space 515584K, 0% used [0x000000077ea80000,0x000000077ea80000,0x000000079e200000)
 ParOldGen       total 2485248K, used 432954K [0x0000000640000000, 0x00000006d7b00000, 0x0000000740000000)
  object space 2485248K, 17% used [0x0000000640000000,0x000000065a6cebe0,0x00000006d7b00000)
 Metaspace       used 165430K, capacity 174521K, committed 175448K, reserved 1198080K
  class space    used 25542K, capacity 26247K, committed 26456K, reserved 1048576K
}
Event: 5541.948 GC heap before
{Heap before GC invocations=166 (full 35):
 PSYoungGen      total 1531392K, used 1309580K [0x0000000740000000, 0x00000007c0000000, 0x00000007c0000000)
  eden space 1026560K, 100% used [0x0000000740000000,0x000000077ea80000,0x000000077ea80000)
  from space 504832K, 56% used [0x000000079e200000,0x00000007af6632b0,0x00000007bcf00000)
  to   space 515584K, 0% used [0x000000077ea80000,0x000000077ea80000,0x000000079e200000)
 ParOldGen       total 2485248K, used 432954K [0x0000000640000000, 0x00000006d7b00000, 0x0000000740000000)
  object space 2485248K, 17% used [0x0000000640000000,0x000000065a6cebe0,0x00000006d7b00000)
 Metaspace       used 165430K, capacity 174521K, committed 175448K, reserved 1198080K
  class space    used 25542K, capacity 26247K, committed 26456K, reserved 1048576K
Event: 5542.635 GC heap after
Heap after GC invocations=166 (full 35):
 PSYoungGen      total 1542144K, used 348160K [0x0000000740000000, 0x00000007c0000000, 0x00000007c0000000)
  eden space 1026560K, 0% used [0x0000000740000000,0x0000000740000000,0x000000077ea80000)
  from space 515584K, 67% used [0x000000077ea80000,0x0000000793e80000,0x000000079e200000)
  to   space 546304K, 0% used [0x000000079ea80000,0x000000079ea80000,0x00000007c0000000)
 ParOldGen       total 2485248K, used 716591K [0x0000000640000000, 0x00000006d7b00000, 0x0000000740000000)
  object space 2485248K, 28% used [0x0000000640000000,0x000000066bbcbe90,0x00000006d7b00000)
 Metaspace       used 165430K, capacity 174521K, committed 175448K, reserved 1198080K
  class space    used 25542K, capacity 26247K, committed 26456K, reserved 1048576K
}
Event: 5555.684 GC heap before
{Heap before GC invocations=167 (full 35):
 PSYoungGen      total 1542144K, used 1374720K [0x0000000740000000, 0x00000007c0000000, 0x00000007c0000000)
  eden space 1026560K, 100% used [0x0000000740000000,0x000000077ea80000,0x000000077ea80000)
  from space 515584K, 67% used [0x000000077ea80000,0x0000000793e80000,0x000000079e200000)
  to   space 546304K, 0% used [0x000000079ea80000,0x000000079ea80000,0x00000007c0000000)
 ParOldGen       total 2485248K, used 716591K [0x0000000640000000, 0x00000006d7b00000, 0x0000000740000000)
  object space 2485248K, 28% used [0x0000000640000000,0x000000066bbcbe90,0x00000006d7b00000)
 Metaspace       used 165430K, capacity 174521K, committed 175448K, reserved 1198080K
  class space    used 25542K, capacity 26247K, committed 26456K, reserved 1048576K
Event: 5556.396 GC heap after
Heap after GC invocations=167 (full 35):
 PSYoungGen      total 1552896K, used 281152K [0x0000000740000000, 0x00000007c0000000, 0x00000007c0000000)
  eden space 1006592K, 0% used [0x0000000740000000,0x0000000740000000,0x000000077d700000)
  from space 546304K, 51% used [0x000000079ea80000,0x00000007afd10000,0x00000007c0000000)
  to   space 544256K, 0% used [0x000000077d700000,0x000000077d700000,0x000000079ea80000)
 ParOldGen       total 2485248K, used 1068871K [0x0000000640000000, 0x00000006d7b00000, 0x0000000740000000)
  object space 2485248K, 43% used [0x0000000640000000,0x00000006813d1e90,0x00000006d7b00000)
 Metaspace       used 165430K, capacity 174521K, committed 175448K, reserved 1198080K
  class space    used 25542K, capacity 26247K, committed 26456K, reserved 1048576K
}

Deoptimization events (10 events):
Event: 3971.067 Thread 0x00007ffbca551000 Uncommon trap: reason=unstable_if action=reinterpret pc=0x000000010b543654 method=akka.dispatch.forkjoin.ForkJoinPool.scan(Lakka/dispatch/forkjoin/ForkJoinPool$WorkQueue;)Lakka/dispatch/forkjoin/ForkJoinTask; @ 182
Event: 4119.129 Thread 0x00007ffbca76e000 Uncommon trap: reason=unstable_if action=reinterpret pc=0x000000010b5fd840 method=akka.dispatch.forkjoin.ForkJoinPool.scan(Lakka/dispatch/forkjoin/ForkJoinPool$WorkQueue;)Lakka/dispatch/forkjoin/ForkJoinTask; @ 204
Event: 4175.362 Thread 0x00007ffbcaf12000 Uncommon trap: reason=unstable_if action=reinterpret pc=0x000000010b635d18 method=akka.dispatch.forkjoin.ForkJoinPool.scan(Lakka/dispatch/forkjoin/ForkJoinPool$WorkQueue;)Lakka/dispatch/forkjoin/ForkJoinTask; @ 638
Event: 4175.362 Thread 0x00007ffbcc36a800 Uncommon trap: reason=unstable_if action=reinterpret pc=0x000000010b635d18 method=akka.dispatch.forkjoin.ForkJoinPool.scan(Lakka/dispatch/forkjoin/ForkJoinPool$WorkQueue;)Lakka/dispatch/forkjoin/ForkJoinTask; @ 638
Event: 4604.189 Thread 0x00007ffbca7f5800 Uncommon trap: reason=unstable_if action=reinterpret pc=0x000000010b0fb45c method=java.util.concurrent.SynchronousQueue$TransferStack.shouldSpin(Ljava/util/concurrent/SynchronousQueue$TransferStack$SNode;)Z @ 11
Event: 4705.671 Thread 0x00007ffbcb084000 Uncommon trap: reason=unstable_if action=reinterpret pc=0x000000010b678614 method=akka.dispatch.forkjoin.ForkJoinPool.scan(Lakka/dispatch/forkjoin/ForkJoinPool$WorkQueue;)Lakka/dispatch/forkjoin/ForkJoinTask; @ 329
Event: 5214.756 Thread 0x00007ffbc8ca1000 Uncommon trap: reason=unstable_if action=reinterpret pc=0x00000001080d2130 method=java.util.concurrent.SynchronousQueue$TransferStack.shouldSpin(Ljava/util/concurrent/SynchronousQueue$TransferStack$SNode;)Z @ 11
Event: 5290.682 Thread 0x00007ffbc97ef800 Uncommon trap: reason=unstable_if action=reinterpret pc=0x000000010b57d0c4 method=java.lang.ThreadLocal$ThreadLocalMap.set(Ljava/lang/ThreadLocal;Ljava/lang/Object;)V @ 119
Event: 5604.144 Thread 0x00007ffbc600f000 Uncommon trap: reason=unstable_if action=reinterpret pc=0x000000010a64cfb0 method=net.contentobjects.jnotify.macosx.JNotifyAdapterMacOSX$WatchData.scan(Ljava/io/File;ZLnet/contentobjects/jnotify/macosx/JNotifyAdapterMacOSX$JNEvents;)V @ 48
Event: 5608.229 Thread 0x00007ffbc600f000 Uncommon trap: reason=unstable_if action=reinterpret pc=0x000000010b86c6c4 method=net.contentobjects.jnotify.macosx.JNotifyAdapterMacOSX$WatchData.scan(Ljava/io/File;ZLnet/contentobjects/jnotify/macosx/JNotifyAdapterMacOSX$JNEvents;)V @ 765

Internal exceptions (10 events):
Event: 5568.341 Thread 0x00007ffbca7cb000 Exception <a 'java/lang/ArrayIndexOutOfBoundsException'> (0x00000007527ab698) thrown at [/Users/java_re/workspace/8-2-build-macosx-x86_64/jdk8u144/9417/hotspot/src/share/vm/runtime/sharedRuntime.cpp, line 605]
Event: 5568.342 Thread 0x00007ffbca7cb000 Exception <a 'java/lang/ArrayIndexOutOfBoundsException'> (0x00000007527af240) thrown at [/Users/java_re/workspace/8-2-build-macosx-x86_64/jdk8u144/9417/hotspot/src/share/vm/runtime/sharedRuntime.cpp, line 605]
Event: 5568.342 Thread 0x00007ffbca7cb000 Exception <a 'java/lang/ArrayIndexOutOfBoundsException'> (0x00000007527b2bb8) thrown at [/Users/java_re/workspace/8-2-build-macosx-x86_64/jdk8u144/9417/hotspot/src/share/vm/runtime/sharedRuntime.cpp, line 605]
Event: 5568.342 Thread 0x00007ffbca7cb000 Exception <a 'java/lang/ArrayIndexOutOfBoundsException'> (0x00000007527b6928) thrown at [/Users/java_re/workspace/8-2-build-macosx-x86_64/jdk8u144/9417/hotspot/src/share/vm/runtime/sharedRuntime.cpp, line 605]
Event: 5568.342 Thread 0x00007ffbca7cb000 Exception <a 'java/lang/ArrayIndexOutOfBoundsException'> (0x00000007527ba2d0) thrown at [/Users/java_re/workspace/8-2-build-macosx-x86_64/jdk8u144/9417/hotspot/src/share/vm/runtime/sharedRuntime.cpp, line 605]
Event: 5568.343 Thread 0x00007ffbca7cb000 Exception <a 'java/lang/ArrayIndexOutOfBoundsException'> (0x00000007527bdc98) thrown at [/Users/java_re/workspace/8-2-build-macosx-x86_64/jdk8u144/9417/hotspot/src/share/vm/runtime/sharedRuntime.cpp, line 605]
Event: 5568.343 Thread 0x00007ffbca7cb000 Exception <a 'java/lang/ArrayIndexOutOfBoundsException'> (0x00000007527c1398) thrown at [/Users/java_re/workspace/8-2-build-macosx-x86_64/jdk8u144/9417/hotspot/src/share/vm/runtime/sharedRuntime.cpp, line 605]
Event: 5568.343 Thread 0x00007ffbca7cb000 Exception <a 'java/lang/ArrayIndexOutOfBoundsException'> (0x00000007527c5938) thrown at [/Users/java_re/workspace/8-2-build-macosx-x86_64/jdk8u144/9417/hotspot/src/share/vm/runtime/sharedRuntime.cpp, line 605]
Event: 5568.343 Thread 0x00007ffbca7cb000 Exception <a 'java/lang/ArrayIndexOutOfBoundsException'> (0x00000007527c9c48) thrown at [/Users/java_re/workspace/8-2-build-macosx-x86_64/jdk8u144/9417/hotspot/src/share/vm/runtime/sharedRuntime.cpp, line 605]
Event: 5604.142 Thread 0x00007ffbc600f000 Implicit null exception at 0x000000010a647589 to 0x000000010a64cf75

Events (10 events):
Event: 5607.059 Executing VM operation: RevokeBias
Event: 5607.059 Executing VM operation: RevokeBias done
Event: 5607.059 Thread 0x00007ffbc97e3000 Thread exited: 0x00007ffbc97e3000
Event: 5608.226 Thread 0x00007ffbc600f000 DEOPT PACKING pc=0x000000010b83e526 sp=0x00007000060d3d80
Event: 5608.226 Thread 0x00007ffbc600f000 DEOPT UNPACKING pc=0x0000000107f9d633 sp=0x00007000060d3cf8 mode 0
Event: 5608.229 Thread 0x00007ffbc600f000 Uncommon trap: trap_request=0xffffff65 fr.pc=0x000000010b86c6c4
Event: 5608.229 Thread 0x00007ffbc600f000 DEOPT PACKING pc=0x000000010b86c6c4 sp=0x00007000060d3fd0
Event: 5608.229 Thread 0x00007ffbc600f000 DEOPT UNPACKING pc=0x0000000107f5b229 sp=0x00007000060d3f80 mode 2
Event: 5608.301 Thread 0x00007ffbc600f000 DEOPT PACKING pc=0x000000010b855333 sp=0x00007000060d4080
Event: 5608.302 Thread 0x00007ffbc600f000 DEOPT UNPACKING pc=0x0000000107f9d633 sp=0x00007000060d3f10 mode 0


Dynamic libraries:
0x0000000056d2c000 	/System/Library/Frameworks/Cocoa.framework/Versions/A/Cocoa
0x0000000056d2c000 	/System/Library/Frameworks/Security.framework/Versions/A/Security
0x0000000056d2c000 	/System/Library/Frameworks/ApplicationServices.framework/Versions/A/ApplicationServices
0x0000000056d2c000 	/usr/lib/libz.1.dylib
0x0000000056d2c000 	/usr/lib/libSystem.B.dylib
0x0000000056d2c000 	/usr/lib/libobjc.A.dylib
0x0000000056d2c000 	/System/Library/Frameworks/CoreFoundation.framework/Versions/A/CoreFoundation
0x0000000056d2c000 	/System/Library/Frameworks/Foundation.framework/Versions/C/Foundation
0x0000000056d2c000 	/System/Library/Frameworks/AppKit.framework/Versions/C/AppKit
0x0000000056d2c000 	/System/Library/Frameworks/CoreData.framework/Versions/A/CoreData
0x0000000056d2c000 	/System/Library/PrivateFrameworks/RemoteViewServices.framework/Versions/A/RemoteViewServices
0x0000000056d2c000 	/System/Library/PrivateFrameworks/UIFoundation.framework/Versions/A/UIFoundation
0x0000000056d2c000 	/System/Library/PrivateFrameworks/DFRFoundation.framework/Versions/A/DFRFoundation
0x0000000056d2c000 	/usr/lib/libenergytrace.dylib
0x0000000056d2c000 	/System/Library/PrivateFrameworks/SkyLight.framework/Versions/A/SkyLight
0x0000000056d2c000 	/System/Library/Frameworks/CoreGraphics.framework/Versions/A/CoreGraphics
0x0000000056d2c000 	/usr/lib/libScreenReader.dylib
0x0000000056d2c000 	/System/Library/Frameworks/Accelerate.framework/Versions/A/Accelerate
0x0000000056d2c000 	/System/Library/Frameworks/IOSurface.framework/Versions/A/IOSurface
0x0000000056d2c000 	/System/Library/Frameworks/AudioToolbox.framework/Versions/A/AudioToolbox
0x0000000056d2c000 	/System/Library/Frameworks/AudioUnit.framework/Versions/A/AudioUnit
0x0000000056d2c000 	/System/Library/PrivateFrameworks/DataDetectorsCore.framework/Versions/A/DataDetectorsCore
0x0000000056d2c000 	/System/Library/PrivateFrameworks/DesktopServicesPriv.framework/Versions/A/DesktopServicesPriv
0x0000000056d2c000 	/System/Library/Frameworks/Carbon.framework/Versions/A/Frameworks/HIToolbox.framework/Versions/A/HIToolbox
0x0000000056d2c000 	/usr/lib/libicucore.A.dylib
0x0000000056d2c000 	/System/Library/Frameworks/QuartzCore.framework/Versions/A/QuartzCore
0x0000000056d2c000 	/System/Library/Frameworks/Carbon.framework/Versions/A/Frameworks/SpeechRecognition.framework/Versions/A/SpeechRecognition
0x0000000056d2c000 	/usr/lib/libauto.dylib
0x0000000056d2c000 	/usr/lib/libxml2.2.dylib
0x0000000056d2c000 	/System/Library/PrivateFrameworks/CoreUI.framework/Versions/A/CoreUI
0x0000000056d2c000 	/System/Library/Frameworks/CoreAudio.framework/Versions/A/CoreAudio
0x0000000056d2c000 	/System/Library/Frameworks/DiskArbitration.framework/Versions/A/DiskArbitration
0x0000000056d2c000 	/usr/lib/liblangid.dylib
0x0000000056d2c000 	/System/Library/PrivateFrameworks/MultitouchSupport.framework/Versions/A/MultitouchSupport
0x0000000056d2c000 	/System/Library/Frameworks/IOKit.framework/Versions/A/IOKit
0x0000000056d2c000 	/usr/lib/libDiagnosticMessagesClient.dylib
0x0000000056d2c000 	/System/Library/Frameworks/CoreServices.framework/Versions/A/CoreServices
0x0000000056d2c000 	/System/Library/PrivateFrameworks/PerformanceAnalysis.framework/Versions/A/PerformanceAnalysis
0x0000000056d2c000 	/System/Library/PrivateFrameworks/GenerationalStorage.framework/Versions/A/GenerationalStorage
0x0000000056d2c000 	/System/Library/Frameworks/OpenGL.framework/Versions/A/OpenGL
0x0000000056d2c000 	/System/Library/Frameworks/CoreImage.framework/Versions/A/CoreImage
0x0000000056d2c000 	/System/Library/Frameworks/CoreText.framework/Versions/A/CoreText
0x0000000056d2c000 	/System/Library/Frameworks/ImageIO.framework/Versions/A/ImageIO
0x0000000056d2c000 	/System/Library/PrivateFrameworks/Backup.framework/Versions/A/Backup
0x0000000056d2c000 	/usr/lib/libarchive.2.dylib
0x0000000056d2c000 	/System/Library/Frameworks/CFNetwork.framework/Versions/A/CFNetwork
0x0000000056d2c000 	/System/Library/Frameworks/SystemConfiguration.framework/Versions/A/SystemConfiguration
0x0000000056d2c000 	/usr/lib/libCRFSuite.dylib
0x0000000056d2c000 	/usr/lib/libc++.1.dylib
0x0000000056d2c000 	/usr/lib/libc++abi.dylib
0x0000000056d2c000 	/usr/lib/system/libcache.dylib
0x0000000056d2c000 	/usr/lib/system/libcommonCrypto.dylib
0x0000000056d2c000 	/usr/lib/system/libcompiler_rt.dylib
0x0000000056d2c000 	/usr/lib/system/libcopyfile.dylib
0x0000000056d2c000 	/usr/lib/system/libcorecrypto.dylib
0x0000000056d2c000 	/usr/lib/system/libdispatch.dylib
0x0000000056d2c000 	/usr/lib/system/libdyld.dylib
0x0000000056d2c000 	/usr/lib/system/libkeymgr.dylib
0x0000000056d2c000 	/usr/lib/system/liblaunch.dylib
0x0000000056d2c000 	/usr/lib/system/libmacho.dylib
0x0000000056d2c000 	/usr/lib/system/libquarantine.dylib
0x0000000056d2c000 	/usr/lib/system/libremovefile.dylib
0x0000000056d2c000 	/usr/lib/system/libsystem_asl.dylib
0x0000000056d2c000 	/usr/lib/system/libsystem_blocks.dylib
0x0000000056d2c000 	/usr/lib/system/libsystem_c.dylib
0x0000000056d2c000 	/usr/lib/system/libsystem_configuration.dylib
0x0000000056d2c000 	/usr/lib/system/libsystem_coreservices.dylib
0x0000000056d2c000 	/usr/lib/system/libsystem_coretls.dylib
0x0000000056d2c000 	/usr/lib/system/libsystem_dnssd.dylib
0x0000000056d2c000 	/usr/lib/system/libsystem_info.dylib
0x0000000056d2c000 	/usr/lib/system/libsystem_kernel.dylib
0x0000000056d2c000 	/usr/lib/system/libsystem_m.dylib
0x0000000056d2c000 	/usr/lib/system/libsystem_malloc.dylib
0x0000000056d2c000 	/usr/lib/system/libsystem_network.dylib
0x0000000056d2c000 	/usr/lib/system/libsystem_networkextension.dylib
0x0000000056d2c000 	/usr/lib/system/libsystem_notify.dylib
0x0000000056d2c000 	/usr/lib/system/libsystem_platform.dylib
0x0000000056d2c000 	/usr/lib/system/libsystem_pthread.dylib
0x0000000056d2c000 	/usr/lib/system/libsystem_sandbox.dylib
0x0000000056d2c000 	/usr/lib/system/libsystem_secinit.dylib
0x0000000056d2c000 	/usr/lib/system/libsystem_symptoms.dylib
0x0000000056d2c000 	/usr/lib/system/libsystem_trace.dylib
0x0000000056d2c000 	/usr/lib/system/libunwind.dylib
0x0000000056d2c000 	/usr/lib/system/libxpc.dylib
0x0000000056d2c000 	/usr/lib/libbsm.0.dylib
0x0000000056d2c000 	/usr/lib/system/libkxld.dylib
0x0000000056d2c000 	/usr/lib/libcoretls.dylib
0x0000000056d2c000 	/usr/lib/libcoretls_cfhelpers.dylib
0x0000000056d2c000 	/usr/lib/libxar.1.dylib
0x0000000056d2c000 	/usr/lib/libsqlite3.dylib
0x0000000056d2c000 	/usr/lib/libpam.2.dylib
0x0000000056d2c000 	/usr/lib/libOpenScriptingUtil.dylib
0x0000000056d2c000 	/usr/lib/libbz2.1.0.dylib
0x0000000056d2c000 	/usr/lib/liblzma.5.dylib
0x0000000056d2c000 	/usr/lib/libnetwork.dylib
0x0000000056d2c000 	/usr/lib/libpcap.A.dylib
0x0000000056d2c000 	/System/Library/Frameworks/CoreServices.framework/Versions/A/Frameworks/FSEvents.framework/Versions/A/FSEvents
0x0000000056d2c000 	/System/Library/Frameworks/CoreServices.framework/Versions/A/Frameworks/CarbonCore.framework/Versions/A/CarbonCore
0x0000000056d2c000 	/System/Library/Frameworks/CoreServices.framework/Versions/A/Frameworks/Metadata.framework/Versions/A/Metadata
0x0000000056d2c000 	/System/Library/Frameworks/CoreServices.framework/Versions/A/Frameworks/OSServices.framework/Versions/A/OSServices
0x0000000056d2c000 	/System/Library/Frameworks/CoreServices.framework/Versions/A/Frameworks/SearchKit.framework/Versions/A/SearchKit
0x0000000056d2c000 	/System/Library/Frameworks/CoreServices.framework/Versions/A/Frameworks/AE.framework/Versions/A/AE
0x0000000056d2c000 	/System/Library/Frameworks/CoreServices.framework/Versions/A/Frameworks/LaunchServices.framework/Versions/A/LaunchServices
0x0000000056d2c000 	/System/Library/Frameworks/CoreServices.framework/Versions/A/Frameworks/DictionaryServices.framework/Versions/A/DictionaryServices
0x0000000056d2c000 	/System/Library/Frameworks/CoreServices.framework/Versions/A/Frameworks/SharedFileList.framework/Versions/A/SharedFileList
0x0000000056d2c000 	/System/Library/Frameworks/NetFS.framework/Versions/A/NetFS
0x0000000056d2c000 	/System/Library/PrivateFrameworks/NetAuth.framework/Versions/A/NetAuth
0x0000000056d2c000 	/System/Library/PrivateFrameworks/login.framework/Versions/A/Frameworks/loginsupport.framework/Versions/A/loginsupport
0x0000000056d2c000 	/System/Library/PrivateFrameworks/TCC.framework/Versions/A/TCC
0x0000000056d2c000 	/usr/lib/libmecabra.dylib
0x0000000056d2c000 	/System/Library/Frameworks/ApplicationServices.framework/Versions/A/Frameworks/ATS.framework/Versions/A/ATS
0x0000000056d2c000 	/System/Library/Frameworks/ApplicationServices.framework/Versions/A/Frameworks/ColorSync.framework/Versions/A/ColorSync
0x0000000056d2c000 	/System/Library/Frameworks/ApplicationServices.framework/Versions/A/Frameworks/HIServices.framework/Versions/A/HIServices
0x0000000056d2c000 	/System/Library/Frameworks/ApplicationServices.framework/Versions/A/Frameworks/LangAnalysis.framework/Versions/A/LangAnalysis
0x0000000056d2c000 	/System/Library/Frameworks/ApplicationServices.framework/Versions/A/Frameworks/PrintCore.framework/Versions/A/PrintCore
0x0000000056d2c000 	/System/Library/Frameworks/ApplicationServices.framework/Versions/A/Frameworks/QD.framework/Versions/A/QD
0x0000000056d2c000 	/System/Library/Frameworks/ApplicationServices.framework/Versions/A/Frameworks/SpeechSynthesis.framework/Versions/A/SpeechSynthesis
0x0000000056d2c000 	/System/Library/Frameworks/Accelerate.framework/Versions/A/Frameworks/vImage.framework/Versions/A/vImage
0x0000000056d2c000 	/System/Library/Frameworks/Accelerate.framework/Versions/A/Frameworks/vecLib.framework/Versions/A/vecLib
0x0000000056d2c000 	/System/Library/Frameworks/Accelerate.framework/Versions/A/Frameworks/vecLib.framework/Versions/A/libvDSP.dylib
0x0000000056d2c000 	/System/Library/Frameworks/Accelerate.framework/Versions/A/Frameworks/vecLib.framework/Versions/A/libBNNS.dylib
0x0000000056d2c000 	/System/Library/Frameworks/Accelerate.framework/Versions/A/Frameworks/vecLib.framework/Versions/A/libQuadrature.dylib
0x0000000056d2c000 	/System/Library/Frameworks/Accelerate.framework/Versions/A/Frameworks/vecLib.framework/Versions/A/libvMisc.dylib
0x0000000056d2c000 	/System/Library/Frameworks/Accelerate.framework/Versions/A/Frameworks/vecLib.framework/Versions/A/libLAPACK.dylib
0x0000000056d2c000 	/System/Library/Frameworks/Accelerate.framework/Versions/A/Frameworks/vecLib.framework/Versions/A/libBLAS.dylib
0x0000000056d2c000 	/System/Library/Frameworks/Accelerate.framework/Versions/A/Frameworks/vecLib.framework/Versions/A/libLinearAlgebra.dylib
0x0000000056d2c000 	/System/Library/Frameworks/Accelerate.framework/Versions/A/Frameworks/vecLib.framework/Versions/A/libSparseBLAS.dylib
0x0000000056d2c000 	/System/Library/Frameworks/ApplicationServices.framework/Versions/A/Frameworks/ATS.framework/Versions/A/Resources/libFontParser.dylib
0x0000000056d2c000 	/System/Library/Frameworks/ApplicationServices.framework/Versions/A/Frameworks/ATS.framework/Versions/A/Resources/libFontRegistry.dylib
0x0000000056d2c000 	/System/Library/Frameworks/ImageIO.framework/Versions/A/Resources/libJPEG.dylib
0x0000000056d2c000 	/System/Library/Frameworks/ImageIO.framework/Versions/A/Resources/libTIFF.dylib
0x0000000056d2c000 	/System/Library/Frameworks/ImageIO.framework/Versions/A/Resources/libPng.dylib
0x0000000056d2c000 	/System/Library/Frameworks/ImageIO.framework/Versions/A/Resources/libGIF.dylib
0x0000000056d2c000 	/System/Library/Frameworks/ImageIO.framework/Versions/A/Resources/libJP2.dylib
0x0000000056d2c000 	/System/Library/Frameworks/ImageIO.framework/Versions/A/Resources/libRadiance.dylib
0x0000000056d2c000 	/usr/lib/libcompression.dylib
0x0000000056d2c000 	/System/Library/PrivateFrameworks/AppleJPEG.framework/Versions/A/AppleJPEG
0x0000000056d2c000 	/usr/lib/libcups.2.dylib
0x0000000056d2c000 	/System/Library/Frameworks/Kerberos.framework/Versions/A/Kerberos
0x0000000056d2c000 	/System/Library/Frameworks/GSS.framework/Versions/A/GSS
0x0000000056d2c000 	/usr/lib/libresolv.9.dylib
0x0000000056d2c000 	/usr/lib/libiconv.2.dylib
0x0000000056d2c000 	/System/Library/PrivateFrameworks/Heimdal.framework/Versions/A/Heimdal
0x0000000056d2c000 	/usr/lib/libheimdal-asn1.dylib
0x0000000056d2c000 	/System/Library/Frameworks/OpenDirectory.framework/Versions/A/OpenDirectory
0x0000000056d2c000 	/System/Library/PrivateFrameworks/CommonAuth.framework/Versions/A/CommonAuth
0x0000000056d2c000 	/System/Library/Frameworks/OpenDirectory.framework/Versions/A/Frameworks/CFOpenDirectory.framework/Versions/A/CFOpenDirectory
0x0000000056d2c000 	/System/Library/Frameworks/SecurityFoundation.framework/Versions/A/SecurityFoundation
0x0000000056d2c000 	/System/Library/PrivateFrameworks/LanguageModeling.framework/Versions/A/LanguageModeling
0x0000000056d2c000 	/usr/lib/libmarisa.dylib
0x0000000056d2c000 	/usr/lib/libChineseTokenizer.dylib
0x0000000056d2c000 	/usr/lib/libcmph.dylib
0x0000000056d2c000 	/System/Library/PrivateFrameworks/CoreEmoji.framework/Versions/A/CoreEmoji
0x0000000056d2c000 	/System/Library/Frameworks/ServiceManagement.framework/Versions/A/ServiceManagement
0x0000000056d2c000 	/usr/lib/libxslt.1.dylib
0x0000000056d2c000 	/System/Library/Frameworks/Carbon.framework/Versions/A/Frameworks/Ink.framework/Versions/A/Ink
0x0000000056d2c000 	/System/Library/PrivateFrameworks/TextureIO.framework/Versions/A/TextureIO
0x0000000056d2c000 	/System/Library/Frameworks/Metal.framework/Versions/A/Metal
0x0000000056d2c000 	/usr/lib/libate.dylib
0x0000000056d2c000 	/System/Library/PrivateFrameworks/GPUCompiler.framework/libmetal_timestamp.dylib
0x0000000056d2c000 	/System/Library/Frameworks/OpenGL.framework/Versions/A/Libraries/libCoreFSCache.dylib
0x0000000056d2c000 	/System/Library/PrivateFrameworks/IOAccelerator.framework/Versions/A/IOAccelerator
0x0000000056d2c000 	/System/Library/Frameworks/CoreVideo.framework/Versions/A/CoreVideo
0x0000000056d2c000 	/usr/lib/libFosl_dynamic.dylib
0x0000000056d2c000 	/System/Library/PrivateFrameworks/MetalPerformanceShaders.framework/Versions/A/MetalPerformanceShaders
0x0000000056d2c000 	/System/Library/PrivateFrameworks/FaceCore.framework/Versions/A/FaceCore
0x0000000056d2c000 	/System/Library/Frameworks/OpenCL.framework/Versions/A/OpenCL
0x0000000056d2c000 	/System/Library/Frameworks/OpenGL.framework/Versions/A/Libraries/libGLU.dylib
0x0000000056d2c000 	/System/Library/Frameworks/OpenGL.framework/Versions/A/Libraries/libGFXShared.dylib
0x0000000056d2c000 	/System/Library/Frameworks/OpenGL.framework/Versions/A/Libraries/libGL.dylib
0x0000000056d2c000 	/System/Library/Frameworks/OpenGL.framework/Versions/A/Libraries/libGLImage.dylib
0x0000000056d2c000 	/System/Library/Frameworks/OpenGL.framework/Versions/A/Libraries/libCVMSPluginSupport.dylib
0x0000000056d2c000 	/System/Library/Frameworks/OpenGL.framework/Versions/A/Libraries/libCoreVMClient.dylib
0x0000000056d2c000 	/System/Library/PrivateFrameworks/CrashReporterSupport.framework/Versions/A/CrashReporterSupport
0x0000000056d2c000 	/System/Library/PrivateFrameworks/Sharing.framework/Versions/A/Sharing
0x0000000056d2c000 	/System/Library/PrivateFrameworks/IconServices.framework/Versions/A/IconServices
0x0000000056d2c000 	/System/Library/PrivateFrameworks/ProtocolBuffer.framework/Versions/A/ProtocolBuffer
0x0000000056d2c000 	/System/Library/PrivateFrameworks/Apple80211.framework/Versions/A/Apple80211
0x0000000056d2c000 	/System/Library/Frameworks/CoreWLAN.framework/Versions/A/CoreWLAN
0x0000000056d2c000 	/System/Library/PrivateFrameworks/CoreUtils.framework/Versions/A/CoreUtils
0x0000000056d2c000 	/System/Library/Frameworks/IOBluetooth.framework/Versions/A/IOBluetooth
0x0000000056d2c000 	/System/Library/PrivateFrameworks/CoreWiFi.framework/Versions/A/CoreWiFi
0x0000000056d2c000 	/System/Library/Frameworks/CoreBluetooth.framework/Versions/A/CoreBluetooth
0x0000000056d2c000 	/System/Library/Frameworks/CoreDisplay.framework/Versions/A/CoreDisplay
0x0000000056d2c000 	/System/Library/PrivateFrameworks/IOPresentment.framework/Versions/A/IOPresentment
0x0000000056d2c000 	/System/Library/PrivateFrameworks/DebugSymbols.framework/Versions/A/DebugSymbols
0x0000000056d2c000 	/System/Library/PrivateFrameworks/CoreSymbolication.framework/Versions/A/CoreSymbolication
0x0000000056d2c000 	/System/Library/PrivateFrameworks/Symbolication.framework/Versions/A/Symbolication
0x0000000056d2c000 	/System/Library/PrivateFrameworks/AppleFSCompression.framework/Versions/A/AppleFSCompression
0x0000000056d2c000 	/System/Library/PrivateFrameworks/SpeechRecognitionCore.framework/Versions/A/SpeechRecognitionCore
0x0000000056d2c000 	/System/Library/PrivateFrameworks/ChunkingLibrary.framework/Versions/A/ChunkingLibrary
0x0000000103c00000 	/Library/Java/JavaVirtualMachines/jdk1.8.0_144.jdk/Contents/Home/jre/lib/server/libjvm.dylib
0x0000000056d2c000 	/usr/lib/libstdc++.6.dylib
0x0000000102a96000 	/Library/Java/JavaVirtualMachines/jdk1.8.0_144.jdk/Contents/Home/jre/lib/libverify.dylib
0x0000000102aa4000 	/Library/Java/JavaVirtualMachines/jdk1.8.0_144.jdk/Contents/Home/jre/lib/libjava.dylib
0x0000000102ae3000 	/Library/Java/JavaVirtualMachines/jdk1.8.0_144.jdk/Contents/Home/jre/lib/libzip.dylib
0x00000001246d6000 	/System/Library/Frameworks/JavaVM.framework/Frameworks/JavaRuntimeSupport.framework/JavaRuntimeSupport
0x0000000102be8000 	/System/Library/Frameworks/JavaVM.framework/Versions/A/Frameworks/JavaNativeFoundation.framework/Versions/A/JavaNativeFoundation
0x0000000107eb5000 	/System/Library/Frameworks/JavaVM.framework/Versions/A/JavaVM
0x0000000056d2c000 	/System/Library/Frameworks/Carbon.framework/Versions/A/Carbon
0x00000001246f0000 	/System/Library/PrivateFrameworks/JavaLaunching.framework/Versions/A/JavaLaunching
0x0000000056d2c000 	/System/Library/Frameworks/Carbon.framework/Versions/A/Frameworks/CommonPanels.framework/Versions/A/CommonPanels
0x0000000056d2c000 	/System/Library/Frameworks/Carbon.framework/Versions/A/Frameworks/Help.framework/Versions/A/Help
0x0000000056d2c000 	/System/Library/Frameworks/Carbon.framework/Versions/A/Frameworks/ImageCapture.framework/Versions/A/ImageCapture
0x0000000056d2c000 	/System/Library/Frameworks/Carbon.framework/Versions/A/Frameworks/OpenScripting.framework/Versions/A/OpenScripting
0x0000000056d2c000 	/System/Library/Frameworks/Carbon.framework/Versions/A/Frameworks/Print.framework/Versions/A/Print
0x0000000056d2c000 	/System/Library/Frameworks/Carbon.framework/Versions/A/Frameworks/SecurityHI.framework/Versions/A/SecurityHI
0x000000012600e000 	/Library/Java/JavaVirtualMachines/jdk1.8.0_144.jdk/Contents/Home/jre/lib/libnet.dylib
0x000000012606d000 	/Library/Java/JavaVirtualMachines/jdk1.8.0_144.jdk/Contents/Home/jre/lib/libnio.dylib
0x000000012703e000 	/Library/Java/JavaVirtualMachines/jdk1.8.0_144.jdk/Contents/Home/jre/lib/libmanagement.dylib
0x000000012704c000 	/Users/jasmina/ABH/eRestoran/target/jnotify/native_libraries/64bits/libjnotify.jnilib
0x0000000126508000 	/Library/Java/JavaVirtualMachines/jdk1.8.0_144.jdk/Contents/Home/jre/lib/libsunec.dylib

VM Arguments:
jvm_args: -Dfile.encoding=UTF8 -Djline.terminal=none -Dsbt.log.noformat=true -Dsbt.global.base=/private/var/folders/96/cw4ykw9n6z1d7rb_n0k307400000gn/T/sbt-global-pluginstub -Xms512M -Xmx6G -Xss1M -XX:+CMSClassUnloadingEnabled -XX:MaxPermSize=6G 
java_command: xsbt.boot.Boot project root run
java_class_path (initial): /Users/jasmina/Library/Application Support/IntelliJIdea2017.2/Scala/launcher/sbt-launch.jar
Launcher Type: SUN_STANDARD

Environment Variables:
PATH=/usr/local/opt/node@6/bin:/usr/local/bin:/usr/bin:/bin:/usr/sbin:/sbin
SHELL=/bin/bash

Signal Handlers:
SIGSEGV: [libjvm.dylib+0x5b26e5], sa_mask[0]=11111111011111110111111111111111, sa_flags=SA_ONSTACK|SA_RESTART|SA_SIGINFO
SIGBUS: [libjvm.dylib+0x5b26e5], sa_mask[0]=11111111011111110111111111111111, sa_flags=SA_RESTART|SA_SIGINFO
SIGFPE: [libjvm.dylib+0x489100], sa_mask[0]=11111111011111110111111111111111, sa_flags=SA_RESTART|SA_SIGINFO
SIGPIPE: [libjvm.dylib+0x489100], sa_mask[0]=11111111011111110111111111111111, sa_flags=SA_RESTART|SA_SIGINFO
SIGXFSZ: [libjvm.dylib+0x489100], sa_mask[0]=11111111011111110111111111111111, sa_flags=SA_RESTART|SA_SIGINFO
SIGILL: [libjvm.dylib+0x489100], sa_mask[0]=11111111011111110111111111111111, sa_flags=SA_RESTART|SA_SIGINFO
SIGUSR1: SIG_DFL, sa_mask[0]=00000000000000000000000000000000, sa_flags=none
SIGUSR2: [libjvm.dylib+0x488c1e], sa_mask[0]=00100000000000000000000000000000, sa_flags=SA_RESTART|SA_SIGINFO
SIGHUP: [libjvm.dylib+0x4871f5], sa_mask[0]=11111111011111110111111111111111, sa_flags=SA_RESTART|SA_SIGINFO
SIGINT: [libjvm.dylib+0x4871f5], sa_mask[0]=11111111011111110111111111111111, sa_flags=SA_RESTART|SA_SIGINFO
SIGTERM: [libjvm.dylib+0x4871f5], sa_mask[0]=11111111011111110111111111111111, sa_flags=SA_RESTART|SA_SIGINFO
SIGQUIT: [libjvm.dylib+0x4871f5], sa_mask[0]=11111111011111110111111111111111, sa_flags=SA_RESTART|SA_SIGINFO


---------------  S Y S T E M  ---------------

OS:Bsduname:Darwin 16.1.0 Darwin Kernel Version 16.1.0: Wed Oct 19 20:31:56 PDT 2016; root:xnu-3789.21.4~4/RELEASE_X86_64 x86_64
rlimit: STACK 8192k, CORE 0k, NPROC 709, NOFILE 10240, AS infinity
load average:4.17 3.25 2.99

CPU:total 8 (initial active 8) (4 cores per cpu, 2 threads per core) family 6 model 70 stepping 1, cmov, cx8, fxsr, mmx, sse, sse2, sse3, ssse3, sse4.1, sse4.2, popcnt, avx, avx2, aes, clmul, erms, lzcnt, ht, tsc, tscinvbit, bmi1, bmi2

Memory: 4k page, physical 8388608k(160736k free)

/proc/meminfo:


vm_info: Java HotSpot(TM) 64-Bit Server VM (25.144-b01) for bsd-amd64 JRE (1.8.0_144-b01), built on Jul 21 2017 22:07:42 by "java_re" with gcc 4.2.1 (Based on Apple Inc. build 5658) (LLVM build 2336.11.00)

time: Wed Nov  1 19:29:26 2017
elapsed time: 5608 seconds (0d 1h 33m 28s)

