#
# A fatal error has been detected by the Java Runtime Environment:
#
#  SIGSEGV (0xb) at pc=0x0000000113e2909e, pid=1158, tid=0x0000000000006b03
#
# JRE version: Java(TM) SE Runtime Environment (8.0_144-b01) (build 1.8.0_144-b01)
# Java VM: Java HotSpot(TM) 64-Bit Server VM (25.144-b01 mixed mode bsd-amd64 compressed oops)
# Problematic frame:
# J 7450 C2 java.io.File.<init>(Ljava/lang/String;)V (47 bytes) @ 0x0000000113e2909e [0x0000000113e29060+0x3e]
#
# Failed to write core dump. Core dumps have been disabled. To enable core dumping, try "ulimit -c unlimited" before starting Java again
#
# If you would like to submit a bug report, please visit:
#   http://bugreport.java.com/bugreport/crash.jsp
#

---------------  T H R E A D  ---------------

Current thread (0x00007fd0ed3ad000):  JavaThread "FSEvent thread" daemon [_thread_in_Java, id=27395, stack(0x00007000117e6000,0x00007000118e6000)]

siginfo: si_signo: 11 (SIGSEGV), si_code: 1 (SEGV_MAPERR), si_addr: 0x00000000e9f14904

Registers:
RAX=0x00000007aeab0b60, RBX=0x00000007aeab0a40, RCX=0x0000000000000000, RDX=0x00000000e9f148f8
RSP=0x00007000118df070, RBP=0x000000000000000f, RSI=0x00000007aeab0b60, RDI=0x000000011137bf08
R8 =0x0000000104567000, R9 =0x00000000f5d5614b, R10=0x0000000000000001, R11=0x0000000781a1e370
R12=0x0000000000000000, R13=0x0000000781a1e350, R14=0x00000000f033d3d3, R15=0x00007fd0ed3ad000
RIP=0x0000000113e2909e, EFLAGS=0x0000000000010202, ERR=0x0000000000000004
  TRAPNO=0x000000000000000e

Top of Stack: (sp=0x00007000118df070)
0x00007000118df070:   00007fd0ed3ad000 00000007aeab0b60
0x00007000118df080:   00007000118df0c0 00000001072e0cec
0x00007000118df090:   00000007c0133418 00007fd0ed3ad000
0x00007000118df0a0:   00007fd0ed3ad000 00000007ae9e8838
0x00007000118df0b0:   000000000000000f 00000001147b616c
0x00007000118df0c0:   00000007885f1648 0000000112cd3e05
0x00007000118df0d0:   00000007aeab0950 00000001132f861e
0x00007000118df0e0:   0000008500000024 000000c30000004f
0x00007000118df0f0:   0000000700000000 0000000000000121
0x00007000118df100:   00000007819e9e68 00000007aeab0a40
0x00007000118df110:   0000000781a1e370 00000007aeab0b60
0x00007000118df120:   00000007aeab0a70 0000000000000282
0x00007000118df130:   000000000000000f 0000000115feba78
0x00007000118df140:   0000000700000080 0000000000000000
0x00007000118df150:   00000007c0011338 00000007aeab0a70
0x00007000118df160:   f033d3e500000000 00000007aeab0918
0x00007000118df170:   0000000700001a3d 0000000781a1e370
0x00007000118df180:   00000007c0133418 00000000000006a7
0x00007000118df190:   00000007aeab0a40 0000000782c26918
0x00007000118df1a0:   0000000000000000 00007000118df1f8
0x00007000118df1b0:   00007000118df390 0000000112dd0f14
0x00007000118df1c0:   000000010a8e8e50 0000000000000000
0x00007000118df1d0:   00007000118df1f8 00007000118df240
0x00007000118df1e0:   0000000112bda2bd 0000000000000000
0x00007000118df1f0:   0000000000000000 0000000782c26918
0x00007000118df200:   00007000118df200 0000000111c3325f
0x00007000118df210:   00007000118df260 0000000111370028
0x00007000118df220:   0000000000000000 0000000111c33298
0x00007000118df230:   0000000000000000 00007000118df258
0x00007000118df240:   00007000118df2a8 0000000112bda2bd
0x00007000118df250:   0000000112bda2bd 0000000000000000
0x00007000118df260:   00000007819e9e58 00007000118df268 

Instructions: (pc=0x0000000113e2909e)
0x0000000113e2907e:   66 90 89 84 24 00 c0 fe ff 55 48 83 ec 40 48 89
0x0000000113e2908e:   74 24 08 44 89 66 14 48 85 d2 0f 84 7d 02 00 00
0x0000000113e2909e:   44 8b 4a 0c 47 8b 5c cc 0c 48 bd 00 70 56 04 01
0x0000000113e290ae:   00 00 00 45 85 db 0f 8e 0d 02 00 00 45 85 db 0f 

Register to memory mapping:

RAX=0x00000007aeab0b60 is an oop
java.io.File 
 - klass: 'java/io/File'
RBX=0x00000007aeab0a40 is an oop
net.contentobjects.jnotify.macosx.JNotifyAdapterMacOSX$ScanJob 
 - klass: 'net/contentobjects/jnotify/macosx/JNotifyAdapterMacOSX$ScanJob'
RCX=0x0000000000000000 is an unknown value
RDX=0x00000000e9f148f8 is an unknown value
RSP=0x00007000118df070 is pointing into the stack for thread: 0x00007fd0ed3ad000
RBP=0x000000000000000f is an unknown value
RSI=0x00000007aeab0b60 is an oop
java.io.File 
 - klass: 'java/io/File'
RDI=0x000000011137bf08 is pointing into metadata
R8 =0x0000000104567000 is an unknown value
R9 =0x00000000f5d5614b is an unknown value
R10=0x0000000000000001 is an unknown value
R11=0x0000000781a1e370 is an oop
net.contentobjects.jnotify.macosx.JNotifyAdapterMacOSX$WatchData 
 - klass: 'net/contentobjects/jnotify/macosx/JNotifyAdapterMacOSX$WatchData'
R12=0x0000000000000000 is an unknown value
R13=0x0000000781a1e350 is an oop
java.util.Hashtable$Entry 
 - klass: 'java/util/Hashtable$Entry'
R14=0x00000000f033d3d3 is an unknown value
R15=0x00007fd0ed3ad000 is a thread


Stack: [0x00007000117e6000,0x00007000118e6000],  sp=0x00007000118df070,  free space=996k
Native frames: (J=compiled Java code, j=interpreted, Vv=VM code, C=native code)
J 7450 C2 java.io.File.<init>(Ljava/lang/String;)V (47 bytes) @ 0x0000000113e2909e [0x0000000113e29060+0x3e]
J 21210 C1 net.contentobjects.jnotify.macosx.JNotifyAdapterMacOSX$WatchData.access$000(Lnet/contentobjects/jnotify/macosx/JNotifyAdapterMacOSX$WatchData;Lnet/contentobjects/jnotify/macosx/JNotifyAdapterMacOSX$ScanJob;Lnet/contentobjects/jnotify/macosx/JNotifyAdapterMacOSX$JNEvents;)V (7 bytes) @ 0x00000001147b616c [0x00000001147b6060+0x10c]
J 21209 C2 net.contentobjects.jnotify.macosx.JNotifyAdapterMacOSX.batchEndEvent(I)V (815 bytes) @ 0x0000000115feba78 [0x0000000115feb6a0+0x3d8]
j  net.contentobjects.jnotify.macosx.JNotifyAdapterMacOSX$1.batchEnd(I)V+5
j  net.contentobjects.jnotify.macosx.JNotify_macosx.callbackInBatch(IZ)V+26
v  ~StubRoutines::call_stub
V  [libjvm.dylib+0x2ee70a]
V  [libjvm.dylib+0x3258b9]
V  [libjvm.dylib+0x318087]
C  [libjnotify.jnilib+0x1585]  fsevent_callback+0x115
C  [FSEvents+0x3b03]  implementation_callback_rpc+0x75b
C  [FSEvents+0x1702]  _Xcallback_rpc+0xfe
C  [FSEvents+0x17c9]  FSEventsD2F_server+0x37
C  [FSEvents+0x6fed]  FSEventsClientProcessMessageCallback+0x2c
C  [CoreFoundation+0x9030d]  __CFMachPortPerform+0xfd
C  [CoreFoundation+0x901f9]  __CFRUNLOOP_IS_CALLING_OUT_TO_A_SOURCE1_PERFORM_FUNCTION__+0x29
C  [CoreFoundation+0x90171]  __CFRunLoopDoSource1+0x1d1
C  [CoreFoundation+0x880c5]  __CFRunLoopRun+0x955
C  [CoreFoundation+0x87514]  CFRunLoopRunSpecific+0x1a4
C  [CoreFoundation+0xc6bb1]  CFRunLoopRun+0x61
j  net.contentobjects.jnotify.macosx.JNotify_macosx.nativeNotifyLoop()V+0
j  net.contentobjects.jnotify.macosx.JNotify_macosx.access$400()V+0
j  net.contentobjects.jnotify.macosx.JNotify_macosx$1.run()V+65
v  ~StubRoutines::call_stub
V  [libjvm.dylib+0x2ee70a]
V  [libjvm.dylib+0x2eeeae]
V  [libjvm.dylib+0x2ef05a]
V  [libjvm.dylib+0x3497b1]
V  [libjvm.dylib+0x56c0b3]
V  [libjvm.dylib+0x56d7a0]
V  [libjvm.dylib+0x48baee]
C  [libsystem_pthread.dylib+0x3aab]  _pthread_body+0xb4
C  [libsystem_pthread.dylib+0x39f7]  _pthread_body+0x0
C  [libsystem_pthread.dylib+0x3221]  thread_start+0xd
C  0x0000000000000000


---------------  P R O C E S S  ---------------

Java Threads: ( => current thread )
  0x00007fd0f2205800 JavaThread "play-dev-mode-akka.actor.default-dispatcher-16" [_thread_blocked, id=4907, stack(0x0000700011cf5000,0x0000700011df5000)]
  0x00007fd0e89d1800 JavaThread "com.google.common.base.internal.Finalizer" daemon [_thread_blocked, id=26375, stack(0x0000700012101000,0x0000700012201000)]
  0x00007fd0eb09c000 JavaThread "application-akka.actor.default-dispatcher-4" [_thread_blocked, id=34059, stack(0x0000700011efb000,0x0000700011ffb000)]
  0x00007fd0efef9000 JavaThread "application-scheduler-1" [_thread_blocked, id=36879, stack(0x00007000114dd000,0x00007000115dd000)]
  0x00007fd0eff80800 JavaThread "__DEFAULT__" daemon [_thread_blocked, id=35855, stack(0x00007000113da000,0x00007000114da000)]
  0x00007fd0efc2c800 JavaThread "HikariPool-1 housekeeper" daemon [_thread_blocked, id=37131, stack(0x00007000111d4000,0x00007000112d4000)]
  0x00007fd0efefd800 JavaThread "PostgreSQL-JDBC-SharedTimer-1" daemon [_thread_blocked, id=34571, stack(0x00007000110d1000,0x00007000111d1000)]
  0x00007fd0ee17d800 JavaThread "AsyncAppender-Worker-ASYNCSTDOUT" daemon [_thread_blocked, id=35339, stack(0x0000700010fce000,0x00007000110ce000)]
  0x00007fd0eda6d800 JavaThread "AsyncAppender-Worker-ASYNCFILE" daemon [_thread_blocked, id=37911, stack(0x0000700010cc5000,0x0000700010dc5000)]
  0x00007fd0e88ab800 JavaThread "play-dev-mode-akka.io.pinned-dispatcher-5" [_thread_in_native, id=33283, stack(0x0000700011df8000,0x0000700011ef8000)]
  0x00007fd0e8ba9800 JavaThread "play-dev-mode-scheduler-1" [_thread_blocked, id=31235, stack(0x00007000119ec000,0x0000700011aec000)]
  0x00007fd0ed408800 JavaThread "reloader-timer" daemon [_thread_blocked, id=30723, stack(0x00007000118e9000,0x00007000119e9000)]
=>0x00007fd0ed3ad000 JavaThread "FSEvent thread" daemon [_thread_in_Java, id=27395, stack(0x00007000117e6000,0x00007000118e6000)]
  0x00007fd0ed38e800 JavaThread "pool-4-thread-3" [_thread_in_native, id=5395, stack(0x00007000112d7000,0x00007000113d7000)]
  0x00007fd0ed970000 JavaThread "sbt-web-akka.actor.default-dispatcher-3" [_thread_blocked, id=24847, stack(0x0000700010dc8000,0x0000700010ec8000)]
  0x00007fd0ecd9b800 JavaThread "sbt-web-scheduler-1" [_thread_blocked, id=23311, stack(0x0000700010bc2000,0x0000700010cc2000)]
  0x00007fd0e900e000 JavaThread "Service Thread" daemon [_thread_blocked, id=21251, stack(0x00007000109bc000,0x0000700010abc000)]
  0x00007fd0e8003000 JavaThread "C1 CompilerThread3" daemon [_thread_blocked, id=20739, stack(0x00007000108b9000,0x00007000109b9000)]
  0x00007fd0e9046800 JavaThread "C2 CompilerThread2" daemon [_thread_in_native, id=20227, stack(0x00007000107b6000,0x00007000108b6000)]
  0x00007fd0e9046000 JavaThread "C2 CompilerThread1" daemon [_thread_blocked, id=19715, stack(0x00007000106b3000,0x00007000107b3000)]
  0x00007fd0e900f000 JavaThread "C2 CompilerThread0" daemon [_thread_blocked, id=19203, stack(0x00007000105b0000,0x00007000106b0000)]
  0x00007fd0e900d000 JavaThread "Signal Dispatcher" daemon [_thread_blocked, id=18691, stack(0x00007000104ad000,0x00007000105ad000)]
  0x00007fd0e8009800 JavaThread "Finalizer" daemon [_thread_blocked, id=14595, stack(0x00007000103aa000,0x00007000104aa000)]
  0x00007fd0e9033000 JavaThread "Reference Handler" daemon [_thread_blocked, id=14083, stack(0x00007000102a7000,0x00007000103a7000)]
  0x00007fd0e8805800 JavaThread "main" [_thread_blocked, id=7171, stack(0x000070000f889000,0x000070000f989000)]

Other Threads:
  0x00007fd0e9032800 VMThread [stack: 0x00007000101a4000,0x00007000102a4000] [id=13571]
  0x00007fd0e800f000 WatcherThread [stack: 0x0000700010abf000,0x0000700010bbf000] [id=21763]

VM state:not at safepoint (normal execution)

VM Mutex/Monitor currently owned by a thread: None

Heap:
 PSYoungGen      total 232960K, used 66555K [0x00000007aab00000, 0x00000007c0000000, 0x00000007c0000000)
  eden space 116736K, 56% used [0x00000007aab00000,0x00000007aebb6f20,0x00000007b1d00000)
  from space 116224K, 0% used [0x00000007b1d00000,0x00000007b1d48000,0x00000007b8e80000)
  to   space 116224K, 0% used [0x00000007b8e80000,0x00000007b8e80000,0x00000007c0000000)
 ParOldGen       total 699392K, used 158401K [0x0000000780000000, 0x00000007aab00000, 0x00000007aab00000)
  object space 699392K, 22% used [0x0000000780000000,0x0000000789ab0788,0x00000007aab00000)
 Metaspace       used 161223K, capacity 169177K, committed 169664K, reserved 1193984K
  class space    used 24800K, capacity 25414K, committed 25536K, reserved 1048576K

Card table byte_map: [0x0000000108167000,0x0000000108368000] byte_map_base: 0x0000000104567000

Marking Bits: (ParMarkBitMap*) 0x00000001076f35d0
 Begin Bits: [0x00000001084be000, 0x00000001094be000)
 End Bits:   [0x00000001094be000, 0x000000010a4be000)

Polling page: 0x0000000105ce0000

CodeCache: size=245760Kb used=53118Kb max_used=53133Kb free=192641Kb
 bounds [0x0000000112bd2000, 0x0000000116022000, 0x0000000121bd2000]
 total_blobs=17988 nmethods=17238 adapters=656
 compilation: enabled

Compilation events (10 events):
Event: 1517.791 Thread 0x00007fd0e900f000 nmethod 21249% 0x0000000112eaa310 code [0x0000000112eaa700, 0x0000000112ead880]
Event: 1517.841 Thread 0x00007fd0e9046800 21252   !   4       net.contentobjects.jnotify.macosx.JNotifyAdapterMacOSX$WatchData::scan (979 bytes)
Event: 1517.842 Thread 0x00007fd0e9046000 21253       4       java.util.TreeSet::add (22 bytes)
Event: 1517.842 Thread 0x00007fd0e900f000 21254       4       java.util.TreeSet::size (10 bytes)
Event: 1517.842 Thread 0x00007fd0e9046000 nmethod 21253 0x0000000113b631d0 code [0x0000000113b63320, 0x0000000113b63408]
Event: 1517.842 Thread 0x00007fd0e9046000 21255       4       java.util.TreeSet::remove (22 bytes)
Event: 1517.843 Thread 0x00007fd0e900f000 nmethod 21254 0x00000001140ba810 code [0x00000001140ba960, 0x00000001140ba9f8]
Event: 1517.843 Thread 0x00007fd0e900f000 21256       4       java.util.TreeMap$NavigableSubMap::remove (21 bytes)
Event: 1517.850 Thread 0x00007fd0e9046000 nmethod 21255 0x0000000112ea9750 code [0x0000000112ea98e0, 0x0000000112ea9db8]
Event: 1517.854 Thread 0x00007fd0e900f000 nmethod 21256 0x0000000112f98290 code [0x0000000112f98460, 0x0000000112f98c48]

GC Heap History (10 events):
Event: 720.611 GC heap before
{Heap before GC invocations=141 (full 24):
 PSYoungGen      total 232960K, used 116736K [0x00000007aab00000, 0x00000007c0000000, 0x00000007c0000000)
  eden space 116736K, 100% used [0x00000007aab00000,0x00000007b1d00000,0x00000007b1d00000)
  from space 116224K, 0% used [0x00000007b8e80000,0x00000007b8e80000,0x00000007c0000000)
  to   space 116224K, 0% used [0x00000007b1d00000,0x00000007b1d00000,0x00000007b8e80000)
 ParOldGen       total 699392K, used 149768K [0x0000000780000000, 0x00000007aab00000, 0x00000007aab00000)
  object space 699392K, 21% used [0x0000000780000000,0x0000000789242080,0x00000007aab00000)
 Metaspace       used 159718K, capacity 167597K, committed 168256K, reserved 1191936K
  class space    used 24612K, capacity 25203K, committed 25408K, reserved 1048576K
Event: 720.619 GC heap after
Heap after GC invocations=141 (full 24):
 PSYoungGen      total 232960K, used 8709K [0x00000007aab00000, 0x00000007c0000000, 0x00000007c0000000)
  eden space 116736K, 0% used [0x00000007aab00000,0x00000007aab00000,0x00000007b1d00000)
  from space 116224K, 7% used [0x00000007b1d00000,0x00000007b2581778,0x00000007b8e80000)
  to   space 116224K, 0% used [0x00000007b8e80000,0x00000007b8e80000,0x00000007c0000000)
 ParOldGen       total 699392K, used 149776K [0x0000000780000000, 0x00000007aab00000, 0x00000007aab00000)
  object space 699392K, 21% used [0x0000000780000000,0x0000000789244080,0x00000007aab00000)
 Metaspace       used 159718K, capacity 167597K, committed 168256K, reserved 1191936K
  class space    used 24612K, capacity 25203K, committed 25408K, reserved 1048576K
}
Event: 779.451 GC heap before
{Heap before GC invocations=142 (full 24):
 PSYoungGen      total 232960K, used 125445K [0x00000007aab00000, 0x00000007c0000000, 0x00000007c0000000)
  eden space 116736K, 100% used [0x00000007aab00000,0x00000007b1d00000,0x00000007b1d00000)
  from space 116224K, 7% used [0x00000007b1d00000,0x00000007b2581778,0x00000007b8e80000)
  to   space 116224K, 0% used [0x00000007b8e80000,0x00000007b8e80000,0x00000007c0000000)
 ParOldGen       total 699392K, used 149776K [0x0000000780000000, 0x00000007aab00000, 0x00000007aab00000)
  object space 699392K, 21% used [0x0000000780000000,0x0000000789244080,0x00000007aab00000)
 Metaspace       used 161098K, capacity 169031K, committed 169664K, reserved 1193984K
  class space    used 24799K, capacity 25411K, committed 25536K, reserved 1048576K
Event: 779.457 GC heap after
Heap after GC invocations=142 (full 24):
 PSYoungGen      total 232960K, used 5866K [0x00000007aab00000, 0x00000007c0000000, 0x00000007c0000000)
  eden space 116736K, 0% used [0x00000007aab00000,0x00000007aab00000,0x00000007b1d00000)
  from space 116224K, 5% used [0x00000007b8e80000,0x00000007b943a998,0x00000007c0000000)
  to   space 116224K, 0% used [0x00000007b1d00000,0x00000007b1d00000,0x00000007b8e80000)
 ParOldGen       total 699392K, used 151961K [0x0000000780000000, 0x00000007aab00000, 0x00000007aab00000)
  object space 699392K, 21% used [0x0000000780000000,0x00000007894666e8,0x00000007aab00000)
 Metaspace       used 161098K, capacity 169031K, committed 169664K, reserved 1193984K
  class space    used 24799K, capacity 25411K, committed 25536K, reserved 1048576K
}
Event: 829.964 GC heap before
{Heap before GC invocations=143 (full 24):
 PSYoungGen      total 232960K, used 122602K [0x00000007aab00000, 0x00000007c0000000, 0x00000007c0000000)
  eden space 116736K, 100% used [0x00000007aab00000,0x00000007b1d00000,0x00000007b1d00000)
  from space 116224K, 5% used [0x00000007b8e80000,0x00000007b943a998,0x00000007c0000000)
  to   space 116224K, 0% used [0x00000007b1d00000,0x00000007b1d00000,0x00000007b8e80000)
 ParOldGen       total 699392K, used 151961K [0x0000000780000000, 0x00000007aab00000, 0x00000007aab00000)
  object space 699392K, 21% used [0x0000000780000000,0x00000007894666e8,0x00000007aab00000)
 Metaspace       used 161182K, capacity 169107K, committed 169664K, reserved 1193984K
  class space    used 24800K, capacity 25413K, committed 25536K, reserved 1048576K
Event: 829.971 GC heap after
Heap after GC invocations=143 (full 24):
 PSYoungGen      total 232960K, used 1632K [0x00000007aab00000, 0x00000007c0000000, 0x00000007c0000000)
  eden space 116736K, 0% used [0x00000007aab00000,0x00000007aab00000,0x00000007b1d00000)
  from space 116224K, 1% used [0x00000007b1d00000,0x00000007b1e98000,0x00000007b8e80000)
  to   space 116224K, 0% used [0x00000007b8e80000,0x00000007b8e80000,0x00000007c0000000)
 ParOldGen       total 699392K, used 156529K [0x0000000780000000, 0x00000007aab00000, 0x00000007aab00000)
  object space 699392K, 22% used [0x0000000780000000,0x00000007898dc788,0x00000007aab00000)
 Metaspace       used 161182K, capacity 169107K, committed 169664K, reserved 1193984K
  class space    used 24800K, capacity 25413K, committed 25536K, reserved 1048576K
}
Event: 846.609 GC heap before
{Heap before GC invocations=144 (full 24):
 PSYoungGen      total 232960K, used 118368K [0x00000007aab00000, 0x00000007c0000000, 0x00000007c0000000)
  eden space 116736K, 100% used [0x00000007aab00000,0x00000007b1d00000,0x00000007b1d00000)
  from space 116224K, 1% used [0x00000007b1d00000,0x00000007b1e98000,0x00000007b8e80000)
  to   space 116224K, 0% used [0x00000007b8e80000,0x00000007b8e80000,0x00000007c0000000)
 ParOldGen       total 699392K, used 156529K [0x0000000780000000, 0x00000007aab00000, 0x00000007aab00000)
  object space 699392K, 22% used [0x0000000780000000,0x00000007898dc788,0x00000007aab00000)
 Metaspace       used 161215K, capacity 169177K, committed 169664K, reserved 1193984K
  class space    used 24800K, capacity 25414K, committed 25536K, reserved 1048576K
Event: 846.614 GC heap after
Heap after GC invocations=144 (full 24):
 PSYoungGen      total 232960K, used 1312K [0x00000007aab00000, 0x00000007c0000000, 0x00000007c0000000)
  eden space 116736K, 0% used [0x00000007aab00000,0x00000007aab00000,0x00000007b1d00000)
  from space 116224K, 1% used [0x00000007b8e80000,0x00000007b8fc8000,0x00000007c0000000)
  to   space 116224K, 0% used [0x00000007b1d00000,0x00000007b1d00000,0x00000007b8e80000)
 ParOldGen       total 699392K, used 157721K [0x0000000780000000, 0x00000007aab00000, 0x00000007aab00000)
  object space 699392K, 22% used [0x0000000780000000,0x0000000789a06788,0x00000007aab00000)
 Metaspace       used 161215K, capacity 169177K, committed 169664K, reserved 1193984K
  class space    used 24800K, capacity 25414K, committed 25536K, reserved 1048576K
}
Event: 1018.574 GC heap before
{Heap before GC invocations=145 (full 24):
 PSYoungGen      total 232960K, used 118048K [0x00000007aab00000, 0x00000007c0000000, 0x00000007c0000000)
  eden space 116736K, 100% used [0x00000007aab00000,0x00000007b1d00000,0x00000007b1d00000)
  from space 116224K, 1% used [0x00000007b8e80000,0x00000007b8fc8000,0x00000007c0000000)
  to   space 116224K, 0% used [0x00000007b1d00000,0x00000007b1d00000,0x00000007b8e80000)
 ParOldGen       total 699392K, used 157721K [0x0000000780000000, 0x00000007aab00000, 0x00000007aab00000)
  object space 699392K, 22% used [0x0000000780000000,0x0000000789a06788,0x00000007aab00000)
 Metaspace       used 161217K, capacity 169177K, committed 169664K, reserved 1193984K
  class space    used 24800K, capacity 25414K, committed 25536K, reserved 1048576K
Event: 1018.579 GC heap after
Heap after GC invocations=145 (full 24):
 PSYoungGen      total 232960K, used 288K [0x00000007aab00000, 0x00000007c0000000, 0x00000007c0000000)
  eden space 116736K, 0% used [0x00000007aab00000,0x00000007aab00000,0x00000007b1d00000)
  from space 116224K, 0% used [0x00000007b1d00000,0x00000007b1d48000,0x00000007b8e80000)
  to   space 116224K, 0% used [0x00000007b8e80000,0x00000007b8e80000,0x00000007c0000000)
 ParOldGen       total 699392K, used 158401K [0x0000000780000000, 0x00000007aab00000, 0x00000007aab00000)
  object space 699392K, 22% used [0x0000000780000000,0x0000000789ab0788,0x00000007aab00000)
 Metaspace       used 161217K, capacity 169177K, committed 169664K, reserved 1193984K
  class space    used 24800K, capacity 25414K, committed 25536K, reserved 1048576K
}

Deoptimization events (10 events):
Event: 720.840 Thread 0x00007fd0eabef000 Uncommon trap: reason=class_check action=maybe_recompile pc=0x0000000115a899c8 method=sun.nio.ch.IOUtil.write(Ljava/io/FileDescriptor;Ljava/nio/ByteBuffer;JLsun/nio/ch/NativeDispatcher;)I @ 1
Event: 720.840 Thread 0x00007fd0ee0d5000 Uncommon trap: reason=class_check action=maybe_recompile pc=0x0000000115a899c8 method=sun.nio.ch.IOUtil.write(Ljava/io/FileDescriptor;Ljava/nio/ByteBuffer;JLsun/nio/ch/NativeDispatcher;)I @ 1
Event: 720.841 Thread 0x00007fd0f2205800 Uncommon trap: reason=class_check action=maybe_recompile pc=0x0000000115a899c8 method=sun.nio.ch.IOUtil.write(Ljava/io/FileDescriptor;Ljava/nio/ByteBuffer;JLsun/nio/ch/NativeDispatcher;)I @ 1
Event: 720.841 Thread 0x00007fd0ebbc8000 Uncommon trap: reason=class_check action=maybe_recompile pc=0x0000000115a899c8 method=sun.nio.ch.IOUtil.write(Ljava/io/FileDescriptor;Ljava/nio/ByteBuffer;JLsun/nio/ch/NativeDispatcher;)I @ 1
Event: 720.842 Thread 0x00007fd0ed091800 Uncommon trap: reason=unstable_if action=reinterpret pc=0x0000000115e5070c method=akka.dispatch.forkjoin.ForkJoinPool.scan(Lakka/dispatch/forkjoin/ForkJoinPool$WorkQueue;)Lakka/dispatch/forkjoin/ForkJoinTask; @ 329
Event: 846.837 Thread 0x00007fd0ed3ad000 Uncommon trap: reason=null_check action=maybe_recompile pc=0x0000000113e2945c method=java.lang.String.length()I @ 4
Event: 848.003 Thread 0x00007fd0ed3ad000 Uncommon trap: reason=null_check action=maybe_recompile pc=0x0000000113e2945c method=java.lang.String.length()I @ 4
Event: 850.751 Thread 0x00007fd0ed3ad000 Uncommon trap: reason=unstable_if action=reinterpret pc=0x0000000112f8ba04 method=java.util.TreeMap.navigableKeySet()Ljava/util/NavigableSet; @ 6
Event: 851.677 Thread 0x00007fd0ed3ad000 Uncommon trap: reason=unstable_if action=reinterpret pc=0x0000000113dda3bc method=java.util.TreeMap.navigableKeySet()Ljava/util/NavigableSet; @ 6
Event: 1516.452 Thread 0x00007fd0ed3ad000 Uncommon trap: reason=unstable_if action=reinterpret pc=0x0000000115f64140 method=net.contentobjects.jnotify.macosx.JNotifyAdapterMacOSX$WatchData.scan(Ljava/io/File;ZLnet/contentobjects/jnotify/macosx/JNotifyAdapterMacOSX$JNEvents;)V @ 48

Internal exceptions (10 events):
Event: 719.202 Thread 0x00007fd0f212f000 Exception <a 'java/lang/NullPointerException'> (0x00000007ab0e3d18) thrown at [/Users/java_re/workspace/8-2-build-macosx-x86_64/jdk8u144/9417/hotspot/src/share/vm/runtime/reflection.cpp, line 922]
Event: 719.456 Thread 0x00007fd0f212f000 Exception <a 'java/lang/reflect/InvocationTargetException'> (0x00000007abe9ee88) thrown at [/Users/java_re/workspace/8-2-build-macosx-x86_64/jdk8u144/9417/hotspot/src/share/vm/runtime/reflection.cpp, line 1092]
Event: 719.884 Thread 0x00007fd0f212f000 Exception <a 'java/lang/NoClassDefFoundError': javax/el/ExpressionFactory> (0x00000007aea71f18) thrown at [/Users/java_re/workspace/8-2-build-macosx-x86_64/jdk8u144/9417/hotspot/src/share/vm/classfile/systemDictionary.cpp, line 199]
Event: 719.885 Thread 0x00007fd0f212f000 Exception <a 'java/lang/NoClassDefFoundError': javax/el/ExpressionFactory> (0x00000007aea7cde8) thrown at [/Users/java_re/workspace/8-2-build-macosx-x86_64/jdk8u144/9417/hotspot/src/share/vm/oops/constantPool.cpp, line 235]
Event: 720.597 Thread 0x00007fd0eac0d800 Exception <a 'javax/validation/ValidationException'> (0x00000007b1ae8710) thrown at [/Users/java_re/workspace/8-2-build-macosx-x86_64/jdk8u144/9417/hotspot/src/share/vm/prims/jvm.cpp, line 1394]
Event: 720.604 Thread 0x00007fd0eac0d800 Exception <a 'javax/validation/ValidationException'> (0x00000007b1c09bb0) thrown at [/Users/java_re/workspace/8-2-build-macosx-x86_64/jdk8u144/9417/hotspot/src/share/vm/prims/jvm.cpp, line 1394]
Event: 799.863 Thread 0x00007fd0ed3ad000 Exception <a 'java/io/FileNotFoundException': /Users/jasmina/ABH/eRestoran/public/eRestoran_FE/tmp/rollup-cache_path-yDqmQin6.tmp/node_modules/.bin/í ½í°¹> (0x00000007ac642b30) thrown at [/Users/java_re/workspace/8-2-build-macosx-x86_64/jdk8u144/9417/hots
Event: 846.837 Thread 0x00007fd0ed3ad000 Implicit null exception at 0x0000000113e290a2 to 0x0000000113e29451
Event: 848.003 Thread 0x00007fd0ed3ad000 Implicit null exception at 0x0000000113e290a2 to 0x0000000113e29451
Event: 1516.452 Thread 0x00007fd0ed3ad000 Implicit null exception at 0x0000000115f5e703 to 0x0000000115f64109

Events (10 events):
Event: 1114.207 Thread 0x00007fd0ee0d5000 Thread exited: 0x00007fd0ee0d5000
Event: 1154.210 Thread 0x00007fd0ec9e1000 Thread exited: 0x00007fd0ec9e1000
Event: 1196.213 Thread 0x00007fd0ed091800 Thread exited: 0x00007fd0ed091800
Event: 1240.218 Thread 0x00007fd0eabef000 Thread exited: 0x00007fd0eabef000
Event: 1286.221 Thread 0x00007fd0eb859000 Thread exited: 0x00007fd0eb859000
Event: 1516.452 Thread 0x00007fd0ed3ad000 Uncommon trap: trap_request=0xffffff65 fr.pc=0x0000000115f64140
Event: 1516.452 Thread 0x00007fd0ed3ad000 DEOPT PACKING pc=0x0000000115f64140 sp=0x00007000118defd0
Event: 1516.453 Thread 0x00007fd0ed3ad000 DEOPT UNPACKING pc=0x0000000112bd7229 sp=0x00007000118defc0 mode 2
Event: 1517.840 Thread 0x00007fd0ed3ad000 DEOPT PACKING pc=0x0000000116015776 sp=0x00007000118dedc0
Event: 1517.840 Thread 0x00007fd0ed3ad000 DEOPT UNPACKING pc=0x0000000112c19633 sp=0x00007000118ded38 mode 0


Dynamic libraries:
0x00000000435dd000 	/System/Library/Frameworks/Cocoa.framework/Versions/A/Cocoa
0x00000000435dd000 	/System/Library/Frameworks/Security.framework/Versions/A/Security
0x00000000435dd000 	/System/Library/Frameworks/ApplicationServices.framework/Versions/A/ApplicationServices
0x00000000435dd000 	/usr/lib/libz.1.dylib
0x00000000435dd000 	/usr/lib/libSystem.B.dylib
0x00000000435dd000 	/usr/lib/libobjc.A.dylib
0x00000000435dd000 	/System/Library/Frameworks/CoreFoundation.framework/Versions/A/CoreFoundation
0x00000000435dd000 	/System/Library/Frameworks/Foundation.framework/Versions/C/Foundation
0x00000000435dd000 	/System/Library/Frameworks/AppKit.framework/Versions/C/AppKit
0x00000000435dd000 	/System/Library/Frameworks/CoreData.framework/Versions/A/CoreData
0x00000000435dd000 	/System/Library/PrivateFrameworks/RemoteViewServices.framework/Versions/A/RemoteViewServices
0x00000000435dd000 	/System/Library/PrivateFrameworks/UIFoundation.framework/Versions/A/UIFoundation
0x00000000435dd000 	/System/Library/PrivateFrameworks/DFRFoundation.framework/Versions/A/DFRFoundation
0x00000000435dd000 	/usr/lib/libenergytrace.dylib
0x00000000435dd000 	/System/Library/PrivateFrameworks/SkyLight.framework/Versions/A/SkyLight
0x00000000435dd000 	/System/Library/Frameworks/CoreGraphics.framework/Versions/A/CoreGraphics
0x00000000435dd000 	/usr/lib/libScreenReader.dylib
0x00000000435dd000 	/System/Library/Frameworks/Accelerate.framework/Versions/A/Accelerate
0x00000000435dd000 	/System/Library/Frameworks/IOSurface.framework/Versions/A/IOSurface
0x00000000435dd000 	/System/Library/Frameworks/AudioToolbox.framework/Versions/A/AudioToolbox
0x00000000435dd000 	/System/Library/Frameworks/AudioUnit.framework/Versions/A/AudioUnit
0x00000000435dd000 	/System/Library/PrivateFrameworks/DataDetectorsCore.framework/Versions/A/DataDetectorsCore
0x00000000435dd000 	/System/Library/PrivateFrameworks/DesktopServicesPriv.framework/Versions/A/DesktopServicesPriv
0x00000000435dd000 	/System/Library/Frameworks/Carbon.framework/Versions/A/Frameworks/HIToolbox.framework/Versions/A/HIToolbox
0x00000000435dd000 	/usr/lib/libicucore.A.dylib
0x00000000435dd000 	/System/Library/Frameworks/QuartzCore.framework/Versions/A/QuartzCore
0x00000000435dd000 	/System/Library/Frameworks/Carbon.framework/Versions/A/Frameworks/SpeechRecognition.framework/Versions/A/SpeechRecognition
0x00000000435dd000 	/usr/lib/libauto.dylib
0x00000000435dd000 	/usr/lib/libxml2.2.dylib
0x00000000435dd000 	/System/Library/PrivateFrameworks/CoreUI.framework/Versions/A/CoreUI
0x00000000435dd000 	/System/Library/Frameworks/CoreAudio.framework/Versions/A/CoreAudio
0x00000000435dd000 	/System/Library/Frameworks/DiskArbitration.framework/Versions/A/DiskArbitration
0x00000000435dd000 	/usr/lib/liblangid.dylib
0x00000000435dd000 	/System/Library/PrivateFrameworks/MultitouchSupport.framework/Versions/A/MultitouchSupport
0x00000000435dd000 	/System/Library/Frameworks/IOKit.framework/Versions/A/IOKit
0x00000000435dd000 	/usr/lib/libDiagnosticMessagesClient.dylib
0x00000000435dd000 	/System/Library/Frameworks/CoreServices.framework/Versions/A/CoreServices
0x00000000435dd000 	/System/Library/PrivateFrameworks/PerformanceAnalysis.framework/Versions/A/PerformanceAnalysis
0x00000000435dd000 	/System/Library/PrivateFrameworks/GenerationalStorage.framework/Versions/A/GenerationalStorage
0x00000000435dd000 	/System/Library/Frameworks/OpenGL.framework/Versions/A/OpenGL
0x00000000435dd000 	/System/Library/Frameworks/CoreImage.framework/Versions/A/CoreImage
0x00000000435dd000 	/System/Library/Frameworks/CoreText.framework/Versions/A/CoreText
0x00000000435dd000 	/System/Library/Frameworks/ImageIO.framework/Versions/A/ImageIO
0x00000000435dd000 	/System/Library/PrivateFrameworks/Backup.framework/Versions/A/Backup
0x00000000435dd000 	/usr/lib/libarchive.2.dylib
0x00000000435dd000 	/System/Library/Frameworks/CFNetwork.framework/Versions/A/CFNetwork
0x00000000435dd000 	/System/Library/Frameworks/SystemConfiguration.framework/Versions/A/SystemConfiguration
0x00000000435dd000 	/usr/lib/libCRFSuite.dylib
0x00000000435dd000 	/usr/lib/libc++.1.dylib
0x00000000435dd000 	/usr/lib/libc++abi.dylib
0x00000000435dd000 	/usr/lib/system/libcache.dylib
0x00000000435dd000 	/usr/lib/system/libcommonCrypto.dylib
0x00000000435dd000 	/usr/lib/system/libcompiler_rt.dylib
0x00000000435dd000 	/usr/lib/system/libcopyfile.dylib
0x00000000435dd000 	/usr/lib/system/libcorecrypto.dylib
0x00000000435dd000 	/usr/lib/system/libdispatch.dylib
0x00000000435dd000 	/usr/lib/system/libdyld.dylib
0x00000000435dd000 	/usr/lib/system/libkeymgr.dylib
0x00000000435dd000 	/usr/lib/system/liblaunch.dylib
0x00000000435dd000 	/usr/lib/system/libmacho.dylib
0x00000000435dd000 	/usr/lib/system/libquarantine.dylib
0x00000000435dd000 	/usr/lib/system/libremovefile.dylib
0x00000000435dd000 	/usr/lib/system/libsystem_asl.dylib
0x00000000435dd000 	/usr/lib/system/libsystem_blocks.dylib
0x00000000435dd000 	/usr/lib/system/libsystem_c.dylib
0x00000000435dd000 	/usr/lib/system/libsystem_configuration.dylib
0x00000000435dd000 	/usr/lib/system/libsystem_coreservices.dylib
0x00000000435dd000 	/usr/lib/system/libsystem_coretls.dylib
0x00000000435dd000 	/usr/lib/system/libsystem_dnssd.dylib
0x00000000435dd000 	/usr/lib/system/libsystem_info.dylib
0x00000000435dd000 	/usr/lib/system/libsystem_kernel.dylib
0x00000000435dd000 	/usr/lib/system/libsystem_m.dylib
0x00000000435dd000 	/usr/lib/system/libsystem_malloc.dylib
0x00000000435dd000 	/usr/lib/system/libsystem_network.dylib
0x00000000435dd000 	/usr/lib/system/libsystem_networkextension.dylib
0x00000000435dd000 	/usr/lib/system/libsystem_notify.dylib
0x00000000435dd000 	/usr/lib/system/libsystem_platform.dylib
0x00000000435dd000 	/usr/lib/system/libsystem_pthread.dylib
0x00000000435dd000 	/usr/lib/system/libsystem_sandbox.dylib
0x00000000435dd000 	/usr/lib/system/libsystem_secinit.dylib
0x00000000435dd000 	/usr/lib/system/libsystem_symptoms.dylib
0x00000000435dd000 	/usr/lib/system/libsystem_trace.dylib
0x00000000435dd000 	/usr/lib/system/libunwind.dylib
0x00000000435dd000 	/usr/lib/system/libxpc.dylib
0x00000000435dd000 	/usr/lib/libbsm.0.dylib
0x00000000435dd000 	/usr/lib/system/libkxld.dylib
0x00000000435dd000 	/usr/lib/libcoretls.dylib
0x00000000435dd000 	/usr/lib/libcoretls_cfhelpers.dylib
0x00000000435dd000 	/usr/lib/libxar.1.dylib
0x00000000435dd000 	/usr/lib/libsqlite3.dylib
0x00000000435dd000 	/usr/lib/libpam.2.dylib
0x00000000435dd000 	/usr/lib/libOpenScriptingUtil.dylib
0x00000000435dd000 	/usr/lib/libbz2.1.0.dylib
0x00000000435dd000 	/usr/lib/liblzma.5.dylib
0x00000000435dd000 	/usr/lib/libnetwork.dylib
0x00000000435dd000 	/usr/lib/libpcap.A.dylib
0x00000000435dd000 	/System/Library/Frameworks/CoreServices.framework/Versions/A/Frameworks/FSEvents.framework/Versions/A/FSEvents
0x00000000435dd000 	/System/Library/Frameworks/CoreServices.framework/Versions/A/Frameworks/CarbonCore.framework/Versions/A/CarbonCore
0x00000000435dd000 	/System/Library/Frameworks/CoreServices.framework/Versions/A/Frameworks/Metadata.framework/Versions/A/Metadata
0x00000000435dd000 	/System/Library/Frameworks/CoreServices.framework/Versions/A/Frameworks/OSServices.framework/Versions/A/OSServices
0x00000000435dd000 	/System/Library/Frameworks/CoreServices.framework/Versions/A/Frameworks/SearchKit.framework/Versions/A/SearchKit
0x00000000435dd000 	/System/Library/Frameworks/CoreServices.framework/Versions/A/Frameworks/AE.framework/Versions/A/AE
0x00000000435dd000 	/System/Library/Frameworks/CoreServices.framework/Versions/A/Frameworks/LaunchServices.framework/Versions/A/LaunchServices
0x00000000435dd000 	/System/Library/Frameworks/CoreServices.framework/Versions/A/Frameworks/DictionaryServices.framework/Versions/A/DictionaryServices
0x00000000435dd000 	/System/Library/Frameworks/CoreServices.framework/Versions/A/Frameworks/SharedFileList.framework/Versions/A/SharedFileList
0x00000000435dd000 	/System/Library/Frameworks/NetFS.framework/Versions/A/NetFS
0x00000000435dd000 	/System/Library/PrivateFrameworks/NetAuth.framework/Versions/A/NetAuth
0x00000000435dd000 	/System/Library/PrivateFrameworks/login.framework/Versions/A/Frameworks/loginsupport.framework/Versions/A/loginsupport
0x00000000435dd000 	/System/Library/PrivateFrameworks/TCC.framework/Versions/A/TCC
0x00000000435dd000 	/usr/lib/libmecabra.dylib
0x00000000435dd000 	/System/Library/Frameworks/ApplicationServices.framework/Versions/A/Frameworks/ATS.framework/Versions/A/ATS
0x00000000435dd000 	/System/Library/Frameworks/ApplicationServices.framework/Versions/A/Frameworks/ColorSync.framework/Versions/A/ColorSync
0x00000000435dd000 	/System/Library/Frameworks/ApplicationServices.framework/Versions/A/Frameworks/HIServices.framework/Versions/A/HIServices
0x00000000435dd000 	/System/Library/Frameworks/ApplicationServices.framework/Versions/A/Frameworks/LangAnalysis.framework/Versions/A/LangAnalysis
0x00000000435dd000 	/System/Library/Frameworks/ApplicationServices.framework/Versions/A/Frameworks/PrintCore.framework/Versions/A/PrintCore
0x00000000435dd000 	/System/Library/Frameworks/ApplicationServices.framework/Versions/A/Frameworks/QD.framework/Versions/A/QD
0x00000000435dd000 	/System/Library/Frameworks/ApplicationServices.framework/Versions/A/Frameworks/SpeechSynthesis.framework/Versions/A/SpeechSynthesis
0x00000000435dd000 	/System/Library/Frameworks/Accelerate.framework/Versions/A/Frameworks/vImage.framework/Versions/A/vImage
0x00000000435dd000 	/System/Library/Frameworks/Accelerate.framework/Versions/A/Frameworks/vecLib.framework/Versions/A/vecLib
0x00000000435dd000 	/System/Library/Frameworks/Accelerate.framework/Versions/A/Frameworks/vecLib.framework/Versions/A/libvDSP.dylib
0x00000000435dd000 	/System/Library/Frameworks/Accelerate.framework/Versions/A/Frameworks/vecLib.framework/Versions/A/libBNNS.dylib
0x00000000435dd000 	/System/Library/Frameworks/Accelerate.framework/Versions/A/Frameworks/vecLib.framework/Versions/A/libQuadrature.dylib
0x00000000435dd000 	/System/Library/Frameworks/Accelerate.framework/Versions/A/Frameworks/vecLib.framework/Versions/A/libvMisc.dylib
0x00000000435dd000 	/System/Library/Frameworks/Accelerate.framework/Versions/A/Frameworks/vecLib.framework/Versions/A/libLAPACK.dylib
0x00000000435dd000 	/System/Library/Frameworks/Accelerate.framework/Versions/A/Frameworks/vecLib.framework/Versions/A/libBLAS.dylib
0x00000000435dd000 	/System/Library/Frameworks/Accelerate.framework/Versions/A/Frameworks/vecLib.framework/Versions/A/libLinearAlgebra.dylib
0x00000000435dd000 	/System/Library/Frameworks/Accelerate.framework/Versions/A/Frameworks/vecLib.framework/Versions/A/libSparseBLAS.dylib
0x00000000435dd000 	/System/Library/Frameworks/ApplicationServices.framework/Versions/A/Frameworks/ATS.framework/Versions/A/Resources/libFontParser.dylib
0x00000000435dd000 	/System/Library/Frameworks/ApplicationServices.framework/Versions/A/Frameworks/ATS.framework/Versions/A/Resources/libFontRegistry.dylib
0x00000000435dd000 	/System/Library/Frameworks/ImageIO.framework/Versions/A/Resources/libJPEG.dylib
0x00000000435dd000 	/System/Library/Frameworks/ImageIO.framework/Versions/A/Resources/libTIFF.dylib
0x00000000435dd000 	/System/Library/Frameworks/ImageIO.framework/Versions/A/Resources/libPng.dylib
0x00000000435dd000 	/System/Library/Frameworks/ImageIO.framework/Versions/A/Resources/libGIF.dylib
0x00000000435dd000 	/System/Library/Frameworks/ImageIO.framework/Versions/A/Resources/libJP2.dylib
0x00000000435dd000 	/System/Library/Frameworks/ImageIO.framework/Versions/A/Resources/libRadiance.dylib
0x00000000435dd000 	/usr/lib/libcompression.dylib
0x00000000435dd000 	/System/Library/PrivateFrameworks/AppleJPEG.framework/Versions/A/AppleJPEG
0x00000000435dd000 	/usr/lib/libcups.2.dylib
0x00000000435dd000 	/System/Library/Frameworks/Kerberos.framework/Versions/A/Kerberos
0x00000000435dd000 	/System/Library/Frameworks/GSS.framework/Versions/A/GSS
0x00000000435dd000 	/usr/lib/libresolv.9.dylib
0x00000000435dd000 	/usr/lib/libiconv.2.dylib
0x00000000435dd000 	/System/Library/PrivateFrameworks/Heimdal.framework/Versions/A/Heimdal
0x00000000435dd000 	/usr/lib/libheimdal-asn1.dylib
0x00000000435dd000 	/System/Library/Frameworks/OpenDirectory.framework/Versions/A/OpenDirectory
0x00000000435dd000 	/System/Library/PrivateFrameworks/CommonAuth.framework/Versions/A/CommonAuth
0x00000000435dd000 	/System/Library/Frameworks/OpenDirectory.framework/Versions/A/Frameworks/CFOpenDirectory.framework/Versions/A/CFOpenDirectory
0x00000000435dd000 	/System/Library/Frameworks/SecurityFoundation.framework/Versions/A/SecurityFoundation
0x00000000435dd000 	/System/Library/PrivateFrameworks/LanguageModeling.framework/Versions/A/LanguageModeling
0x00000000435dd000 	/usr/lib/libmarisa.dylib
0x00000000435dd000 	/usr/lib/libChineseTokenizer.dylib
0x00000000435dd000 	/usr/lib/libcmph.dylib
0x00000000435dd000 	/System/Library/PrivateFrameworks/CoreEmoji.framework/Versions/A/CoreEmoji
0x00000000435dd000 	/System/Library/Frameworks/ServiceManagement.framework/Versions/A/ServiceManagement
0x00000000435dd000 	/usr/lib/libxslt.1.dylib
0x00000000435dd000 	/System/Library/Frameworks/Carbon.framework/Versions/A/Frameworks/Ink.framework/Versions/A/Ink
0x00000000435dd000 	/System/Library/PrivateFrameworks/TextureIO.framework/Versions/A/TextureIO
0x00000000435dd000 	/System/Library/Frameworks/Metal.framework/Versions/A/Metal
0x00000000435dd000 	/usr/lib/libate.dylib
0x00000000435dd000 	/System/Library/PrivateFrameworks/GPUCompiler.framework/libmetal_timestamp.dylib
0x00000000435dd000 	/System/Library/Frameworks/OpenGL.framework/Versions/A/Libraries/libCoreFSCache.dylib
0x00000000435dd000 	/System/Library/PrivateFrameworks/IOAccelerator.framework/Versions/A/IOAccelerator
0x00000000435dd000 	/System/Library/Frameworks/CoreVideo.framework/Versions/A/CoreVideo
0x00000000435dd000 	/usr/lib/libFosl_dynamic.dylib
0x00000000435dd000 	/System/Library/PrivateFrameworks/MetalPerformanceShaders.framework/Versions/A/MetalPerformanceShaders
0x00000000435dd000 	/System/Library/PrivateFrameworks/FaceCore.framework/Versions/A/FaceCore
0x00000000435dd000 	/System/Library/Frameworks/OpenCL.framework/Versions/A/OpenCL
0x00000000435dd000 	/System/Library/Frameworks/OpenGL.framework/Versions/A/Libraries/libGLU.dylib
0x00000000435dd000 	/System/Library/Frameworks/OpenGL.framework/Versions/A/Libraries/libGFXShared.dylib
0x00000000435dd000 	/System/Library/Frameworks/OpenGL.framework/Versions/A/Libraries/libGL.dylib
0x00000000435dd000 	/System/Library/Frameworks/OpenGL.framework/Versions/A/Libraries/libGLImage.dylib
0x00000000435dd000 	/System/Library/Frameworks/OpenGL.framework/Versions/A/Libraries/libCVMSPluginSupport.dylib
0x00000000435dd000 	/System/Library/Frameworks/OpenGL.framework/Versions/A/Libraries/libCoreVMClient.dylib
0x00000000435dd000 	/System/Library/PrivateFrameworks/CrashReporterSupport.framework/Versions/A/CrashReporterSupport
0x00000000435dd000 	/System/Library/PrivateFrameworks/Sharing.framework/Versions/A/Sharing
0x00000000435dd000 	/System/Library/PrivateFrameworks/IconServices.framework/Versions/A/IconServices
0x00000000435dd000 	/System/Library/PrivateFrameworks/ProtocolBuffer.framework/Versions/A/ProtocolBuffer
0x00000000435dd000 	/System/Library/PrivateFrameworks/Apple80211.framework/Versions/A/Apple80211
0x00000000435dd000 	/System/Library/Frameworks/CoreWLAN.framework/Versions/A/CoreWLAN
0x00000000435dd000 	/System/Library/PrivateFrameworks/CoreUtils.framework/Versions/A/CoreUtils
0x00000000435dd000 	/System/Library/Frameworks/IOBluetooth.framework/Versions/A/IOBluetooth
0x00000000435dd000 	/System/Library/PrivateFrameworks/CoreWiFi.framework/Versions/A/CoreWiFi
0x00000000435dd000 	/System/Library/Frameworks/CoreBluetooth.framework/Versions/A/CoreBluetooth
0x00000000435dd000 	/System/Library/Frameworks/CoreDisplay.framework/Versions/A/CoreDisplay
0x00000000435dd000 	/System/Library/PrivateFrameworks/IOPresentment.framework/Versions/A/IOPresentment
0x00000000435dd000 	/System/Library/PrivateFrameworks/DebugSymbols.framework/Versions/A/DebugSymbols
0x00000000435dd000 	/System/Library/PrivateFrameworks/CoreSymbolication.framework/Versions/A/CoreSymbolication
0x00000000435dd000 	/System/Library/PrivateFrameworks/Symbolication.framework/Versions/A/Symbolication
0x00000000435dd000 	/System/Library/PrivateFrameworks/AppleFSCompression.framework/Versions/A/AppleFSCompression
0x00000000435dd000 	/System/Library/PrivateFrameworks/SpeechRecognitionCore.framework/Versions/A/SpeechRecognitionCore
0x00000000435dd000 	/System/Library/PrivateFrameworks/ChunkingLibrary.framework/Versions/A/ChunkingLibrary
0x0000000106e00000 	/Library/Java/JavaVirtualMachines/jdk1.8.0_144.jdk/Contents/Home/jre/lib/server/libjvm.dylib
0x00000000435dd000 	/usr/lib/libstdc++.6.dylib
0x0000000105c9d000 	/Library/Java/JavaVirtualMachines/jdk1.8.0_144.jdk/Contents/Home/jre/lib/libverify.dylib
0x0000000105cab000 	/Library/Java/JavaVirtualMachines/jdk1.8.0_144.jdk/Contents/Home/jre/lib/libjava.dylib
0x0000000105cea000 	/Library/Java/JavaVirtualMachines/jdk1.8.0_144.jdk/Contents/Home/jre/lib/libzip.dylib
0x000000010cd1a000 	/System/Library/Frameworks/JavaVM.framework/Frameworks/JavaRuntimeSupport.framework/JavaRuntimeSupport
0x000000010cd34000 	/System/Library/Frameworks/JavaVM.framework/Versions/A/Frameworks/JavaNativeFoundation.framework/Versions/A/JavaNativeFoundation
0x000000010cd49000 	/System/Library/Frameworks/JavaVM.framework/Versions/A/JavaVM
0x00000000435dd000 	/System/Library/Frameworks/Carbon.framework/Versions/A/Carbon
0x000000010cd56000 	/System/Library/PrivateFrameworks/JavaLaunching.framework/Versions/A/JavaLaunching
0x00000000435dd000 	/System/Library/Frameworks/Carbon.framework/Versions/A/Frameworks/CommonPanels.framework/Versions/A/CommonPanels
0x00000000435dd000 	/System/Library/Frameworks/Carbon.framework/Versions/A/Frameworks/Help.framework/Versions/A/Help
0x00000000435dd000 	/System/Library/Frameworks/Carbon.framework/Versions/A/Frameworks/ImageCapture.framework/Versions/A/ImageCapture
0x00000000435dd000 	/System/Library/Frameworks/Carbon.framework/Versions/A/Frameworks/OpenScripting.framework/Versions/A/OpenScripting
0x00000000435dd000 	/System/Library/Frameworks/Carbon.framework/Versions/A/Frameworks/Print.framework/Versions/A/Print
0x00000000435dd000 	/System/Library/Frameworks/Carbon.framework/Versions/A/Frameworks/SecurityHI.framework/Versions/A/SecurityHI
0x000000010e67a000 	/Library/Java/JavaVirtualMachines/jdk1.8.0_144.jdk/Contents/Home/jre/lib/libnet.dylib
0x000000010e6d9000 	/Library/Java/JavaVirtualMachines/jdk1.8.0_144.jdk/Contents/Home/jre/lib/libnio.dylib
0x000000010ed3d000 	/Library/Java/JavaVirtualMachines/jdk1.8.0_144.jdk/Contents/Home/jre/lib/libmanagement.dylib
0x000000010ed4b000 	/Users/jasmina/ABH/eRestoran/target/jnotify/native_libraries/64bits/libjnotify.jnilib
0x000000010f5bb000 	/Library/Java/JavaVirtualMachines/jdk1.8.0_144.jdk/Contents/Home/jre/lib/libsunec.dylib

VM Arguments:
jvm_args: -Dfile.encoding=UTF8 -Djline.terminal=none -Dsbt.log.noformat=true -Dsbt.global.base=/private/var/folders/96/cw4ykw9n6z1d7rb_n0k307400000gn/T/sbt-global-pluginstub -Xms512M -Xmx1024M -Xss1M -XX:+CMSClassUnloadingEnabled -XX:MaxPermSize=256M 
java_command: xsbt.boot.Boot project root run
java_class_path (initial): /Users/jasmina/Library/Application Support/IntelliJIdea2017.2/Scala/launcher/sbt-launch.jar
Launcher Type: SUN_STANDARD

Environment Variables:
PATH=/usr/local/opt/node@6/bin:/usr/local/bin:/usr/bin:/bin:/usr/sbin:/sbin
SHELL=/bin/bash

Signal Handlers:
SIGSEGV: [libjvm.dylib+0x5b26e5], sa_mask[0]=11111111011111110111111111111111, sa_flags=SA_ONSTACK|SA_RESTART|SA_SIGINFO
SIGBUS: [libjvm.dylib+0x5b26e5], sa_mask[0]=11111111011111110111111111111111, sa_flags=SA_RESTART|SA_SIGINFO
SIGFPE: [libjvm.dylib+0x489100], sa_mask[0]=11111111011111110111111111111111, sa_flags=SA_RESTART|SA_SIGINFO
SIGPIPE: [libjvm.dylib+0x489100], sa_mask[0]=11111111011111110111111111111111, sa_flags=SA_RESTART|SA_SIGINFO
SIGXFSZ: [libjvm.dylib+0x489100], sa_mask[0]=11111111011111110111111111111111, sa_flags=SA_RESTART|SA_SIGINFO
SIGILL: [libjvm.dylib+0x489100], sa_mask[0]=11111111011111110111111111111111, sa_flags=SA_RESTART|SA_SIGINFO
SIGUSR1: SIG_DFL, sa_mask[0]=00000000000000000000000000000000, sa_flags=none
SIGUSR2: [libjvm.dylib+0x488c1e], sa_mask[0]=00100000000000000000000000000000, sa_flags=SA_RESTART|SA_SIGINFO
SIGHUP: [libjvm.dylib+0x4871f5], sa_mask[0]=11111111011111110111111111111111, sa_flags=SA_RESTART|SA_SIGINFO
SIGINT: [libjvm.dylib+0x4871f5], sa_mask[0]=11111111011111110111111111111111, sa_flags=SA_RESTART|SA_SIGINFO
SIGTERM: [libjvm.dylib+0x4871f5], sa_mask[0]=11111111011111110111111111111111, sa_flags=SA_RESTART|SA_SIGINFO
SIGQUIT: [libjvm.dylib+0x4871f5], sa_mask[0]=11111111011111110111111111111111, sa_flags=SA_RESTART|SA_SIGINFO


---------------  S Y S T E M  ---------------

OS:Bsduname:Darwin 16.1.0 Darwin Kernel Version 16.1.0: Wed Oct 19 20:31:56 PDT 2016; root:xnu-3789.21.4~4/RELEASE_X86_64 x86_64
rlimit: STACK 8192k, CORE 0k, NPROC 709, NOFILE 10240, AS infinity
load average:3.35 3.39 2.99

CPU:total 8 (initial active 8) (4 cores per cpu, 2 threads per core) family 6 model 70 stepping 1, cmov, cx8, fxsr, mmx, sse, sse2, sse3, ssse3, sse4.1, sse4.2, popcnt, avx, avx2, aes, clmul, erms, lzcnt, ht, tsc, tscinvbit, bmi1, bmi2

Memory: 4k page, physical 8388608k(228856k free)

/proc/meminfo:


vm_info: Java HotSpot(TM) 64-Bit Server VM (25.144-b01) for bsd-amd64 JRE (1.8.0_144-b01), built on Jul 21 2017 22:07:42 by "java_re" with gcc 4.2.1 (Based on Apple Inc. build 5658) (LLVM build 2336.11.00)

time: Mon Oct 16 10:53:04 2017
elapsed time: 1517 seconds (0d 0h 25m 17s)

