#
# A fatal error has been detected by the Java Runtime Environment:
#
#  SIGSEGV (0xb) at pc=0x00000001136ae91e, pid=4931, tid=0x0000000000006a03
#
# JRE version: Java(TM) SE Runtime Environment (8.0_144-b01) (build 1.8.0_144-b01)
# Java VM: Java HotSpot(TM) 64-Bit Server VM (25.144-b01 mixed mode bsd-amd64 compressed oops)
# Problematic frame:
# J 7663 C2 java.io.File.<init>(Ljava/lang/String;)V (47 bytes) @ 0x00000001136ae91e [0x00000001136ae8e0+0x3e]
#
# Failed to write core dump. Core dumps have been disabled. To enable core dumping, try "ulimit -c unlimited" before starting Java again
#
# If you would like to submit a bug report, please visit:
#   http://bugreport.java.com/bugreport/crash.jsp
#

---------------  T H R E A D  ---------------

Current thread (0x00007fc992314800):  JavaThread "FSEvent thread" daemon [_thread_in_Java, id=27139, stack(0x000070000b654000,0x000070000b754000)]

siginfo: si_signo: 11 (SIGSEGV), si_code: 1 (SEGV_MAPERR), si_addr: 0x0000000193731ae4

Registers:
RAX=0x00000007b16578b0, RBX=0x00000007b1657790, RCX=0x0000000000000000, RDX=0x0000000193731ad8
RSP=0x000070000b74d030, RBP=0x000070000b74d2a8, RSI=0x00000007b16578b0, RDI=0x0000000123a1cff8
R8 =0x0000000000000541, R9 =0x0000000000000000, R10=0x0000000003c15f35, R11=0x0000000107367000
R12=0x0000000000000000, R13=0x0000000114ae4714, R14=0x000070000b74d070, R15=0x00007fc992314800
RIP=0x00000001136ae91e, EFLAGS=0x0000000000010206, ERR=0x0000000000000004
  TRAPNO=0x000000000000000e

Top of Stack: (sp=0x000070000b74d030)
0x000070000b74d030:   0000000123a1c0b0 00000007b16578b0
0x000070000b74d040:   0000000123a1ba58 0000000000000000
0x000070000b74d050:   000070000b74d080 000070000b74d2a8
0x000070000b74d060:   0000000114ae4714 000000070000000f
0x000070000b74d070:   000070000b74d2a8 0000000114ae4b94
0x000070000b74d080:   00000000f034d43e 0000000114a3d1dc
0x000070000b74d090:   000070000b74d0e0 0000000109d9e98c
0x000070000b74d0a0:   00000007b1610f20 0000000781a6a200
0x000070000b74d0b0:   0000000000000080 0000000000000c00
0x000070000b74d0c0:   0000000000000000 0000000000000000
0x000070000b74d0d0:   0000000000000000 00007fc992314800
0x000070000b74d0e0:   000070000b74d101 00007fc992314800
0x000070000b74d0f0:   00000007b1657700 00000001139f425b
0x000070000b74d100:   0000700000000024 0000000100000026
0x000070000b74d110:   0000000108a03a00 00007fc992314800
0x000070000b74d120:   00007fc900000000 0000000781a6a200
0x000070000b74d130:   00000007b16577c0 00000007b1657790
0x000070000b74d140:   00000007b16578b0 0000000113059c87
0x000070000b74d150:   00000000f034d43e 0000000114b0dd38
0x000070000b74d160:   0000000781a6a200 00000000f034d43b
0x000070000b74d170:   00000007b8fbf888 0000000000000000
0x000070000b74d180:   0000000782be6ba8 0000000000000af8
0x000070000b74d190:   00000007b1657790 0000000782be6ba8
0x000070000b74d1a0:   0000000000000000 000070000b74d1f8
0x000070000b74d1b0:   000070000b74d390 0000000114ac9a14
0x000070000b74d1c0:   000000010d6e8e50 0000000000000000
0x000070000b74d1d0:   000070000b74d1f8 000070000b74d240
0x000070000b74d1e0:   0000000112f622bd 0000000000000000
0x000070000b74d1f0:   0000000000000000 0000000782be6ba8
0x000070000b74d200:   000070000b74d200 000000012215365f
0x000070000b74d210:   000070000b74d260 0000000123a12028
0x000070000b74d220:   0000000000000000 0000000122153698 

Instructions: (pc=0x00000001136ae91e)
0x00000001136ae8fe:   66 90 89 84 24 00 c0 fe ff 55 48 83 ec 40 48 89
0x00000001136ae90e:   74 24 08 44 89 66 14 48 85 d2 0f 84 7d 02 00 00
0x00000001136ae91e:   44 8b 4a 0c 47 8b 5c cc 0c 48 bd 00 70 36 07 01
0x00000001136ae92e:   00 00 00 45 85 db 0f 8e 0d 02 00 00 45 85 db 0f 

Register to memory mapping:

RAX=0x00000007b16578b0 is an oop
java.io.File 
 - klass: 'java/io/File'
RBX=0x00000007b1657790 is an oop
net.contentobjects.jnotify.macosx.JNotifyAdapterMacOSX$ScanJob 
 - klass: 'net/contentobjects/jnotify/macosx/JNotifyAdapterMacOSX$ScanJob'
RCX=0x0000000000000000 is an unknown value
RDX=0x0000000193731ad8 is an unknown value
RSP=0x000070000b74d030 is pointing into the stack for thread: 0x00007fc992314800
RBP=0x000070000b74d2a8 is pointing into the stack for thread: 0x00007fc992314800
RSI=0x00000007b16578b0 is an oop
java.io.File 
 - klass: 'java/io/File'
RDI=0x0000000123a1cff8 is pointing into metadata
R8 =0x0000000000000541 is an unknown value
R9 =0x0000000000000000 is an unknown value
R10=0x0000000003c15f35 is an unknown value
R11=0x0000000107367000 is an unknown value
R12=0x0000000000000000 is an unknown value
R13=0x0000000114ae4714 is at entry_point+1204 in (nmethod*)0x0000000114ae3890
R14=0x000070000b74d070 is pointing into the stack for thread: 0x00007fc992314800
R15=0x00007fc992314800 is a thread


Stack: [0x000070000b654000,0x000070000b754000],  sp=0x000070000b74d030,  free space=996k
Native frames: (J=compiled Java code, j=interpreted, Vv=VM code, C=native code)
J 7663 C2 java.io.File.<init>(Ljava/lang/String;)V (47 bytes) @ 0x00000001136ae91e [0x00000001136ae8e0+0x3e]
J 12933 C1 net.contentobjects.jnotify.macosx.JNotifyAdapterMacOSX.batchEndEvent(I)V (815 bytes) @ 0x0000000114ae4b94 [0x0000000114ae4260+0x934]
j  net.contentobjects.jnotify.macosx.JNotifyAdapterMacOSX$1.batchEnd(I)V+5
j  net.contentobjects.jnotify.macosx.JNotify_macosx.callbackInBatch(IZ)V+26
v  ~StubRoutines::call_stub
V  [libjvm.dylib+0x2ee70a]  JavaCalls::call_helper(JavaValue*, methodHandle*, JavaCallArguments*, Thread*)+0x6ae
V  [libjvm.dylib+0x3258b9]  jni_invoke_nonstatic(JNIEnv_*, JavaValue*, _jobject*, JNICallType, _jmethodID*, JNI_ArgumentPusher*, Thread*)+0x2ec
V  [libjvm.dylib+0x318087]  jni_CallVoidMethod+0x16b
C  [libjnotify.jnilib+0x1585]  fsevent_callback+0x115
C  [FSEvents+0x3b03]  implementation_callback_rpc+0x75b
C  [FSEvents+0x1702]  _Xcallback_rpc+0xfe
C  [FSEvents+0x17c9]  FSEventsD2F_server+0x37
C  [FSEvents+0x6fed]  FSEventsClientProcessMessageCallback+0x2c
C  [CoreFoundation+0x9030d]  __CFMachPortPerform+0xfd
C  [CoreFoundation+0x901f9]  __CFRUNLOOP_IS_CALLING_OUT_TO_A_SOURCE1_PERFORM_FUNCTION__+0x29
C  [CoreFoundation+0x90171]  __CFRunLoopDoSource1+0x1d1
C  [CoreFoundation+0x880c5]  __CFRunLoopRun+0x955
C  [CoreFoundation+0x87514]  CFRunLoopRunSpecific+0x1a4
C  [CoreFoundation+0xc6bb1]  CFRunLoopRun+0x61
j  net.contentobjects.jnotify.macosx.JNotify_macosx.nativeNotifyLoop()V+0
j  net.contentobjects.jnotify.macosx.JNotify_macosx.access$400()V+0
j  net.contentobjects.jnotify.macosx.JNotify_macosx$1.run()V+65
v  ~StubRoutines::call_stub
V  [libjvm.dylib+0x2ee70a]  JavaCalls::call_helper(JavaValue*, methodHandle*, JavaCallArguments*, Thread*)+0x6ae
V  [libjvm.dylib+0x2eeeae]  JavaCalls::call_virtual(JavaValue*, KlassHandle, Symbol*, Symbol*, JavaCallArguments*, Thread*)+0x164
V  [libjvm.dylib+0x2ef05a]  JavaCalls::call_virtual(JavaValue*, Handle, KlassHandle, Symbol*, Symbol*, Thread*)+0x4a
V  [libjvm.dylib+0x3497b1]  thread_entry(JavaThread*, Thread*)+0x7c
V  [libjvm.dylib+0x56c0b3]  JavaThread::thread_main_inner()+0x9b
V  [libjvm.dylib+0x56d7a0]  JavaThread::run()+0x1c2
V  [libjvm.dylib+0x48baee]  java_start(Thread*)+0xf6
C  [libsystem_pthread.dylib+0x3aab]  _pthread_body+0xb4
C  [libsystem_pthread.dylib+0x39f7]  _pthread_body+0x0
C  [libsystem_pthread.dylib+0x3221]  thread_start+0xd
C  0x0000000000000000


---------------  P R O C E S S  ---------------

Java Threads: ( => current thread )
  0x00007fc99482e800 JavaThread "play-dev-mode-akka.actor.default-dispatcher-20" [_thread_blocked, id=24403, stack(0x000070000c98d000,0x000070000ca8d000)]
  0x00007fc99482c800 JavaThread "pool-49-thread-3" [_thread_in_native, id=40967, stack(0x000070000bf6f000,0x000070000c06f000)]
  0x00007fc996059000 JavaThread "play-dev-mode-akka.actor.default-dispatcher-19" [_thread_blocked, id=34355, stack(0x000070000b34b000,0x000070000b44b000)]
  0x00007fc995019000 JavaThread "play-dev-mode-akka.actor.default-dispatcher-18" [_thread_blocked, id=29447, stack(0x000070000b145000,0x000070000b245000)]
  0x00007fc99a68c800 JavaThread "play-dev-mode-akka.actor.default-dispatcher-17" [_thread_blocked, id=29719, stack(0x000070000b042000,0x000070000b142000)]
  0x00007fc995a13000 JavaThread "play-dev-mode-akka.actor.default-dispatcher-16" [_thread_blocked, id=37923, stack(0x000070000af3f000,0x000070000b03f000)]
  0x00007fc996118000 JavaThread "play-dev-mode-akka.actor.default-dispatcher-12" [_thread_blocked, id=35363, stack(0x000070000c37b000,0x000070000c47b000)]
  0x00007fc996a5d000 JavaThread "com.google.common.base.internal.Finalizer" daemon [_thread_blocked, id=34819, stack(0x000070000c072000,0x000070000c172000)]
  0x00007fc99a6a7800 JavaThread "HikariPool-1 housekeeper" daemon [_thread_blocked, id=31495, stack(0x000070000be6c000,0x000070000bf6c000)]
  0x00007fc99a6a7000 JavaThread "PostgreSQL-JDBC-SharedTimer-1" daemon [_thread_blocked, id=31239, stack(0x000070000bd69000,0x000070000be69000)]
  0x00007fc99ab82000 JavaThread "application-akka.actor.default-dispatcher-3" [_thread_blocked, id=30735, stack(0x000070000bb63000,0x000070000bc63000)]
  0x00007fc99ab8c800 JavaThread "application-scheduler-1" [_thread_blocked, id=34063, stack(0x000070000b95d000,0x000070000ba5d000)]
  0x00007fc99aaeb800 JavaThread "__DEFAULT__" daemon [_thread_blocked, id=30987, stack(0x000070000b85a000,0x000070000b95a000)]
  0x00007fc999503000 JavaThread "AsyncAppender-Worker-ASYNCSTDOUT" daemon [_thread_blocked, id=31755, stack(0x000070000b757000,0x000070000b857000)]
  0x00007fc998074800 JavaThread "AsyncAppender-Worker-ASYNCFILE" daemon [_thread_blocked, id=30483, stack(0x000070000b551000,0x000070000b651000)]
  0x00007fc99866a000 JavaThread "play-dev-mode-akka.io.pinned-dispatcher-5" [_thread_in_native, id=4615, stack(0x000070000b248000,0x000070000b348000)]
  0x00007fc99a4c3000 JavaThread "play-dev-mode-scheduler-1" [_thread_blocked, id=22291, stack(0x000070000ad39000,0x000070000ae39000)]
  0x00007fc998667000 JavaThread "reloader-timer" daemon [_thread_blocked, id=26631, stack(0x0000700009774000,0x0000700009874000)]
=>0x00007fc992314800 JavaThread "FSEvent thread" daemon [_thread_in_Java, id=27139, stack(0x000070000b654000,0x000070000b754000)]
  0x00007fc9949ea800 JavaThread "pool-4-thread-5" [_thread_in_native, id=25867, stack(0x000070000b44e000,0x000070000b54e000)]
  0x00007fc998cf8800 JavaThread "sbt-web-akka.actor.default-dispatcher-3" [_thread_blocked, id=24591, stack(0x000070000ae3c000,0x000070000af3c000)]
  0x00007fc99a0ab800 JavaThread "sbt-web-scheduler-1" [_thread_blocked, id=23055, stack(0x000070000ac36000,0x000070000ad36000)]
  0x00007fc994015800 JavaThread "Service Thread" daemon [_thread_blocked, id=20995, stack(0x000070000aa30000,0x000070000ab30000)]
  0x00007fc99283c000 JavaThread "C1 CompilerThread3" daemon [_thread_blocked, id=20483, stack(0x000070000a92d000,0x000070000aa2d000)]
  0x00007fc993817800 JavaThread "C2 CompilerThread2" daemon [_thread_blocked, id=19971, stack(0x000070000a82a000,0x000070000a92a000)]
  0x00007fc994015000 JavaThread "C2 CompilerThread1" daemon [_thread_in_native, id=19459, stack(0x000070000a727000,0x000070000a827000)]
  0x00007fc99203e800 JavaThread "C2 CompilerThread0" daemon [_thread_blocked, id=18947, stack(0x000070000a624000,0x000070000a724000)]
  0x00007fc99200a000 JavaThread "Signal Dispatcher" daemon [_thread_blocked, id=18435, stack(0x000070000a521000,0x000070000a621000)]
  0x00007fc99380e000 JavaThread "Finalizer" daemon [_thread_blocked, id=14595, stack(0x000070000a41e000,0x000070000a51e000)]
  0x00007fc99380b000 JavaThread "Reference Handler" daemon [_thread_blocked, id=14083, stack(0x000070000a31b000,0x000070000a41b000)]
  0x00007fc994002000 JavaThread "main" [_thread_blocked, id=7171, stack(0x00007000098fd000,0x00007000099fd000)]

Other Threads:
  0x00007fc992825000 VMThread [stack: 0x000070000a218000,0x000070000a318000] [id=13571]
  0x00007fc992043800 WatcherThread [stack: 0x000070000ab33000,0x000070000ac33000] [id=21507]

VM state:not at safepoint (normal execution)

VM Mutex/Monitor currently owned by a thread: None

Heap:
 PSYoungGen      total 206336K, used 142584K [0x00000007aab00000, 0x00000007bc080000, 0x00000007c0000000)
  eden space 133632K, 82% used [0x00000007aab00000,0x00000007b16a60d8,0x00000007b2d80000)
  from space 72704K, 44% used [0x00000007b7980000,0x00000007b9918030,0x00000007bc080000)
  to   space 75264K, 0% used [0x00000007b2d80000,0x00000007b2d80000,0x00000007b7700000)
 ParOldGen       total 699392K, used 595256K [0x0000000780000000, 0x00000007aab00000, 0x00000007aab00000)
  object space 699392K, 85% used [0x0000000780000000,0x00000007a454e340,0x00000007aab00000)
 Metaspace       used 116653K, capacity 121250K, committed 121816K, reserved 1150976K
  class space    used 19060K, capacity 19560K, committed 19672K, reserved 1048576K

Card table byte_map: [0x000000010af67000,0x000000010b168000] byte_map_base: 0x0000000107367000

Marking Bits: (ParMarkBitMap*) 0x000000010a4f35d0
 Begin Bits: [0x000000010b2be000, 0x000000010c2be000)
 End Bits:   [0x000000010c2be000, 0x000000010d2be000)

Polling page: 0x0000000108aa4000

CodeCache: size=245760Kb used=28808Kb max_used=28826Kb free=216951Kb
 bounds [0x0000000112f5a000, 0x0000000114bca000, 0x0000000121f5a000]
 total_blobs=11277 nmethods=10582 adapters=606
 compilation: enabled

Compilation events (10 events):
Event: 1841.790 Thread 0x00007fc99283c000 13044       1       akka.http.impl.settings.ParserSettingsImpl::defaultHeaderValueCacheLimit (5 bytes)
Event: 1841.790 Thread 0x00007fc99283c000 nmethod 13044 0x0000000114822410 code [0x0000000114822560, 0x0000000114822670]
Event: 1841.795 Thread 0x00007fc993817800 nmethod 13025 0x0000000114b8f250 code [0x0000000114b8f420, 0x0000000114b8fe00]
Event: 1855.116 Thread 0x00007fc99203e800 13045 %     4       net.contentobjects.jnotify.macosx.JNotifyAdapterMacOSX::batchEndEvent @ 482 (815 bytes)
Event: 1855.256 Thread 0x00007fc99203e800 nmethod 13045% 0x0000000114bb3590 code [0x0000000114bb39e0, 0x0000000114bb62c0]
Event: 1855.593 Thread 0x00007fc99283c000 13046       3       akka.actor.LightArrayRevolverScheduler$TaskHolder::isCancelled (19 bytes)
Event: 1855.594 Thread 0x00007fc99283c000 nmethod 13046 0x0000000114b8ee50 code [0x0000000114b8efc0, 0x0000000114b8f1b0]
Event: 1859.853 Thread 0x00007fc99283c000 13047       3       akka.dispatch.AbstractNodeQueue::addNode (18 bytes)
Event: 1859.853 Thread 0x00007fc99283c000 nmethod 13047 0x0000000114821bd0 code [0x0000000114821d60, 0x00000001148222b0]
Event: 1870.328 Thread 0x00007fc994015000 13048       4       net.contentobjects.jnotify.macosx.JNotifyAdapterMacOSX::batchEndEvent (815 bytes)

GC Heap History (10 events):
Event: 1843.267 GC heap before
{Heap before GC invocations=528 (full 96):
 PSYoungGen      total 139776K, used 139712K [0x00000007aab00000, 0x00000007bec80000, 0x00000007c0000000)
  eden space 122368K, 100% used [0x00000007aab00000,0x00000007b2280000,0x00000007b2280000)
  from space 17408K, 99% used [0x00000007b2280000,0x00000007b3370000,0x00000007b3380000)
  to   space 100864K, 0% used [0x00000007b8a00000,0x00000007b8a00000,0x00000007bec80000)
 ParOldGen       total 699392K, used 595256K [0x0000000780000000, 0x00000007aab00000, 0x00000007aab00000)
  object space 699392K, 85% used [0x0000000780000000,0x00000007a454e340,0x00000007aab00000)
 Metaspace       used 116653K, capacity 121250K, committed 121816K, reserved 1150976K
  class space    used 19060K, capacity 19560K, committed 19672K, reserved 1048576K
Event: 1843.312 GC heap after
Heap after GC invocations=528 (full 96):
 PSYoungGen      total 211968K, used 21408K [0x00000007aab00000, 0x00000007bdd80000, 0x00000007c0000000)
  eden space 126464K, 0% used [0x00000007aab00000,0x00000007aab00000,0x00000007b2680000)
  from space 85504K, 25% used [0x00000007b8a00000,0x00000007b9ee8030,0x00000007bdd80000)
  to   space 93696K, 0% used [0x00000007b2680000,0x00000007b2680000,0x00000007b8200000)
 ParOldGen       total 699392K, used 595256K [0x0000000780000000, 0x00000007aab00000, 0x00000007aab00000)
  object space 699392K, 85% used [0x0000000780000000,0x00000007a454e340,0x00000007aab00000)
 Metaspace       used 116653K, capacity 121250K, committed 121816K, reserved 1150976K
  class space    used 19060K, capacity 19560K, committed 19672K, reserved 1048576K
}
Event: 1847.893 GC heap before
{Heap before GC invocations=529 (full 96):
 PSYoungGen      total 211968K, used 147872K [0x00000007aab00000, 0x00000007bdd80000, 0x00000007c0000000)
  eden space 126464K, 100% used [0x00000007aab00000,0x00000007b2680000,0x00000007b2680000)
  from space 85504K, 25% used [0x00000007b8a00000,0x00000007b9ee8030,0x00000007bdd80000)
  to   space 93696K, 0% used [0x00000007b2680000,0x00000007b2680000,0x00000007b8200000)
 ParOldGen       total 699392K, used 595256K [0x0000000780000000, 0x00000007aab00000, 0x00000007aab00000)
  object space 699392K, 85% used [0x0000000780000000,0x00000007a454e340,0x00000007aab00000)
 Metaspace       used 116653K, capacity 121250K, committed 121816K, reserved 1150976K
  class space    used 19060K, capacity 19560K, committed 19672K, reserved 1048576K
Event: 1847.930 GC heap after
Heap after GC invocations=529 (full 96):
 PSYoungGen      total 151552K, used 24672K [0x00000007aab00000, 0x00000007bd480000, 0x00000007c0000000)
  eden space 126464K, 0% used [0x00000007aab00000,0x00000007aab00000,0x00000007b2680000)
  from space 25088K, 98% used [0x00000007b2680000,0x00000007b3e98030,0x00000007b3f00000)
  to   space 87040K, 0% used [0x00000007b7f80000,0x00000007b7f80000,0x00000007bd480000)
 ParOldGen       total 699392K, used 595256K [0x0000000780000000, 0x00000007aab00000, 0x00000007aab00000)
  object space 699392K, 85% used [0x0000000780000000,0x00000007a454e340,0x00000007aab00000)
 Metaspace       used 116653K, capacity 121250K, committed 121816K, reserved 1150976K
  class space    used 19060K, capacity 19560K, committed 19672K, reserved 1048576K
}
Event: 1854.861 GC heap before
{Heap before GC invocations=530 (full 96):
 PSYoungGen      total 151552K, used 151136K [0x00000007aab00000, 0x00000007bd480000, 0x00000007c0000000)
  eden space 126464K, 100% used [0x00000007aab00000,0x00000007b2680000,0x00000007b2680000)
  from space 25088K, 98% used [0x00000007b2680000,0x00000007b3e98030,0x00000007b3f00000)
  to   space 87040K, 0% used [0x00000007b7f80000,0x00000007b7f80000,0x00000007bd480000)
 ParOldGen       total 699392K, used 595256K [0x0000000780000000, 0x00000007aab00000, 0x00000007aab00000)
  object space 699392K, 85% used [0x0000000780000000,0x00000007a454e340,0x00000007aab00000)
 Metaspace       used 116653K, capacity 121250K, committed 121816K, reserved 1150976K
  class space    used 19060K, capacity 19560K, committed 19672K, reserved 1048576K
Event: 1854.910 GC heap after
Heap after GC invocations=530 (full 96):
 PSYoungGen      total 207360K, used 28640K [0x00000007aab00000, 0x00000007bcb00000, 0x00000007c0000000)
  eden space 130048K, 0% used [0x00000007aab00000,0x00000007aab00000,0x00000007b2a00000)
  from space 77312K, 37% used [0x00000007b7f80000,0x00000007b9b78030,0x00000007bcb00000)
  to   space 82432K, 0% used [0x00000007b2a00000,0x00000007b2a00000,0x00000007b7a80000)
 ParOldGen       total 699392K, used 595256K [0x0000000780000000, 0x00000007aab00000, 0x00000007aab00000)
  object space 699392K, 85% used [0x0000000780000000,0x00000007a454e340,0x00000007aab00000)
 Metaspace       used 116653K, capacity 121250K, committed 121816K, reserved 1150976K
  class space    used 19060K, capacity 19560K, committed 19672K, reserved 1048576K
}
Event: 1858.403 GC heap before
{Heap before GC invocations=531 (full 96):
 PSYoungGen      total 207360K, used 158688K [0x00000007aab00000, 0x00000007bcb00000, 0x00000007c0000000)
  eden space 130048K, 100% used [0x00000007aab00000,0x00000007b2a00000,0x00000007b2a00000)
  from space 77312K, 37% used [0x00000007b7f80000,0x00000007b9b78030,0x00000007bcb00000)
  to   space 82432K, 0% used [0x00000007b2a00000,0x00000007b2a00000,0x00000007b7a80000)
 ParOldGen       total 699392K, used 595256K [0x0000000780000000, 0x00000007aab00000, 0x00000007aab00000)
  object space 699392K, 85% used [0x0000000780000000,0x00000007a454e340,0x00000007aab00000)
 Metaspace       used 116653K, capacity 121250K, committed 121816K, reserved 1150976K
  class space    used 19060K, capacity 19560K, committed 19672K, reserved 1048576K
Event: 1858.430 GC heap after
Heap after GC invocations=531 (full 96):
 PSYoungGen      total 157184K, used 26880K [0x00000007aab00000, 0x00000007bc580000, 0x00000007c0000000)
  eden space 130048K, 0% used [0x00000007aab00000,0x00000007aab00000,0x00000007b2a00000)
  from space 27136K, 99% used [0x00000007b2a00000,0x00000007b4440030,0x00000007b4480000)
  to   space 77824K, 0% used [0x00000007b7980000,0x00000007b7980000,0x00000007bc580000)
 ParOldGen       total 699392K, used 595256K [0x0000000780000000, 0x00000007aab00000, 0x00000007aab00000)
  object space 699392K, 85% used [0x0000000780000000,0x00000007a454e340,0x00000007aab00000)
 Metaspace       used 116653K, capacity 121250K, committed 121816K, reserved 1150976K
  class space    used 19060K, capacity 19560K, committed 19672K, reserved 1048576K
}
Event: 1865.556 GC heap before
{Heap before GC invocations=532 (full 96):
 PSYoungGen      total 157184K, used 156928K [0x00000007aab00000, 0x00000007bc580000, 0x00000007c0000000)
  eden space 130048K, 100% used [0x00000007aab00000,0x00000007b2a00000,0x00000007b2a00000)
  from space 27136K, 99% used [0x00000007b2a00000,0x00000007b4440030,0x00000007b4480000)
  to   space 77824K, 0% used [0x00000007b7980000,0x00000007b7980000,0x00000007bc580000)
 ParOldGen       total 699392K, used 595256K [0x0000000780000000, 0x00000007aab00000, 0x00000007aab00000)
  object space 699392K, 85% used [0x0000000780000000,0x00000007a454e340,0x00000007aab00000)
 Metaspace       used 116653K, capacity 121250K, committed 121816K, reserved 1150976K
  class space    used 19060K, capacity 19560K, committed 19672K, reserved 1048576K
Event: 1865.606 GC heap after
Heap after GC invocations=532 (full 96):
 PSYoungGen      total 206336K, used 32352K [0x00000007aab00000, 0x00000007bc080000, 0x00000007c0000000)
  eden space 133632K, 0% used [0x00000007aab00000,0x00000007aab00000,0x00000007b2d80000)
  from space 72704K, 44% used [0x00000007b7980000,0x00000007b9918030,0x00000007bc080000)
  to   space 75264K, 0% used [0x00000007b2d80000,0x00000007b2d80000,0x00000007b7700000)
 ParOldGen       total 699392K, used 595256K [0x0000000780000000, 0x00000007aab00000, 0x00000007aab00000)
  object space 699392K, 85% used [0x0000000780000000,0x00000007a454e340,0x00000007aab00000)
 Metaspace       used 116653K, capacity 121250K, committed 121816K, reserved 1150976K
  class space    used 19060K, capacity 19560K, committed 19672K, reserved 1048576K
}

Deoptimization events (10 events):
Event: 1753.152 Thread 0x00007fc992314800 Uncommon trap: reason=unstable_if action=reinterpret pc=0x0000000114b165c8 method=net.contentobjects.jnotify.macosx.JNotifyAdapterMacOSX$WatchData.scan(Ljava/io/File;ZLnet/contentobjects/jnotify/macosx/JNotifyAdapterMacOSX$JNEvents;)V @ 373
Event: 1796.686 Thread 0x00007fc99482c800 Uncommon trap: reason=unstable_if action=reinterpret pc=0x00000001145a5afc method=java.util.HashMap.putVal(ILjava/lang/Object;Ljava/lang/Object;ZZ)Ljava/lang/Object; @ 162
Event: 1798.036 Thread 0x00007fc99482c800 Uncommon trap: reason=bimorphic action=maybe_recompile pc=0x000000011412a0dc method=scala.collection.immutable.HashSet$HashTrieSet.updated0(Ljava/lang/Object;II)Lscala/collection/immutable/HashSet; @ 55
Event: 1798.037 Thread 0x00007fc99482c800 Uncommon trap: reason=class_check action=maybe_recompile pc=0x0000000113be7b28 method=scala.collection.immutable.HashSet$.scala$collection$immutable$HashSet$$makeHashTrieSet(ILscala/collection/immutable/HashSet;ILscala/collection/immutable/HashSet;I)Lscal
Event: 1802.536 Thread 0x00007fc99482c800 Uncommon trap: reason=unstable_if action=reinterpret pc=0x00000001138981ec method=scala.collection.immutable.HashMap$HashMap1.get0(Ljava/lang/Object;II)Lscala/Option; @ 76
Event: 1803.027 Thread 0x00007fc99482c800 Uncommon trap: reason=bimorphic action=maybe_recompile pc=0x000000011412a0dc method=scala.collection.immutable.HashSet$HashTrieSet.updated0(Ljava/lang/Object;II)Lscala/collection/immutable/HashSet; @ 55
Event: 1803.027 Thread 0x00007fc99482c800 Uncommon trap: reason=class_check action=maybe_recompile pc=0x0000000113be7b28 method=scala.collection.immutable.HashSet$.scala$collection$immutable$HashSet$$makeHashTrieSet(ILscala/collection/immutable/HashSet;ILscala/collection/immutable/HashSet;I)Lscal
Event: 1805.563 Thread 0x00007fc99482c800 Uncommon trap: reason=bimorphic action=maybe_recompile pc=0x000000011412a0dc method=scala.collection.immutable.HashSet$HashTrieSet.updated0(Ljava/lang/Object;II)Lscala/collection/immutable/HashSet; @ 55
Event: 1805.563 Thread 0x00007fc99482c800 Uncommon trap: reason=class_check action=maybe_recompile pc=0x0000000113be7b28 method=scala.collection.immutable.HashSet$.scala$collection$immutable$HashSet$$makeHashTrieSet(ILscala/collection/immutable/HashSet;ILscala/collection/immutable/HashSet;I)Lscal
Event: 1825.922 Thread 0x00007fc99482c800 Uncommon trap: reason=unstable_if action=reinterpret pc=0x0000000114221e94 method=java.io.ExpiringCache.put(Ljava/lang/String;Ljava/lang/String;)V @ 15

Internal exceptions (10 events):
Event: 1002.972 Thread 0x00007fc993d47800 Exception <a 'java/lang/ArrayIndexOutOfBoundsException'> (0x00000007ace24248) thrown at [/Users/java_re/workspace/8-2-build-macosx-x86_64/jdk8u144/9417/hotspot/src/share/vm/runtime/sharedRuntime.cpp, line 605]
Event: 1002.972 Thread 0x00007fc993d47800 Exception <a 'java/lang/ArrayIndexOutOfBoundsException'> (0x00000007ace28298) thrown at [/Users/java_re/workspace/8-2-build-macosx-x86_64/jdk8u144/9417/hotspot/src/share/vm/runtime/sharedRuntime.cpp, line 605]
Event: 1002.972 Thread 0x00007fc993d47800 Exception <a 'java/lang/ArrayIndexOutOfBoundsException'> (0x00000007ace2be78) thrown at [/Users/java_re/workspace/8-2-build-macosx-x86_64/jdk8u144/9417/hotspot/src/share/vm/runtime/sharedRuntime.cpp, line 605]
Event: 1002.972 Thread 0x00007fc993d47800 Exception <a 'java/lang/ArrayIndexOutOfBoundsException'> (0x00000007ace2fb30) thrown at [/Users/java_re/workspace/8-2-build-macosx-x86_64/jdk8u144/9417/hotspot/src/share/vm/runtime/sharedRuntime.cpp, line 605]
Event: 1002.972 Thread 0x00007fc993d47800 Exception <a 'java/lang/ArrayIndexOutOfBoundsException'> (0x00000007ace31310) thrown at [/Users/java_re/workspace/8-2-build-macosx-x86_64/jdk8u144/9417/hotspot/src/share/vm/runtime/sharedRuntime.cpp, line 605]
Event: 1280.964 Thread 0x00007fc992314800 Implicit null exception at 0x000000011316e969 to 0x000000011316f299
Event: 1283.195 Thread 0x00007fc992314800 Exception <a 'java/io/FileNotFoundException': /Users/jasmina/ABH/eRestoran/public/eRestoran_FE/node_modules/.bin/í ½í°¹> (0x00000007b0ed4ad0) thrown at [/Users/java_re/workspace/8-2-build-macosx-x86_64/jdk8u144/9417/hotspot/src/share/vm/prims/jni.cpp, lin
Event: 1318.900 Thread 0x00007fc992314800 Implicit null exception at 0x00000001136ae922 to 0x00000001136aecd1
Event: 1790.048 Thread 0x00007fc999506800 Exception <a 'java/lang/ClassNotFoundException': com/sun/tools/javac/api/JavacTool> (0x00000007ac9bcff0) thrown at [/Users/java_re/workspace/8-2-build-macosx-x86_64/jdk8u144/9417/hotspot/src/share/vm/classfile/systemDictionary.cpp, line 210]
Event: 1808.745 Thread 0x00007fc992314800 Exception <a 'java/io/FileNotFoundException': /Users/jasmina/ABH/eRestoran/public/eRestoran_FE/tmp/rollup-cache_path-Wa2ev1A9.tmp/node_modules/.bin/í ½í°¹> (0x00000007aeeca5f8) thrown at [/Users/java_re/workspace/8-2-build-macosx-x86_64/jdk8u144/9417/hots

Events (10 events):
Event: 1854.861 Executing VM operation: ParallelGCFailedAllocation
Event: 1854.910 Executing VM operation: ParallelGCFailedAllocation done
Event: 1855.123 Thread 0x00007fc992314800 DEOPT PACKING pc=0x0000000114aead0c sp=0x000070000b74d080
Event: 1855.123 Thread 0x00007fc992314800 DEOPT UNPACKING pc=0x0000000112fa1633 sp=0x000070000b74cf10 mode 0
Event: 1858.403 Executing VM operation: ParallelGCFailedAllocation
Event: 1858.431 Executing VM operation: ParallelGCFailedAllocation done
Event: 1865.556 Executing VM operation: ParallelGCFailedAllocation
Event: 1865.606 Executing VM operation: ParallelGCFailedAllocation done
Event: 1870.328 Thread 0x00007fc992314800 DEOPT PACKING pc=0x0000000114aead0c sp=0x000070000b74d080
Event: 1870.328 Thread 0x00007fc992314800 DEOPT UNPACKING pc=0x0000000112fa1633 sp=0x000070000b74cf10 mode 0


Dynamic libraries:
0x00000000435dd000 	/System/Library/Frameworks/Cocoa.framework/Versions/A/Cocoa
0x00000000435dd000 	/System/Library/Frameworks/Security.framework/Versions/A/Security
0x00000000435dd000 	/System/Library/Frameworks/ApplicationServices.framework/Versions/A/ApplicationServices
0x00000000435dd000 	/usr/lib/libz.1.dylib
0x00000000435dd000 	/usr/lib/libSystem.B.dylib
0x00000000435dd000 	/usr/lib/libobjc.A.dylib
0x00000000435dd000 	/System/Library/Frameworks/CoreFoundation.framework/Versions/A/CoreFoundation
0x00000000435dd000 	/System/Library/Frameworks/Foundation.framework/Versions/C/Foundation
0x00000000435dd000 	/System/Library/Frameworks/AppKit.framework/Versions/C/AppKit
0x00000000435dd000 	/System/Library/Frameworks/CoreData.framework/Versions/A/CoreData
0x00000000435dd000 	/System/Library/PrivateFrameworks/RemoteViewServices.framework/Versions/A/RemoteViewServices
0x00000000435dd000 	/System/Library/PrivateFrameworks/UIFoundation.framework/Versions/A/UIFoundation
0x00000000435dd000 	/System/Library/PrivateFrameworks/DFRFoundation.framework/Versions/A/DFRFoundation
0x00000000435dd000 	/usr/lib/libenergytrace.dylib
0x00000000435dd000 	/System/Library/PrivateFrameworks/SkyLight.framework/Versions/A/SkyLight
0x00000000435dd000 	/System/Library/Frameworks/CoreGraphics.framework/Versions/A/CoreGraphics
0x00000000435dd000 	/usr/lib/libScreenReader.dylib
0x00000000435dd000 	/System/Library/Frameworks/Accelerate.framework/Versions/A/Accelerate
0x00000000435dd000 	/System/Library/Frameworks/IOSurface.framework/Versions/A/IOSurface
0x00000000435dd000 	/System/Library/Frameworks/AudioToolbox.framework/Versions/A/AudioToolbox
0x00000000435dd000 	/System/Library/Frameworks/AudioUnit.framework/Versions/A/AudioUnit
0x00000000435dd000 	/System/Library/PrivateFrameworks/DataDetectorsCore.framework/Versions/A/DataDetectorsCore
0x00000000435dd000 	/System/Library/PrivateFrameworks/DesktopServicesPriv.framework/Versions/A/DesktopServicesPriv
0x00000000435dd000 	/System/Library/Frameworks/Carbon.framework/Versions/A/Frameworks/HIToolbox.framework/Versions/A/HIToolbox
0x00000000435dd000 	/usr/lib/libicucore.A.dylib
0x00000000435dd000 	/System/Library/Frameworks/QuartzCore.framework/Versions/A/QuartzCore
0x00000000435dd000 	/System/Library/Frameworks/Carbon.framework/Versions/A/Frameworks/SpeechRecognition.framework/Versions/A/SpeechRecognition
0x00000000435dd000 	/usr/lib/libauto.dylib
0x00000000435dd000 	/usr/lib/libxml2.2.dylib
0x00000000435dd000 	/System/Library/PrivateFrameworks/CoreUI.framework/Versions/A/CoreUI
0x00000000435dd000 	/System/Library/Frameworks/CoreAudio.framework/Versions/A/CoreAudio
0x00000000435dd000 	/System/Library/Frameworks/DiskArbitration.framework/Versions/A/DiskArbitration
0x00000000435dd000 	/usr/lib/liblangid.dylib
0x00000000435dd000 	/System/Library/PrivateFrameworks/MultitouchSupport.framework/Versions/A/MultitouchSupport
0x00000000435dd000 	/System/Library/Frameworks/IOKit.framework/Versions/A/IOKit
0x00000000435dd000 	/usr/lib/libDiagnosticMessagesClient.dylib
0x00000000435dd000 	/System/Library/Frameworks/CoreServices.framework/Versions/A/CoreServices
0x00000000435dd000 	/System/Library/PrivateFrameworks/PerformanceAnalysis.framework/Versions/A/PerformanceAnalysis
0x00000000435dd000 	/System/Library/PrivateFrameworks/GenerationalStorage.framework/Versions/A/GenerationalStorage
0x00000000435dd000 	/System/Library/Frameworks/OpenGL.framework/Versions/A/OpenGL
0x00000000435dd000 	/System/Library/Frameworks/CoreImage.framework/Versions/A/CoreImage
0x00000000435dd000 	/System/Library/Frameworks/CoreText.framework/Versions/A/CoreText
0x00000000435dd000 	/System/Library/Frameworks/ImageIO.framework/Versions/A/ImageIO
0x00000000435dd000 	/System/Library/PrivateFrameworks/Backup.framework/Versions/A/Backup
0x00000000435dd000 	/usr/lib/libarchive.2.dylib
0x00000000435dd000 	/System/Library/Frameworks/CFNetwork.framework/Versions/A/CFNetwork
0x00000000435dd000 	/System/Library/Frameworks/SystemConfiguration.framework/Versions/A/SystemConfiguration
0x00000000435dd000 	/usr/lib/libCRFSuite.dylib
0x00000000435dd000 	/usr/lib/libc++.1.dylib
0x00000000435dd000 	/usr/lib/libc++abi.dylib
0x00000000435dd000 	/usr/lib/system/libcache.dylib
0x00000000435dd000 	/usr/lib/system/libcommonCrypto.dylib
0x00000000435dd000 	/usr/lib/system/libcompiler_rt.dylib
0x00000000435dd000 	/usr/lib/system/libcopyfile.dylib
0x00000000435dd000 	/usr/lib/system/libcorecrypto.dylib
0x00000000435dd000 	/usr/lib/system/libdispatch.dylib
0x00000000435dd000 	/usr/lib/system/libdyld.dylib
0x00000000435dd000 	/usr/lib/system/libkeymgr.dylib
0x00000000435dd000 	/usr/lib/system/liblaunch.dylib
0x00000000435dd000 	/usr/lib/system/libmacho.dylib
0x00000000435dd000 	/usr/lib/system/libquarantine.dylib
0x00000000435dd000 	/usr/lib/system/libremovefile.dylib
0x00000000435dd000 	/usr/lib/system/libsystem_asl.dylib
0x00000000435dd000 	/usr/lib/system/libsystem_blocks.dylib
0x00000000435dd000 	/usr/lib/system/libsystem_c.dylib
0x00000000435dd000 	/usr/lib/system/libsystem_configuration.dylib
0x00000000435dd000 	/usr/lib/system/libsystem_coreservices.dylib
0x00000000435dd000 	/usr/lib/system/libsystem_coretls.dylib
0x00000000435dd000 	/usr/lib/system/libsystem_dnssd.dylib
0x00000000435dd000 	/usr/lib/system/libsystem_info.dylib
0x00000000435dd000 	/usr/lib/system/libsystem_kernel.dylib
0x00000000435dd000 	/usr/lib/system/libsystem_m.dylib
0x00000000435dd000 	/usr/lib/system/libsystem_malloc.dylib
0x00000000435dd000 	/usr/lib/system/libsystem_network.dylib
0x00000000435dd000 	/usr/lib/system/libsystem_networkextension.dylib
0x00000000435dd000 	/usr/lib/system/libsystem_notify.dylib
0x00000000435dd000 	/usr/lib/system/libsystem_platform.dylib
0x00000000435dd000 	/usr/lib/system/libsystem_pthread.dylib
0x00000000435dd000 	/usr/lib/system/libsystem_sandbox.dylib
0x00000000435dd000 	/usr/lib/system/libsystem_secinit.dylib
0x00000000435dd000 	/usr/lib/system/libsystem_symptoms.dylib
0x00000000435dd000 	/usr/lib/system/libsystem_trace.dylib
0x00000000435dd000 	/usr/lib/system/libunwind.dylib
0x00000000435dd000 	/usr/lib/system/libxpc.dylib
0x00000000435dd000 	/usr/lib/libbsm.0.dylib
0x00000000435dd000 	/usr/lib/system/libkxld.dylib
0x00000000435dd000 	/usr/lib/libcoretls.dylib
0x00000000435dd000 	/usr/lib/libcoretls_cfhelpers.dylib
0x00000000435dd000 	/usr/lib/libxar.1.dylib
0x00000000435dd000 	/usr/lib/libsqlite3.dylib
0x00000000435dd000 	/usr/lib/libpam.2.dylib
0x00000000435dd000 	/usr/lib/libOpenScriptingUtil.dylib
0x00000000435dd000 	/usr/lib/libbz2.1.0.dylib
0x00000000435dd000 	/usr/lib/liblzma.5.dylib
0x00000000435dd000 	/usr/lib/libnetwork.dylib
0x00000000435dd000 	/usr/lib/libpcap.A.dylib
0x00000000435dd000 	/System/Library/Frameworks/CoreServices.framework/Versions/A/Frameworks/FSEvents.framework/Versions/A/FSEvents
0x00000000435dd000 	/System/Library/Frameworks/CoreServices.framework/Versions/A/Frameworks/CarbonCore.framework/Versions/A/CarbonCore
0x00000000435dd000 	/System/Library/Frameworks/CoreServices.framework/Versions/A/Frameworks/Metadata.framework/Versions/A/Metadata
0x00000000435dd000 	/System/Library/Frameworks/CoreServices.framework/Versions/A/Frameworks/OSServices.framework/Versions/A/OSServices
0x00000000435dd000 	/System/Library/Frameworks/CoreServices.framework/Versions/A/Frameworks/SearchKit.framework/Versions/A/SearchKit
0x00000000435dd000 	/System/Library/Frameworks/CoreServices.framework/Versions/A/Frameworks/AE.framework/Versions/A/AE
0x00000000435dd000 	/System/Library/Frameworks/CoreServices.framework/Versions/A/Frameworks/LaunchServices.framework/Versions/A/LaunchServices
0x00000000435dd000 	/System/Library/Frameworks/CoreServices.framework/Versions/A/Frameworks/DictionaryServices.framework/Versions/A/DictionaryServices
0x00000000435dd000 	/System/Library/Frameworks/CoreServices.framework/Versions/A/Frameworks/SharedFileList.framework/Versions/A/SharedFileList
0x00000000435dd000 	/System/Library/Frameworks/NetFS.framework/Versions/A/NetFS
0x00000000435dd000 	/System/Library/PrivateFrameworks/NetAuth.framework/Versions/A/NetAuth
0x00000000435dd000 	/System/Library/PrivateFrameworks/login.framework/Versions/A/Frameworks/loginsupport.framework/Versions/A/loginsupport
0x00000000435dd000 	/System/Library/PrivateFrameworks/TCC.framework/Versions/A/TCC
0x00000000435dd000 	/usr/lib/libmecabra.dylib
0x00000000435dd000 	/System/Library/Frameworks/ApplicationServices.framework/Versions/A/Frameworks/ATS.framework/Versions/A/ATS
0x00000000435dd000 	/System/Library/Frameworks/ApplicationServices.framework/Versions/A/Frameworks/ColorSync.framework/Versions/A/ColorSync
0x00000000435dd000 	/System/Library/Frameworks/ApplicationServices.framework/Versions/A/Frameworks/HIServices.framework/Versions/A/HIServices
0x00000000435dd000 	/System/Library/Frameworks/ApplicationServices.framework/Versions/A/Frameworks/LangAnalysis.framework/Versions/A/LangAnalysis
0x00000000435dd000 	/System/Library/Frameworks/ApplicationServices.framework/Versions/A/Frameworks/PrintCore.framework/Versions/A/PrintCore
0x00000000435dd000 	/System/Library/Frameworks/ApplicationServices.framework/Versions/A/Frameworks/QD.framework/Versions/A/QD
0x00000000435dd000 	/System/Library/Frameworks/ApplicationServices.framework/Versions/A/Frameworks/SpeechSynthesis.framework/Versions/A/SpeechSynthesis
0x00000000435dd000 	/System/Library/Frameworks/Accelerate.framework/Versions/A/Frameworks/vImage.framework/Versions/A/vImage
0x00000000435dd000 	/System/Library/Frameworks/Accelerate.framework/Versions/A/Frameworks/vecLib.framework/Versions/A/vecLib
0x00000000435dd000 	/System/Library/Frameworks/Accelerate.framework/Versions/A/Frameworks/vecLib.framework/Versions/A/libvDSP.dylib
0x00000000435dd000 	/System/Library/Frameworks/Accelerate.framework/Versions/A/Frameworks/vecLib.framework/Versions/A/libBNNS.dylib
0x00000000435dd000 	/System/Library/Frameworks/Accelerate.framework/Versions/A/Frameworks/vecLib.framework/Versions/A/libQuadrature.dylib
0x00000000435dd000 	/System/Library/Frameworks/Accelerate.framework/Versions/A/Frameworks/vecLib.framework/Versions/A/libvMisc.dylib
0x00000000435dd000 	/System/Library/Frameworks/Accelerate.framework/Versions/A/Frameworks/vecLib.framework/Versions/A/libLAPACK.dylib
0x00000000435dd000 	/System/Library/Frameworks/Accelerate.framework/Versions/A/Frameworks/vecLib.framework/Versions/A/libBLAS.dylib
0x00000000435dd000 	/System/Library/Frameworks/Accelerate.framework/Versions/A/Frameworks/vecLib.framework/Versions/A/libLinearAlgebra.dylib
0x00000000435dd000 	/System/Library/Frameworks/Accelerate.framework/Versions/A/Frameworks/vecLib.framework/Versions/A/libSparseBLAS.dylib
0x00000000435dd000 	/System/Library/Frameworks/ApplicationServices.framework/Versions/A/Frameworks/ATS.framework/Versions/A/Resources/libFontParser.dylib
0x00000000435dd000 	/System/Library/Frameworks/ApplicationServices.framework/Versions/A/Frameworks/ATS.framework/Versions/A/Resources/libFontRegistry.dylib
0x00000000435dd000 	/System/Library/Frameworks/ImageIO.framework/Versions/A/Resources/libJPEG.dylib
0x00000000435dd000 	/System/Library/Frameworks/ImageIO.framework/Versions/A/Resources/libTIFF.dylib
0x00000000435dd000 	/System/Library/Frameworks/ImageIO.framework/Versions/A/Resources/libPng.dylib
0x00000000435dd000 	/System/Library/Frameworks/ImageIO.framework/Versions/A/Resources/libGIF.dylib
0x00000000435dd000 	/System/Library/Frameworks/ImageIO.framework/Versions/A/Resources/libJP2.dylib
0x00000000435dd000 	/System/Library/Frameworks/ImageIO.framework/Versions/A/Resources/libRadiance.dylib
0x00000000435dd000 	/usr/lib/libcompression.dylib
0x00000000435dd000 	/System/Library/PrivateFrameworks/AppleJPEG.framework/Versions/A/AppleJPEG
0x00000000435dd000 	/usr/lib/libcups.2.dylib
0x00000000435dd000 	/System/Library/Frameworks/Kerberos.framework/Versions/A/Kerberos
0x00000000435dd000 	/System/Library/Frameworks/GSS.framework/Versions/A/GSS
0x00000000435dd000 	/usr/lib/libresolv.9.dylib
0x00000000435dd000 	/usr/lib/libiconv.2.dylib
0x00000000435dd000 	/System/Library/PrivateFrameworks/Heimdal.framework/Versions/A/Heimdal
0x00000000435dd000 	/usr/lib/libheimdal-asn1.dylib
0x00000000435dd000 	/System/Library/Frameworks/OpenDirectory.framework/Versions/A/OpenDirectory
0x00000000435dd000 	/System/Library/PrivateFrameworks/CommonAuth.framework/Versions/A/CommonAuth
0x00000000435dd000 	/System/Library/Frameworks/OpenDirectory.framework/Versions/A/Frameworks/CFOpenDirectory.framework/Versions/A/CFOpenDirectory
0x00000000435dd000 	/System/Library/Frameworks/SecurityFoundation.framework/Versions/A/SecurityFoundation
0x00000000435dd000 	/System/Library/PrivateFrameworks/LanguageModeling.framework/Versions/A/LanguageModeling
0x00000000435dd000 	/usr/lib/libmarisa.dylib
0x00000000435dd000 	/usr/lib/libChineseTokenizer.dylib
0x00000000435dd000 	/usr/lib/libcmph.dylib
0x00000000435dd000 	/System/Library/PrivateFrameworks/CoreEmoji.framework/Versions/A/CoreEmoji
0x00000000435dd000 	/System/Library/Frameworks/ServiceManagement.framework/Versions/A/ServiceManagement
0x00000000435dd000 	/usr/lib/libxslt.1.dylib
0x00000000435dd000 	/System/Library/Frameworks/Carbon.framework/Versions/A/Frameworks/Ink.framework/Versions/A/Ink
0x00000000435dd000 	/System/Library/PrivateFrameworks/TextureIO.framework/Versions/A/TextureIO
0x00000000435dd000 	/System/Library/Frameworks/Metal.framework/Versions/A/Metal
0x00000000435dd000 	/usr/lib/libate.dylib
0x00000000435dd000 	/System/Library/PrivateFrameworks/GPUCompiler.framework/libmetal_timestamp.dylib
0x00000000435dd000 	/System/Library/Frameworks/OpenGL.framework/Versions/A/Libraries/libCoreFSCache.dylib
0x00000000435dd000 	/System/Library/PrivateFrameworks/IOAccelerator.framework/Versions/A/IOAccelerator
0x00000000435dd000 	/System/Library/Frameworks/CoreVideo.framework/Versions/A/CoreVideo
0x00000000435dd000 	/usr/lib/libFosl_dynamic.dylib
0x00000000435dd000 	/System/Library/PrivateFrameworks/MetalPerformanceShaders.framework/Versions/A/MetalPerformanceShaders
0x00000000435dd000 	/System/Library/PrivateFrameworks/FaceCore.framework/Versions/A/FaceCore
0x00000000435dd000 	/System/Library/Frameworks/OpenCL.framework/Versions/A/OpenCL
0x00000000435dd000 	/System/Library/Frameworks/OpenGL.framework/Versions/A/Libraries/libGLU.dylib
0x00000000435dd000 	/System/Library/Frameworks/OpenGL.framework/Versions/A/Libraries/libGFXShared.dylib
0x00000000435dd000 	/System/Library/Frameworks/OpenGL.framework/Versions/A/Libraries/libGL.dylib
0x00000000435dd000 	/System/Library/Frameworks/OpenGL.framework/Versions/A/Libraries/libGLImage.dylib
0x00000000435dd000 	/System/Library/Frameworks/OpenGL.framework/Versions/A/Libraries/libCVMSPluginSupport.dylib
0x00000000435dd000 	/System/Library/Frameworks/OpenGL.framework/Versions/A/Libraries/libCoreVMClient.dylib
0x00000000435dd000 	/System/Library/PrivateFrameworks/CrashReporterSupport.framework/Versions/A/CrashReporterSupport
0x00000000435dd000 	/System/Library/PrivateFrameworks/Sharing.framework/Versions/A/Sharing
0x00000000435dd000 	/System/Library/PrivateFrameworks/IconServices.framework/Versions/A/IconServices
0x00000000435dd000 	/System/Library/PrivateFrameworks/ProtocolBuffer.framework/Versions/A/ProtocolBuffer
0x00000000435dd000 	/System/Library/PrivateFrameworks/Apple80211.framework/Versions/A/Apple80211
0x00000000435dd000 	/System/Library/Frameworks/CoreWLAN.framework/Versions/A/CoreWLAN
0x00000000435dd000 	/System/Library/PrivateFrameworks/CoreUtils.framework/Versions/A/CoreUtils
0x00000000435dd000 	/System/Library/Frameworks/IOBluetooth.framework/Versions/A/IOBluetooth
0x00000000435dd000 	/System/Library/PrivateFrameworks/CoreWiFi.framework/Versions/A/CoreWiFi
0x00000000435dd000 	/System/Library/Frameworks/CoreBluetooth.framework/Versions/A/CoreBluetooth
0x00000000435dd000 	/System/Library/Frameworks/CoreDisplay.framework/Versions/A/CoreDisplay
0x00000000435dd000 	/System/Library/PrivateFrameworks/IOPresentment.framework/Versions/A/IOPresentment
0x00000000435dd000 	/System/Library/PrivateFrameworks/DebugSymbols.framework/Versions/A/DebugSymbols
0x00000000435dd000 	/System/Library/PrivateFrameworks/CoreSymbolication.framework/Versions/A/CoreSymbolication
0x00000000435dd000 	/System/Library/PrivateFrameworks/Symbolication.framework/Versions/A/Symbolication
0x00000000435dd000 	/System/Library/PrivateFrameworks/AppleFSCompression.framework/Versions/A/AppleFSCompression
0x00000000435dd000 	/System/Library/PrivateFrameworks/SpeechRecognitionCore.framework/Versions/A/SpeechRecognitionCore
0x00000000435dd000 	/System/Library/PrivateFrameworks/ChunkingLibrary.framework/Versions/A/ChunkingLibrary
0x0000000109c00000 	/Library/Java/JavaVirtualMachines/jdk1.8.0_144.jdk/Contents/Home/jre/lib/server/libjvm.dylib
0x00000000435dd000 	/usr/lib/libstdc++.6.dylib
0x0000000108a61000 	/Library/Java/JavaVirtualMachines/jdk1.8.0_144.jdk/Contents/Home/jre/lib/libverify.dylib
0x0000000108a6f000 	/Library/Java/JavaVirtualMachines/jdk1.8.0_144.jdk/Contents/Home/jre/lib/libjava.dylib
0x0000000108aae000 	/Library/Java/JavaVirtualMachines/jdk1.8.0_144.jdk/Contents/Home/jre/lib/libzip.dylib
0x0000000108be5000 	/System/Library/Frameworks/JavaVM.framework/Frameworks/JavaRuntimeSupport.framework/JavaRuntimeSupport
0x000000010faf5000 	/System/Library/Frameworks/JavaVM.framework/Versions/A/Frameworks/JavaNativeFoundation.framework/Versions/A/JavaNativeFoundation
0x000000010fb0a000 	/System/Library/Frameworks/JavaVM.framework/Versions/A/JavaVM
0x00000000435dd000 	/System/Library/Frameworks/Carbon.framework/Versions/A/Carbon
0x000000010fb17000 	/System/Library/PrivateFrameworks/JavaLaunching.framework/Versions/A/JavaLaunching
0x00000000435dd000 	/System/Library/Frameworks/Carbon.framework/Versions/A/Frameworks/CommonPanels.framework/Versions/A/CommonPanels
0x00000000435dd000 	/System/Library/Frameworks/Carbon.framework/Versions/A/Frameworks/Help.framework/Versions/A/Help
0x00000000435dd000 	/System/Library/Frameworks/Carbon.framework/Versions/A/Frameworks/ImageCapture.framework/Versions/A/ImageCapture
0x00000000435dd000 	/System/Library/Frameworks/Carbon.framework/Versions/A/Frameworks/OpenScripting.framework/Versions/A/OpenScripting
0x00000000435dd000 	/System/Library/Frameworks/Carbon.framework/Versions/A/Frameworks/Print.framework/Versions/A/Print
0x00000000435dd000 	/System/Library/Frameworks/Carbon.framework/Versions/A/Frameworks/SecurityHI.framework/Versions/A/SecurityHI
0x000000011143f000 	/Library/Java/JavaVirtualMachines/jdk1.8.0_144.jdk/Contents/Home/jre/lib/libnet.dylib
0x000000011149e000 	/Library/Java/JavaVirtualMachines/jdk1.8.0_144.jdk/Contents/Home/jre/lib/libnio.dylib
0x0000000111863000 	/Library/Java/JavaVirtualMachines/jdk1.8.0_144.jdk/Contents/Home/jre/lib/libmanagement.dylib
0x0000000111728000 	/Users/jasmina/ABH/eRestoran/target/jnotify/native_libraries/64bits/libjnotify.jnilib
0x0000000111ebd000 	/Library/Java/JavaVirtualMachines/jdk1.8.0_144.jdk/Contents/Home/jre/lib/libsunec.dylib

VM Arguments:
jvm_args: -Dfile.encoding=UTF8 -Djline.terminal=none -Dsbt.log.noformat=true -Dsbt.global.base=/private/var/folders/96/cw4ykw9n6z1d7rb_n0k307400000gn/T/sbt-global-pluginstub -Xms512M -Xmx1024M -Xss1M -XX:+CMSClassUnloadingEnabled -XX:MaxPermSize=256M 
java_command: xsbt.boot.Boot project root run
java_class_path (initial): /Users/jasmina/Library/Application Support/IntelliJIdea2017.2/Scala/launcher/sbt-launch.jar
Launcher Type: SUN_STANDARD

Environment Variables:
PATH=/usr/local/opt/node@6/bin:/usr/local/bin:/usr/bin:/bin:/usr/sbin:/sbin
SHELL=/bin/bash

Signal Handlers:
SIGSEGV: [libjvm.dylib+0x5b26e5], sa_mask[0]=11111111011111110111111111111111, sa_flags=SA_ONSTACK|SA_RESTART|SA_SIGINFO
SIGBUS: [libjvm.dylib+0x5b26e5], sa_mask[0]=11111111011111110111111111111111, sa_flags=SA_RESTART|SA_SIGINFO
SIGFPE: [libjvm.dylib+0x489100], sa_mask[0]=11111111011111110111111111111111, sa_flags=SA_RESTART|SA_SIGINFO
SIGPIPE: [libjvm.dylib+0x489100], sa_mask[0]=11111111011111110111111111111111, sa_flags=SA_RESTART|SA_SIGINFO
SIGXFSZ: [libjvm.dylib+0x489100], sa_mask[0]=11111111011111110111111111111111, sa_flags=SA_RESTART|SA_SIGINFO
SIGILL: [libjvm.dylib+0x489100], sa_mask[0]=11111111011111110111111111111111, sa_flags=SA_RESTART|SA_SIGINFO
SIGUSR1: SIG_DFL, sa_mask[0]=00000000000000000000000000000000, sa_flags=none
SIGUSR2: [libjvm.dylib+0x488c1e], sa_mask[0]=00100000000000000000000000000000, sa_flags=SA_RESTART|SA_SIGINFO
SIGHUP: [libjvm.dylib+0x4871f5], sa_mask[0]=11111111011111110111111111111111, sa_flags=SA_RESTART|SA_SIGINFO
SIGINT: [libjvm.dylib+0x4871f5], sa_mask[0]=11111111011111110111111111111111, sa_flags=SA_RESTART|SA_SIGINFO
SIGTERM: [libjvm.dylib+0x4871f5], sa_mask[0]=11111111011111110111111111111111, sa_flags=SA_RESTART|SA_SIGINFO
SIGQUIT: [libjvm.dylib+0x4871f5], sa_mask[0]=11111111011111110111111111111111, sa_flags=SA_RESTART|SA_SIGINFO


---------------  S Y S T E M  ---------------

OS:Bsduname:Darwin 16.1.0 Darwin Kernel Version 16.1.0: Wed Oct 19 20:31:56 PDT 2016; root:xnu-3789.21.4~4/RELEASE_X86_64 x86_64
rlimit: STACK 8192k, CORE 0k, NPROC 709, NOFILE 10240, AS infinity
load average:3.10 2.60 2.54

CPU:total 8 (initial active 8) (4 cores per cpu, 2 threads per core) family 6 model 70 stepping 1, cmov, cx8, fxsr, mmx, sse, sse2, sse3, ssse3, sse4.1, sse4.2, popcnt, avx, avx2, aes, clmul, erms, lzcnt, ht, tsc, tscinvbit, bmi1, bmi2

Memory: 4k page, physical 8388608k(116676k free)

/proc/meminfo:


vm_info: Java HotSpot(TM) 64-Bit Server VM (25.144-b01) for bsd-amd64 JRE (1.8.0_144-b01), built on Jul 21 2017 22:07:42 by "java_re" with gcc 4.2.1 (Based on Apple Inc. build 5658) (LLVM build 2336.11.00)

time: Mon Oct 16 14:37:21 2017
elapsed time: 1870 seconds (0d 0h 31m 10s)

