#
# A fatal error has been detected by the Java Runtime Environment:
#
#  SIGSEGV (0xb) at pc=0x000000010d9e525f, pid=527, tid=0x0000000000006703
#
# JRE version: Java(TM) SE Runtime Environment (8.0_144-b01) (build 1.8.0_144-b01)
# Java VM: Java HotSpot(TM) 64-Bit Server VM (25.144-b01 mixed mode bsd-amd64 compressed oops)
# Problematic frame:
# J 7439 C2 java.io.File.<init>(Ljava/lang/String;)V (47 bytes) @ 0x000000010d9e525f [0x000000010d9e5220+0x3f]
#
# Failed to write core dump. Core dumps have been disabled. To enable core dumping, try "ulimit -c unlimited" before starting Java again
#
# If you would like to submit a bug report, please visit:
#   http://bugreport.java.com/bugreport/crash.jsp
#

---------------  T H R E A D  ---------------

Current thread (0x00007fb7361fb800):  JavaThread "FSEvent thread" daemon [_thread_in_Java, id=26371, stack(0x0000700003c2a000,0x0000700003d2a000)]

siginfo: si_signo: 11 (SIGSEGV), si_code: 1 (SEGV_MAPERR), si_addr: 0x0000000731885a4c

Registers:
RAX=0x00000007acfd5b18, RBX=0x0000000731885a40, RCX=0x00000007acfd5b18, RDX=0x0000000731885a40
RSP=0x0000700003d23020, RBP=0x0000700003d232a8, RSI=0x00000007acfd5b18, RDI=0x000000010c3c8f28
R8 =0x00000000000000a4, R9 =0x0000000000000000, R10=0x0000000003c13475, R11=0x00000000fe967000
R12=0x0000000000000000, R13=0x000000010d547654, R14=0x0000700003d23070, R15=0x00007fb7361fb800
RIP=0x000000010d9e525f, EFLAGS=0x0000000000010202, ERR=0x0000000000000004
  TRAPNO=0x000000000000000e

Top of Stack: (sp=0x0000700003d23020)
0x0000700003d23020:   000000010c3c6a27 0000700003d23070
0x0000700003d23030:   000000010c3c70b0 000000010c3c8dc0
0x0000700003d23040:   000000010c3c6a58 0000000000000000
0x0000700003d23050:   0000700003d23080 0000700003d232a8
0x0000700003d23060:   000000010d547654 000000010000000f
0x0000700003d23070:   0000700003d232a8 000000010d547ad4
0x0000700003d23080:   0000700003d230c0 00000001014c158f
0x0000700003d23090:   0000700003d230d8 00007fb7361fb800
0x0000700003d230a0:   0000700003d230c0 00000001013f368e
0x0000700003d230b0:   0000000000000003 0000000000000003
0x0000700003d230c0:   0000700003d230f0 000000010c80b259
0x0000700003d230d0:   0000700003d23160 000000010c6ff040
0x0000700003d230e0:   0000700003d23160 000000010c6ff114
0x0000700003d230f0:   00000007acfd59f8 000000010c6ff114
0x0000700003d23100:   0000700003d23168 000000010c6ff2bd
0x0000700003d23110:   0000000781d209a0 000000010c6ff2bd
0x0000700003d23120:   0000000700000000 0000000781dbeea0
0x0000700003d23130:   00000007acfd5a28 00000007acfd59f8
0x0000700003d23140:   00000007acfd5b18 0000000000000000
0x0000700003d23150:   00000007acfd59f8 000000078268ea00
0x0000700003d23160:   0000700003d23178 0000700003d231f0
0x0000700003d23170:   0000700003d231f0 000000010c6fea90
0x0000700003d23180:   00007fb731885a40 000000010c6fea90
0x0000700003d23190:   00000007acfd59f8 0000000781d208e0
0x0000700003d231a0:   0000000000000019 0000000000000000
0x0000700003d231b0:   0000700003d231a0 000000010bd1414a
0x0000700003d231c0:   0000700003d23238 000000010c3bd028
0x0000700003d231d0:   0000000000000000 000000010bd141c0
0x0000700003d231e0:   0000000000000000 0000700003d23218
0x0000700003d231f0:   0000700003d23280 000000010c6ff2bd
0x0000700003d23200:   0000000000000000 0000000781dbeea0
0x0000700003d23210:   0000000781d208e0 0000000000000001 

Instructions: (pc=0x000000010d9e525f)
0x000000010d9e523f:   90 89 84 24 00 c0 fe ff 55 48 83 ec 50 48 8b ce
0x000000010d9e524f:   44 89 66 14 48 8b da 48 85 d2 0f 84 89 02 00 00
0x000000010d9e525f:   44 8b 5a 0c 43 8b 7c dc 0c 85 ff 0f 8e 10 02 00
0x000000010d9e526f:   00 85 ff 0f 86 dd 02 00 00 44 8b c7 41 ff c8 44 

Register to memory mapping:

RAX=0x00000007acfd5b18 is an oop
java.io.File 
 - klass: 'java/io/File'
RBX=0x0000000731885a40 is an unknown value
RCX=0x00000007acfd5b18 is an oop
java.io.File 
 - klass: 'java/io/File'
RDX=0x0000000731885a40 is an unknown value
RSP=0x0000700003d23020 is pointing into the stack for thread: 0x00007fb7361fb800
RBP=0x0000700003d232a8 is pointing into the stack for thread: 0x00007fb7361fb800
RSI=0x00000007acfd5b18 is an oop
java.io.File 
 - klass: 'java/io/File'
RDI=0x000000010c3c8f28 is pointing into metadata
R8 =0x00000000000000a4 is an unknown value
R9 =0x0000000000000000 is an unknown value
R10=0x0000000003c13475 is an unknown value
R11=0x00000000fe967000 is an unknown value
R12=0x0000000000000000 is an unknown value
R13=0x000000010d547654 is at entry_point+1204 in (nmethod*)0x000000010d5467d0
R14=0x0000700003d23070 is pointing into the stack for thread: 0x00007fb7361fb800
R15=0x00007fb7361fb800 is a thread


Stack: [0x0000700003c2a000,0x0000700003d2a000],  sp=0x0000700003d23020,  free space=996k
Native frames: (J=compiled Java code, j=interpreted, Vv=VM code, C=native code)
J 7439 C2 java.io.File.<init>(Ljava/lang/String;)V (47 bytes) @ 0x000000010d9e525f [0x000000010d9e5220+0x3f]
J 11279 C1 net.contentobjects.jnotify.macosx.JNotifyAdapterMacOSX.batchEndEvent(I)V (815 bytes) @ 0x000000010d547ad4 [0x000000010d5471a0+0x934]
j  net.contentobjects.jnotify.macosx.JNotifyAdapterMacOSX$1.batchEnd(I)V+5
j  net.contentobjects.jnotify.macosx.JNotify_macosx.callbackInBatch(IZ)V+26
v  ~StubRoutines::call_stub
V  [libjvm.dylib+0x2ee70a]
V  [libjvm.dylib+0x3258b9]
V  [libjvm.dylib+0x318087]
C  [libjnotify.jnilib+0x1585]  fsevent_callback+0x115
C  [FSEvents+0x3b03]  implementation_callback_rpc+0x75b
C  [FSEvents+0x1702]  _Xcallback_rpc+0xfe
C  [FSEvents+0x17c9]  FSEventsD2F_server+0x37
C  [FSEvents+0x6fed]  FSEventsClientProcessMessageCallback+0x2c
C  [CoreFoundation+0x9030d]  __CFMachPortPerform+0xfd
C  [CoreFoundation+0x901f9]  __CFRUNLOOP_IS_CALLING_OUT_TO_A_SOURCE1_PERFORM_FUNCTION__+0x29
C  [CoreFoundation+0x90171]  __CFRunLoopDoSource1+0x1d1
C  [CoreFoundation+0x880c5]  __CFRunLoopRun+0x955
C  [CoreFoundation+0x87514]  CFRunLoopRunSpecific+0x1a4
C  [CoreFoundation+0xc6bb1]  CFRunLoopRun+0x61
j  net.contentobjects.jnotify.macosx.JNotify_macosx.nativeNotifyLoop()V+0
j  net.contentobjects.jnotify.macosx.JNotify_macosx.access$400()V+0
j  net.contentobjects.jnotify.macosx.JNotify_macosx$1.run()V+65
v  ~StubRoutines::call_stub
V  [libjvm.dylib+0x2ee70a]
V  [libjvm.dylib+0x2eeeae]
V  [libjvm.dylib+0x2ef05a]
V  [libjvm.dylib+0x3497b1]
V  [libjvm.dylib+0x56c0b3]
V  [libjvm.dylib+0x56d7a0]
V  [libjvm.dylib+0x48baee]
C  [libsystem_pthread.dylib+0x3aab]  _pthread_body+0xb4
C  [libsystem_pthread.dylib+0x39f7]  _pthread_body+0x0
C  [libsystem_pthread.dylib+0x3221]  thread_start+0xd
C  0x0000000000000000


---------------  P R O C E S S  ---------------

Java Threads: ( => current thread )
  0x00007fb7345d9800 JavaThread "play-dev-mode-akka.actor.default-dispatcher-24" [_thread_blocked, id=33303, stack(0x000070000526c000,0x000070000536c000)]
  0x00007fb73383a000 JavaThread "play-dev-mode-akka.actor.default-dispatcher-23" [_thread_blocked, id=33815, stack(0x0000700004d5d000,0x0000700004e5d000)]
  0x00007fb7375d0800 JavaThread "play-dev-mode-akka.actor.default-dispatcher-22" [_thread_blocked, id=40715, stack(0x0000700004c5a000,0x0000700004d5a000)]
  0x00007fb732acb000 JavaThread "play-dev-mode-akka.actor.default-dispatcher-21" [_thread_blocked, id=24615, stack(0x0000700004b57000,0x0000700004c57000)]
  0x00007fb733917000 JavaThread "play-dev-mode-akka.actor.default-dispatcher-20" [_thread_blocked, id=33563, stack(0x0000700004a54000,0x0000700004b54000)]
  0x00007fb733916800 JavaThread "play-dev-mode-akka.actor.default-dispatcher-19" [_thread_blocked, id=23075, stack(0x0000700004951000,0x0000700004a51000)]
  0x00007fb73736a000 JavaThread "play-dev-mode-akka.actor.default-dispatcher-15" [_thread_blocked, id=42243, stack(0x0000700005575000,0x0000700005675000)]
  0x00007fb733852000 JavaThread "play-dev-mode-akka.actor.default-dispatcher-14" [_thread_blocked, id=41731, stack(0x0000700005472000,0x0000700005572000)]
  0x00007fb732c72800 JavaThread "play-dev-mode-akka.actor.default-dispatcher-12" [_thread_blocked, id=40195, stack(0x0000700005169000,0x0000700005269000)]
  0x00007fb733024000 JavaThread "play-dev-mode-akka.actor.default-dispatcher-11" [_thread_blocked, id=39683, stack(0x0000700005066000,0x0000700005166000)]
  0x00007fb733837000 JavaThread "play-dev-mode-akka.actor.default-dispatcher-10" [_thread_blocked, id=38919, stack(0x0000700004e60000,0x0000700004f60000)]
  0x00007fb733029800 JavaThread "play-dev-mode-akka.actor.default-dispatcher-7" [_thread_blocked, id=32007, stack(0x000070000330f000,0x000070000340f000)]
  0x00007fb734580800 JavaThread "com.google.common.base.internal.Finalizer" daemon [_thread_blocked, id=4635, stack(0x000070000484e000,0x000070000494e000)]
  0x00007fb733850000 JavaThread "application-akka.actor.default-dispatcher-3" [_thread_blocked, id=25615, stack(0x0000700004545000,0x0000700004645000)]
  0x00007fb7346d7000 JavaThread "application-scheduler-1" [_thread_blocked, id=37391, stack(0x0000700003b27000,0x0000700003c27000)]
  0x00007fb7370f6000 JavaThread "__DEFAULT__" daemon [_thread_blocked, id=35087, stack(0x0000700003a24000,0x0000700003b24000)]
  0x00007fb73629e000 JavaThread "HikariPool-1 housekeeper" daemon [_thread_blocked, id=37131, stack(0x0000700003921000,0x0000700003a21000)]
  0x00007fb734496000 JavaThread "PostgreSQL-JDBC-SharedTimer-1" daemon [_thread_blocked, id=34827, stack(0x000070000381e000,0x000070000391e000)]
  0x00007fb7374d6800 JavaThread "AsyncAppender-Worker-ASYNCSTDOUT" daemon [_thread_blocked, id=36875, stack(0x000070000371b000,0x000070000381b000)]
  0x00007fb7371fd800 JavaThread "AsyncAppender-Worker-ASYNCFILE" daemon [_thread_blocked, id=34327, stack(0x0000700003412000,0x0000700003512000)]
  0x00007fb73744c800 JavaThread "play-dev-mode-akka.actor.default-dispatcher-6" [_thread_blocked, id=32771, stack(0x000070000433f000,0x000070000443f000)]
  0x00007fb7310d3800 JavaThread "play-dev-mode-akka.io.pinned-dispatcher-5" [_thread_in_native, id=32259, stack(0x000070000423c000,0x000070000433c000)]
  0x00007fb730f1c000 JavaThread "play-dev-mode-akka.actor.default-dispatcher-3" [_thread_blocked, id=31235, stack(0x0000700004036000,0x0000700004136000)]
  0x00007fb730f8c000 JavaThread "play-dev-mode-scheduler-1" [_thread_blocked, id=30211, stack(0x0000700003e30000,0x0000700003f30000)]
  0x00007fb7361fe800 JavaThread "reloader-timer" daemon [_thread_blocked, id=29699, stack(0x0000700003d2d000,0x0000700003e2d000)]
=>0x00007fb7361fb800 JavaThread "FSEvent thread" daemon [_thread_in_Java, id=26371, stack(0x0000700003c2a000,0x0000700003d2a000)]
  0x00007fb734021000 JavaThread "pool-4-thread-1" [_thread_in_native, id=23567, stack(0x0000700003618000,0x0000700003718000)]
  0x00007fb737901000 JavaThread "sbt-web-akka.actor.default-dispatcher-4" [_thread_blocked, id=4115, stack(0x0000700003515000,0x0000700003615000)]
  0x00007fb7313e3800 JavaThread "sbt-web-scheduler-1" [_thread_blocked, id=22287, stack(0x0000700001e4d000,0x0000700001f4d000)]
  0x00007fb72f846800 JavaThread "Service Thread" daemon [_thread_blocked, id=20995, stack(0x0000700003109000,0x0000700003209000)]
  0x00007fb730863000 JavaThread "C1 CompilerThread3" daemon [_thread_blocked, id=20483, stack(0x0000700003006000,0x0000700003106000)]
  0x00007fb73085a800 JavaThread "C2 CompilerThread2" daemon [_thread_blocked, id=19971, stack(0x0000700002f03000,0x0000700003003000)]
  0x00007fb730859800 JavaThread "C2 CompilerThread1" daemon [_thread_in_native, id=19459, stack(0x0000700002e00000,0x0000700002f00000)]
  0x00007fb72f833800 JavaThread "C2 CompilerThread0" daemon [_thread_blocked, id=18947, stack(0x0000700002cfd000,0x0000700002dfd000)]
  0x00007fb732801000 JavaThread "Signal Dispatcher" daemon [_thread_blocked, id=18435, stack(0x0000700002bfa000,0x0000700002cfa000)]
  0x00007fb732800000 JavaThread "Finalizer" daemon [_thread_blocked, id=14595, stack(0x0000700002af7000,0x0000700002bf7000)]
  0x00007fb72f830800 JavaThread "Reference Handler" daemon [_thread_blocked, id=14083, stack(0x00007000029f4000,0x0000700002af4000)]
  0x00007fb730802800 JavaThread "main" [_thread_blocked, id=7171, stack(0x0000700001fd6000,0x00007000020d6000)]

Other Threads:
  0x00007fb73100b000 VMThread [stack: 0x00007000028f1000,0x00007000029f1000] [id=13571]
  0x00007fb72f847800 WatcherThread [stack: 0x000070000320c000,0x000070000330c000] [id=21507]

VM state:not at safepoint (normal execution)

VM Mutex/Monitor currently owned by a thread: None

Heap:
 PSYoungGen      total 227840K, used 46335K [0x00000007aab00000, 0x00000007bf100000, 0x00000007c0000000)
  eden space 123904K, 30% used [0x00000007aab00000,0x00000007ad067cf8,0x00000007b2400000)
  from space 103936K, 7% used [0x00000007b8b80000,0x00000007b93580b0,0x00000007bf100000)
  to   space 104960K, 0% used [0x00000007b2400000,0x00000007b2400000,0x00000007b8a80000)
 ParOldGen       total 694784K, used 107451K [0x0000000780000000, 0x00000007aa680000, 0x00000007aab00000)
  object space 694784K, 15% used [0x0000000780000000,0x00000007868eef10,0x00000007aa680000)
 Metaspace       used 115676K, capacity 120054K, committed 120280K, reserved 1150976K
  class space    used 18797K, capacity 19325K, committed 19416K, reserved 1048576K

Card table byte_map: [0x0000000102567000,0x0000000102768000] byte_map_base: 0x00000000fe967000

Marking Bits: (ParMarkBitMap*) 0x0000000101af35d0
 Begin Bits: [0x00000001028be000, 0x00000001038be000)
 End Bits:   [0x00000001038be000, 0x00000001048be000)

Polling page: 0x000000010015c000

CodeCache: size=245760Kb used=29681Kb max_used=29681Kb free=216078Kb
 bounds [0x000000010c6f7000, 0x000000010e427000, 0x000000011b6f7000]
 total_blobs=11222 nmethods=10533 adapters=598
 compilation: enabled

Compilation events (10 events):
Event: 553.661 Thread 0x00007fb730863000 nmethod 13047 0x000000010e41a650 code [0x000000010e41a840, 0x000000010e41b248]
Event: 553.661 Thread 0x00007fb730863000 13044       3       akka.stream.impl.fusing.ActorGraphInterpreter::akka$stream$impl$fusing$ActorGraphInterpreter$$currentLimit_$eq (6 bytes)
Event: 553.661 Thread 0x00007fb730863000 nmethod 13044 0x000000010e41b4d0 code [0x000000010e41b620, 0x000000010e41b770]
Event: 553.661 Thread 0x00007fb730863000 13045       3       akka.stream.impl.fusing.GraphInterpreterShell::isTerminated (20 bytes)
Event: 553.662 Thread 0x00007fb730863000 nmethod 13045 0x000000010e41b810 code [0x000000010e41b980, 0x000000010e41bc50]
Event: 553.662 Thread 0x00007fb730863000 13046       3       scala.collection.immutable.HashSet$HashTrieSet::size (5 bytes)
Event: 553.662 Thread 0x00007fb730863000 nmethod 13046 0x000000010e41bd10 code [0x000000010e41be80, 0x000000010e41bff0]
Event: 553.662 Thread 0x00007fb730863000 13043       1       akka.io.TcpConnection::self (5 bytes)
Event: 553.662 Thread 0x00007fb730863000 nmethod 13043 0x000000010e41c090 code [0x000000010e41c1e0, 0x000000010e41c2f0]
Event: 556.298 Thread 0x00007fb730859800 13048       4       net.contentobjects.jnotify.macosx.JNotifyAdapterMacOSX::batchEndEvent (815 bytes)

GC Heap History (10 events):
Event: 372.713 GC heap before
{Heap before GC invocations=139 (full 19):
 PSYoungGen      total 232960K, used 116736K [0x00000007aab00000, 0x00000007c0000000, 0x00000007c0000000)
  eden space 116736K, 100% used [0x00000007aab00000,0x00000007b1d00000,0x00000007b1d00000)
  from space 116224K, 0% used [0x00000007b1d00000,0x00000007b1d00000,0x00000007b8e80000)
  to   space 116224K, 0% used [0x00000007b8e80000,0x00000007b8e80000,0x00000007c0000000)
 ParOldGen       total 694784K, used 105242K [0x0000000780000000, 0x00000007aa680000, 0x00000007aab00000)
  object space 694784K, 15% used [0x0000000780000000,0x00000007866c6b78,0x00000007aa680000)
 Metaspace       used 112409K, capacity 116528K, committed 117336K, reserved 1146880K
  class space    used 18364K, capacity 18836K, committed 19032K, reserved 1048576K
Event: 372.719 GC heap after
Heap after GC invocations=139 (full 19):
 PSYoungGen      total 232960K, used 9512K [0x00000007aab00000, 0x00000007c0000000, 0x00000007c0000000)
  eden space 116736K, 0% used [0x00000007aab00000,0x00000007aab00000,0x00000007b1d00000)
  from space 116224K, 8% used [0x00000007b8e80000,0x00000007b97ca108,0x00000007c0000000)
  to   space 116224K, 0% used [0x00000007b1d00000,0x00000007b1d00000,0x00000007b8e80000)
 ParOldGen       total 694784K, used 105250K [0x0000000780000000, 0x00000007aa680000, 0x00000007aab00000)
  object space 694784K, 15% used [0x0000000780000000,0x00000007866c8b78,0x00000007aa680000)
 Metaspace       used 112409K, capacity 116528K, committed 117336K, reserved 1146880K
  class space    used 18364K, capacity 18836K, committed 19032K, reserved 1048576K
}
Event: 419.944 GC heap before
{Heap before GC invocations=140 (full 19):
 PSYoungGen      total 232960K, used 126248K [0x00000007aab00000, 0x00000007c0000000, 0x00000007c0000000)
  eden space 116736K, 100% used [0x00000007aab00000,0x00000007b1d00000,0x00000007b1d00000)
  from space 116224K, 8% used [0x00000007b8e80000,0x00000007b97ca108,0x00000007c0000000)
  to   space 116224K, 0% used [0x00000007b1d00000,0x00000007b1d00000,0x00000007b8e80000)
 ParOldGen       total 694784K, used 105250K [0x0000000780000000, 0x00000007aa680000, 0x00000007aab00000)
  object space 694784K, 15% used [0x0000000780000000,0x00000007866c8b78,0x00000007aa680000)
 Metaspace       used 115410K, capacity 119718K, committed 120280K, reserved 1150976K
  class space    used 18783K, capacity 19301K, committed 19416K, reserved 1048576K
Event: 419.949 GC heap after
Heap after GC invocations=140 (full 19):
 PSYoungGen      total 121856K, used 4898K [0x00000007aab00000, 0x00000007bff00000, 0x00000007c0000000)
  eden space 116736K, 0% used [0x00000007aab00000,0x00000007aab00000,0x00000007b1d00000)
  from space 5120K, 95% used [0x00000007b1d00000,0x00000007b21c88d8,0x00000007b2200000)
  to   space 115712K, 0% used [0x00000007b8e00000,0x00000007b8e00000,0x00000007bff00000)
 ParOldGen       total 694784K, used 107443K [0x0000000780000000, 0x00000007aa680000, 0x00000007aab00000)
  object space 694784K, 15% used [0x0000000780000000,0x00000007868ecf10,0x00000007aa680000)
 Metaspace       used 115410K, capacity 119718K, committed 120280K, reserved 1150976K
  class space    used 18783K, capacity 19301K, committed 19416K, reserved 1048576K
}
Event: 505.516 GC heap before
{Heap before GC invocations=141 (full 19):
 PSYoungGen      total 121856K, used 121634K [0x00000007aab00000, 0x00000007bff00000, 0x00000007c0000000)
  eden space 116736K, 100% used [0x00000007aab00000,0x00000007b1d00000,0x00000007b1d00000)
  from space 5120K, 95% used [0x00000007b1d00000,0x00000007b21c88d8,0x00000007b2200000)
  to   space 115712K, 0% used [0x00000007b8e00000,0x00000007b8e00000,0x00000007bff00000)
 ParOldGen       total 694784K, used 107443K [0x0000000780000000, 0x00000007aa680000, 0x00000007aab00000)
  object space 694784K, 15% used [0x0000000780000000,0x00000007868ecf10,0x00000007aa680000)
 Metaspace       used 115467K, capacity 119800K, committed 120280K, reserved 1150976K
  class space    used 18785K, capacity 19304K, committed 19416K, reserved 1048576K
Event: 505.522 GC heap after
Heap after GC invocations=141 (full 19):
 PSYoungGen      total 235520K, used 6336K [0x00000007aab00000, 0x00000007bff00000, 0x00000007c0000000)
  eden space 119808K, 0% used [0x00000007aab00000,0x00000007aab00000,0x00000007b2000000)
  from space 115712K, 5% used [0x00000007b8e00000,0x00000007b94300b0,0x00000007bff00000)
  to   space 112640K, 0% used [0x00000007b2000000,0x00000007b2000000,0x00000007b8e00000)
 ParOldGen       total 694784K, used 107443K [0x0000000780000000, 0x00000007aa680000, 0x00000007aab00000)
  object space 694784K, 15% used [0x0000000780000000,0x00000007868ecf10,0x00000007aa680000)
 Metaspace       used 115467K, capacity 119800K, committed 120280K, reserved 1150976K
  class space    used 18785K, capacity 19304K, committed 19416K, reserved 1048576K
}
Event: 546.237 GC heap before
{Heap before GC invocations=142 (full 19):
 PSYoungGen      total 235520K, used 126144K [0x00000007aab00000, 0x00000007bff00000, 0x00000007c0000000)
  eden space 119808K, 100% used [0x00000007aab00000,0x00000007b2000000,0x00000007b2000000)
  from space 115712K, 5% used [0x00000007b8e00000,0x00000007b94300b0,0x00000007bff00000)
  to   space 112640K, 0% used [0x00000007b2000000,0x00000007b2000000,0x00000007b8e00000)
 ParOldGen       total 694784K, used 107443K [0x0000000780000000, 0x00000007aa680000, 0x00000007aab00000)
  object space 694784K, 15% used [0x0000000780000000,0x00000007868ecf10,0x00000007aa680000)
 Metaspace       used 115626K, capacity 120000K, committed 120280K, reserved 1150976K
  class space    used 18792K, capacity 19316K, committed 19416K, reserved 1048576K
Event: 546.244 GC heap after
Heap after GC invocations=142 (full 19):
 PSYoungGen      total 127488K, used 7616K [0x00000007aab00000, 0x00000007bf600000, 0x00000007c0000000)
  eden space 119808K, 0% used [0x00000007aab00000,0x00000007aab00000,0x00000007b2000000)
  from space 7680K, 99% used [0x00000007b2000000,0x00000007b27700b0,0x00000007b2780000)
  to   space 109056K, 0% used [0x00000007b8b80000,0x00000007b8b80000,0x00000007bf600000)
 ParOldGen       total 694784K, used 107451K [0x0000000780000000, 0x00000007aa680000, 0x00000007aab00000)
  object space 694784K, 15% used [0x0000000780000000,0x00000007868eef10,0x00000007aa680000)
 Metaspace       used 115626K, capacity 120000K, committed 120280K, reserved 1150976K
  class space    used 18792K, capacity 19316K, committed 19416K, reserved 1048576K
}
Event: 556.196 GC heap before
{Heap before GC invocations=143 (full 19):
 PSYoungGen      total 127488K, used 127424K [0x00000007aab00000, 0x00000007bf600000, 0x00000007c0000000)
  eden space 119808K, 100% used [0x00000007aab00000,0x00000007b2000000,0x00000007b2000000)
  from space 7680K, 99% used [0x00000007b2000000,0x00000007b27700b0,0x00000007b2780000)
  to   space 109056K, 0% used [0x00000007b8b80000,0x00000007b8b80000,0x00000007bf600000)
 ParOldGen       total 694784K, used 107451K [0x0000000780000000, 0x00000007aa680000, 0x00000007aab00000)
  object space 694784K, 15% used [0x0000000780000000,0x00000007868eef10,0x00000007aa680000)
 Metaspace       used 115676K, capacity 120054K, committed 120280K, reserved 1150976K
  class space    used 18797K, capacity 19325K, committed 19416K, reserved 1048576K
Event: 556.202 GC heap after
Heap after GC invocations=143 (full 19):
 PSYoungGen      total 227840K, used 8032K [0x00000007aab00000, 0x00000007bf100000, 0x00000007c0000000)
  eden space 123904K, 0% used [0x00000007aab00000,0x00000007aab00000,0x00000007b2400000)
  from space 103936K, 7% used [0x00000007b8b80000,0x00000007b93580b0,0x00000007bf100000)
  to   space 104960K, 0% used [0x00000007b2400000,0x00000007b2400000,0x00000007b8a80000)
 ParOldGen       total 694784K, used 107451K [0x0000000780000000, 0x00000007aa680000, 0x00000007aab00000)
  object space 694784K, 15% used [0x0000000780000000,0x00000007868eef10,0x00000007aa680000)
 Metaspace       used 115676K, capacity 120054K, committed 120280K, reserved 1150976K
  class space    used 18797K, capacity 19325K, committed 19416K, reserved 1048576K
}

Deoptimization events (10 events):
Event: 373.045 Thread 0x00007fb732c72800 Uncommon trap: reason=class_check action=maybe_recompile pc=0x000000010d118c04 method=java.lang.reflect.Array.newInstance(Ljava/lang/Class;I)Ljava/lang/Object; @ 2
Event: 373.046 Thread 0x00007fb732c72800 Uncommon trap: reason=unstable_if action=reinterpret pc=0x000000010dfff454 method=java.util.HashMap.putMapEntries(Ljava/util/Map;Z)V @ 53
Event: 373.053 Thread 0x00007fb732c72800 Uncommon trap: reason=unstable_if action=reinterpret pc=0x000000010e03ccd4 method=java.lang.Class.newReflectionData(Ljava/lang/ref/SoftReference;I)Ljava/lang/Class$ReflectionData; @ 30
Event: 373.054 Thread 0x00007fb733837000 Uncommon trap: reason=unstable_if action=reinterpret pc=0x000000010daa5440 method=java.util.concurrent.ConcurrentHashMap.get(Ljava/lang/Object;)Ljava/lang/Object; @ 86
Event: 373.076 Thread 0x00007fb733852000 Uncommon trap: reason=class_check action=maybe_recompile pc=0x000000010e07cbc8 method=sun.nio.ch.IOUtil.write(Ljava/io/FileDescriptor;Ljava/nio/ByteBuffer;JLsun/nio/ch/NativeDispatcher;)I @ 1
Event: 373.077 Thread 0x00007fb73736a000 Uncommon trap: reason=class_check action=maybe_recompile pc=0x000000010e07cbc8 method=sun.nio.ch.IOUtil.write(Ljava/io/FileDescriptor;Ljava/nio/ByteBuffer;JLsun/nio/ch/NativeDispatcher;)I @ 1
Event: 373.078 Thread 0x00007fb7329ed800 Uncommon trap: reason=class_check action=maybe_recompile pc=0x000000010e07cbc8 method=sun.nio.ch.IOUtil.write(Ljava/io/FileDescriptor;Ljava/nio/ByteBuffer;JLsun/nio/ch/NativeDispatcher;)I @ 1
Event: 408.810 Thread 0x00007fb7361fb800 Uncommon trap: reason=unstable_if action=reinterpret pc=0x000000010d97c47c method=java.util.TreeMap.navigableKeySet()Ljava/util/NavigableSet; @ 6
Event: 449.236 Thread 0x00007fb7361fb800 Uncommon trap: reason=unstable_if action=reinterpret pc=0x000000010d99e5f0 method=java.util.TreeSet.add(Ljava/lang/Object;)Z @ 13
Event: 530.336 Thread 0x00007fb730f1c000 Uncommon trap: reason=unstable_if action=reinterpret pc=0x000000010e256764 method=org.postgresql.jdbc.PgResultSet.isBinary(I)Z @ 12

Internal exceptions (10 events):
Event: 371.145 Thread 0x00007fb7329ed800 Exception <a 'java/lang/NoSuchMethodError': java.lang.Object.$anonfun$writeableOf_Content$1(Lplay/api/mvc/Codec;Lplay/twirl/api/Content;)Lakka/util/ByteString;> (0x00000007b160ef88) thrown at [/Users/java_re/workspace/8-2-build-macosx-x86_64/jdk8u144/9417
Event: 371.162 Thread 0x00007fb730f1c000 Exception <a 'java/lang/NoSuchMethodError': java.lang.Object.$anonfun$addStopHook$1(Ljava/util/concurrent/Callable;)Lscala/concurrent/Future;> (0x00000007b16e42a8) thrown at [/Users/java_re/workspace/8-2-build-macosx-x86_64/jdk8u144/9417/hotspot/src/share
Event: 371.740 Thread 0x00007fb730f1c000 Exception <a 'java/lang/NullPointerException'> (0x00000007ad26f9e0) thrown at [/Users/java_re/workspace/8-2-build-macosx-x86_64/jdk8u144/9417/hotspot/src/share/vm/runtime/reflection.cpp, line 922]
Event: 371.980 Thread 0x00007fb730f1c000 Exception <a 'java/lang/reflect/InvocationTargetException'> (0x00000007ad636070) thrown at [/Users/java_re/workspace/8-2-build-macosx-x86_64/jdk8u144/9417/hotspot/src/share/vm/runtime/reflection.cpp, line 1092]
Event: 372.353 Thread 0x00007fb730f1c000 Exception <a 'java/lang/NoClassDefFoundError': javax/el/ExpressionFactory> (0x00000007b0022ad8) thrown at [/Users/java_re/workspace/8-2-build-macosx-x86_64/jdk8u144/9417/hotspot/src/share/vm/classfile/systemDictionary.cpp, line 199]
Event: 372.353 Thread 0x00007fb730f1c000 Exception <a 'java/lang/NoClassDefFoundError': javax/el/ExpressionFactory> (0x00000007b002de88) thrown at [/Users/java_re/workspace/8-2-build-macosx-x86_64/jdk8u144/9417/hotspot/src/share/vm/oops/constantPool.cpp, line 235]
Event: 372.758 Thread 0x00007fb730f1c000 Implicit null exception at 0x000000010c887405 to 0x000000010c88745d
Event: 372.885 Thread 0x00007fb733852000 Exception <a 'javax/validation/ValidationException'> (0x00000007abe400a8) thrown at [/Users/java_re/workspace/8-2-build-macosx-x86_64/jdk8u144/9417/hotspot/src/share/vm/prims/jvm.cpp, line 1394]
Event: 372.892 Thread 0x00007fb733852000 Exception <a 'javax/validation/ValidationException'> (0x00000007abf67000) thrown at [/Users/java_re/workspace/8-2-build-macosx-x86_64/jdk8u144/9417/hotspot/src/share/vm/prims/jvm.cpp, line 1394]
Event: 502.657 Thread 0x00007fb7361fb800 Exception <a 'java/io/FileNotFoundException': /Users/jasmina/ABH/eRestoran/public/eRestoran_FE/tmp/rollup-cache_path-T5gTb6ak.tmp/node_modules/.bin/í ½í°¹> (0x00000007b164c8f8) thrown at [/Users/java_re/workspace/8-2-build-macosx-x86_64/jdk8u144/9417/hots

Events (10 events):
Event: 523.411 Thread 0x00007fb730863000 flushing nmethod 0x000000010e254950
Event: 530.336 Thread 0x00007fb730f1c000 Uncommon trap: trap_request=0xffffff65 fr.pc=0x000000010e256764
Event: 530.336 Thread 0x00007fb730f1c000 DEOPT PACKING pc=0x000000010e256764 sp=0x0000700004131750
Event: 530.336 Thread 0x00007fb730f1c000 DEOPT UNPACKING pc=0x000000010c6fc229 sp=0x0000700004131710 mode 2
Event: 546.237 Executing VM operation: ParallelGCFailedAllocation
Event: 546.244 Executing VM operation: ParallelGCFailedAllocation done
Event: 556.196 Executing VM operation: ParallelGCFailedAllocation
Event: 556.202 Executing VM operation: ParallelGCFailedAllocation done
Event: 556.298 Thread 0x00007fb7361fb800 DEOPT PACKING pc=0x000000010d54dc40 sp=0x0000700003d23080
Event: 556.298 Thread 0x00007fb7361fb800 DEOPT UNPACKING pc=0x000000010c73e633 sp=0x0000700003d22f10 mode 0


Dynamic libraries:
0x000000002115b000 	/System/Library/Frameworks/Cocoa.framework/Versions/A/Cocoa
0x000000002115b000 	/System/Library/Frameworks/Security.framework/Versions/A/Security
0x000000002115b000 	/System/Library/Frameworks/ApplicationServices.framework/Versions/A/ApplicationServices
0x000000002115b000 	/usr/lib/libz.1.dylib
0x000000002115b000 	/usr/lib/libSystem.B.dylib
0x000000002115b000 	/usr/lib/libobjc.A.dylib
0x000000002115b000 	/System/Library/Frameworks/CoreFoundation.framework/Versions/A/CoreFoundation
0x000000002115b000 	/System/Library/Frameworks/Foundation.framework/Versions/C/Foundation
0x000000002115b000 	/System/Library/Frameworks/AppKit.framework/Versions/C/AppKit
0x000000002115b000 	/System/Library/Frameworks/CoreData.framework/Versions/A/CoreData
0x000000002115b000 	/System/Library/PrivateFrameworks/RemoteViewServices.framework/Versions/A/RemoteViewServices
0x000000002115b000 	/System/Library/PrivateFrameworks/UIFoundation.framework/Versions/A/UIFoundation
0x000000002115b000 	/System/Library/PrivateFrameworks/DFRFoundation.framework/Versions/A/DFRFoundation
0x000000002115b000 	/usr/lib/libenergytrace.dylib
0x000000002115b000 	/System/Library/PrivateFrameworks/SkyLight.framework/Versions/A/SkyLight
0x000000002115b000 	/System/Library/Frameworks/CoreGraphics.framework/Versions/A/CoreGraphics
0x000000002115b000 	/usr/lib/libScreenReader.dylib
0x000000002115b000 	/System/Library/Frameworks/Accelerate.framework/Versions/A/Accelerate
0x000000002115b000 	/System/Library/Frameworks/IOSurface.framework/Versions/A/IOSurface
0x000000002115b000 	/System/Library/Frameworks/AudioToolbox.framework/Versions/A/AudioToolbox
0x000000002115b000 	/System/Library/Frameworks/AudioUnit.framework/Versions/A/AudioUnit
0x000000002115b000 	/System/Library/PrivateFrameworks/DataDetectorsCore.framework/Versions/A/DataDetectorsCore
0x000000002115b000 	/System/Library/PrivateFrameworks/DesktopServicesPriv.framework/Versions/A/DesktopServicesPriv
0x000000002115b000 	/System/Library/Frameworks/Carbon.framework/Versions/A/Frameworks/HIToolbox.framework/Versions/A/HIToolbox
0x000000002115b000 	/usr/lib/libicucore.A.dylib
0x000000002115b000 	/System/Library/Frameworks/QuartzCore.framework/Versions/A/QuartzCore
0x000000002115b000 	/System/Library/Frameworks/Carbon.framework/Versions/A/Frameworks/SpeechRecognition.framework/Versions/A/SpeechRecognition
0x000000002115b000 	/usr/lib/libauto.dylib
0x000000002115b000 	/usr/lib/libxml2.2.dylib
0x000000002115b000 	/System/Library/PrivateFrameworks/CoreUI.framework/Versions/A/CoreUI
0x000000002115b000 	/System/Library/Frameworks/CoreAudio.framework/Versions/A/CoreAudio
0x000000002115b000 	/System/Library/Frameworks/DiskArbitration.framework/Versions/A/DiskArbitration
0x000000002115b000 	/usr/lib/liblangid.dylib
0x000000002115b000 	/System/Library/PrivateFrameworks/MultitouchSupport.framework/Versions/A/MultitouchSupport
0x000000002115b000 	/System/Library/Frameworks/IOKit.framework/Versions/A/IOKit
0x000000002115b000 	/usr/lib/libDiagnosticMessagesClient.dylib
0x000000002115b000 	/System/Library/Frameworks/CoreServices.framework/Versions/A/CoreServices
0x000000002115b000 	/System/Library/PrivateFrameworks/PerformanceAnalysis.framework/Versions/A/PerformanceAnalysis
0x000000002115b000 	/System/Library/PrivateFrameworks/GenerationalStorage.framework/Versions/A/GenerationalStorage
0x000000002115b000 	/System/Library/Frameworks/OpenGL.framework/Versions/A/OpenGL
0x000000002115b000 	/System/Library/Frameworks/CoreImage.framework/Versions/A/CoreImage
0x000000002115b000 	/System/Library/Frameworks/CoreText.framework/Versions/A/CoreText
0x000000002115b000 	/System/Library/Frameworks/ImageIO.framework/Versions/A/ImageIO
0x000000002115b000 	/System/Library/PrivateFrameworks/Backup.framework/Versions/A/Backup
0x000000002115b000 	/usr/lib/libarchive.2.dylib
0x000000002115b000 	/System/Library/Frameworks/CFNetwork.framework/Versions/A/CFNetwork
0x000000002115b000 	/System/Library/Frameworks/SystemConfiguration.framework/Versions/A/SystemConfiguration
0x000000002115b000 	/usr/lib/libCRFSuite.dylib
0x000000002115b000 	/usr/lib/libc++.1.dylib
0x000000002115b000 	/usr/lib/libc++abi.dylib
0x000000002115b000 	/usr/lib/system/libcache.dylib
0x000000002115b000 	/usr/lib/system/libcommonCrypto.dylib
0x000000002115b000 	/usr/lib/system/libcompiler_rt.dylib
0x000000002115b000 	/usr/lib/system/libcopyfile.dylib
0x000000002115b000 	/usr/lib/system/libcorecrypto.dylib
0x000000002115b000 	/usr/lib/system/libdispatch.dylib
0x000000002115b000 	/usr/lib/system/libdyld.dylib
0x000000002115b000 	/usr/lib/system/libkeymgr.dylib
0x000000002115b000 	/usr/lib/system/liblaunch.dylib
0x000000002115b000 	/usr/lib/system/libmacho.dylib
0x000000002115b000 	/usr/lib/system/libquarantine.dylib
0x000000002115b000 	/usr/lib/system/libremovefile.dylib
0x000000002115b000 	/usr/lib/system/libsystem_asl.dylib
0x000000002115b000 	/usr/lib/system/libsystem_blocks.dylib
0x000000002115b000 	/usr/lib/system/libsystem_c.dylib
0x000000002115b000 	/usr/lib/system/libsystem_configuration.dylib
0x000000002115b000 	/usr/lib/system/libsystem_coreservices.dylib
0x000000002115b000 	/usr/lib/system/libsystem_coretls.dylib
0x000000002115b000 	/usr/lib/system/libsystem_dnssd.dylib
0x000000002115b000 	/usr/lib/system/libsystem_info.dylib
0x000000002115b000 	/usr/lib/system/libsystem_kernel.dylib
0x000000002115b000 	/usr/lib/system/libsystem_m.dylib
0x000000002115b000 	/usr/lib/system/libsystem_malloc.dylib
0x000000002115b000 	/usr/lib/system/libsystem_network.dylib
0x000000002115b000 	/usr/lib/system/libsystem_networkextension.dylib
0x000000002115b000 	/usr/lib/system/libsystem_notify.dylib
0x000000002115b000 	/usr/lib/system/libsystem_platform.dylib
0x000000002115b000 	/usr/lib/system/libsystem_pthread.dylib
0x000000002115b000 	/usr/lib/system/libsystem_sandbox.dylib
0x000000002115b000 	/usr/lib/system/libsystem_secinit.dylib
0x000000002115b000 	/usr/lib/system/libsystem_symptoms.dylib
0x000000002115b000 	/usr/lib/system/libsystem_trace.dylib
0x000000002115b000 	/usr/lib/system/libunwind.dylib
0x000000002115b000 	/usr/lib/system/libxpc.dylib
0x000000002115b000 	/usr/lib/libbsm.0.dylib
0x000000002115b000 	/usr/lib/system/libkxld.dylib
0x000000002115b000 	/usr/lib/libcoretls.dylib
0x000000002115b000 	/usr/lib/libcoretls_cfhelpers.dylib
0x000000002115b000 	/usr/lib/libxar.1.dylib
0x000000002115b000 	/usr/lib/libsqlite3.dylib
0x000000002115b000 	/usr/lib/libpam.2.dylib
0x000000002115b000 	/usr/lib/libOpenScriptingUtil.dylib
0x000000002115b000 	/usr/lib/libbz2.1.0.dylib
0x000000002115b000 	/usr/lib/liblzma.5.dylib
0x000000002115b000 	/usr/lib/libnetwork.dylib
0x000000002115b000 	/usr/lib/libpcap.A.dylib
0x000000002115b000 	/System/Library/Frameworks/CoreServices.framework/Versions/A/Frameworks/FSEvents.framework/Versions/A/FSEvents
0x000000002115b000 	/System/Library/Frameworks/CoreServices.framework/Versions/A/Frameworks/CarbonCore.framework/Versions/A/CarbonCore
0x000000002115b000 	/System/Library/Frameworks/CoreServices.framework/Versions/A/Frameworks/Metadata.framework/Versions/A/Metadata
0x000000002115b000 	/System/Library/Frameworks/CoreServices.framework/Versions/A/Frameworks/OSServices.framework/Versions/A/OSServices
0x000000002115b000 	/System/Library/Frameworks/CoreServices.framework/Versions/A/Frameworks/SearchKit.framework/Versions/A/SearchKit
0x000000002115b000 	/System/Library/Frameworks/CoreServices.framework/Versions/A/Frameworks/AE.framework/Versions/A/AE
0x000000002115b000 	/System/Library/Frameworks/CoreServices.framework/Versions/A/Frameworks/LaunchServices.framework/Versions/A/LaunchServices
0x000000002115b000 	/System/Library/Frameworks/CoreServices.framework/Versions/A/Frameworks/DictionaryServices.framework/Versions/A/DictionaryServices
0x000000002115b000 	/System/Library/Frameworks/CoreServices.framework/Versions/A/Frameworks/SharedFileList.framework/Versions/A/SharedFileList
0x000000002115b000 	/System/Library/Frameworks/NetFS.framework/Versions/A/NetFS
0x000000002115b000 	/System/Library/PrivateFrameworks/NetAuth.framework/Versions/A/NetAuth
0x000000002115b000 	/System/Library/PrivateFrameworks/login.framework/Versions/A/Frameworks/loginsupport.framework/Versions/A/loginsupport
0x000000002115b000 	/System/Library/PrivateFrameworks/TCC.framework/Versions/A/TCC
0x000000002115b000 	/usr/lib/libmecabra.dylib
0x000000002115b000 	/System/Library/Frameworks/ApplicationServices.framework/Versions/A/Frameworks/ATS.framework/Versions/A/ATS
0x000000002115b000 	/System/Library/Frameworks/ApplicationServices.framework/Versions/A/Frameworks/ColorSync.framework/Versions/A/ColorSync
0x000000002115b000 	/System/Library/Frameworks/ApplicationServices.framework/Versions/A/Frameworks/HIServices.framework/Versions/A/HIServices
0x000000002115b000 	/System/Library/Frameworks/ApplicationServices.framework/Versions/A/Frameworks/LangAnalysis.framework/Versions/A/LangAnalysis
0x000000002115b000 	/System/Library/Frameworks/ApplicationServices.framework/Versions/A/Frameworks/PrintCore.framework/Versions/A/PrintCore
0x000000002115b000 	/System/Library/Frameworks/ApplicationServices.framework/Versions/A/Frameworks/QD.framework/Versions/A/QD
0x000000002115b000 	/System/Library/Frameworks/ApplicationServices.framework/Versions/A/Frameworks/SpeechSynthesis.framework/Versions/A/SpeechSynthesis
0x000000002115b000 	/System/Library/Frameworks/Accelerate.framework/Versions/A/Frameworks/vImage.framework/Versions/A/vImage
0x000000002115b000 	/System/Library/Frameworks/Accelerate.framework/Versions/A/Frameworks/vecLib.framework/Versions/A/vecLib
0x000000002115b000 	/System/Library/Frameworks/Accelerate.framework/Versions/A/Frameworks/vecLib.framework/Versions/A/libvDSP.dylib
0x000000002115b000 	/System/Library/Frameworks/Accelerate.framework/Versions/A/Frameworks/vecLib.framework/Versions/A/libBNNS.dylib
0x000000002115b000 	/System/Library/Frameworks/Accelerate.framework/Versions/A/Frameworks/vecLib.framework/Versions/A/libQuadrature.dylib
0x000000002115b000 	/System/Library/Frameworks/Accelerate.framework/Versions/A/Frameworks/vecLib.framework/Versions/A/libvMisc.dylib
0x000000002115b000 	/System/Library/Frameworks/Accelerate.framework/Versions/A/Frameworks/vecLib.framework/Versions/A/libLAPACK.dylib
0x000000002115b000 	/System/Library/Frameworks/Accelerate.framework/Versions/A/Frameworks/vecLib.framework/Versions/A/libBLAS.dylib
0x000000002115b000 	/System/Library/Frameworks/Accelerate.framework/Versions/A/Frameworks/vecLib.framework/Versions/A/libLinearAlgebra.dylib
0x000000002115b000 	/System/Library/Frameworks/Accelerate.framework/Versions/A/Frameworks/vecLib.framework/Versions/A/libSparseBLAS.dylib
0x000000002115b000 	/System/Library/Frameworks/ApplicationServices.framework/Versions/A/Frameworks/ATS.framework/Versions/A/Resources/libFontParser.dylib
0x000000002115b000 	/System/Library/Frameworks/ApplicationServices.framework/Versions/A/Frameworks/ATS.framework/Versions/A/Resources/libFontRegistry.dylib
0x000000002115b000 	/System/Library/Frameworks/ImageIO.framework/Versions/A/Resources/libJPEG.dylib
0x000000002115b000 	/System/Library/Frameworks/ImageIO.framework/Versions/A/Resources/libTIFF.dylib
0x000000002115b000 	/System/Library/Frameworks/ImageIO.framework/Versions/A/Resources/libPng.dylib
0x000000002115b000 	/System/Library/Frameworks/ImageIO.framework/Versions/A/Resources/libGIF.dylib
0x000000002115b000 	/System/Library/Frameworks/ImageIO.framework/Versions/A/Resources/libJP2.dylib
0x000000002115b000 	/System/Library/Frameworks/ImageIO.framework/Versions/A/Resources/libRadiance.dylib
0x000000002115b000 	/usr/lib/libcompression.dylib
0x000000002115b000 	/System/Library/PrivateFrameworks/AppleJPEG.framework/Versions/A/AppleJPEG
0x000000002115b000 	/usr/lib/libcups.2.dylib
0x000000002115b000 	/System/Library/Frameworks/Kerberos.framework/Versions/A/Kerberos
0x000000002115b000 	/System/Library/Frameworks/GSS.framework/Versions/A/GSS
0x000000002115b000 	/usr/lib/libresolv.9.dylib
0x000000002115b000 	/usr/lib/libiconv.2.dylib
0x000000002115b000 	/System/Library/PrivateFrameworks/Heimdal.framework/Versions/A/Heimdal
0x000000002115b000 	/usr/lib/libheimdal-asn1.dylib
0x000000002115b000 	/System/Library/Frameworks/OpenDirectory.framework/Versions/A/OpenDirectory
0x000000002115b000 	/System/Library/PrivateFrameworks/CommonAuth.framework/Versions/A/CommonAuth
0x000000002115b000 	/System/Library/Frameworks/OpenDirectory.framework/Versions/A/Frameworks/CFOpenDirectory.framework/Versions/A/CFOpenDirectory
0x000000002115b000 	/System/Library/Frameworks/SecurityFoundation.framework/Versions/A/SecurityFoundation
0x000000002115b000 	/System/Library/PrivateFrameworks/LanguageModeling.framework/Versions/A/LanguageModeling
0x000000002115b000 	/usr/lib/libmarisa.dylib
0x000000002115b000 	/usr/lib/libChineseTokenizer.dylib
0x000000002115b000 	/usr/lib/libcmph.dylib
0x000000002115b000 	/System/Library/PrivateFrameworks/CoreEmoji.framework/Versions/A/CoreEmoji
0x000000002115b000 	/System/Library/Frameworks/ServiceManagement.framework/Versions/A/ServiceManagement
0x000000002115b000 	/usr/lib/libxslt.1.dylib
0x000000002115b000 	/System/Library/Frameworks/Carbon.framework/Versions/A/Frameworks/Ink.framework/Versions/A/Ink
0x000000002115b000 	/System/Library/PrivateFrameworks/TextureIO.framework/Versions/A/TextureIO
0x000000002115b000 	/System/Library/Frameworks/Metal.framework/Versions/A/Metal
0x000000002115b000 	/usr/lib/libate.dylib
0x000000002115b000 	/System/Library/PrivateFrameworks/GPUCompiler.framework/libmetal_timestamp.dylib
0x000000002115b000 	/System/Library/Frameworks/OpenGL.framework/Versions/A/Libraries/libCoreFSCache.dylib
0x000000002115b000 	/System/Library/PrivateFrameworks/IOAccelerator.framework/Versions/A/IOAccelerator
0x000000002115b000 	/System/Library/Frameworks/CoreVideo.framework/Versions/A/CoreVideo
0x000000002115b000 	/usr/lib/libFosl_dynamic.dylib
0x000000002115b000 	/System/Library/PrivateFrameworks/MetalPerformanceShaders.framework/Versions/A/MetalPerformanceShaders
0x000000002115b000 	/System/Library/PrivateFrameworks/FaceCore.framework/Versions/A/FaceCore
0x000000002115b000 	/System/Library/Frameworks/OpenCL.framework/Versions/A/OpenCL
0x000000002115b000 	/System/Library/Frameworks/OpenGL.framework/Versions/A/Libraries/libGLU.dylib
0x000000002115b000 	/System/Library/Frameworks/OpenGL.framework/Versions/A/Libraries/libGFXShared.dylib
0x000000002115b000 	/System/Library/Frameworks/OpenGL.framework/Versions/A/Libraries/libGL.dylib
0x000000002115b000 	/System/Library/Frameworks/OpenGL.framework/Versions/A/Libraries/libGLImage.dylib
0x000000002115b000 	/System/Library/Frameworks/OpenGL.framework/Versions/A/Libraries/libCVMSPluginSupport.dylib
0x000000002115b000 	/System/Library/Frameworks/OpenGL.framework/Versions/A/Libraries/libCoreVMClient.dylib
0x000000002115b000 	/System/Library/PrivateFrameworks/CrashReporterSupport.framework/Versions/A/CrashReporterSupport
0x000000002115b000 	/System/Library/PrivateFrameworks/Sharing.framework/Versions/A/Sharing
0x000000002115b000 	/System/Library/PrivateFrameworks/IconServices.framework/Versions/A/IconServices
0x000000002115b000 	/System/Library/PrivateFrameworks/ProtocolBuffer.framework/Versions/A/ProtocolBuffer
0x000000002115b000 	/System/Library/PrivateFrameworks/Apple80211.framework/Versions/A/Apple80211
0x000000002115b000 	/System/Library/Frameworks/CoreWLAN.framework/Versions/A/CoreWLAN
0x000000002115b000 	/System/Library/PrivateFrameworks/CoreUtils.framework/Versions/A/CoreUtils
0x000000002115b000 	/System/Library/Frameworks/IOBluetooth.framework/Versions/A/IOBluetooth
0x000000002115b000 	/System/Library/PrivateFrameworks/CoreWiFi.framework/Versions/A/CoreWiFi
0x000000002115b000 	/System/Library/Frameworks/CoreBluetooth.framework/Versions/A/CoreBluetooth
0x000000002115b000 	/System/Library/Frameworks/CoreDisplay.framework/Versions/A/CoreDisplay
0x000000002115b000 	/System/Library/PrivateFrameworks/IOPresentment.framework/Versions/A/IOPresentment
0x000000002115b000 	/System/Library/PrivateFrameworks/DebugSymbols.framework/Versions/A/DebugSymbols
0x000000002115b000 	/System/Library/PrivateFrameworks/CoreSymbolication.framework/Versions/A/CoreSymbolication
0x000000002115b000 	/System/Library/PrivateFrameworks/Symbolication.framework/Versions/A/Symbolication
0x000000002115b000 	/System/Library/PrivateFrameworks/AppleFSCompression.framework/Versions/A/AppleFSCompression
0x000000002115b000 	/System/Library/PrivateFrameworks/SpeechRecognitionCore.framework/Versions/A/SpeechRecognitionCore
0x000000002115b000 	/System/Library/PrivateFrameworks/ChunkingLibrary.framework/Versions/A/ChunkingLibrary
0x0000000101200000 	/Library/Java/JavaVirtualMachines/jdk1.8.0_144.jdk/Contents/Home/jre/lib/server/libjvm.dylib
0x000000002115b000 	/usr/lib/libstdc++.6.dylib
0x0000000100119000 	/Library/Java/JavaVirtualMachines/jdk1.8.0_144.jdk/Contents/Home/jre/lib/libverify.dylib
0x0000000100127000 	/Library/Java/JavaVirtualMachines/jdk1.8.0_144.jdk/Contents/Home/jre/lib/libjava.dylib
0x0000000100166000 	/Library/Java/JavaVirtualMachines/jdk1.8.0_144.jdk/Contents/Home/jre/lib/libzip.dylib
0x0000000107195000 	/System/Library/Frameworks/JavaVM.framework/Frameworks/JavaRuntimeSupport.framework/JavaRuntimeSupport
0x00000001071af000 	/System/Library/Frameworks/JavaVM.framework/Versions/A/Frameworks/JavaNativeFoundation.framework/Versions/A/JavaNativeFoundation
0x00000001071c4000 	/System/Library/Frameworks/JavaVM.framework/Versions/A/JavaVM
0x000000002115b000 	/System/Library/Frameworks/Carbon.framework/Versions/A/Carbon
0x00000001071d1000 	/System/Library/PrivateFrameworks/JavaLaunching.framework/Versions/A/JavaLaunching
0x000000002115b000 	/System/Library/Frameworks/Carbon.framework/Versions/A/Frameworks/CommonPanels.framework/Versions/A/CommonPanels
0x000000002115b000 	/System/Library/Frameworks/Carbon.framework/Versions/A/Frameworks/Help.framework/Versions/A/Help
0x000000002115b000 	/System/Library/Frameworks/Carbon.framework/Versions/A/Frameworks/ImageCapture.framework/Versions/A/ImageCapture
0x000000002115b000 	/System/Library/Frameworks/Carbon.framework/Versions/A/Frameworks/OpenScripting.framework/Versions/A/OpenScripting
0x000000002115b000 	/System/Library/Frameworks/Carbon.framework/Versions/A/Frameworks/Print.framework/Versions/A/Print
0x000000002115b000 	/System/Library/Frameworks/Carbon.framework/Versions/A/Frameworks/SecurityHI.framework/Versions/A/SecurityHI
0x0000000108af7000 	/Library/Java/JavaVirtualMachines/jdk1.8.0_144.jdk/Contents/Home/jre/lib/libnet.dylib
0x0000000108b56000 	/Library/Java/JavaVirtualMachines/jdk1.8.0_144.jdk/Contents/Home/jre/lib/libnio.dylib
0x0000000108bb4000 	/Library/Java/JavaVirtualMachines/jdk1.8.0_144.jdk/Contents/Home/jre/lib/libmanagement.dylib
0x0000000108bc2000 	/Users/jasmina/ABH/eRestoran/target/jnotify/native_libraries/64bits/libjnotify.jnilib
0x0000000108fe6000 	/Library/Java/JavaVirtualMachines/jdk1.8.0_144.jdk/Contents/Home/jre/lib/libsunec.dylib

VM Arguments:
jvm_args: -Dfile.encoding=UTF8 -Djline.terminal=none -Dsbt.log.noformat=true -Dsbt.global.base=/private/var/folders/96/cw4ykw9n6z1d7rb_n0k307400000gn/T/sbt-global-pluginstub -Xms512M -Xmx1024M -Xss1M -XX:+CMSClassUnloadingEnabled -XX:MaxPermSize=256M 
java_command: xsbt.boot.Boot project root run
java_class_path (initial): /Users/jasmina/Library/Application Support/IntelliJIdea2017.2/Scala/launcher/sbt-launch.jar
Launcher Type: SUN_STANDARD

Environment Variables:
PATH=/usr/local/opt/node@6/bin:/usr/local/bin:/usr/bin:/bin:/usr/sbin:/sbin
SHELL=/bin/bash

Signal Handlers:
SIGSEGV: [libjvm.dylib+0x5b26e5], sa_mask[0]=11111111011111110111111111111111, sa_flags=SA_ONSTACK|SA_RESTART|SA_SIGINFO
SIGBUS: [libjvm.dylib+0x5b26e5], sa_mask[0]=11111111011111110111111111111111, sa_flags=SA_RESTART|SA_SIGINFO
SIGFPE: [libjvm.dylib+0x489100], sa_mask[0]=11111111011111110111111111111111, sa_flags=SA_RESTART|SA_SIGINFO
SIGPIPE: [libjvm.dylib+0x489100], sa_mask[0]=11111111011111110111111111111111, sa_flags=SA_RESTART|SA_SIGINFO
SIGXFSZ: [libjvm.dylib+0x489100], sa_mask[0]=11111111011111110111111111111111, sa_flags=SA_RESTART|SA_SIGINFO
SIGILL: [libjvm.dylib+0x489100], sa_mask[0]=11111111011111110111111111111111, sa_flags=SA_RESTART|SA_SIGINFO
SIGUSR1: SIG_DFL, sa_mask[0]=00000000000000000000000000000000, sa_flags=none
SIGUSR2: [libjvm.dylib+0x488c1e], sa_mask[0]=00100000000000000000000000000000, sa_flags=SA_RESTART|SA_SIGINFO
SIGHUP: [libjvm.dylib+0x4871f5], sa_mask[0]=11111111011111110111111111111111, sa_flags=SA_RESTART|SA_SIGINFO
SIGINT: [libjvm.dylib+0x4871f5], sa_mask[0]=11111111011111110111111111111111, sa_flags=SA_RESTART|SA_SIGINFO
SIGTERM: [libjvm.dylib+0x4871f5], sa_mask[0]=11111111011111110111111111111111, sa_flags=SA_RESTART|SA_SIGINFO
SIGQUIT: [libjvm.dylib+0x4871f5], sa_mask[0]=11111111011111110111111111111111, sa_flags=SA_RESTART|SA_SIGINFO


---------------  S Y S T E M  ---------------

OS:Bsduname:Darwin 16.1.0 Darwin Kernel Version 16.1.0: Wed Oct 19 20:31:56 PDT 2016; root:xnu-3789.21.4~4/RELEASE_X86_64 x86_64
rlimit: STACK 8192k, CORE 0k, NPROC 709, NOFILE 10240, AS infinity
load average:3.24 3.21 2.05

CPU:total 8 (initial active 8) (4 cores per cpu, 2 threads per core) family 6 model 70 stepping 1, cmov, cx8, fxsr, mmx, sse, sse2, sse3, ssse3, sse4.1, sse4.2, popcnt, avx, avx2, aes, clmul, erms, lzcnt, ht, tsc, tscinvbit, bmi1, bmi2

Memory: 4k page, physical 8388608k(731176k free)

/proc/meminfo:


vm_info: Java HotSpot(TM) 64-Bit Server VM (25.144-b01) for bsd-amd64 JRE (1.8.0_144-b01), built on Jul 21 2017 22:07:42 by "java_re" with gcc 4.2.1 (Based on Apple Inc. build 5658) (LLVM build 2336.11.00)

time: Sun Oct 15 10:18:36 2017
elapsed time: 556 seconds (0d 0h 9m 16s)

