#
# A fatal error has been detected by the Java Runtime Environment:
#
#  SIGSEGV (0xb) at pc=0x000000010716e35e, pid=2009, tid=0x0000000000007303
#
# JRE version: Java(TM) SE Runtime Environment (8.0_144-b01) (build 1.8.0_144-b01)
# Java VM: Java HotSpot(TM) 64-Bit Server VM (25.144-b01 mixed mode bsd-amd64 compressed oops)
# Problematic frame:
# J 7635 C2 java.io.File.<init>(Ljava/lang/String;)V (47 bytes) @ 0x000000010716e35e [0x000000010716e320+0x3e]
#
# Failed to write core dump. Core dumps have been disabled. To enable core dumping, try "ulimit -c unlimited" before starting Java again
#
# If you would like to submit a bug report, please visit:
#   http://bugreport.java.com/bugreport/crash.jsp
#

---------------  T H R E A D  ---------------

Current thread (0x00007f9507692800):  JavaThread "FSEvent thread" daemon [_thread_in_Java, id=29443, stack(0x000070000299d000,0x0000700002a9d000)]

siginfo: si_signo: 11 (SIGSEGV), si_code: 1 (SEGV_MAPERR), si_addr: 0x000000050070ff6c

Registers:
RAX=0x00000007aca61e58, RBX=0x00000007aca61d38, RCX=0x0000000000000000, RDX=0x000000050070ff60
RSP=0x0000700002a96030, RBP=0x0000700002a962a8, RSI=0x00000007aca61e58, RDI=0x000000011d6e1f08
R8 =0x00000000000000d9, R9 =0x0000000000000000, R10=0x0000000003c16745, R11=0x00000001015b3000
R12=0x0000000000000000, R13=0x0000000108717434, R14=0x0000700002a96070, R15=0x00007f9507692800
RIP=0x000000010716e35e, EFLAGS=0x0000000000010206, ERR=0x0000000000000004
  TRAPNO=0x000000000000000e

Top of Stack: (sp=0x0000700002a96030)
0x0000700002a96030:   000000011d6e00b0 00000007aca61e58
0x0000700002a96040:   000000011d6dfa58 0000000000000000
0x0000700002a96050:   0000700002a96080 0000700002a962a8
0x0000700002a96060:   0000000108717434 000000000000000f
0x0000700002a96070:   0000700002a962a8 00000001087178a4
0x0000700002a96080:   0000000000000000 0000000000000000
0x0000700002a96090:   3fee2f1886df82b2 0000000000000000
0x0000700002a960a0:   2d687461705f7475 5239596e574c4737
0x0000700002a960b0:   706d742f45465f6e 2d6c656e6e75662f
0x0000700002a960c0:   706d742e5239596e 622d7265626d652f
0x0000700002a960d0:   006e00690061006d 0000000000000000
0x0000700002a960e0:   0000000200000002 0000000000000000
0x0000700002a960f0:   0000000100000001 0000000000000000
0x0000700002a96100:   0000000000000000 0000000000000000
0x0000700002a96110:   0000000000000000 0000000000000000
0x0000700002a96120:   0000000000000000 0000000781af51a0
0x0000700002a96130:   00000007aca61d68 00000007aca61d38
0x0000700002a96140:   00000007aca61e58 0000000000000000
0x0000700002a96150:   0000000000000000 0000000000000000
0x0000700002a96160:   0000000000000000 0000000000000000
0x0000700002a96170:   0000000000000000 0000000000000000
0x0000700002a96180:   0000000782ce8b58 0000000000000332
0x0000700002a96190:   00000007aca61d38 0000000782ce8b58
0x0000700002a961a0:   0000700002a96230 00000001070262bd
0x0000700002a961b0:   0000700002a96230 0000000107025a90
0x0000700002a961c0:   00007f950070ff60 0000000107025a90
0x0000700002a961d0:   00000007aca61d38 0000000782307698
0x0000700002a961e0:   0000000000000019 0000000000000000
0x0000700002a961f0:   0000700002a961e0 000000011ddd754a
0x0000700002a96200:   0000700002a96278 000000011d6d6028
0x0000700002a96210:   000000011d6e2e68 000000011ddd75c0
0x0000700002a96220:   0000000000000000 0000700002a96280 

Instructions: (pc=0x000000010716e35e)
0x000000010716e33e:   66 90 89 84 24 00 c0 fe ff 55 48 83 ec 40 48 89
0x000000010716e34e:   74 24 08 44 89 66 14 48 85 d2 0f 84 7d 02 00 00
0x000000010716e35e:   44 8b 4a 0c 47 8b 5c cc 0c 48 bd 00 30 5b 01 01
0x000000010716e36e:   00 00 00 45 85 db 0f 8e 0d 02 00 00 45 85 db 0f 

Register to memory mapping:

RAX=0x00000007aca61e58 is an oop
java.io.File 
 - klass: 'java/io/File'
RBX=0x00000007aca61d38 is an oop
net.contentobjects.jnotify.macosx.JNotifyAdapterMacOSX$ScanJob 
 - klass: 'net/contentobjects/jnotify/macosx/JNotifyAdapterMacOSX$ScanJob'
RCX=0x0000000000000000 is an unknown value
RDX=0x000000050070ff60 is an unknown value
RSP=0x0000700002a96030 is pointing into the stack for thread: 0x00007f9507692800
RBP=0x0000700002a962a8 is pointing into the stack for thread: 0x00007f9507692800
RSI=0x00000007aca61e58 is an oop
java.io.File 
 - klass: 'java/io/File'
RDI=0x000000011d6e1f08 is pointing into metadata
R8 =0x00000000000000d9 is an unknown value
R9 =0x0000000000000000 is an unknown value
R10=0x0000000003c16745 is an unknown value
R11=0x00000001015b3000 is an unknown value
R12=0x0000000000000000 is an unknown value
R13=0x0000000108717434 is at entry_point+1204 in (nmethod*)0x00000001087165d0
R14=0x0000700002a96070 is pointing into the stack for thread: 0x00007f9507692800
R15=0x00007f9507692800 is a thread


Stack: [0x000070000299d000,0x0000700002a9d000],  sp=0x0000700002a96030,  free space=996k
Native frames: (J=compiled Java code, j=interpreted, Vv=VM code, C=native code)
J 7635 C2 java.io.File.<init>(Ljava/lang/String;)V (47 bytes) @ 0x000000010716e35e [0x000000010716e320+0x3e]
J 10619 C1 net.contentobjects.jnotify.macosx.JNotifyAdapterMacOSX.batchEndEvent(I)V (815 bytes) @ 0x00000001087178a4 [0x0000000108716f80+0x924]
j  net.contentobjects.jnotify.macosx.JNotifyAdapterMacOSX$1.batchEnd(I)V+5
j  net.contentobjects.jnotify.macosx.JNotify_macosx.callbackInBatch(IZ)V+26
v  ~StubRoutines::call_stub
V  [libjvm.dylib+0x2ee70a]
V  [libjvm.dylib+0x3258b9]
V  [libjvm.dylib+0x318087]
C  [libjnotify.jnilib+0x1585]  fsevent_callback+0x115
C  [FSEvents+0x3b03]  implementation_callback_rpc+0x75b
C  [FSEvents+0x1702]  _Xcallback_rpc+0xfe
C  [FSEvents+0x17c9]  FSEventsD2F_server+0x37
C  [FSEvents+0x6fed]  FSEventsClientProcessMessageCallback+0x2c
C  [CoreFoundation+0x9030d]  __CFMachPortPerform+0xfd
C  [CoreFoundation+0x901f9]  __CFRUNLOOP_IS_CALLING_OUT_TO_A_SOURCE1_PERFORM_FUNCTION__+0x29
C  [CoreFoundation+0x90171]  __CFRunLoopDoSource1+0x1d1
C  [CoreFoundation+0x880c5]  __CFRunLoopRun+0x955
C  [CoreFoundation+0x87514]  CFRunLoopRunSpecific+0x1a4
C  [CoreFoundation+0xc6bb1]  CFRunLoopRun+0x61
j  net.contentobjects.jnotify.macosx.JNotify_macosx.nativeNotifyLoop()V+0
j  net.contentobjects.jnotify.macosx.JNotify_macosx.access$400()V+0
j  net.contentobjects.jnotify.macosx.JNotify_macosx$1.run()V+65
v  ~StubRoutines::call_stub
V  [libjvm.dylib+0x2ee70a]
V  [libjvm.dylib+0x2eeeae]
V  [libjvm.dylib+0x2ef05a]
V  [libjvm.dylib+0x3497b1]
V  [libjvm.dylib+0x56c0b3]
V  [libjvm.dylib+0x56d7a0]
V  [libjvm.dylib+0x48baee]
C  [libsystem_pthread.dylib+0x3aab]  _pthread_body+0xb4
C  [libsystem_pthread.dylib+0x39f7]  _pthread_body+0x0
C  [libsystem_pthread.dylib+0x3221]  thread_start+0xd
C  0x0000000000000000


---------------  P R O C E S S  ---------------

Java Threads: ( => current thread )
  0x00007f9500b94000 JavaThread "play-dev-mode-akka.actor.default-dispatcher-7" [_thread_blocked, id=34311, stack(0x0000700002faf000,0x00007000030af000)]
  0x00007f95017ef000 JavaThread "play-dev-mode-akka.actor.default-dispatcher-6" [_thread_blocked, id=27155, stack(0x0000700002ba3000,0x0000700002ca3000)]
  0x00007f950919a800 JavaThread "com.google.common.base.internal.Finalizer" daemon [_thread_blocked, id=34819, stack(0x00007000030b2000,0x00007000031b2000)]
  0x00007f9507319800 JavaThread "HikariPool-1 housekeeper" daemon [_thread_blocked, id=23059, stack(0x0000700002eac000,0x0000700002fac000)]
  0x00007f95072a6800 JavaThread "PostgreSQL-JDBC-SharedTimer-1" daemon [_thread_blocked, id=32775, stack(0x0000700002da9000,0x0000700002ea9000)]
  0x00007f9502b92000 JavaThread "application-akka.actor.default-dispatcher-2" [_thread_blocked, id=24859, stack(0x000070000289a000,0x000070000299a000)]
  0x00007f9502b91800 JavaThread "application-scheduler-1" [_thread_blocked, id=32279, stack(0x0000700002797000,0x0000700002897000)]
  0x00007f9500e1e000 JavaThread "__DEFAULT__" daemon [_thread_blocked, id=33299, stack(0x0000700002694000,0x0000700002794000)]
  0x00007f9500c0c000 JavaThread "AsyncAppender-Worker-ASYNCSTDOUT" daemon [_thread_blocked, id=33547, stack(0x0000700002591000,0x0000700002691000)]
  0x00007f9500d8a800 JavaThread "AsyncAppender-Worker-ASYNCFILE" daemon [_thread_blocked, id=32527, stack(0x0000700001f7f000,0x000070000207f000)]
  0x00007f9500cc5800 JavaThread "play-dev-mode-akka.io.pinned-dispatcher-5" [_thread_in_native, id=27911, stack(0x000070000248e000,0x000070000258e000)]
  0x00007f95067dd000 JavaThread "play-dev-mode-akka.actor.default-dispatcher-4" [_thread_blocked, id=28935, stack(0x000070000238b000,0x000070000248b000)]
  0x00007f95084be000 JavaThread "play-dev-mode-akka.actor.default-dispatcher-3" [_thread_blocked, id=22291, stack(0x0000700002288000,0x0000700002388000)]
  0x00007f9508590800 JavaThread "play-dev-mode-akka.actor.default-dispatcher-2" [_thread_blocked, id=24335, stack(0x0000700002185000,0x0000700002285000)]
  0x00007f9505a48800 JavaThread "play-dev-mode-scheduler-1" [_thread_blocked, id=25111, stack(0x0000700001d79000,0x0000700001e79000)]
  0x00007f9507b26800 JavaThread "reloader-timer" daemon [_thread_blocked, id=28423, stack(0x0000700001c76000,0x0000700001d76000)]
=>0x00007f9507692800 JavaThread "FSEvent thread" daemon [_thread_in_Java, id=29443, stack(0x000070000299d000,0x0000700002a9d000)]
  0x00007f9507b0e000 JavaThread "pool-4-thread-1" [_thread_in_native, id=24591, stack(0x0000700002082000,0x0000700002182000)]
  0x00007f9508183800 JavaThread "sbt-web-akka.actor.default-dispatcher-4" [_thread_blocked, id=24079, stack(0x0000700001e7c000,0x0000700001f7c000)]
  0x00007f95057e6000 JavaThread "sbt-web-scheduler-1" [_thread_blocked, id=26635, stack(0x0000700001b73000,0x0000700001c73000)]
  0x00007f9502823800 JavaThread "Service Thread" daemon [_thread_blocked, id=21251, stack(0x000070000196d000,0x0000700001a6d000)]
  0x00007f9502830800 JavaThread "C1 CompilerThread3" daemon [_thread_blocked, id=20739, stack(0x000070000186a000,0x000070000196a000)]
  0x00007f9502830000 JavaThread "C2 CompilerThread2" daemon [_thread_blocked, id=20227, stack(0x0000700001767000,0x0000700001867000)]
  0x00007f950282f000 JavaThread "C2 CompilerThread1" daemon [_thread_blocked, id=19715, stack(0x0000700001664000,0x0000700001764000)]
  0x00007f9503040800 JavaThread "C2 CompilerThread0" daemon [_thread_blocked, id=19203, stack(0x0000700001561000,0x0000700001661000)]
  0x00007f9503040000 JavaThread "Signal Dispatcher" daemon [_thread_blocked, id=18691, stack(0x000070000145e000,0x000070000155e000)]
  0x00007f9500803000 JavaThread "Finalizer" daemon [_thread_blocked, id=14595, stack(0x000070000135b000,0x000070000145b000)]
  0x00007f9501007800 JavaThread "Reference Handler" daemon [_thread_blocked, id=14083, stack(0x0000700001258000,0x0000700001358000)]
  0x00007f9500809000 JavaThread "main" [_thread_blocked, id=7171, stack(0x000070000083a000,0x000070000093a000)]

Other Threads:
  0x00007f9501003000 VMThread [stack: 0x0000700001155000,0x0000700001255000] [id=13571]
  0x00007f950100a000 WatcherThread [stack: 0x0000700001a70000,0x0000700001b70000] [id=21763]

VM state:not at safepoint (normal execution)

VM Mutex/Monitor currently owned by a thread: None

Heap:
 PSYoungGen      total 232960K, used 38567K [0x00000007aab00000, 0x00000007c0000000, 0x00000007c0000000)
  eden space 116736K, 28% used [0x00000007aab00000,0x00000007acaf9fc0,0x00000007b1d00000)
  from space 116224K, 5% used [0x00000007b8e80000,0x00000007b9430000,0x00000007c0000000)
  to   space 116224K, 0% used [0x00000007b1d00000,0x00000007b1d00000,0x00000007b8e80000)
 ParOldGen       total 699392K, used 238884K [0x0000000780000000, 0x00000007aab00000, 0x00000007aab00000)
  object space 699392K, 34% used [0x0000000780000000,0x000000078e9490c0,0x00000007aab00000)
 Metaspace       used 108706K, capacity 113166K, committed 113240K, reserved 1144832K
  class space    used 18002K, capacity 18463K, committed 18520K, reserved 1048576K

Card table byte_map: [0x00000001051b3000,0x00000001053b4000] byte_map_base: 0x00000001015b3000

Marking Bits: (ParMarkBitMap*) 0x00000001046f35d0
 Begin Bits: [0x000000011601e000, 0x000000011701e000)
 End Bits:   [0x000000011701e000, 0x000000011801e000)

Polling page: 0x0000000102df3000

CodeCache: size=245760Kb used=25049Kb max_used=25188Kb free=220710Kb
 bounds [0x000000010701e000, 0x00000001088fe000, 0x000000011601e000]
 total_blobs=9773 nmethods=9112 adapters=570
 compilation: enabled

Compilation events (10 events):
Event: 421.329 Thread 0x00007f950282f000 nmethod 11240 0x000000010764fdd0 code [0x000000010764ff40, 0x0000000107650178]
Event: 421.346 Thread 0x00007f9502830800 11241       3       net.contentobjects.jnotify.macosx.JNotify_macosx::callbackProcessEvent (19 bytes)
Event: 421.347 Thread 0x00007f9502830800 nmethod 11241 0x0000000107830e90 code [0x0000000107831020, 0x00000001078312c8]
Event: 421.347 Thread 0x00007f9502830800 11242       3       net.contentobjects.jnotify.macosx.JNotifyAdapterMacOSX$1::notifyChange (13 bytes)
Event: 421.347 Thread 0x00007f9502830800 nmethod 11242 0x0000000107830a90 code [0x0000000107830c00, 0x0000000107830da8]
Event: 421.449 Thread 0x00007f9502830000 nmethod 11239% 0x0000000108793010 code [0x0000000108793440, 0x0000000108795b00]
Event: 421.928 Thread 0x00007f9502830800 11244   !   3       net.contentobjects.jnotify.macosx.JNotifyAdapterMacOSX::notifyChangeEvent (63 bytes)
Event: 421.928 Thread 0x00007f9502830800 nmethod 11244 0x00000001087a7e90 code [0x00000001087a8080, 0x00000001087a89f8]
Event: 421.928 Thread 0x00007f9502830800 11243       3       net.contentobjects.jnotify.macosx.JNotifyAdapterMacOSX$ScanJob::<init> (15 bytes)
Event: 421.928 Thread 0x00007f9502830800 nmethod 11243 0x0000000108792c10 code [0x0000000108792d80, 0x0000000108792f50]

GC Heap History (10 events):
Event: 414.655 GC heap before
{Heap before GC invocations=124 (full 32):
 PSYoungGen      total 232960K, used 22901K [0x00000007aab00000, 0x00000007c0000000, 0x00000007c0000000)
  eden space 116736K, 19% used [0x00000007aab00000,0x00000007ac15d720,0x00000007b1d00000)
  from space 116224K, 0% used [0x00000007b1d00000,0x00000007b1d00000,0x00000007b8e80000)
  to   space 116224K, 0% used [0x00000007b8e80000,0x00000007b8e80000,0x00000007c0000000)
 ParOldGen       total 699392K, used 673351K [0x0000000780000000, 0x00000007aab00000, 0x00000007aab00000)
  object space 699392K, 96% used [0x0000000780000000,0x00000007a9191e28,0x00000007aab00000)
 Metaspace       used 108686K, capacity 113166K, committed 113240K, reserved 1144832K
  class space    used 18002K, capacity 18463K, committed 18520K, reserved 1048576K
Event: 414.661 GC heap after
Heap after GC invocations=124 (full 32):
 PSYoungGen      total 232960K, used 1248K [0x00000007aab00000, 0x00000007c0000000, 0x00000007c0000000)
  eden space 116736K, 0% used [0x00000007aab00000,0x00000007aab00000,0x00000007b1d00000)
  from space 116224K, 1% used [0x00000007b8e80000,0x00000007b8fb8000,0x00000007c0000000)
  to   space 116224K, 0% used [0x00000007b1d00000,0x00000007b1d00000,0x00000007b8e80000)
 ParOldGen       total 699392K, used 673351K [0x0000000780000000, 0x00000007aab00000, 0x00000007aab00000)
  object space 699392K, 96% used [0x0000000780000000,0x00000007a9191e28,0x00000007aab00000)
 Metaspace       used 108686K, capacity 113166K, committed 113240K, reserved 1144832K
  class space    used 18002K, capacity 18463K, committed 18520K, reserved 1048576K
}
Event: 414.661 GC heap before
{Heap before GC invocations=125 (full 33):
 PSYoungGen      total 232960K, used 1248K [0x00000007aab00000, 0x00000007c0000000, 0x00000007c0000000)
  eden space 116736K, 0% used [0x00000007aab00000,0x00000007aab00000,0x00000007b1d00000)
  from space 116224K, 1% used [0x00000007b8e80000,0x00000007b8fb8000,0x00000007c0000000)
  to   space 116224K, 0% used [0x00000007b1d00000,0x00000007b1d00000,0x00000007b8e80000)
 ParOldGen       total 699392K, used 673351K [0x0000000780000000, 0x00000007aab00000, 0x00000007aab00000)
  object space 699392K, 96% used [0x0000000780000000,0x00000007a9191e28,0x00000007aab00000)
 Metaspace       used 108686K, capacity 113166K, committed 113240K, reserved 1144832K
  class space    used 18002K, capacity 18463K, committed 18520K, reserved 1048576K
Event: 415.210 GC heap after
Heap after GC invocations=125 (full 33):
 PSYoungGen      total 232960K, used 0K [0x00000007aab00000, 0x00000007c0000000, 0x00000007c0000000)
  eden space 116736K, 0% used [0x00000007aab00000,0x00000007aab00000,0x00000007b1d00000)
  from space 116224K, 0% used [0x00000007b8e80000,0x00000007b8e80000,0x00000007c0000000)
  to   space 116224K, 0% used [0x00000007b1d00000,0x00000007b1d00000,0x00000007b8e80000)
 ParOldGen       total 699392K, used 239311K [0x0000000780000000, 0x00000007aab00000, 0x00000007aab00000)
  object space 699392K, 34% used [0x0000000780000000,0x000000078e9b3c00,0x00000007aab00000)
 Metaspace       used 108686K, capacity 113166K, committed 113240K, reserved 1144832K
  class space    used 18002K, capacity 18463K, committed 18520K, reserved 1048576K
}
Event: 415.212 GC heap before
{Heap before GC invocations=126 (full 33):
 PSYoungGen      total 232960K, used 15K [0x00000007aab00000, 0x00000007c0000000, 0x00000007c0000000)
  eden space 116736K, 0% used [0x00000007aab00000,0x00000007aab03eb8,0x00000007b1d00000)
  from space 116224K, 0% used [0x00000007b8e80000,0x00000007b8e80000,0x00000007c0000000)
  to   space 116224K, 0% used [0x00000007b1d00000,0x00000007b1d00000,0x00000007b8e80000)
 ParOldGen       total 699392K, used 239311K [0x0000000780000000, 0x00000007aab00000, 0x00000007aab00000)
  object space 699392K, 34% used [0x0000000780000000,0x000000078e9b3c00,0x00000007aab00000)
 Metaspace       used 108686K, capacity 113166K, committed 113240K, reserved 1144832K
  class space    used 18002K, capacity 18463K, committed 18520K, reserved 1048576K
Event: 415.215 GC heap after
Heap after GC invocations=126 (full 33):
 PSYoungGen      total 232960K, used 96K [0x00000007aab00000, 0x00000007c0000000, 0x00000007c0000000)
  eden space 116736K, 0% used [0x00000007aab00000,0x00000007aab00000,0x00000007b1d00000)
  from space 116224K, 0% used [0x00000007b1d00000,0x00000007b1d18000,0x00000007b8e80000)
  to   space 116224K, 0% used [0x00000007b8e80000,0x00000007b8e80000,0x00000007c0000000)
 ParOldGen       total 699392K, used 239311K [0x0000000780000000, 0x00000007aab00000, 0x00000007aab00000)
  object space 699392K, 34% used [0x0000000780000000,0x000000078e9b3c00,0x00000007aab00000)
 Metaspace       used 108686K, capacity 113166K, committed 113240K, reserved 1144832K
  class space    used 18002K, capacity 18463K, committed 18520K, reserved 1048576K
}
Event: 415.215 GC heap before
{Heap before GC invocations=127 (full 34):
 PSYoungGen      total 232960K, used 96K [0x00000007aab00000, 0x00000007c0000000, 0x00000007c0000000)
  eden space 116736K, 0% used [0x00000007aab00000,0x00000007aab00000,0x00000007b1d00000)
  from space 116224K, 0% used [0x00000007b1d00000,0x00000007b1d18000,0x00000007b8e80000)
  to   space 116224K, 0% used [0x00000007b8e80000,0x00000007b8e80000,0x00000007c0000000)
 ParOldGen       total 699392K, used 239311K [0x0000000780000000, 0x00000007aab00000, 0x00000007aab00000)
  object space 699392K, 34% used [0x0000000780000000,0x000000078e9b3c00,0x00000007aab00000)
 Metaspace       used 108686K, capacity 113166K, committed 113240K, reserved 1144832K
  class space    used 18002K, capacity 18463K, committed 18520K, reserved 1048576K
Event: 415.518 GC heap after
Heap after GC invocations=127 (full 34):
 PSYoungGen      total 232960K, used 0K [0x00000007aab00000, 0x00000007c0000000, 0x00000007c0000000)
  eden space 116736K, 0% used [0x00000007aab00000,0x00000007aab00000,0x00000007b1d00000)
  from space 116224K, 0% used [0x00000007b1d00000,0x00000007b1d00000,0x00000007b8e80000)
  to   space 116224K, 0% used [0x00000007b8e80000,0x00000007b8e80000,0x00000007c0000000)
 ParOldGen       total 699392K, used 238884K [0x0000000780000000, 0x00000007aab00000, 0x00000007aab00000)
  object space 699392K, 34% used [0x0000000780000000,0x000000078e9490c0,0x00000007aab00000)
 Metaspace       used 108686K, capacity 113166K, committed 113240K, reserved 1144832K
  class space    used 18002K, capacity 18463K, committed 18520K, reserved 1048576K
}
Event: 421.290 GC heap before
{Heap before GC invocations=128 (full 34):
 PSYoungGen      total 232960K, used 116736K [0x00000007aab00000, 0x00000007c0000000, 0x00000007c0000000)
  eden space 116736K, 100% used [0x00000007aab00000,0x00000007b1d00000,0x00000007b1d00000)
  from space 116224K, 0% used [0x00000007b1d00000,0x00000007b1d00000,0x00000007b8e80000)
  to   space 116224K, 0% used [0x00000007b8e80000,0x00000007b8e80000,0x00000007c0000000)
 ParOldGen       total 699392K, used 238884K [0x0000000780000000, 0x00000007aab00000, 0x00000007aab00000)
  object space 699392K, 34% used [0x0000000780000000,0x000000078e9490c0,0x00000007aab00000)
 Metaspace       used 108704K, capacity 113166K, committed 113240K, reserved 1144832K
  class space    used 18002K, capacity 18463K, committed 18520K, reserved 1048576K
Event: 421.302 GC heap after
Heap after GC invocations=128 (full 34):
 PSYoungGen      total 232960K, used 5824K [0x00000007aab00000, 0x00000007c0000000, 0x00000007c0000000)
  eden space 116736K, 0% used [0x00000007aab00000,0x00000007aab00000,0x00000007b1d00000)
  from space 116224K, 5% used [0x00000007b8e80000,0x00000007b9430000,0x00000007c0000000)
  to   space 116224K, 0% used [0x00000007b1d00000,0x00000007b1d00000,0x00000007b8e80000)
 ParOldGen       total 699392K, used 238884K [0x0000000780000000, 0x00000007aab00000, 0x00000007aab00000)
  object space 699392K, 34% used [0x0000000780000000,0x000000078e9490c0,0x00000007aab00000)
 Metaspace       used 108704K, capacity 113166K, committed 113240K, reserved 1144832K
  class space    used 18002K, capacity 18463K, committed 18520K, reserved 1048576K
}

Deoptimization events (10 events):
Event: 325.668 Thread 0x00007f9500c42800 Uncommon trap: reason=bimorphic action=maybe_recompile pc=0x000000010881dfcc method=sbt.Using$$anon$2.openImpl(Ljava/io/File;)Ljava/lang/Object; @ 5
Event: 325.722 Thread 0x00007f9500c42800 Uncommon trap: reason=unstable_if action=reinterpret pc=0x00000001081b1c84 method=java.util.concurrent.SynchronousQueue$TransferStack.awaitFulfill(Ljava/util/concurrent/SynchronousQueue$TransferStack$SNode;ZJ)Ljava/util/concurrent/SynchronousQueue$Transfe
Event: 325.752 Thread 0x00007f9500b94800 Uncommon trap: reason=unstable_if action=reinterpret pc=0x0000000108776b00 method=java.util.HashMap.clear()V @ 23
Event: 325.752 Thread 0x00007f9500b94800 Uncommon trap: reason=unstable_if action=reinterpret pc=0x0000000107f5efa4 method=java.util.HashMap.clear()V @ 23
Event: 340.603 Thread 0x00007f9500d2b800 Uncommon trap: reason=speculate_class_check action=maybe_recompile pc=0x0000000108758a88 method=scala.collection.immutable.Stream.filter(Lscala/Function1;)Lscala/collection/immutable/Stream; @ 3
Event: 366.101 Thread 0x00007f9500d2b800 Uncommon trap: reason=unstable_if action=reinterpret pc=0x000000010878b364 method=sbt.IO$$anonfun$sbt$IO$$visit$1$1.apply$mcZ$sp()Z @ 13
Event: 366.101 Thread 0x00007f9500d2b800 Uncommon trap: reason=unstable_if action=reinterpret pc=0x000000010878b41c method=scala.collection.IndexedSeqOptimized$class.forall(Lscala/collection/IndexedSeqOptimized;Lscala/Function1;)Z @ 21
Event: 368.411 Thread 0x00007f9500d2b800 Uncommon trap: reason=bimorphic action=maybe_recompile pc=0x000000010887c208 method=scala.Function2$$anonfun$tupled$1.apply(Lscala/Tuple2;)Ljava/lang/Object; @ 16
Event: 414.652 Thread 0x00007f95084be000 Uncommon trap: reason=unstable_if action=reinterpret pc=0x00000001083888d8 method=java.util.HashMap.clear()V @ 23
Event: 415.564 Thread 0x00007f95017ef000 Uncommon trap: reason=class_check action=maybe_recompile pc=0x000000010835f4c8 method=sun.nio.ch.IOUtil.write(Ljava/io/FileDescriptor;Ljava/nio/ByteBuffer;JLsun/nio/ch/NativeDispatcher;)I @ 1

Internal exceptions (10 events):
Event: 415.537 Thread 0x00007f95084be000 Exception <a 'java/lang/ArrayIndexOutOfBoundsException': 1> (0x00000007aad08178) thrown at [/Users/java_re/workspace/8-2-build-macosx-x86_64/jdk8u144/9417/hotspot/src/share/vm/interpreter/interpreterRuntime.cpp, line 366]
Event: 415.537 Thread 0x00007f95084be000 Exception <a 'java/lang/ArrayIndexOutOfBoundsException': 1> (0x00000007aad094a0) thrown at [/Users/java_re/workspace/8-2-build-macosx-x86_64/jdk8u144/9417/hotspot/src/share/vm/interpreter/interpreterRuntime.cpp, line 366]
Event: 415.538 Thread 0x00007f95084be000 Exception <a 'java/lang/ArrayIndexOutOfBoundsException': 1> (0x00000007aad10d90) thrown at [/Users/java_re/workspace/8-2-build-macosx-x86_64/jdk8u144/9417/hotspot/src/share/vm/interpreter/interpreterRuntime.cpp, line 366]
Event: 415.538 Thread 0x00007f95084be000 Exception <a 'java/lang/ArrayIndexOutOfBoundsException': 1> (0x00000007aad145e0) thrown at [/Users/java_re/workspace/8-2-build-macosx-x86_64/jdk8u144/9417/hotspot/src/share/vm/interpreter/interpreterRuntime.cpp, line 366]
Event: 415.538 Thread 0x00007f95084be000 Exception <a 'java/lang/ArrayIndexOutOfBoundsException': 1> (0x00000007aad18380) thrown at [/Users/java_re/workspace/8-2-build-macosx-x86_64/jdk8u144/9417/hotspot/src/share/vm/interpreter/interpreterRuntime.cpp, line 366]
Event: 415.538 Thread 0x00007f95084be000 Exception <a 'java/lang/ArrayIndexOutOfBoundsException': 1> (0x00000007aad1bd58) thrown at [/Users/java_re/workspace/8-2-build-macosx-x86_64/jdk8u144/9417/hotspot/src/share/vm/interpreter/interpreterRuntime.cpp, line 366]
Event: 415.538 Thread 0x00007f95084be000 Exception <a 'java/lang/ArrayIndexOutOfBoundsException': 1> (0x00000007aad1d598) thrown at [/Users/java_re/workspace/8-2-build-macosx-x86_64/jdk8u144/9417/hotspot/src/share/vm/interpreter/interpreterRuntime.cpp, line 366]
Event: 415.538 Thread 0x00007f95084be000 Exception <a 'java/lang/ArrayIndexOutOfBoundsException': 1> (0x00000007aad20fe8) thrown at [/Users/java_re/workspace/8-2-build-macosx-x86_64/jdk8u144/9417/hotspot/src/share/vm/interpreter/interpreterRuntime.cpp, line 366]
Event: 415.539 Thread 0x00007f95084be000 Exception <a 'java/lang/ArrayIndexOutOfBoundsException': 1> (0x00000007aad248b0) thrown at [/Users/java_re/workspace/8-2-build-macosx-x86_64/jdk8u144/9417/hotspot/src/share/vm/interpreter/interpreterRuntime.cpp, line 366]
Event: 415.539 Thread 0x00007f95084be000 Exception <a 'java/lang/ArrayIndexOutOfBoundsException': 1> (0x00000007aad29f20) thrown at [/Users/java_re/workspace/8-2-build-macosx-x86_64/jdk8u144/9417/hotspot/src/share/vm/interpreter/interpreterRuntime.cpp, line 366]

Events (10 events):
Event: 415.525 Thread 0x00007f9502830800 flushing nmethod 0x00000001087b0c50
Event: 415.525 Thread 0x00007f9502830800 flushing nmethod 0x00000001087b14d0
Event: 415.525 Thread 0x00007f9502830800 flushing nmethod 0x00000001087bda50
Event: 415.559 Executing VM operation: RevokeBias
Event: 415.559 Executing VM operation: RevokeBias done
Event: 415.564 Thread 0x00007f95017ef000 Uncommon trap: trap_request=0xffffffde fr.pc=0x000000010835f4c8
Event: 415.564 Thread 0x00007f95017ef000 DEOPT PACKING pc=0x000000010835f4c8 sp=0x0000700002ca2040
Event: 415.564 Thread 0x00007f95017ef000 DEOPT UNPACKING pc=0x0000000107023229 sp=0x0000700002ca1ff0 mode 2
Event: 421.290 Executing VM operation: ParallelGCFailedAllocation
Event: 421.302 Executing VM operation: ParallelGCFailedAllocation done


Dynamic libraries:
0x0000000003e8a000 	/System/Library/Frameworks/Cocoa.framework/Versions/A/Cocoa
0x0000000003e8a000 	/System/Library/Frameworks/Security.framework/Versions/A/Security
0x0000000003e8a000 	/System/Library/Frameworks/ApplicationServices.framework/Versions/A/ApplicationServices
0x0000000003e8a000 	/usr/lib/libz.1.dylib
0x0000000003e8a000 	/usr/lib/libSystem.B.dylib
0x0000000003e8a000 	/usr/lib/libobjc.A.dylib
0x0000000003e8a000 	/System/Library/Frameworks/CoreFoundation.framework/Versions/A/CoreFoundation
0x0000000003e8a000 	/System/Library/Frameworks/Foundation.framework/Versions/C/Foundation
0x0000000003e8a000 	/System/Library/Frameworks/AppKit.framework/Versions/C/AppKit
0x0000000003e8a000 	/System/Library/Frameworks/CoreData.framework/Versions/A/CoreData
0x0000000003e8a000 	/System/Library/PrivateFrameworks/RemoteViewServices.framework/Versions/A/RemoteViewServices
0x0000000003e8a000 	/System/Library/PrivateFrameworks/UIFoundation.framework/Versions/A/UIFoundation
0x0000000003e8a000 	/System/Library/PrivateFrameworks/DFRFoundation.framework/Versions/A/DFRFoundation
0x0000000003e8a000 	/usr/lib/libenergytrace.dylib
0x0000000003e8a000 	/System/Library/PrivateFrameworks/SkyLight.framework/Versions/A/SkyLight
0x0000000003e8a000 	/System/Library/Frameworks/CoreGraphics.framework/Versions/A/CoreGraphics
0x0000000003e8a000 	/usr/lib/libScreenReader.dylib
0x0000000003e8a000 	/System/Library/Frameworks/Accelerate.framework/Versions/A/Accelerate
0x0000000003e8a000 	/System/Library/Frameworks/IOSurface.framework/Versions/A/IOSurface
0x0000000003e8a000 	/System/Library/Frameworks/AudioToolbox.framework/Versions/A/AudioToolbox
0x0000000003e8a000 	/System/Library/Frameworks/AudioUnit.framework/Versions/A/AudioUnit
0x0000000003e8a000 	/System/Library/PrivateFrameworks/DataDetectorsCore.framework/Versions/A/DataDetectorsCore
0x0000000003e8a000 	/System/Library/PrivateFrameworks/DesktopServicesPriv.framework/Versions/A/DesktopServicesPriv
0x0000000003e8a000 	/System/Library/Frameworks/Carbon.framework/Versions/A/Frameworks/HIToolbox.framework/Versions/A/HIToolbox
0x0000000003e8a000 	/usr/lib/libicucore.A.dylib
0x0000000003e8a000 	/System/Library/Frameworks/QuartzCore.framework/Versions/A/QuartzCore
0x0000000003e8a000 	/System/Library/Frameworks/Carbon.framework/Versions/A/Frameworks/SpeechRecognition.framework/Versions/A/SpeechRecognition
0x0000000003e8a000 	/usr/lib/libauto.dylib
0x0000000003e8a000 	/usr/lib/libxml2.2.dylib
0x0000000003e8a000 	/System/Library/PrivateFrameworks/CoreUI.framework/Versions/A/CoreUI
0x0000000003e8a000 	/System/Library/Frameworks/CoreAudio.framework/Versions/A/CoreAudio
0x0000000003e8a000 	/System/Library/Frameworks/DiskArbitration.framework/Versions/A/DiskArbitration
0x0000000003e8a000 	/usr/lib/liblangid.dylib
0x0000000003e8a000 	/System/Library/PrivateFrameworks/MultitouchSupport.framework/Versions/A/MultitouchSupport
0x0000000003e8a000 	/System/Library/Frameworks/IOKit.framework/Versions/A/IOKit
0x0000000003e8a000 	/usr/lib/libDiagnosticMessagesClient.dylib
0x0000000003e8a000 	/System/Library/Frameworks/CoreServices.framework/Versions/A/CoreServices
0x0000000003e8a000 	/System/Library/PrivateFrameworks/PerformanceAnalysis.framework/Versions/A/PerformanceAnalysis
0x0000000003e8a000 	/System/Library/PrivateFrameworks/GenerationalStorage.framework/Versions/A/GenerationalStorage
0x0000000003e8a000 	/System/Library/Frameworks/OpenGL.framework/Versions/A/OpenGL
0x0000000003e8a000 	/System/Library/Frameworks/CoreImage.framework/Versions/A/CoreImage
0x0000000003e8a000 	/System/Library/Frameworks/CoreText.framework/Versions/A/CoreText
0x0000000003e8a000 	/System/Library/Frameworks/ImageIO.framework/Versions/A/ImageIO
0x0000000003e8a000 	/System/Library/PrivateFrameworks/Backup.framework/Versions/A/Backup
0x0000000003e8a000 	/usr/lib/libarchive.2.dylib
0x0000000003e8a000 	/System/Library/Frameworks/CFNetwork.framework/Versions/A/CFNetwork
0x0000000003e8a000 	/System/Library/Frameworks/SystemConfiguration.framework/Versions/A/SystemConfiguration
0x0000000003e8a000 	/usr/lib/libCRFSuite.dylib
0x0000000003e8a000 	/usr/lib/libc++.1.dylib
0x0000000003e8a000 	/usr/lib/libc++abi.dylib
0x0000000003e8a000 	/usr/lib/system/libcache.dylib
0x0000000003e8a000 	/usr/lib/system/libcommonCrypto.dylib
0x0000000003e8a000 	/usr/lib/system/libcompiler_rt.dylib
0x0000000003e8a000 	/usr/lib/system/libcopyfile.dylib
0x0000000003e8a000 	/usr/lib/system/libcorecrypto.dylib
0x0000000003e8a000 	/usr/lib/system/libdispatch.dylib
0x0000000003e8a000 	/usr/lib/system/libdyld.dylib
0x0000000003e8a000 	/usr/lib/system/libkeymgr.dylib
0x0000000003e8a000 	/usr/lib/system/liblaunch.dylib
0x0000000003e8a000 	/usr/lib/system/libmacho.dylib
0x0000000003e8a000 	/usr/lib/system/libquarantine.dylib
0x0000000003e8a000 	/usr/lib/system/libremovefile.dylib
0x0000000003e8a000 	/usr/lib/system/libsystem_asl.dylib
0x0000000003e8a000 	/usr/lib/system/libsystem_blocks.dylib
0x0000000003e8a000 	/usr/lib/system/libsystem_c.dylib
0x0000000003e8a000 	/usr/lib/system/libsystem_configuration.dylib
0x0000000003e8a000 	/usr/lib/system/libsystem_coreservices.dylib
0x0000000003e8a000 	/usr/lib/system/libsystem_coretls.dylib
0x0000000003e8a000 	/usr/lib/system/libsystem_dnssd.dylib
0x0000000003e8a000 	/usr/lib/system/libsystem_info.dylib
0x0000000003e8a000 	/usr/lib/system/libsystem_kernel.dylib
0x0000000003e8a000 	/usr/lib/system/libsystem_m.dylib
0x0000000003e8a000 	/usr/lib/system/libsystem_malloc.dylib
0x0000000003e8a000 	/usr/lib/system/libsystem_network.dylib
0x0000000003e8a000 	/usr/lib/system/libsystem_networkextension.dylib
0x0000000003e8a000 	/usr/lib/system/libsystem_notify.dylib
0x0000000003e8a000 	/usr/lib/system/libsystem_platform.dylib
0x0000000003e8a000 	/usr/lib/system/libsystem_pthread.dylib
0x0000000003e8a000 	/usr/lib/system/libsystem_sandbox.dylib
0x0000000003e8a000 	/usr/lib/system/libsystem_secinit.dylib
0x0000000003e8a000 	/usr/lib/system/libsystem_symptoms.dylib
0x0000000003e8a000 	/usr/lib/system/libsystem_trace.dylib
0x0000000003e8a000 	/usr/lib/system/libunwind.dylib
0x0000000003e8a000 	/usr/lib/system/libxpc.dylib
0x0000000003e8a000 	/usr/lib/libbsm.0.dylib
0x0000000003e8a000 	/usr/lib/system/libkxld.dylib
0x0000000003e8a000 	/usr/lib/libcoretls.dylib
0x0000000003e8a000 	/usr/lib/libcoretls_cfhelpers.dylib
0x0000000003e8a000 	/usr/lib/libxar.1.dylib
0x0000000003e8a000 	/usr/lib/libsqlite3.dylib
0x0000000003e8a000 	/usr/lib/libpam.2.dylib
0x0000000003e8a000 	/usr/lib/libOpenScriptingUtil.dylib
0x0000000003e8a000 	/usr/lib/libbz2.1.0.dylib
0x0000000003e8a000 	/usr/lib/liblzma.5.dylib
0x0000000003e8a000 	/usr/lib/libnetwork.dylib
0x0000000003e8a000 	/usr/lib/libpcap.A.dylib
0x0000000003e8a000 	/System/Library/Frameworks/CoreServices.framework/Versions/A/Frameworks/FSEvents.framework/Versions/A/FSEvents
0x0000000003e8a000 	/System/Library/Frameworks/CoreServices.framework/Versions/A/Frameworks/CarbonCore.framework/Versions/A/CarbonCore
0x0000000003e8a000 	/System/Library/Frameworks/CoreServices.framework/Versions/A/Frameworks/Metadata.framework/Versions/A/Metadata
0x0000000003e8a000 	/System/Library/Frameworks/CoreServices.framework/Versions/A/Frameworks/OSServices.framework/Versions/A/OSServices
0x0000000003e8a000 	/System/Library/Frameworks/CoreServices.framework/Versions/A/Frameworks/SearchKit.framework/Versions/A/SearchKit
0x0000000003e8a000 	/System/Library/Frameworks/CoreServices.framework/Versions/A/Frameworks/AE.framework/Versions/A/AE
0x0000000003e8a000 	/System/Library/Frameworks/CoreServices.framework/Versions/A/Frameworks/LaunchServices.framework/Versions/A/LaunchServices
0x0000000003e8a000 	/System/Library/Frameworks/CoreServices.framework/Versions/A/Frameworks/DictionaryServices.framework/Versions/A/DictionaryServices
0x0000000003e8a000 	/System/Library/Frameworks/CoreServices.framework/Versions/A/Frameworks/SharedFileList.framework/Versions/A/SharedFileList
0x0000000003e8a000 	/System/Library/Frameworks/NetFS.framework/Versions/A/NetFS
0x0000000003e8a000 	/System/Library/PrivateFrameworks/NetAuth.framework/Versions/A/NetAuth
0x0000000003e8a000 	/System/Library/PrivateFrameworks/login.framework/Versions/A/Frameworks/loginsupport.framework/Versions/A/loginsupport
0x0000000003e8a000 	/System/Library/PrivateFrameworks/TCC.framework/Versions/A/TCC
0x0000000003e8a000 	/usr/lib/libmecabra.dylib
0x0000000003e8a000 	/System/Library/Frameworks/ApplicationServices.framework/Versions/A/Frameworks/ATS.framework/Versions/A/ATS
0x0000000003e8a000 	/System/Library/Frameworks/ApplicationServices.framework/Versions/A/Frameworks/ColorSync.framework/Versions/A/ColorSync
0x0000000003e8a000 	/System/Library/Frameworks/ApplicationServices.framework/Versions/A/Frameworks/HIServices.framework/Versions/A/HIServices
0x0000000003e8a000 	/System/Library/Frameworks/ApplicationServices.framework/Versions/A/Frameworks/LangAnalysis.framework/Versions/A/LangAnalysis
0x0000000003e8a000 	/System/Library/Frameworks/ApplicationServices.framework/Versions/A/Frameworks/PrintCore.framework/Versions/A/PrintCore
0x0000000003e8a000 	/System/Library/Frameworks/ApplicationServices.framework/Versions/A/Frameworks/QD.framework/Versions/A/QD
0x0000000003e8a000 	/System/Library/Frameworks/ApplicationServices.framework/Versions/A/Frameworks/SpeechSynthesis.framework/Versions/A/SpeechSynthesis
0x0000000003e8a000 	/System/Library/Frameworks/Accelerate.framework/Versions/A/Frameworks/vImage.framework/Versions/A/vImage
0x0000000003e8a000 	/System/Library/Frameworks/Accelerate.framework/Versions/A/Frameworks/vecLib.framework/Versions/A/vecLib
0x0000000003e8a000 	/System/Library/Frameworks/Accelerate.framework/Versions/A/Frameworks/vecLib.framework/Versions/A/libvDSP.dylib
0x0000000003e8a000 	/System/Library/Frameworks/Accelerate.framework/Versions/A/Frameworks/vecLib.framework/Versions/A/libBNNS.dylib
0x0000000003e8a000 	/System/Library/Frameworks/Accelerate.framework/Versions/A/Frameworks/vecLib.framework/Versions/A/libQuadrature.dylib
0x0000000003e8a000 	/System/Library/Frameworks/Accelerate.framework/Versions/A/Frameworks/vecLib.framework/Versions/A/libvMisc.dylib
0x0000000003e8a000 	/System/Library/Frameworks/Accelerate.framework/Versions/A/Frameworks/vecLib.framework/Versions/A/libLAPACK.dylib
0x0000000003e8a000 	/System/Library/Frameworks/Accelerate.framework/Versions/A/Frameworks/vecLib.framework/Versions/A/libBLAS.dylib
0x0000000003e8a000 	/System/Library/Frameworks/Accelerate.framework/Versions/A/Frameworks/vecLib.framework/Versions/A/libLinearAlgebra.dylib
0x0000000003e8a000 	/System/Library/Frameworks/Accelerate.framework/Versions/A/Frameworks/vecLib.framework/Versions/A/libSparseBLAS.dylib
0x0000000003e8a000 	/System/Library/Frameworks/ApplicationServices.framework/Versions/A/Frameworks/ATS.framework/Versions/A/Resources/libFontParser.dylib
0x0000000003e8a000 	/System/Library/Frameworks/ApplicationServices.framework/Versions/A/Frameworks/ATS.framework/Versions/A/Resources/libFontRegistry.dylib
0x0000000003e8a000 	/System/Library/Frameworks/ImageIO.framework/Versions/A/Resources/libJPEG.dylib
0x0000000003e8a000 	/System/Library/Frameworks/ImageIO.framework/Versions/A/Resources/libTIFF.dylib
0x0000000003e8a000 	/System/Library/Frameworks/ImageIO.framework/Versions/A/Resources/libPng.dylib
0x0000000003e8a000 	/System/Library/Frameworks/ImageIO.framework/Versions/A/Resources/libGIF.dylib
0x0000000003e8a000 	/System/Library/Frameworks/ImageIO.framework/Versions/A/Resources/libJP2.dylib
0x0000000003e8a000 	/System/Library/Frameworks/ImageIO.framework/Versions/A/Resources/libRadiance.dylib
0x0000000003e8a000 	/usr/lib/libcompression.dylib
0x0000000003e8a000 	/System/Library/PrivateFrameworks/AppleJPEG.framework/Versions/A/AppleJPEG
0x0000000003e8a000 	/usr/lib/libcups.2.dylib
0x0000000003e8a000 	/System/Library/Frameworks/Kerberos.framework/Versions/A/Kerberos
0x0000000003e8a000 	/System/Library/Frameworks/GSS.framework/Versions/A/GSS
0x0000000003e8a000 	/usr/lib/libresolv.9.dylib
0x0000000003e8a000 	/usr/lib/libiconv.2.dylib
0x0000000003e8a000 	/System/Library/PrivateFrameworks/Heimdal.framework/Versions/A/Heimdal
0x0000000003e8a000 	/usr/lib/libheimdal-asn1.dylib
0x0000000003e8a000 	/System/Library/Frameworks/OpenDirectory.framework/Versions/A/OpenDirectory
0x0000000003e8a000 	/System/Library/PrivateFrameworks/CommonAuth.framework/Versions/A/CommonAuth
0x0000000003e8a000 	/System/Library/Frameworks/OpenDirectory.framework/Versions/A/Frameworks/CFOpenDirectory.framework/Versions/A/CFOpenDirectory
0x0000000003e8a000 	/System/Library/Frameworks/SecurityFoundation.framework/Versions/A/SecurityFoundation
0x0000000003e8a000 	/System/Library/PrivateFrameworks/LanguageModeling.framework/Versions/A/LanguageModeling
0x0000000003e8a000 	/usr/lib/libmarisa.dylib
0x0000000003e8a000 	/usr/lib/libChineseTokenizer.dylib
0x0000000003e8a000 	/usr/lib/libcmph.dylib
0x0000000003e8a000 	/System/Library/PrivateFrameworks/CoreEmoji.framework/Versions/A/CoreEmoji
0x0000000003e8a000 	/System/Library/Frameworks/ServiceManagement.framework/Versions/A/ServiceManagement
0x0000000003e8a000 	/usr/lib/libxslt.1.dylib
0x0000000003e8a000 	/System/Library/Frameworks/Carbon.framework/Versions/A/Frameworks/Ink.framework/Versions/A/Ink
0x0000000003e8a000 	/System/Library/PrivateFrameworks/TextureIO.framework/Versions/A/TextureIO
0x0000000003e8a000 	/System/Library/Frameworks/Metal.framework/Versions/A/Metal
0x0000000003e8a000 	/usr/lib/libate.dylib
0x0000000003e8a000 	/System/Library/PrivateFrameworks/GPUCompiler.framework/libmetal_timestamp.dylib
0x0000000003e8a000 	/System/Library/Frameworks/OpenGL.framework/Versions/A/Libraries/libCoreFSCache.dylib
0x0000000003e8a000 	/System/Library/PrivateFrameworks/IOAccelerator.framework/Versions/A/IOAccelerator
0x0000000003e8a000 	/System/Library/Frameworks/CoreVideo.framework/Versions/A/CoreVideo
0x0000000003e8a000 	/usr/lib/libFosl_dynamic.dylib
0x0000000003e8a000 	/System/Library/PrivateFrameworks/MetalPerformanceShaders.framework/Versions/A/MetalPerformanceShaders
0x0000000003e8a000 	/System/Library/PrivateFrameworks/FaceCore.framework/Versions/A/FaceCore
0x0000000003e8a000 	/System/Library/Frameworks/OpenCL.framework/Versions/A/OpenCL
0x0000000003e8a000 	/System/Library/Frameworks/OpenGL.framework/Versions/A/Libraries/libGLU.dylib
0x0000000003e8a000 	/System/Library/Frameworks/OpenGL.framework/Versions/A/Libraries/libGFXShared.dylib
0x0000000003e8a000 	/System/Library/Frameworks/OpenGL.framework/Versions/A/Libraries/libGL.dylib
0x0000000003e8a000 	/System/Library/Frameworks/OpenGL.framework/Versions/A/Libraries/libGLImage.dylib
0x0000000003e8a000 	/System/Library/Frameworks/OpenGL.framework/Versions/A/Libraries/libCVMSPluginSupport.dylib
0x0000000003e8a000 	/System/Library/Frameworks/OpenGL.framework/Versions/A/Libraries/libCoreVMClient.dylib
0x0000000003e8a000 	/System/Library/PrivateFrameworks/CrashReporterSupport.framework/Versions/A/CrashReporterSupport
0x0000000003e8a000 	/System/Library/PrivateFrameworks/Sharing.framework/Versions/A/Sharing
0x0000000003e8a000 	/System/Library/PrivateFrameworks/IconServices.framework/Versions/A/IconServices
0x0000000003e8a000 	/System/Library/PrivateFrameworks/ProtocolBuffer.framework/Versions/A/ProtocolBuffer
0x0000000003e8a000 	/System/Library/PrivateFrameworks/Apple80211.framework/Versions/A/Apple80211
0x0000000003e8a000 	/System/Library/Frameworks/CoreWLAN.framework/Versions/A/CoreWLAN
0x0000000003e8a000 	/System/Library/PrivateFrameworks/CoreUtils.framework/Versions/A/CoreUtils
0x0000000003e8a000 	/System/Library/Frameworks/IOBluetooth.framework/Versions/A/IOBluetooth
0x0000000003e8a000 	/System/Library/PrivateFrameworks/CoreWiFi.framework/Versions/A/CoreWiFi
0x0000000003e8a000 	/System/Library/Frameworks/CoreBluetooth.framework/Versions/A/CoreBluetooth
0x0000000003e8a000 	/System/Library/Frameworks/CoreDisplay.framework/Versions/A/CoreDisplay
0x0000000003e8a000 	/System/Library/PrivateFrameworks/IOPresentment.framework/Versions/A/IOPresentment
0x0000000003e8a000 	/System/Library/PrivateFrameworks/DebugSymbols.framework/Versions/A/DebugSymbols
0x0000000003e8a000 	/System/Library/PrivateFrameworks/CoreSymbolication.framework/Versions/A/CoreSymbolication
0x0000000003e8a000 	/System/Library/PrivateFrameworks/Symbolication.framework/Versions/A/Symbolication
0x0000000003e8a000 	/System/Library/PrivateFrameworks/AppleFSCompression.framework/Versions/A/AppleFSCompression
0x0000000003e8a000 	/System/Library/PrivateFrameworks/SpeechRecognitionCore.framework/Versions/A/SpeechRecognitionCore
0x0000000003e8a000 	/System/Library/PrivateFrameworks/ChunkingLibrary.framework/Versions/A/ChunkingLibrary
0x0000000103e00000 	/Library/Java/JavaVirtualMachines/jdk1.8.0_144.jdk/Contents/Home/jre/lib/server/libjvm.dylib
0x0000000003e8a000 	/usr/lib/libstdc++.6.dylib
0x0000000104da7000 	/Library/Java/JavaVirtualMachines/jdk1.8.0_144.jdk/Contents/Home/jre/lib/libverify.dylib
0x0000000104db5000 	/Library/Java/JavaVirtualMachines/jdk1.8.0_144.jdk/Contents/Home/jre/lib/libjava.dylib
0x0000000104dea000 	/Library/Java/JavaVirtualMachines/jdk1.8.0_144.jdk/Contents/Home/jre/lib/libzip.dylib
0x0000000106f6e000 	/System/Library/Frameworks/JavaVM.framework/Frameworks/JavaRuntimeSupport.framework/JavaRuntimeSupport
0x0000000118f1e000 	/System/Library/Frameworks/JavaVM.framework/Versions/A/Frameworks/JavaNativeFoundation.framework/Versions/A/JavaNativeFoundation
0x0000000118f33000 	/System/Library/Frameworks/JavaVM.framework/Versions/A/JavaVM
0x0000000003e8a000 	/System/Library/Frameworks/Carbon.framework/Versions/A/Carbon
0x0000000118f40000 	/System/Library/PrivateFrameworks/JavaLaunching.framework/Versions/A/JavaLaunching
0x0000000003e8a000 	/System/Library/Frameworks/Carbon.framework/Versions/A/Frameworks/CommonPanels.framework/Versions/A/CommonPanels
0x0000000003e8a000 	/System/Library/Frameworks/Carbon.framework/Versions/A/Frameworks/Help.framework/Versions/A/Help
0x0000000003e8a000 	/System/Library/Frameworks/Carbon.framework/Versions/A/Frameworks/ImageCapture.framework/Versions/A/ImageCapture
0x0000000003e8a000 	/System/Library/Frameworks/Carbon.framework/Versions/A/Frameworks/OpenScripting.framework/Versions/A/OpenScripting
0x0000000003e8a000 	/System/Library/Frameworks/Carbon.framework/Versions/A/Frameworks/Print.framework/Versions/A/Print
0x0000000003e8a000 	/System/Library/Frameworks/Carbon.framework/Versions/A/Frameworks/SecurityHI.framework/Versions/A/SecurityHI
0x000000011a85e000 	/Library/Java/JavaVirtualMachines/jdk1.8.0_144.jdk/Contents/Home/jre/lib/libnet.dylib
0x000000011a8bd000 	/Library/Java/JavaVirtualMachines/jdk1.8.0_144.jdk/Contents/Home/jre/lib/libnio.dylib
0x000000011b8ca000 	/Library/Java/JavaVirtualMachines/jdk1.8.0_144.jdk/Contents/Home/jre/lib/libmanagement.dylib
0x000000011b974000 	/Users/jasmina/ABH/eRestoran/target/jnotify/native_libraries/64bits/libjnotify.jnilib
0x000000011aae5000 	/Library/Java/JavaVirtualMachines/jdk1.8.0_144.jdk/Contents/Home/jre/lib/libsunec.dylib

VM Arguments:
jvm_args: -Dfile.encoding=UTF8 -Djline.terminal=none -Dsbt.log.noformat=true -Dsbt.global.base=/private/var/folders/96/cw4ykw9n6z1d7rb_n0k307400000gn/T/sbt-global-pluginstub -Xms512M -Xmx1024M -Xss1M -XX:+CMSClassUnloadingEnabled -XX:MaxPermSize=256M 
java_command: xsbt.boot.Boot project root run
java_class_path (initial): /Users/jasmina/Library/Application Support/IntelliJIdea2017.2/Scala/launcher/sbt-launch.jar
Launcher Type: SUN_STANDARD

Environment Variables:
PATH=/usr/local/opt/node@6/bin:/usr/local/bin:/usr/bin:/bin:/usr/sbin:/sbin
SHELL=/bin/bash

Signal Handlers:
SIGSEGV: [libjvm.dylib+0x5b26e5], sa_mask[0]=11111111011111110111111111111111, sa_flags=SA_ONSTACK|SA_RESTART|SA_SIGINFO
SIGBUS: [libjvm.dylib+0x5b26e5], sa_mask[0]=11111111011111110111111111111111, sa_flags=SA_RESTART|SA_SIGINFO
SIGFPE: [libjvm.dylib+0x489100], sa_mask[0]=11111111011111110111111111111111, sa_flags=SA_RESTART|SA_SIGINFO
SIGPIPE: [libjvm.dylib+0x489100], sa_mask[0]=11111111011111110111111111111111, sa_flags=SA_RESTART|SA_SIGINFO
SIGXFSZ: [libjvm.dylib+0x489100], sa_mask[0]=11111111011111110111111111111111, sa_flags=SA_RESTART|SA_SIGINFO
SIGILL: [libjvm.dylib+0x489100], sa_mask[0]=11111111011111110111111111111111, sa_flags=SA_RESTART|SA_SIGINFO
SIGUSR1: SIG_DFL, sa_mask[0]=00000000000000000000000000000000, sa_flags=none
SIGUSR2: [libjvm.dylib+0x488c1e], sa_mask[0]=00100000000000000000000000000000, sa_flags=SA_RESTART|SA_SIGINFO
SIGHUP: [libjvm.dylib+0x4871f5], sa_mask[0]=11111111011111110111111111111111, sa_flags=SA_RESTART|SA_SIGINFO
SIGINT: [libjvm.dylib+0x4871f5], sa_mask[0]=11111111011111110111111111111111, sa_flags=SA_RESTART|SA_SIGINFO
SIGTERM: [libjvm.dylib+0x4871f5], sa_mask[0]=11111111011111110111111111111111, sa_flags=SA_RESTART|SA_SIGINFO
SIGQUIT: [libjvm.dylib+0x4871f5], sa_mask[0]=11111111011111110111111111111111, sa_flags=SA_RESTART|SA_SIGINFO


---------------  S Y S T E M  ---------------

OS:Bsduname:Darwin 16.1.0 Darwin Kernel Version 16.1.0: Wed Oct 19 20:31:56 PDT 2016; root:xnu-3789.21.4~4/RELEASE_X86_64 x86_64
rlimit: STACK 8192k, CORE 0k, NPROC 709, NOFILE 10240, AS infinity
load average:5.26 3.98 3.26

CPU:total 8 (initial active 8) (4 cores per cpu, 2 threads per core) family 6 model 70 stepping 1, cmov, cx8, fxsr, mmx, sse, sse2, sse3, ssse3, sse4.1, sse4.2, popcnt, avx, avx2, aes, clmul, erms, lzcnt, ht, tsc, tscinvbit, bmi1, bmi2

Memory: 4k page, physical 8388608k(20244k free)

/proc/meminfo:


vm_info: Java HotSpot(TM) 64-Bit Server VM (25.144-b01) for bsd-amd64 JRE (1.8.0_144-b01), built on Jul 21 2017 22:07:42 by "java_re" with gcc 4.2.1 (Based on Apple Inc. build 5658) (LLVM build 2336.11.00)

time: Tue Oct 17 10:40:37 2017
elapsed time: 422 seconds (0d 0h 7m 2s)

