#
# A fatal error has been detected by the Java Runtime Environment:
#
#  SIGSEGV (0xb) at pc=0x00000001131ea81e, pid=2506, tid=0x0000000000007003
#
# JRE version: Java(TM) SE Runtime Environment (8.0_144-b01) (build 1.8.0_144-b01)
# Java VM: Java HotSpot(TM) 64-Bit Server VM (25.144-b01 mixed mode bsd-amd64 compressed oops)
# Problematic frame:
# J 7707 C2 java.io.File.<init>(Ljava/lang/String;)V (47 bytes) @ 0x00000001131ea81e [0x00000001131ea7e0+0x3e]
#
# Failed to write core dump. Core dumps have been disabled. To enable core dumping, try "ulimit -c unlimited" before starting Java again
#
# If you would like to submit a bug report, please visit:
#   http://bugreport.java.com/bugreport/crash.jsp
#

---------------  T H R E A D  ---------------

Current thread (0x00007fdf33c84000):  JavaThread "FSEvent thread" daemon [_thread_in_Java, id=28675, stack(0x000070000eddc000,0x000070000eedc000)]

siginfo: si_signo: 11 (SIGSEGV), si_code: 1 (SEGV_MAPERR), si_addr: 0x000000072cc3c75c

Registers:
RAX=0x00000007aad28418, RBX=0x00000007aad282f8, RCX=0x0000000000000000, RDX=0x000000072cc3c750
RSP=0x000070000eed5030, RBP=0x000070000eed52a8, RSI=0x00000007aad28418, RDI=0x000000012a962ff8
R8 =0x0000000000000592, R9 =0x0000000000000000, R10=0x0000000003c15b86, R11=0x000000010cfc0000
R12=0x0000000000000000, R13=0x0000000113db87d4, R14=0x000070000eed5070, R15=0x00007fdf33c84000
RIP=0x00000001131ea81e, EFLAGS=0x0000000000010206, ERR=0x0000000000000004
  TRAPNO=0x000000000000000e

Top of Stack: (sp=0x000070000eed5030)
0x000070000eed5030:   000000012a9620b0 00000007aad28418
0x000070000eed5040:   000000012a961a58 0000000000000000
0x000070000eed5050:   000070000eed5080 000070000eed52a8
0x000070000eed5060:   0000000113db87d4 00007fdf0000000f
0x000070000eed5070:   000070000eed52a8 0000000113db8c54
0x000070000eed5080:   0000000000000003 00000007c0044140
0x000070000eed5090:   000070000eed50d0 0000000311231d1d
0x000070000eed50a0:   00000007b1414de0 00007fdf33c84000
0x000070000eed50b0:   00000007b1414de0 00000007b1414de0
0x000070000eed50c0:   000070000eed5110 000000011131d98c
0x000070000eed50d0:   000070000eed5110 0000000111442fb6
0x000070000eed50e0:   0000000000000005 00000000f08a8c8b
0x000070000eed50f0:   00007fdf33c84000 00007fdf33c84000
0x000070000eed5100:   00000007c0044140 00007fdf33c84000
0x000070000eed5110:   000070000eed5130 000000011165dd14
0x000070000eed5120:   00007fdf00000000 0000000781ccc200
0x000070000eed5130:   00000007aad28328 00000007aad282f8
0x000070000eed5140:   00000007aad28418 00000007aad281e8
0x000070000eed5150:   00000007aad28218 0000000000000000
0x000070000eed5160:   00000000f0564f63 00007fdf33c84000
0x000070000eed5170:   00000000f6282987 0000000000000000
0x000070000eed5180:   0000000782b70c50 0000000000000bdb
0x000070000eed5190:   00000007aad282f8 0000000782b70c50
0x000070000eed51a0:   0000000000000000 000070000eed51f8
0x000070000eed51b0:   000070000eed5390 0000000113d995d4
0x000070000eed51c0:   0000000123550e50 0000000000000000
0x000070000eed51d0:   000070000eed51f8 000070000eed5240
0x000070000eed51e0:   000000011212e2bd 0000000000000000
0x000070000eed51f0:   0000000000000000 0000000782b70c50
0x000070000eed5200:   000070000eed5200 0000000129c3765f
0x000070000eed5210:   000070000eed5260 000000012a958028
0x000070000eed5220:   0000000000000000 0000000129c37698 

Instructions: (pc=0x00000001131ea81e)
0x00000001131ea7fe:   66 90 89 84 24 00 c0 fe ff 55 48 83 ec 40 48 89
0x00000001131ea80e:   74 24 08 44 89 66 14 48 85 d2 0f 84 7d 02 00 00
0x00000001131ea81e:   44 8b 4a 0c 47 8b 5c cc 0c 48 bd 00 00 fc 0c 01
0x00000001131ea82e:   00 00 00 45 85 db 0f 8e 0d 02 00 00 45 85 db 0f 

Register to memory mapping:

RAX=0x00000007aad28418 is an oop
java.io.File 
 - klass: 'java/io/File'
RBX=0x00000007aad282f8 is an oop
net.contentobjects.jnotify.macosx.JNotifyAdapterMacOSX$ScanJob 
 - klass: 'net/contentobjects/jnotify/macosx/JNotifyAdapterMacOSX$ScanJob'
RCX=0x0000000000000000 is an unknown value
RDX=0x000000072cc3c750 is an unknown value
RSP=0x000070000eed5030 is pointing into the stack for thread: 0x00007fdf33c84000
RBP=0x000070000eed52a8 is pointing into the stack for thread: 0x00007fdf33c84000
RSI=0x00000007aad28418 is an oop
java.io.File 
 - klass: 'java/io/File'
RDI=0x000000012a962ff8 is pointing into metadata
R8 =0x0000000000000592 is an unknown value
R9 =0x0000000000000000 is an unknown value
R10=0x0000000003c15b86 is an unknown value
R11=0x000000010cfc0000 is an unknown value
R12=0x0000000000000000 is an unknown value
R13=0x0000000113db87d4 is at entry_point+1204 in (nmethod*)0x0000000113db7950
R14=0x000070000eed5070 is pointing into the stack for thread: 0x00007fdf33c84000
R15=0x00007fdf33c84000 is a thread


Stack: [0x000070000eddc000,0x000070000eedc000],  sp=0x000070000eed5030,  free space=996k
Native frames: (J=compiled Java code, j=interpreted, Vv=VM code, C=native code)
J 7707 C2 java.io.File.<init>(Ljava/lang/String;)V (47 bytes) @ 0x00000001131ea81e [0x00000001131ea7e0+0x3e]
J 13474 C1 net.contentobjects.jnotify.macosx.JNotifyAdapterMacOSX.batchEndEvent(I)V (815 bytes) @ 0x0000000113db8c54 [0x0000000113db8320+0x934]
j  net.contentobjects.jnotify.macosx.JNotifyAdapterMacOSX$1.batchEnd(I)V+5
j  net.contentobjects.jnotify.macosx.JNotify_macosx.callbackInBatch(IZ)V+26
v  ~StubRoutines::call_stub
V  [libjvm.dylib+0x2ee70a]  JavaCalls::call_helper(JavaValue*, methodHandle*, JavaCallArguments*, Thread*)+0x6ae
V  [libjvm.dylib+0x3258b9]  jni_invoke_nonstatic(JNIEnv_*, JavaValue*, _jobject*, JNICallType, _jmethodID*, JNI_ArgumentPusher*, Thread*)+0x2ec
V  [libjvm.dylib+0x318087]  jni_CallVoidMethod+0x16b
C  [libjnotify.jnilib+0x1585]  fsevent_callback+0x115
C  [FSEvents+0x3b03]  implementation_callback_rpc+0x75b
C  [FSEvents+0x1702]  _Xcallback_rpc+0xfe
C  [FSEvents+0x17c9]  FSEventsD2F_server+0x37
C  [FSEvents+0x6fed]  FSEventsClientProcessMessageCallback+0x2c
C  [CoreFoundation+0x9030d]  __CFMachPortPerform+0xfd
C  [CoreFoundation+0x901f9]  __CFRUNLOOP_IS_CALLING_OUT_TO_A_SOURCE1_PERFORM_FUNCTION__+0x29
C  [CoreFoundation+0x90171]  __CFRunLoopDoSource1+0x1d1
C  [CoreFoundation+0x880c5]  __CFRunLoopRun+0x955
C  [CoreFoundation+0x87514]  CFRunLoopRunSpecific+0x1a4
C  [CoreFoundation+0xc6bb1]  CFRunLoopRun+0x61
j  net.contentobjects.jnotify.macosx.JNotify_macosx.nativeNotifyLoop()V+0
j  net.contentobjects.jnotify.macosx.JNotify_macosx.access$400()V+0
j  net.contentobjects.jnotify.macosx.JNotify_macosx$1.run()V+65
v  ~StubRoutines::call_stub
V  [libjvm.dylib+0x2ee70a]  JavaCalls::call_helper(JavaValue*, methodHandle*, JavaCallArguments*, Thread*)+0x6ae
V  [libjvm.dylib+0x2eeeae]  JavaCalls::call_virtual(JavaValue*, KlassHandle, Symbol*, Symbol*, JavaCallArguments*, Thread*)+0x164
V  [libjvm.dylib+0x2ef05a]  JavaCalls::call_virtual(JavaValue*, Handle, KlassHandle, Symbol*, Symbol*, Thread*)+0x4a
V  [libjvm.dylib+0x3497b1]  thread_entry(JavaThread*, Thread*)+0x7c
V  [libjvm.dylib+0x56c0b3]  JavaThread::thread_main_inner()+0x9b
V  [libjvm.dylib+0x56d7a0]  JavaThread::run()+0x1c2
V  [libjvm.dylib+0x48baee]  java_start(Thread*)+0xf6
C  [libsystem_pthread.dylib+0x3aab]  _pthread_body+0xb4
C  [libsystem_pthread.dylib+0x39f7]  _pthread_body+0x0
C  [libsystem_pthread.dylib+0x3221]  thread_start+0xd
C  0x0000000000000000


---------------  P R O C E S S  ---------------

Java Threads: ( => current thread )
  0x00007fdf30916000 JavaThread "pool-55-thread-10" [_thread_blocked, id=37427, stack(0x000070000fc06000,0x000070000fd06000)]
  0x00007fdf2f0c6800 JavaThread "pool-55-thread-9" [_thread_blocked, id=42775, stack(0x000070000fb03000,0x000070000fc03000)]
  0x00007fdf2e07a000 JavaThread "pool-55-thread-8" [_thread_blocked, id=43083, stack(0x000070000fa00000,0x000070000fb00000)]
  0x00007fdf309d1000 JavaThread "pool-55-thread-7" [_thread_blocked, id=4663, stack(0x000070000f8fd000,0x000070000f9fd000)]
  0x00007fdf30811800 JavaThread "pool-55-thread-6" [_thread_blocked, id=38267, stack(0x000070000f7fa000,0x000070000f8fa000)]
  0x00007fdf3080c800 JavaThread "pool-55-thread-5" [_thread_blocked, id=36455, stack(0x000070000f6f7000,0x000070000f7f7000)]
  0x00007fdf309d0000 JavaThread "pool-55-thread-4" [_thread_blocked, id=34659, stack(0x000070000f5f4000,0x000070000f6f4000)]
  0x00007fdf30102800 JavaThread "pool-55-thread-3" [_thread_blocked, id=35951, stack(0x000070000f4f1000,0x000070000f5f1000)]
  0x00007fdf2d706000 JavaThread "pool-55-thread-2" [_thread_blocked, id=42563, stack(0x000070000f3ee000,0x000070000f4ee000)]
  0x00007fdf34de9000 JavaThread "pool-55-thread-1" [_thread_in_native, id=36187, stack(0x000070000f1e8000,0x000070000f2e8000)]
  0x00007fdf2e073000 JavaThread "play-dev-mode-akka.actor.default-dispatcher-35" [_thread_blocked, id=43319, stack(0x000070000f0e5000,0x000070000f1e5000)]
  0x00007fdf3136e800 JavaThread "play-dev-mode-akka.actor.default-dispatcher-34" [_thread_blocked, id=33083, stack(0x000070000e6c7000,0x000070000e7c7000)]
  0x00007fdf3431f000 JavaThread "play-dev-mode-akka.actor.default-dispatcher-33" [_thread_blocked, id=38675, stack(0x000070000e5c4000,0x000070000e6c4000)]
  0x00007fdf2d73a000 JavaThread "play-dev-mode-akka.actor.default-dispatcher-32" [_thread_blocked, id=35671, stack(0x000070000ead3000,0x000070000ebd3000)]
  0x00007fdf34e00000 JavaThread "play-dev-mode-akka.actor.default-dispatcher-30" [_thread_blocked, id=42023, stack(0x000070000e2bb000,0x000070000e3bb000)]
  0x00007fdf2d538000 JavaThread "PostgreSQL-JDBC-SharedTimer-2" daemon [_thread_blocked, id=36703, stack(0x000070000efe2000,0x000070000f0e2000)]
  0x00007fdf30105800 JavaThread "application-akka.actor.default-dispatcher-8" [_thread_blocked, id=40963, stack(0x0000700010115000,0x0000700010215000)]
  0x00007fdf2d474000 JavaThread "com.google.common.base.internal.Finalizer" daemon [_thread_blocked, id=24851, stack(0x000070000f2eb000,0x000070000f3eb000)]
  0x00007fdf312a6000 JavaThread "application-scheduler-1" [_thread_blocked, id=32783, stack(0x000070000ecd9000,0x000070000edd9000)]
  0x00007fdf34be2000 JavaThread "__DEFAULT__" daemon [_thread_blocked, id=34055, stack(0x000070000eedf000,0x000070000efdf000)]
  0x00007fdf34ba4800 JavaThread "HikariPool-1 housekeeper" daemon [_thread_blocked, id=33799, stack(0x000070000ebd6000,0x000070000ecd6000)]
  0x00007fdf354e4800 JavaThread "AsyncAppender-Worker-ASYNCSTDOUT" daemon [_thread_blocked, id=4879, stack(0x000070000e9d0000,0x000070000ead0000)]
  0x00007fdf355ba000 JavaThread "AsyncAppender-Worker-ASYNCFILE" daemon [_thread_blocked, id=31759, stack(0x000070000e4c1000,0x000070000e5c1000)]
  0x00007fdf2d40e000 JavaThread "play-dev-mode-akka.io.pinned-dispatcher-5" [_thread_in_native, id=26887, stack(0x000070000e8cd000,0x000070000e9cd000)]
  0x00007fdf343e0000 JavaThread "play-dev-mode-scheduler-1" [_thread_blocked, id=23315, stack(0x000070000e1b8000,0x000070000e2b8000)]
  0x00007fdf3418c000 JavaThread "reloader-timer" daemon [_thread_blocked, id=23831, stack(0x000070000cbf3000,0x000070000ccf3000)]
=>0x00007fdf33c84000 JavaThread "FSEvent thread" daemon [_thread_in_Java, id=28675, stack(0x000070000eddc000,0x000070000eedc000)]
  0x00007fdf348dd800 JavaThread "pool-4-thread-3" [_thread_in_native, id=23055, stack(0x000070000e7ca000,0x000070000e8ca000)]
  0x00007fdf35272000 JavaThread "sbt-web-akka.actor.default-dispatcher-4" [_thread_blocked, id=22799, stack(0x000070000e3be000,0x000070000e4be000)]
  0x00007fdf33c5b800 JavaThread "sbt-web-scheduler-1" [_thread_blocked, id=22287, stack(0x000070000e0b5000,0x000070000e1b5000)]
  0x00007fdf2f833000 JavaThread "Service Thread" daemon [_thread_blocked, id=20995, stack(0x000070000deaf000,0x000070000dfaf000)]
  0x00007fdf2f010000 JavaThread "C1 CompilerThread3" daemon [_thread_blocked, id=20483, stack(0x000070000ddac000,0x000070000deac000)]
  0x00007fdf2d80f000 JavaThread "C2 CompilerThread2" daemon [_thread_blocked, id=19971, stack(0x000070000dca9000,0x000070000dda9000)]
  0x00007fdf2f00f800 JavaThread "C2 CompilerThread1" daemon [_thread_blocked, id=19459, stack(0x000070000dba6000,0x000070000dca6000)]
  0x00007fdf2d066800 JavaThread "C2 CompilerThread0" daemon [_thread_blocked, id=18947, stack(0x000070000daa3000,0x000070000dba3000)]
  0x00007fdf2d033000 JavaThread "Signal Dispatcher" daemon [_thread_blocked, id=18435, stack(0x000070000d9a0000,0x000070000daa0000)]
  0x00007fdf2f00e000 JavaThread "Finalizer" daemon [_thread_blocked, id=14595, stack(0x000070000d89d000,0x000070000d99d000)]
  0x00007fdf2f00b000 JavaThread "Reference Handler" daemon [_thread_blocked, id=14083, stack(0x000070000d79a000,0x000070000d89a000)]
  0x00007fdf2d00b800 JavaThread "main" [_thread_blocked, id=7171, stack(0x000070000cd7c000,0x000070000ce7c000)]

Other Threads:
  0x00007fdf2f815800 VMThread [stack: 0x000070000d697000,0x000070000d797000] [id=13571]
  0x00007fdf2f011000 WatcherThread [stack: 0x000070000dfb2000,0x000070000e0b2000] [id=21507]

VM state:not at safepoint (normal execution)

VM Mutex/Monitor currently owned by a thread: None

Heap:
 PSYoungGen      total 232960K, used 34068K [0x00000007aab00000, 0x00000007c0000000, 0x00000007c0000000)
  eden space 116736K, 29% used [0x00000007aab00000,0x00000007acc45030,0x00000007b1d00000)
  from space 116224K, 0% used [0x00000007b1d00000,0x00000007b1d00000,0x00000007b8e80000)
  to   space 116224K, 0% used [0x00000007b8e80000,0x00000007b8e80000,0x00000007c0000000)
 ParOldGen       total 699392K, used 655026K [0x0000000780000000, 0x00000007aab00000, 0x00000007aab00000)
  object space 699392K, 93% used [0x0000000780000000,0x00000007a7fac808,0x00000007aab00000)
 Metaspace       used 117350K, capacity 122016K, committed 123992K, reserved 1153024K
  class space    used 19116K, capacity 19614K, committed 20056K, reserved 1048576K

Card table byte_map: [0x0000000110bc0000,0x0000000110dc1000] byte_map_base: 0x000000010cfc0000

Marking Bits: (ParMarkBitMap*) 0x0000000111a725d0
 Begin Bits: [0x0000000121126000, 0x0000000122126000)
 End Bits:   [0x0000000122126000, 0x0000000123126000)

Polling page: 0x000000010f6ec000

CodeCache: size=245760Kb used=30448Kb max_used=30473Kb free=215311Kb
 bounds [0x0000000112126000, 0x0000000113f26000, 0x0000000121126000]
 total_blobs=11785 nmethods=11087 adapters=607
 compilation: enabled

Compilation events (10 events):
Event: 3492.191 Thread 0x00007fdf2f010000 13646       3       scala.collection.MapLike$DefaultKeySet::contains (11 bytes)
Event: 3492.191 Thread 0x00007fdf2f010000 nmethod 13646 0x00000001138b43d0 code [0x00000001138b4540, 0x00000001138b47e8]
Event: 3493.757 Thread 0x00007fdf2d80f000 13647   !   4       com.sun.proxy.$Proxy4::fileCreated (47 bytes)
Event: 3493.758 Thread 0x00007fdf2d066800 13648 %     4       net.contentobjects.jnotify.macosx.JNotifyAdapterMacOSX::batchEndEvent @ 453 (815 bytes)
Event: 3493.760 Thread 0x00007fdf2d80f000 nmethod 13647 0x0000000113f00d90 code [0x0000000113f00f00, 0x0000000113f01138]
Event: 3493.884 Thread 0x00007fdf2d066800 nmethod 13648% 0x0000000113f18210 code [0x0000000113f18640, 0x0000000113f1aec0]
Event: 3494.219 Thread 0x00007fdf2f00f800 13649 %     4       scala.collection.immutable.Stream::foldLeft @ 0 (32 bytes)
Event: 3494.223 Thread 0x00007fdf2f00f800 nmethod 13649% 0x0000000113f00310 code [0x0000000113f004a0, 0x0000000113f00a88]
Event: 3494.931 Thread 0x00007fdf2d80f000 13650       4       scala.collection.immutable.Stream::foldLeft (32 bytes)
Event: 3494.936 Thread 0x00007fdf2d80f000 nmethod 13650 0x00000001127d9490 code [0x00000001127d9620, 0x00000001127d9b88]

GC Heap History (10 events):
Event: 3491.439 GC heap before
{Heap before GC invocations=591 (full 98):
 PSYoungGen      total 232960K, used 232960K [0x00000007aab00000, 0x00000007c0000000, 0x00000007c0000000)
  eden space 116736K, 100% used [0x00000007aab00000,0x00000007b1d00000,0x00000007b1d00000)
  from space 116224K, 100% used [0x00000007b8e80000,0x00000007c0000000,0x00000007c0000000)
  to   space 116224K, 0% used [0x00000007b1d00000,0x00000007b1d00000,0x00000007b8e80000)
 ParOldGen       total 699392K, used 524044K [0x0000000780000000, 0x00000007aab00000, 0x00000007aab00000)
  object space 699392K, 74% used [0x0000000780000000,0x000000079ffc3128,0x00000007aab00000)
 Metaspace       used 117350K, capacity 122016K, committed 123992K, reserved 1153024K
  class space    used 19116K, capacity 19614K, committed 20056K, reserved 1048576K
Event: 3491.529 GC heap after
Heap after GC invocations=591 (full 98):
 PSYoungGen      total 232960K, used 116224K [0x00000007aab00000, 0x00000007c0000000, 0x00000007c0000000)
  eden space 116736K, 0% used [0x00000007aab00000,0x00000007aab00000,0x00000007b1d00000)
  from space 116224K, 100% used [0x00000007b1d00000,0x00000007b8e80000,0x00000007b8e80000)
  to   space 116224K, 0% used [0x00000007b8e80000,0x00000007b8e80000,0x00000007c0000000)
 ParOldGen       total 699392K, used 602868K [0x0000000780000000, 0x00000007aab00000, 0x00000007aab00000)
  object space 699392K, 86% used [0x0000000780000000,0x00000007a4cbd128,0x00000007aab00000)
 Metaspace       used 117350K, capacity 122016K, committed 123992K, reserved 1153024K
  class space    used 19116K, capacity 19614K, committed 20056K, reserved 1048576K
}
Event: 3491.529 GC heap before
{Heap before GC invocations=592 (full 99):
 PSYoungGen      total 232960K, used 116224K [0x00000007aab00000, 0x00000007c0000000, 0x00000007c0000000)
  eden space 116736K, 0% used [0x00000007aab00000,0x00000007aab00000,0x00000007b1d00000)
  from space 116224K, 100% used [0x00000007b1d00000,0x00000007b8e80000,0x00000007b8e80000)
  to   space 116224K, 0% used [0x00000007b8e80000,0x00000007b8e80000,0x00000007c0000000)
 ParOldGen       total 699392K, used 602868K [0x0000000780000000, 0x00000007aab00000, 0x00000007aab00000)
  object space 699392K, 86% used [0x0000000780000000,0x00000007a4cbd128,0x00000007aab00000)
 Metaspace       used 117350K, capacity 122016K, committed 123992K, reserved 1153024K
  class space    used 19116K, capacity 19614K, committed 20056K, reserved 1048576K
Event: 3492.112 GC heap after
Heap after GC invocations=592 (full 99):
 PSYoungGen      total 232960K, used 0K [0x00000007aab00000, 0x00000007c0000000, 0x00000007c0000000)
  eden space 116736K, 0% used [0x00000007aab00000,0x00000007aab00000,0x00000007b1d00000)
  from space 116224K, 0% used [0x00000007b1d00000,0x00000007b1d00000,0x00000007b8e80000)
  to   space 116224K, 0% used [0x00000007b8e80000,0x00000007b8e80000,0x00000007c0000000)
 ParOldGen       total 699392K, used 626188K [0x0000000780000000, 0x00000007aab00000, 0x00000007aab00000)
  object space 699392K, 89% used [0x0000000780000000,0x00000007a6383028,0x00000007aab00000)
 Metaspace       used 117350K, capacity 122016K, committed 123992K, reserved 1153024K
  class space    used 19116K, capacity 19614K, committed 20056K, reserved 1048576K
}
Event: 3492.247 GC heap before
{Heap before GC invocations=593 (full 100):
 PSYoungGen      total 232960K, used 116736K [0x00000007aab00000, 0x00000007c0000000, 0x00000007c0000000)
  eden space 116736K, 100% used [0x00000007aab00000,0x00000007b1d00000,0x00000007b1d00000)
  from space 116224K, 0% used [0x00000007b1d00000,0x00000007b1d00000,0x00000007b8e80000)
  to   space 116224K, 0% used [0x00000007b8e80000,0x00000007b8e80000,0x00000007c0000000)
 ParOldGen       total 699392K, used 626188K [0x0000000780000000, 0x00000007aab00000, 0x00000007aab00000)
  object space 699392K, 89% used [0x0000000780000000,0x00000007a6383028,0x00000007aab00000)
 Metaspace       used 117350K, capacity 122016K, committed 123992K, reserved 1153024K
  class space    used 19116K, capacity 19614K, committed 20056K, reserved 1048576K
Event: 3493.205 GC heap after
Heap after GC invocations=593 (full 100):
 PSYoungGen      total 232960K, used 0K [0x00000007aab00000, 0x00000007c0000000, 0x00000007c0000000)
  eden space 116736K, 0% used [0x00000007aab00000,0x00000007aab00000,0x00000007b1d00000)
  from space 116224K, 0% used [0x00000007b1d00000,0x00000007b1d00000,0x00000007b8e80000)
  to   space 116224K, 0% used [0x00000007b8e80000,0x00000007b8e80000,0x00000007c0000000)
 ParOldGen       total 699392K, used 648714K [0x0000000780000000, 0x00000007aab00000, 0x00000007aab00000)
  object space 699392K, 92% used [0x0000000780000000,0x00000007a7982af0,0x00000007aab00000)
 Metaspace       used 117350K, capacity 122016K, committed 123992K, reserved 1153024K
  class space    used 19116K, capacity 19614K, committed 20056K, reserved 1048576K
}
Event: 3494.261 GC heap before
{Heap before GC invocations=594 (full 101):
 PSYoungGen      total 232960K, used 116736K [0x00000007aab00000, 0x00000007c0000000, 0x00000007c0000000)
  eden space 116736K, 100% used [0x00000007aab00000,0x00000007b1d00000,0x00000007b1d00000)
  from space 116224K, 0% used [0x00000007b1d00000,0x00000007b1d00000,0x00000007b8e80000)
  to   space 116224K, 0% used [0x00000007b8e80000,0x00000007b8e80000,0x00000007c0000000)
 ParOldGen       total 699392K, used 648714K [0x0000000780000000, 0x00000007aab00000, 0x00000007aab00000)
  object space 699392K, 92% used [0x0000000780000000,0x00000007a7982af0,0x00000007aab00000)
 Metaspace       used 117350K, capacity 122016K, committed 123992K, reserved 1153024K
  class space    used 19116K, capacity 19614K, committed 20056K, reserved 1048576K
Event: 3494.662 GC heap after
Heap after GC invocations=594 (full 101):
 PSYoungGen      total 232960K, used 0K [0x00000007aab00000, 0x00000007c0000000, 0x00000007c0000000)
  eden space 116736K, 0% used [0x00000007aab00000,0x00000007aab00000,0x00000007b1d00000)
  from space 116224K, 0% used [0x00000007b1d00000,0x00000007b1d00000,0x00000007b8e80000)
  to   space 116224K, 0% used [0x00000007b8e80000,0x00000007b8e80000,0x00000007c0000000)
 ParOldGen       total 699392K, used 644157K [0x0000000780000000, 0x00000007aab00000, 0x00000007aab00000)
  object space 699392K, 92% used [0x0000000780000000,0x00000007a750f770,0x00000007aab00000)
 Metaspace       used 117350K, capacity 122016K, committed 123992K, reserved 1153024K
  class space    used 19116K, capacity 19614K, committed 20056K, reserved 1048576K
}
Event: 3495.760 GC heap before
{Heap before GC invocations=595 (full 102):
 PSYoungGen      total 232960K, used 116736K [0x00000007aab00000, 0x00000007c0000000, 0x00000007c0000000)
  eden space 116736K, 100% used [0x00000007aab00000,0x00000007b1d00000,0x00000007b1d00000)
  from space 116224K, 0% used [0x00000007b1d00000,0x00000007b1d00000,0x00000007b8e80000)
  to   space 116224K, 0% used [0x00000007b8e80000,0x00000007b8e80000,0x00000007c0000000)
 ParOldGen       total 699392K, used 644157K [0x0000000780000000, 0x00000007aab00000, 0x00000007aab00000)
  object space 699392K, 92% used [0x0000000780000000,0x00000007a750f770,0x00000007aab00000)
 Metaspace       used 117350K, capacity 122016K, committed 123992K, reserved 1153024K
  class space    used 19116K, capacity 19614K, committed 20056K, reserved 1048576K
Event: 3496.302 GC heap after
Heap after GC invocations=595 (full 102):
 PSYoungGen      total 232960K, used 0K [0x00000007aab00000, 0x00000007c0000000, 0x00000007c0000000)
  eden space 116736K, 0% used [0x00000007aab00000,0x00000007aab00000,0x00000007b1d00000)
  from space 116224K, 0% used [0x00000007b1d00000,0x00000007b1d00000,0x00000007b8e80000)
  to   space 116224K, 0% used [0x00000007b8e80000,0x00000007b8e80000,0x00000007c0000000)
 ParOldGen       total 699392K, used 655026K [0x0000000780000000, 0x00000007aab00000, 0x00000007aab00000)
  object space 699392K, 93% used [0x0000000780000000,0x00000007a7fac808,0x00000007aab00000)
 Metaspace       used 117350K, capacity 122016K, committed 123992K, reserved 1153024K
  class space    used 19116K, capacity 19614K, committed 20056K, reserved 1048576K
}

Deoptimization events (10 events):
Event: 3416.621 Thread 0x00007fdf34de9000 Uncommon trap: reason=unstable_if action=reinterpret pc=0x00000001126de2cc method=scala.collection.immutable.HashSet$HashTrieSet.removed0(Ljava/lang/Object;II)Lscala/collection/immutable/HashSet; @ 36
Event: 3416.621 Thread 0x00007fdf34de9000 Uncommon trap: reason=unstable_if action=reinterpret pc=0x00000001126de2e0 method=scala.collection.immutable.HashSet$HashTrieSet.removed0(Ljava/lang/Object;II)Lscala/collection/immutable/HashSet; @ 64
Event: 3416.621 Thread 0x00007fdf34de9000 Uncommon trap: reason=unstable_if action=reinterpret pc=0x00000001128064f0 method=scala.collection.immutable.HashSet$HashTrieSet.removed0(Ljava/lang/Object;II)Lscala/collection/immutable/HashSet; @ 64
Event: 3416.621 Thread 0x00007fdf34de9000 Uncommon trap: reason=unstable_if action=reinterpret pc=0x00000001127beb5c method=scala.collection.immutable.HashSet$HashSet1.removed0(Ljava/lang/Object;II)Lscala/collection/immutable/HashSet; @ 5
Event: 3416.641 Thread 0x00007fdf34de9000 Uncommon trap: reason=unstable_if action=reinterpret pc=0x00000001127497a8 method=scala.collection.immutable.HashSet$HashSet1.removed0(Ljava/lang/Object;II)Lscala/collection/immutable/HashSet; @ 76
Event: 3416.676 Thread 0x00007fdf34de9000 Uncommon trap: reason=class_check action=maybe_recompile pc=0x00000001133760b4 method=sbt.MRelation.contains(Ljava/lang/Object;Ljava/lang/Object;)Z @ 6
Event: 3416.676 Thread 0x00007fdf34de9000 Uncommon trap: reason=class_check action=maybe_recompile pc=0x00000001133760b4 method=sbt.MRelation.contains(Ljava/lang/Object;Ljava/lang/Object;)Z @ 6
Event: 3416.676 Thread 0x00007fdf34de9000 Uncommon trap: reason=class_check action=maybe_recompile pc=0x00000001133760b4 method=sbt.MRelation.contains(Ljava/lang/Object;Ljava/lang/Object;)Z @ 6
Event: 3416.676 Thread 0x00007fdf34de9000 Uncommon trap: reason=class_check action=maybe_recompile pc=0x00000001133760b4 method=sbt.MRelation.contains(Ljava/lang/Object;Ljava/lang/Object;)Z @ 6
Event: 3444.146 Thread 0x00007fdf34de9000 Uncommon trap: reason=unstable_if action=reinterpret pc=0x000000011318635c method=java.util.LinkedHashMap.afterNodeInsertion(Z)V @ 18

Internal exceptions (10 events):
Event: 3277.691 Thread 0x00007fdf34e00000 Exception <a 'java/lang/ArrayIndexOutOfBoundsException'> (0x00000007b177b790) thrown at [/Users/java_re/workspace/8-2-build-macosx-x86_64/jdk8u144/9417/hotspot/src/share/vm/runtime/sharedRuntime.cpp, line 605]
Event: 3277.691 Thread 0x00007fdf34e00000 Exception <a 'java/lang/ArrayIndexOutOfBoundsException'> (0x00000007b177f598) thrown at [/Users/java_re/workspace/8-2-build-macosx-x86_64/jdk8u144/9417/hotspot/src/share/vm/runtime/sharedRuntime.cpp, line 605]
Event: 3277.691 Thread 0x00007fdf34e00000 Exception <a 'java/lang/ArrayIndexOutOfBoundsException'> (0x00000007b1782fc0) thrown at [/Users/java_re/workspace/8-2-build-macosx-x86_64/jdk8u144/9417/hotspot/src/share/vm/runtime/sharedRuntime.cpp, line 605]
Event: 3277.692 Thread 0x00007fdf34e00000 Exception <a 'java/lang/ArrayIndexOutOfBoundsException'> (0x00000007b1786a88) thrown at [/Users/java_re/workspace/8-2-build-macosx-x86_64/jdk8u144/9417/hotspot/src/share/vm/runtime/sharedRuntime.cpp, line 605]
Event: 3277.692 Thread 0x00007fdf34e00000 Exception <a 'java/lang/ArrayIndexOutOfBoundsException'> (0x00000007b178a298) thrown at [/Users/java_re/workspace/8-2-build-macosx-x86_64/jdk8u144/9417/hotspot/src/share/vm/runtime/sharedRuntime.cpp, line 605]
Event: 3341.230 Thread 0x00007fdf33c84000 Implicit null exception at 0x0000000112979be9 to 0x000000011297a525
Event: 3344.062 Thread 0x00007fdf33c84000 Exception <a 'java/io/FileNotFoundException': /Users/jasmina/ABH/eRestoran/public/eRestoran_FE/node_modules/.bin/í ½í°¹> (0x00000007ae2830e0) thrown at [/Users/java_re/workspace/8-2-build-macosx-x86_64/jdk8u144/9417/hotspot/src/share/vm/prims/jni.cpp, lin
Event: 3382.298 Thread 0x00007fdf33c84000 Implicit null exception at 0x00000001131ea822 to 0x00000001131eabd1
Event: 3408.889 Thread 0x00007fdf30102800 Exception <a 'java/lang/ClassNotFoundException': com/sun/tools/javac/api/JavacTool> (0x00000007abcf54d0) thrown at [/Users/java_re/workspace/8-2-build-macosx-x86_64/jdk8u144/9417/hotspot/src/share/vm/classfile/systemDictionary.cpp, line 210]
Event: 3452.067 Thread 0x00007fdf33c84000 Exception <a 'java/io/FileNotFoundException': /Users/jasmina/ABH/eRestoran/public/eRestoran_FE/tmp/rollup-cache_path-mdGlGwka.tmp/node_modules/.bin/í ½í°¹> (0x00000007af050c50) thrown at [/Users/java_re/workspace/8-2-build-macosx-x86_64/jdk8u144/9417/hots

Events (10 events):
Event: 3494.224 Thread 0x00007fdf2f00f800 flushing nmethod 0x00000001127c8e10
Event: 3494.224 Thread 0x00007fdf2f00f800 flushing nmethod 0x00000001127d9210
Event: 3494.224 Thread 0x00007fdf2f00f800 flushing nmethod 0x00000001127f25d0
Event: 3494.261 Executing VM operation: ParallelGCFailedAllocation
Event: 3494.662 Executing VM operation: ParallelGCFailedAllocation done
Event: 3494.931 Thread 0x00007fdf34de9000 DEOPT PACKING pc=0x0000000113e8eae8 sp=0x000070000f2e7150
Event: 3494.931 Thread 0x00007fdf34de9000 DEOPT UNPACKING pc=0x000000011216d633 sp=0x000070000f2e6ea8 mode 0
Event: 3494.936 Thread 0x00007fdf2d80f000 flushing nmethod 0x0000000112938810
Event: 3495.760 Executing VM operation: ParallelGCFailedAllocation
Event: 3496.302 Executing VM operation: ParallelGCFailedAllocation done


Dynamic libraries:
0x00000000435dd000 	/System/Library/Frameworks/Cocoa.framework/Versions/A/Cocoa
0x00000000435dd000 	/System/Library/Frameworks/Security.framework/Versions/A/Security
0x00000000435dd000 	/System/Library/Frameworks/ApplicationServices.framework/Versions/A/ApplicationServices
0x00000000435dd000 	/usr/lib/libz.1.dylib
0x00000000435dd000 	/usr/lib/libSystem.B.dylib
0x00000000435dd000 	/usr/lib/libobjc.A.dylib
0x00000000435dd000 	/System/Library/Frameworks/CoreFoundation.framework/Versions/A/CoreFoundation
0x00000000435dd000 	/System/Library/Frameworks/Foundation.framework/Versions/C/Foundation
0x00000000435dd000 	/System/Library/Frameworks/AppKit.framework/Versions/C/AppKit
0x00000000435dd000 	/System/Library/Frameworks/CoreData.framework/Versions/A/CoreData
0x00000000435dd000 	/System/Library/PrivateFrameworks/RemoteViewServices.framework/Versions/A/RemoteViewServices
0x00000000435dd000 	/System/Library/PrivateFrameworks/UIFoundation.framework/Versions/A/UIFoundation
0x00000000435dd000 	/System/Library/PrivateFrameworks/DFRFoundation.framework/Versions/A/DFRFoundation
0x00000000435dd000 	/usr/lib/libenergytrace.dylib
0x00000000435dd000 	/System/Library/PrivateFrameworks/SkyLight.framework/Versions/A/SkyLight
0x00000000435dd000 	/System/Library/Frameworks/CoreGraphics.framework/Versions/A/CoreGraphics
0x00000000435dd000 	/usr/lib/libScreenReader.dylib
0x00000000435dd000 	/System/Library/Frameworks/Accelerate.framework/Versions/A/Accelerate
0x00000000435dd000 	/System/Library/Frameworks/IOSurface.framework/Versions/A/IOSurface
0x00000000435dd000 	/System/Library/Frameworks/AudioToolbox.framework/Versions/A/AudioToolbox
0x00000000435dd000 	/System/Library/Frameworks/AudioUnit.framework/Versions/A/AudioUnit
0x00000000435dd000 	/System/Library/PrivateFrameworks/DataDetectorsCore.framework/Versions/A/DataDetectorsCore
0x00000000435dd000 	/System/Library/PrivateFrameworks/DesktopServicesPriv.framework/Versions/A/DesktopServicesPriv
0x00000000435dd000 	/System/Library/Frameworks/Carbon.framework/Versions/A/Frameworks/HIToolbox.framework/Versions/A/HIToolbox
0x00000000435dd000 	/usr/lib/libicucore.A.dylib
0x00000000435dd000 	/System/Library/Frameworks/QuartzCore.framework/Versions/A/QuartzCore
0x00000000435dd000 	/System/Library/Frameworks/Carbon.framework/Versions/A/Frameworks/SpeechRecognition.framework/Versions/A/SpeechRecognition
0x00000000435dd000 	/usr/lib/libauto.dylib
0x00000000435dd000 	/usr/lib/libxml2.2.dylib
0x00000000435dd000 	/System/Library/PrivateFrameworks/CoreUI.framework/Versions/A/CoreUI
0x00000000435dd000 	/System/Library/Frameworks/CoreAudio.framework/Versions/A/CoreAudio
0x00000000435dd000 	/System/Library/Frameworks/DiskArbitration.framework/Versions/A/DiskArbitration
0x00000000435dd000 	/usr/lib/liblangid.dylib
0x00000000435dd000 	/System/Library/PrivateFrameworks/MultitouchSupport.framework/Versions/A/MultitouchSupport
0x00000000435dd000 	/System/Library/Frameworks/IOKit.framework/Versions/A/IOKit
0x00000000435dd000 	/usr/lib/libDiagnosticMessagesClient.dylib
0x00000000435dd000 	/System/Library/Frameworks/CoreServices.framework/Versions/A/CoreServices
0x00000000435dd000 	/System/Library/PrivateFrameworks/PerformanceAnalysis.framework/Versions/A/PerformanceAnalysis
0x00000000435dd000 	/System/Library/PrivateFrameworks/GenerationalStorage.framework/Versions/A/GenerationalStorage
0x00000000435dd000 	/System/Library/Frameworks/OpenGL.framework/Versions/A/OpenGL
0x00000000435dd000 	/System/Library/Frameworks/CoreImage.framework/Versions/A/CoreImage
0x00000000435dd000 	/System/Library/Frameworks/CoreText.framework/Versions/A/CoreText
0x00000000435dd000 	/System/Library/Frameworks/ImageIO.framework/Versions/A/ImageIO
0x00000000435dd000 	/System/Library/PrivateFrameworks/Backup.framework/Versions/A/Backup
0x00000000435dd000 	/usr/lib/libarchive.2.dylib
0x00000000435dd000 	/System/Library/Frameworks/CFNetwork.framework/Versions/A/CFNetwork
0x00000000435dd000 	/System/Library/Frameworks/SystemConfiguration.framework/Versions/A/SystemConfiguration
0x00000000435dd000 	/usr/lib/libCRFSuite.dylib
0x00000000435dd000 	/usr/lib/libc++.1.dylib
0x00000000435dd000 	/usr/lib/libc++abi.dylib
0x00000000435dd000 	/usr/lib/system/libcache.dylib
0x00000000435dd000 	/usr/lib/system/libcommonCrypto.dylib
0x00000000435dd000 	/usr/lib/system/libcompiler_rt.dylib
0x00000000435dd000 	/usr/lib/system/libcopyfile.dylib
0x00000000435dd000 	/usr/lib/system/libcorecrypto.dylib
0x00000000435dd000 	/usr/lib/system/libdispatch.dylib
0x00000000435dd000 	/usr/lib/system/libdyld.dylib
0x00000000435dd000 	/usr/lib/system/libkeymgr.dylib
0x00000000435dd000 	/usr/lib/system/liblaunch.dylib
0x00000000435dd000 	/usr/lib/system/libmacho.dylib
0x00000000435dd000 	/usr/lib/system/libquarantine.dylib
0x00000000435dd000 	/usr/lib/system/libremovefile.dylib
0x00000000435dd000 	/usr/lib/system/libsystem_asl.dylib
0x00000000435dd000 	/usr/lib/system/libsystem_blocks.dylib
0x00000000435dd000 	/usr/lib/system/libsystem_c.dylib
0x00000000435dd000 	/usr/lib/system/libsystem_configuration.dylib
0x00000000435dd000 	/usr/lib/system/libsystem_coreservices.dylib
0x00000000435dd000 	/usr/lib/system/libsystem_coretls.dylib
0x00000000435dd000 	/usr/lib/system/libsystem_dnssd.dylib
0x00000000435dd000 	/usr/lib/system/libsystem_info.dylib
0x00000000435dd000 	/usr/lib/system/libsystem_kernel.dylib
0x00000000435dd000 	/usr/lib/system/libsystem_m.dylib
0x00000000435dd000 	/usr/lib/system/libsystem_malloc.dylib
0x00000000435dd000 	/usr/lib/system/libsystem_network.dylib
0x00000000435dd000 	/usr/lib/system/libsystem_networkextension.dylib
0x00000000435dd000 	/usr/lib/system/libsystem_notify.dylib
0x00000000435dd000 	/usr/lib/system/libsystem_platform.dylib
0x00000000435dd000 	/usr/lib/system/libsystem_pthread.dylib
0x00000000435dd000 	/usr/lib/system/libsystem_sandbox.dylib
0x00000000435dd000 	/usr/lib/system/libsystem_secinit.dylib
0x00000000435dd000 	/usr/lib/system/libsystem_symptoms.dylib
0x00000000435dd000 	/usr/lib/system/libsystem_trace.dylib
0x00000000435dd000 	/usr/lib/system/libunwind.dylib
0x00000000435dd000 	/usr/lib/system/libxpc.dylib
0x00000000435dd000 	/usr/lib/libbsm.0.dylib
0x00000000435dd000 	/usr/lib/system/libkxld.dylib
0x00000000435dd000 	/usr/lib/libcoretls.dylib
0x00000000435dd000 	/usr/lib/libcoretls_cfhelpers.dylib
0x00000000435dd000 	/usr/lib/libxar.1.dylib
0x00000000435dd000 	/usr/lib/libsqlite3.dylib
0x00000000435dd000 	/usr/lib/libpam.2.dylib
0x00000000435dd000 	/usr/lib/libOpenScriptingUtil.dylib
0x00000000435dd000 	/usr/lib/libbz2.1.0.dylib
0x00000000435dd000 	/usr/lib/liblzma.5.dylib
0x00000000435dd000 	/usr/lib/libnetwork.dylib
0x00000000435dd000 	/usr/lib/libpcap.A.dylib
0x00000000435dd000 	/System/Library/Frameworks/CoreServices.framework/Versions/A/Frameworks/FSEvents.framework/Versions/A/FSEvents
0x00000000435dd000 	/System/Library/Frameworks/CoreServices.framework/Versions/A/Frameworks/CarbonCore.framework/Versions/A/CarbonCore
0x00000000435dd000 	/System/Library/Frameworks/CoreServices.framework/Versions/A/Frameworks/Metadata.framework/Versions/A/Metadata
0x00000000435dd000 	/System/Library/Frameworks/CoreServices.framework/Versions/A/Frameworks/OSServices.framework/Versions/A/OSServices
0x00000000435dd000 	/System/Library/Frameworks/CoreServices.framework/Versions/A/Frameworks/SearchKit.framework/Versions/A/SearchKit
0x00000000435dd000 	/System/Library/Frameworks/CoreServices.framework/Versions/A/Frameworks/AE.framework/Versions/A/AE
0x00000000435dd000 	/System/Library/Frameworks/CoreServices.framework/Versions/A/Frameworks/LaunchServices.framework/Versions/A/LaunchServices
0x00000000435dd000 	/System/Library/Frameworks/CoreServices.framework/Versions/A/Frameworks/DictionaryServices.framework/Versions/A/DictionaryServices
0x00000000435dd000 	/System/Library/Frameworks/CoreServices.framework/Versions/A/Frameworks/SharedFileList.framework/Versions/A/SharedFileList
0x00000000435dd000 	/System/Library/Frameworks/NetFS.framework/Versions/A/NetFS
0x00000000435dd000 	/System/Library/PrivateFrameworks/NetAuth.framework/Versions/A/NetAuth
0x00000000435dd000 	/System/Library/PrivateFrameworks/login.framework/Versions/A/Frameworks/loginsupport.framework/Versions/A/loginsupport
0x00000000435dd000 	/System/Library/PrivateFrameworks/TCC.framework/Versions/A/TCC
0x00000000435dd000 	/usr/lib/libmecabra.dylib
0x00000000435dd000 	/System/Library/Frameworks/ApplicationServices.framework/Versions/A/Frameworks/ATS.framework/Versions/A/ATS
0x00000000435dd000 	/System/Library/Frameworks/ApplicationServices.framework/Versions/A/Frameworks/ColorSync.framework/Versions/A/ColorSync
0x00000000435dd000 	/System/Library/Frameworks/ApplicationServices.framework/Versions/A/Frameworks/HIServices.framework/Versions/A/HIServices
0x00000000435dd000 	/System/Library/Frameworks/ApplicationServices.framework/Versions/A/Frameworks/LangAnalysis.framework/Versions/A/LangAnalysis
0x00000000435dd000 	/System/Library/Frameworks/ApplicationServices.framework/Versions/A/Frameworks/PrintCore.framework/Versions/A/PrintCore
0x00000000435dd000 	/System/Library/Frameworks/ApplicationServices.framework/Versions/A/Frameworks/QD.framework/Versions/A/QD
0x00000000435dd000 	/System/Library/Frameworks/ApplicationServices.framework/Versions/A/Frameworks/SpeechSynthesis.framework/Versions/A/SpeechSynthesis
0x00000000435dd000 	/System/Library/Frameworks/Accelerate.framework/Versions/A/Frameworks/vImage.framework/Versions/A/vImage
0x00000000435dd000 	/System/Library/Frameworks/Accelerate.framework/Versions/A/Frameworks/vecLib.framework/Versions/A/vecLib
0x00000000435dd000 	/System/Library/Frameworks/Accelerate.framework/Versions/A/Frameworks/vecLib.framework/Versions/A/libvDSP.dylib
0x00000000435dd000 	/System/Library/Frameworks/Accelerate.framework/Versions/A/Frameworks/vecLib.framework/Versions/A/libBNNS.dylib
0x00000000435dd000 	/System/Library/Frameworks/Accelerate.framework/Versions/A/Frameworks/vecLib.framework/Versions/A/libQuadrature.dylib
0x00000000435dd000 	/System/Library/Frameworks/Accelerate.framework/Versions/A/Frameworks/vecLib.framework/Versions/A/libvMisc.dylib
0x00000000435dd000 	/System/Library/Frameworks/Accelerate.framework/Versions/A/Frameworks/vecLib.framework/Versions/A/libLAPACK.dylib
0x00000000435dd000 	/System/Library/Frameworks/Accelerate.framework/Versions/A/Frameworks/vecLib.framework/Versions/A/libBLAS.dylib
0x00000000435dd000 	/System/Library/Frameworks/Accelerate.framework/Versions/A/Frameworks/vecLib.framework/Versions/A/libLinearAlgebra.dylib
0x00000000435dd000 	/System/Library/Frameworks/Accelerate.framework/Versions/A/Frameworks/vecLib.framework/Versions/A/libSparseBLAS.dylib
0x00000000435dd000 	/System/Library/Frameworks/ApplicationServices.framework/Versions/A/Frameworks/ATS.framework/Versions/A/Resources/libFontParser.dylib
0x00000000435dd000 	/System/Library/Frameworks/ApplicationServices.framework/Versions/A/Frameworks/ATS.framework/Versions/A/Resources/libFontRegistry.dylib
0x00000000435dd000 	/System/Library/Frameworks/ImageIO.framework/Versions/A/Resources/libJPEG.dylib
0x00000000435dd000 	/System/Library/Frameworks/ImageIO.framework/Versions/A/Resources/libTIFF.dylib
0x00000000435dd000 	/System/Library/Frameworks/ImageIO.framework/Versions/A/Resources/libPng.dylib
0x00000000435dd000 	/System/Library/Frameworks/ImageIO.framework/Versions/A/Resources/libGIF.dylib
0x00000000435dd000 	/System/Library/Frameworks/ImageIO.framework/Versions/A/Resources/libJP2.dylib
0x00000000435dd000 	/System/Library/Frameworks/ImageIO.framework/Versions/A/Resources/libRadiance.dylib
0x00000000435dd000 	/usr/lib/libcompression.dylib
0x00000000435dd000 	/System/Library/PrivateFrameworks/AppleJPEG.framework/Versions/A/AppleJPEG
0x00000000435dd000 	/usr/lib/libcups.2.dylib
0x00000000435dd000 	/System/Library/Frameworks/Kerberos.framework/Versions/A/Kerberos
0x00000000435dd000 	/System/Library/Frameworks/GSS.framework/Versions/A/GSS
0x00000000435dd000 	/usr/lib/libresolv.9.dylib
0x00000000435dd000 	/usr/lib/libiconv.2.dylib
0x00000000435dd000 	/System/Library/PrivateFrameworks/Heimdal.framework/Versions/A/Heimdal
0x00000000435dd000 	/usr/lib/libheimdal-asn1.dylib
0x00000000435dd000 	/System/Library/Frameworks/OpenDirectory.framework/Versions/A/OpenDirectory
0x00000000435dd000 	/System/Library/PrivateFrameworks/CommonAuth.framework/Versions/A/CommonAuth
0x00000000435dd000 	/System/Library/Frameworks/OpenDirectory.framework/Versions/A/Frameworks/CFOpenDirectory.framework/Versions/A/CFOpenDirectory
0x00000000435dd000 	/System/Library/Frameworks/SecurityFoundation.framework/Versions/A/SecurityFoundation
0x00000000435dd000 	/System/Library/PrivateFrameworks/LanguageModeling.framework/Versions/A/LanguageModeling
0x00000000435dd000 	/usr/lib/libmarisa.dylib
0x00000000435dd000 	/usr/lib/libChineseTokenizer.dylib
0x00000000435dd000 	/usr/lib/libcmph.dylib
0x00000000435dd000 	/System/Library/PrivateFrameworks/CoreEmoji.framework/Versions/A/CoreEmoji
0x00000000435dd000 	/System/Library/Frameworks/ServiceManagement.framework/Versions/A/ServiceManagement
0x00000000435dd000 	/usr/lib/libxslt.1.dylib
0x00000000435dd000 	/System/Library/Frameworks/Carbon.framework/Versions/A/Frameworks/Ink.framework/Versions/A/Ink
0x00000000435dd000 	/System/Library/PrivateFrameworks/TextureIO.framework/Versions/A/TextureIO
0x00000000435dd000 	/System/Library/Frameworks/Metal.framework/Versions/A/Metal
0x00000000435dd000 	/usr/lib/libate.dylib
0x00000000435dd000 	/System/Library/PrivateFrameworks/GPUCompiler.framework/libmetal_timestamp.dylib
0x00000000435dd000 	/System/Library/Frameworks/OpenGL.framework/Versions/A/Libraries/libCoreFSCache.dylib
0x00000000435dd000 	/System/Library/PrivateFrameworks/IOAccelerator.framework/Versions/A/IOAccelerator
0x00000000435dd000 	/System/Library/Frameworks/CoreVideo.framework/Versions/A/CoreVideo
0x00000000435dd000 	/usr/lib/libFosl_dynamic.dylib
0x00000000435dd000 	/System/Library/PrivateFrameworks/MetalPerformanceShaders.framework/Versions/A/MetalPerformanceShaders
0x00000000435dd000 	/System/Library/PrivateFrameworks/FaceCore.framework/Versions/A/FaceCore
0x00000000435dd000 	/System/Library/Frameworks/OpenCL.framework/Versions/A/OpenCL
0x00000000435dd000 	/System/Library/Frameworks/OpenGL.framework/Versions/A/Libraries/libGLU.dylib
0x00000000435dd000 	/System/Library/Frameworks/OpenGL.framework/Versions/A/Libraries/libGFXShared.dylib
0x00000000435dd000 	/System/Library/Frameworks/OpenGL.framework/Versions/A/Libraries/libGL.dylib
0x00000000435dd000 	/System/Library/Frameworks/OpenGL.framework/Versions/A/Libraries/libGLImage.dylib
0x00000000435dd000 	/System/Library/Frameworks/OpenGL.framework/Versions/A/Libraries/libCVMSPluginSupport.dylib
0x00000000435dd000 	/System/Library/Frameworks/OpenGL.framework/Versions/A/Libraries/libCoreVMClient.dylib
0x00000000435dd000 	/System/Library/PrivateFrameworks/CrashReporterSupport.framework/Versions/A/CrashReporterSupport
0x00000000435dd000 	/System/Library/PrivateFrameworks/Sharing.framework/Versions/A/Sharing
0x00000000435dd000 	/System/Library/PrivateFrameworks/IconServices.framework/Versions/A/IconServices
0x00000000435dd000 	/System/Library/PrivateFrameworks/ProtocolBuffer.framework/Versions/A/ProtocolBuffer
0x00000000435dd000 	/System/Library/PrivateFrameworks/Apple80211.framework/Versions/A/Apple80211
0x00000000435dd000 	/System/Library/Frameworks/CoreWLAN.framework/Versions/A/CoreWLAN
0x00000000435dd000 	/System/Library/PrivateFrameworks/CoreUtils.framework/Versions/A/CoreUtils
0x00000000435dd000 	/System/Library/Frameworks/IOBluetooth.framework/Versions/A/IOBluetooth
0x00000000435dd000 	/System/Library/PrivateFrameworks/CoreWiFi.framework/Versions/A/CoreWiFi
0x00000000435dd000 	/System/Library/Frameworks/CoreBluetooth.framework/Versions/A/CoreBluetooth
0x00000000435dd000 	/System/Library/Frameworks/CoreDisplay.framework/Versions/A/CoreDisplay
0x00000000435dd000 	/System/Library/PrivateFrameworks/IOPresentment.framework/Versions/A/IOPresentment
0x00000000435dd000 	/System/Library/PrivateFrameworks/DebugSymbols.framework/Versions/A/DebugSymbols
0x00000000435dd000 	/System/Library/PrivateFrameworks/CoreSymbolication.framework/Versions/A/CoreSymbolication
0x00000000435dd000 	/System/Library/PrivateFrameworks/Symbolication.framework/Versions/A/Symbolication
0x00000000435dd000 	/System/Library/PrivateFrameworks/AppleFSCompression.framework/Versions/A/AppleFSCompression
0x00000000435dd000 	/System/Library/PrivateFrameworks/SpeechRecognitionCore.framework/Versions/A/SpeechRecognitionCore
0x00000000435dd000 	/System/Library/PrivateFrameworks/ChunkingLibrary.framework/Versions/A/ChunkingLibrary
0x000000011117f000 	/Library/Java/JavaVirtualMachines/jdk1.8.0_144.jdk/Contents/Home/jre/lib/server/libjvm.dylib
0x00000000435dd000 	/usr/lib/libstdc++.6.dylib
0x000000010f6a9000 	/Library/Java/JavaVirtualMachines/jdk1.8.0_144.jdk/Contents/Home/jre/lib/libverify.dylib
0x000000010f6b7000 	/Library/Java/JavaVirtualMachines/jdk1.8.0_144.jdk/Contents/Home/jre/lib/libjava.dylib
0x000000010f6f6000 	/Library/Java/JavaVirtualMachines/jdk1.8.0_144.jdk/Contents/Home/jre/lib/libzip.dylib
0x00000001257cc000 	/System/Library/Frameworks/JavaVM.framework/Frameworks/JavaRuntimeSupport.framework/JavaRuntimeSupport
0x000000010f7e8000 	/System/Library/Frameworks/JavaVM.framework/Versions/A/Frameworks/JavaNativeFoundation.framework/Versions/A/JavaNativeFoundation
0x00000001257e6000 	/System/Library/Frameworks/JavaVM.framework/Versions/A/JavaVM
0x00000000435dd000 	/System/Library/Frameworks/Carbon.framework/Versions/A/Carbon
0x00000001257f3000 	/System/Library/PrivateFrameworks/JavaLaunching.framework/Versions/A/JavaLaunching
0x00000000435dd000 	/System/Library/Frameworks/Carbon.framework/Versions/A/Frameworks/CommonPanels.framework/Versions/A/CommonPanels
0x00000000435dd000 	/System/Library/Frameworks/Carbon.framework/Versions/A/Frameworks/Help.framework/Versions/A/Help
0x00000000435dd000 	/System/Library/Frameworks/Carbon.framework/Versions/A/Frameworks/ImageCapture.framework/Versions/A/ImageCapture
0x00000000435dd000 	/System/Library/Frameworks/Carbon.framework/Versions/A/Frameworks/OpenScripting.framework/Versions/A/OpenScripting
0x00000000435dd000 	/System/Library/Frameworks/Carbon.framework/Versions/A/Frameworks/Print.framework/Versions/A/Print
0x00000000435dd000 	/System/Library/Frameworks/Carbon.framework/Versions/A/Frameworks/SecurityHI.framework/Versions/A/SecurityHI
0x0000000127115000 	/Library/Java/JavaVirtualMachines/jdk1.8.0_144.jdk/Contents/Home/jre/lib/libnet.dylib
0x0000000127174000 	/Library/Java/JavaVirtualMachines/jdk1.8.0_144.jdk/Contents/Home/jre/lib/libnio.dylib
0x0000000128117000 	/Library/Java/JavaVirtualMachines/jdk1.8.0_144.jdk/Contents/Home/jre/lib/libmanagement.dylib
0x0000000128125000 	/Users/jasmina/ABH/eRestoran/target/jnotify/native_libraries/64bits/libjnotify.jnilib
0x0000000127b8b000 	/Library/Java/JavaVirtualMachines/jdk1.8.0_144.jdk/Contents/Home/jre/lib/libsunec.dylib

VM Arguments:
jvm_args: -Dfile.encoding=UTF8 -Djline.terminal=none -Dsbt.log.noformat=true -Dsbt.global.base=/private/var/folders/96/cw4ykw9n6z1d7rb_n0k307400000gn/T/sbt-global-pluginstub -Xms512M -Xmx1024M -Xss1M -XX:+CMSClassUnloadingEnabled -XX:MaxPermSize=256M 
java_command: xsbt.boot.Boot project root run
java_class_path (initial): /Users/jasmina/Library/Application Support/IntelliJIdea2017.2/Scala/launcher/sbt-launch.jar
Launcher Type: SUN_STANDARD

Environment Variables:
PATH=/usr/local/opt/node@6/bin:/usr/local/bin:/usr/bin:/bin:/usr/sbin:/sbin
SHELL=/bin/bash

Signal Handlers:
SIGSEGV: [libjvm.dylib+0x5b26e5], sa_mask[0]=11111111011111110111111111111111, sa_flags=SA_ONSTACK|SA_RESTART|SA_SIGINFO
SIGBUS: [libjvm.dylib+0x5b26e5], sa_mask[0]=11111111011111110111111111111111, sa_flags=SA_RESTART|SA_SIGINFO
SIGFPE: [libjvm.dylib+0x489100], sa_mask[0]=11111111011111110111111111111111, sa_flags=SA_RESTART|SA_SIGINFO
SIGPIPE: [libjvm.dylib+0x489100], sa_mask[0]=11111111011111110111111111111111, sa_flags=SA_RESTART|SA_SIGINFO
SIGXFSZ: [libjvm.dylib+0x489100], sa_mask[0]=11111111011111110111111111111111, sa_flags=SA_RESTART|SA_SIGINFO
SIGILL: [libjvm.dylib+0x489100], sa_mask[0]=11111111011111110111111111111111, sa_flags=SA_RESTART|SA_SIGINFO
SIGUSR1: SIG_DFL, sa_mask[0]=00000000000000000000000000000000, sa_flags=none
SIGUSR2: [libjvm.dylib+0x488c1e], sa_mask[0]=00100000000000000000000000000000, sa_flags=SA_RESTART|SA_SIGINFO
SIGHUP: [libjvm.dylib+0x4871f5], sa_mask[0]=11111111011111110111111111111111, sa_flags=SA_RESTART|SA_SIGINFO
SIGINT: [libjvm.dylib+0x4871f5], sa_mask[0]=11111111011111110111111111111111, sa_flags=SA_RESTART|SA_SIGINFO
SIGTERM: [libjvm.dylib+0x4871f5], sa_mask[0]=11111111011111110111111111111111, sa_flags=SA_RESTART|SA_SIGINFO
SIGQUIT: [libjvm.dylib+0x4871f5], sa_mask[0]=11111111011111110111111111111111, sa_flags=SA_RESTART|SA_SIGINFO


---------------  S Y S T E M  ---------------

OS:Bsduname:Darwin 16.1.0 Darwin Kernel Version 16.1.0: Wed Oct 19 20:31:56 PDT 2016; root:xnu-3789.21.4~4/RELEASE_X86_64 x86_64
rlimit: STACK 8192k, CORE 0k, NPROC 709, NOFILE 10240, AS infinity
load average:3.77 2.96 2.54

CPU:total 8 (initial active 8) (4 cores per cpu, 2 threads per core) family 6 model 70 stepping 1, cmov, cx8, fxsr, mmx, sse, sse2, sse3, ssse3, sse4.1, sse4.2, popcnt, avx, avx2, aes, clmul, erms, lzcnt, ht, tsc, tscinvbit, bmi1, bmi2

Memory: 4k page, physical 8388608k(20804k free)

/proc/meminfo:


vm_info: Java HotSpot(TM) 64-Bit Server VM (25.144-b01) for bsd-amd64 JRE (1.8.0_144-b01), built on Jul 21 2017 22:07:42 by "java_re" with gcc 4.2.1 (Based on Apple Inc. build 5658) (LLVM build 2336.11.00)

time: Mon Oct 16 13:35:43 2017
elapsed time: 3496 seconds (0d 0h 58m 16s)

