#
# A fatal error has been detected by the Java Runtime Environment:
#
#  SIGBUS (0xa) at pc=0x000000011cc5721e, pid=3784, tid=0x0000000000006703
#
# JRE version: Java(TM) SE Runtime Environment (8.0_144-b01) (build 1.8.0_144-b01)
# Java VM: Java HotSpot(TM) 64-Bit Server VM (25.144-b01 mixed mode bsd-amd64 compressed oops)
# Problematic frame:
# J 7420 C2 java.io.File.<init>(Ljava/lang/String;)V (47 bytes) @ 0x000000011cc5721e [0x000000011cc571e0+0x3e]
#
# Failed to write core dump. Core dumps have been disabled. To enable core dumping, try "ulimit -c unlimited" before starting Java again
#
# If you would like to submit a bug report, please visit:
#   http://bugreport.java.com/bugreport/crash.jsp
#

---------------  T H R E A D  ---------------

Current thread (0x00007fa7e34e8800):  JavaThread "FSEvent thread" daemon [_thread_in_Java, id=26371, stack(0x0000700004208000,0x0000700004308000)]

siginfo: si_signo: 10 (SIGBUS), si_code: 2 (BUS_ADRERR), si_addr: 0x00000007ddda1664

Registers:
RAX=0x00000007abd1bc78, RBX=0x00000007abd1bb58, RCX=0x0000000000000000, RDX=0x00000007ddda1658
RSP=0x0000700004301030, RBP=0x00007000043012a8, RSI=0x00000007abd1bc78, RDI=0x0000000118206f08
R8 =0x0000000003c13b09, R9 =0x0000000000000000, R10=0x000000010a570000, R11=0x0000000000000000
R12=0x0000000000000000, R13=0x000000011d394754, R14=0x0000700004301070, R15=0x00007fa7e34e8800
RIP=0x000000011cc5721e, EFLAGS=0x0000000000010202, ERR=0x0000000000000004
  TRAPNO=0x000000000000000e

Top of Stack: (sp=0x0000700004301030)
0x0000700004301030:   00000001182050b0 00000007abd1bc78
0x0000700004301040:   0000000118204a58 0000000000000000
0x0000700004301050:   0000700004301080 00007000043012a8
0x0000700004301060:   000000011d394754 000000000000000f
0x0000700004301070:   00007000043012a8 000000011d394bd4
0x0000700004301080:   0000000000000000 0000000000000000
0x0000700004301090:   3fe8dcf4623d0bfa 0000000000000000
0x00007000043010a0:   00000007abd1a4b0 0000000000000000
0x00007000043010b0:   00000007abd1b330 0000000000000000
0x00007000043010c0:   0000000000000009 0000000000000000
0x00007000043010d0:   00000007abd1a4f0 0000000000000000
0x00007000043010e0:   00000000f57a34eb 0000000000000000
0x00007000043010f0:   00000007abd1a758 0000000000000000
0x0000700004301100:   0000000000000008 000000011bae5fd9
0x0000700004301110:   0000000000000008 0000000000000000
0x0000700004301120:   0000000700000000 0000000781a28700
0x0000700004301130:   00000007abd1bb88 00000007abd1bb58
0x0000700004301140:   00000007abd1bc78 000000011b9da2bd
0x0000700004301150:   0000000000000000 000000011b9da2bd
0x0000700004301160:   00000007abd1bb58 0000700004301168
0x0000700004301170:   0000000118204dd9 00007000043011c8
0x0000700004301180:   0000000118204f48 0000000000000000
0x0000700004301190:   00000007abd1bb58 0000000782761200
0x00007000043011a0:   00007000043011b8 0000700004301230
0x00007000043011b0:   0000700004301230 000000011b9d9a90
0x00007000043011c0:   00007fa7ddda1658 000000011b9d9a90
0x00007000043011d0:   00000007abd1bb58 00000007819e21c8
0x00007000043011e0:   0000000000000019 0000000000000000
0x00007000043011f0:   00007000043011e0 0000000117a2914a
0x0000700004301200:   0000700004301278 00000001181fb028
0x0000700004301210:   0000000118207e48 0000000117a291c0
0x0000700004301220:   0000000000000000 0000700004301280 

Instructions: (pc=0x000000011cc5721e)
0x000000011cc571fe:   66 90 89 84 24 00 c0 fe ff 55 48 83 ec 40 48 89
0x000000011cc5720e:   74 24 08 44 89 66 14 48 85 d2 0f 84 7d 02 00 00
0x000000011cc5721e:   44 8b 4a 0c 47 8b 5c cc 0c 48 bd 00 00 57 0a 01
0x000000011cc5722e:   00 00 00 45 85 db 0f 8e 0d 02 00 00 45 85 db 0f 

Register to memory mapping:

RAX=0x00000007abd1bc78 is an oop
java.io.File 
 - klass: 'java/io/File'
RBX=0x00000007abd1bb58 is an oop
net.contentobjects.jnotify.macosx.JNotifyAdapterMacOSX$ScanJob 
 - klass: 'net/contentobjects/jnotify/macosx/JNotifyAdapterMacOSX$ScanJob'
RCX=0x0000000000000000 is an unknown value
RDX=0x00000007ddda1658 is an unknown value
RSP=0x0000700004301030 is pointing into the stack for thread: 0x00007fa7e34e8800
RBP=0x00007000043012a8 is pointing into the stack for thread: 0x00007fa7e34e8800
RSI=0x00000007abd1bc78 is an oop
java.io.File 
 - klass: 'java/io/File'
RDI=0x0000000118206f08 is pointing into metadata
R8 =0x0000000003c13b09 is an unknown value
R9 =0x0000000000000000 is an unknown value
R10=0x000000010a570000 is an unknown value
R11=0x0000000000000000 is an unknown value
R12=0x0000000000000000 is an unknown value
R13=0x000000011d394754 is at entry_point+1204 in (nmethod*)0x000000011d3938d0
R14=0x0000700004301070 is pointing into the stack for thread: 0x00007fa7e34e8800
R15=0x00007fa7e34e8800 is a thread


Stack: [0x0000700004208000,0x0000700004308000],  sp=0x0000700004301030,  free space=996k
Native frames: (J=compiled Java code, j=interpreted, Vv=VM code, C=native code)
J 7420 C2 java.io.File.<init>(Ljava/lang/String;)V (47 bytes) @ 0x000000011cc5721e [0x000000011cc571e0+0x3e]
J 11067 C1 net.contentobjects.jnotify.macosx.JNotifyAdapterMacOSX.batchEndEvent(I)V (815 bytes) @ 0x000000011d394bd4 [0x000000011d3942a0+0x934]
j  net.contentobjects.jnotify.macosx.JNotifyAdapterMacOSX$1.batchEnd(I)V+5
j  net.contentobjects.jnotify.macosx.JNotify_macosx.callbackInBatch(IZ)V+26
v  ~StubRoutines::call_stub
V  [libjvm.dylib+0x2ee70a]
V  [libjvm.dylib+0x3258b9]
V  [libjvm.dylib+0x318087]
C  [libjnotify.jnilib+0x1585]  fsevent_callback+0x115
C  [FSEvents+0x3b03]  implementation_callback_rpc+0x75b
C  [FSEvents+0x1702]  _Xcallback_rpc+0xfe
C  [FSEvents+0x17c9]  FSEventsD2F_server+0x37
C  [FSEvents+0x6fed]  FSEventsClientProcessMessageCallback+0x2c
C  [CoreFoundation+0x9030d]  __CFMachPortPerform+0xfd
C  [CoreFoundation+0x901f9]  __CFRUNLOOP_IS_CALLING_OUT_TO_A_SOURCE1_PERFORM_FUNCTION__+0x29
C  [CoreFoundation+0x90171]  __CFRunLoopDoSource1+0x1d1
C  [CoreFoundation+0x880c5]  __CFRunLoopRun+0x955
C  [CoreFoundation+0x87514]  CFRunLoopRunSpecific+0x1a4
C  [CoreFoundation+0xc6bb1]  CFRunLoopRun+0x61
j  net.contentobjects.jnotify.macosx.JNotify_macosx.nativeNotifyLoop()V+0
j  net.contentobjects.jnotify.macosx.JNotify_macosx.access$400()V+0
j  net.contentobjects.jnotify.macosx.JNotify_macosx$1.run()V+65
v  ~StubRoutines::call_stub
V  [libjvm.dylib+0x2ee70a]
V  [libjvm.dylib+0x2eeeae]
V  [libjvm.dylib+0x2ef05a]
V  [libjvm.dylib+0x3497b1]
V  [libjvm.dylib+0x56c0b3]
V  [libjvm.dylib+0x56d7a0]
V  [libjvm.dylib+0x48baee]
C  [libsystem_pthread.dylib+0x3aab]  _pthread_body+0xb4
C  [libsystem_pthread.dylib+0x39f7]  _pthread_body+0x0
C  [libsystem_pthread.dylib+0x3221]  thread_start+0xd
C  0x0000000000000000


---------------  P R O C E S S  ---------------

Java Threads: ( => current thread )
  0x00007fa7de26a800 JavaThread "play-dev-mode-akka.actor.default-dispatcher-14" [_thread_blocked, id=37651, stack(0x0000700005032000,0x0000700005132000)]
  0x00007fa7dead0000 JavaThread "play-dev-mode-akka.actor.default-dispatcher-13" [_thread_blocked, id=37395, stack(0x0000700004f2f000,0x000070000502f000)]
  0x00007fa7deab9000 JavaThread "play-dev-mode-akka.actor.default-dispatcher-11" [_thread_blocked, id=5415, stack(0x0000700004a20000,0x0000700004b20000)]
  0x00007fa7df820800 JavaThread "play-dev-mode-akka.actor.default-dispatcher-10" [_thread_blocked, id=25131, stack(0x0000700004002000,0x0000700004102000)]
  0x00007fa7dc82f000 JavaThread "play-dev-mode-akka.actor.default-dispatcher-9" [_thread_blocked, id=39683, stack(0x0000700005644000,0x0000700005744000)]
  0x00007fa7de262800 JavaThread "play-dev-mode-akka.actor.default-dispatcher-8" [_thread_blocked, id=39171, stack(0x0000700005541000,0x0000700005641000)]
  0x00007fa7e3891000 JavaThread "play-dev-mode-akka.actor.default-dispatcher-7" [_thread_blocked, id=38659, stack(0x000070000543e000,0x000070000553e000)]
  0x00007fa7e3f1c800 JavaThread "com.google.common.base.internal.Finalizer" daemon [_thread_blocked, id=25863, stack(0x0000700004e2c000,0x0000700004f2c000)]
  0x00007fa7df2e1800 JavaThread "HikariPool-1 housekeeper" daemon [_thread_blocked, id=22543, stack(0x0000700004c26000,0x0000700004d26000)]
  0x00007fa7e2ef8000 JavaThread "PostgreSQL-JDBC-SharedTimer-1" daemon [_thread_blocked, id=23315, stack(0x0000700004b23000,0x0000700004c23000)]
  0x00007fa7df2e4800 JavaThread "application-akka.actor.default-dispatcher-3" [_thread_blocked, id=36363, stack(0x0000700004105000,0x0000700004205000)]
  0x00007fa7e2ef8800 JavaThread "application-scheduler-1" [_thread_blocked, id=35343, stack(0x0000700003eff000,0x0000700003fff000)]
  0x00007fa7df7ec800 JavaThread "__DEFAULT__" daemon [_thread_blocked, id=34827, stack(0x0000700003dfc000,0x0000700003efc000)]
  0x00007fa7e3649000 JavaThread "AsyncAppender-Worker-ASYNCSTDOUT" daemon [_thread_blocked, id=34571, stack(0x0000700003bf6000,0x0000700003cf6000)]
  0x00007fa7e198e000 JavaThread "AsyncAppender-Worker-ASYNCFILE" daemon [_thread_blocked, id=34323, stack(0x00007000039f0000,0x0000700003af0000)]
  0x00007fa7e1974800 JavaThread "play-dev-mode-akka.actor.default-dispatcher-6" [_thread_blocked, id=32771, stack(0x000070000491d000,0x0000700004a1d000)]
  0x00007fa7e1953000 JavaThread "play-dev-mode-akka.io.pinned-dispatcher-5" [_thread_in_native, id=32259, stack(0x000070000481a000,0x000070000491a000)]
  0x00007fa7df3f5000 JavaThread "play-dev-mode-akka.actor.default-dispatcher-3" [_thread_blocked, id=31235, stack(0x0000700004614000,0x0000700004714000)]
  0x00007fa7e1ace800 JavaThread "play-dev-mode-scheduler-1" [_thread_blocked, id=30211, stack(0x000070000440e000,0x000070000450e000)]
  0x00007fa7e2846000 JavaThread "reloader-timer" daemon [_thread_blocked, id=29699, stack(0x000070000430b000,0x000070000440b000)]
=>0x00007fa7e34e8800 JavaThread "FSEvent thread" daemon [_thread_in_Java, id=26371, stack(0x0000700004208000,0x0000700004308000)]
  0x00007fa7e2aed800 JavaThread "pool-4-thread-2" [_thread_in_native, id=24591, stack(0x0000700003cf9000,0x0000700003df9000)]
  0x00007fa7e2b6f800 JavaThread "sbt-web-akka.actor.default-dispatcher-4" [_thread_blocked, id=23055, stack(0x0000700003af3000,0x0000700003bf3000)]
  0x00007fa7e353a800 JavaThread "sbt-web-scheduler-1" [_thread_blocked, id=24079, stack(0x00007000024ae000,0x00007000025ae000)]
  0x00007fa7de006800 JavaThread "Service Thread" daemon [_thread_blocked, id=21251, stack(0x00007000036e7000,0x00007000037e7000)]
  0x00007fa7dc01d800 JavaThread "C1 CompilerThread3" daemon [_thread_blocked, id=20739, stack(0x00007000035e4000,0x00007000036e4000)]
  0x00007fa7dc01d000 JavaThread "C2 CompilerThread2" daemon [_thread_blocked, id=20227, stack(0x00007000034e1000,0x00007000035e1000)]
  0x00007fa7dc01c000 JavaThread "C2 CompilerThread1" daemon [_thread_blocked, id=19715, stack(0x00007000033de000,0x00007000034de000)]
  0x00007fa7dc019800 JavaThread "C2 CompilerThread0" daemon [_thread_blocked, id=19203, stack(0x00007000032db000,0x00007000033db000)]
  0x00007fa7dc010000 JavaThread "Signal Dispatcher" daemon [_thread_blocked, id=18691, stack(0x00007000031d8000,0x00007000032d8000)]
  0x00007fa7dc807000 JavaThread "Finalizer" daemon [_thread_blocked, id=14595, stack(0x00007000030d5000,0x00007000031d5000)]
  0x00007fa7de800000 JavaThread "Reference Handler" daemon [_thread_blocked, id=14083, stack(0x0000700002fd2000,0x00007000030d2000)]
  0x00007fa7dc802000 JavaThread "main" [_thread_blocked, id=7171, stack(0x00007000025b4000,0x00007000026b4000)]

Other Threads:
  0x00007fa7dc00f000 VMThread [stack: 0x0000700002ecf000,0x0000700002fcf000] [id=13571]
  0x00007fa7de007800 WatcherThread [stack: 0x00007000037ea000,0x00007000038ea000] [id=21763]

VM state:not at safepoint (normal execution)

VM Mutex/Monitor currently owned by a thread: None

Heap:
 PSYoungGen      total 232960K, used 22809K [0x00000007aab00000, 0x00000007c0000000, 0x00000007c0000000)
  eden space 116736K, 16% used [0x00000007aab00000,0x00000007abdde520,0x00000007b1d00000)
  from space 116224K, 3% used [0x00000007b8e80000,0x00000007b91e8000,0x00000007c0000000)
  to   space 116224K, 0% used [0x00000007b1d00000,0x00000007b1d00000,0x00000007b8e80000)
 ParOldGen       total 688128K, used 117804K [0x0000000780000000, 0x00000007aa000000, 0x00000007aab00000)
  object space 688128K, 17% used [0x0000000780000000,0x000000078730b070,0x00000007aa000000)
 Metaspace       used 114975K, capacity 119080K, committed 119384K, reserved 1148928K
  class space    used 18720K, capacity 19212K, committed 19288K, reserved 1048576K

Card table byte_map: [0x000000010e170000,0x000000010e371000] byte_map_base: 0x000000010a570000

Marking Bits: (ParMarkBitMap*) 0x000000010d6f35d0
 Begin Bits: [0x000000010e4c7000, 0x000000010f4c7000)
 End Bits:   [0x000000010f4c7000, 0x00000001104c7000)

Polling page: 0x000000010bdf1000

CodeCache: size=245760Kb used=28149Kb max_used=28164Kb free=217610Kb
 bounds [0x000000011b9d2000, 0x000000011d582000, 0x000000012a9d2000]
 total_blobs=10777 nmethods=10089 adapters=598
 compilation: enabled

Compilation events (10 events):
Event: 351.087 Thread 0x00007fa7dc01d800 nmethod 12516 0x000000011d575490 code [0x000000011d5755e0, 0x000000011d5756f0]
Event: 351.087 Thread 0x00007fa7dc01d800 12517       1       scala.collection.Iterator$::empty (5 bytes)
Event: 351.087 Thread 0x00007fa7dc01d000 12518       4       akka.dispatch.forkjoin.ForkJoinPool::scan (801 bytes)
Event: 351.087 Thread 0x00007fa7dc01d800 nmethod 12517 0x000000011d5751d0 code [0x000000011d575320, 0x000000011d575430]
Event: 351.096 Thread 0x00007fa7dc01d000 nmethod 12518 0x000000011d573fd0 code [0x000000011d574180, 0x000000011d5749b0]
Event: 351.098 Thread 0x00007fa7dc019800 nmethod 12499 0x000000011d57b850 code [0x000000011d57ba60, 0x000000011d57cbc8]
Event: 421.828 Thread 0x00007fa7dc01d800 12519       3       net.contentobjects.jnotify.macosx.JNotify_macosx::callbackProcessEvent (19 bytes)
Event: 421.829 Thread 0x00007fa7dc01d800 nmethod 12519 0x000000011d57b290 code [0x000000011d57b420, 0x000000011d57b6c8]
Event: 421.829 Thread 0x00007fa7dc01d800 12520       3       net.contentobjects.jnotify.macosx.JNotifyAdapterMacOSX$1::notifyChange (13 bytes)
Event: 421.829 Thread 0x00007fa7dc01d800 nmethod 12520 0x000000011d57ae90 code [0x000000011d57b000, 0x000000011d57b1a8]

GC Heap History (10 events):
Event: 296.446 GC heap before
{Heap before GC invocations=134 (full 20):
 PSYoungGen      total 228352K, used 116736K [0x00000007aab00000, 0x00000007c0000000, 0x00000007c0000000)
  eden space 116736K, 100% used [0x00000007aab00000,0x00000007b1d00000,0x00000007b1d00000)
  from space 111616K, 0% used [0x00000007b9300000,0x00000007b9300000,0x00000007c0000000)
  to   space 116224K, 0% used [0x00000007b1d00000,0x00000007b1d00000,0x00000007b8e80000)
 ParOldGen       total 699392K, used 641023K [0x0000000780000000, 0x00000007aab00000, 0x00000007aab00000)
  object space 699392K, 91% used [0x0000000780000000,0x00000007a71ffdd0,0x00000007aab00000)
 Metaspace       used 109202K, capacity 113418K, committed 113752K, reserved 1144832K
  class space    used 17928K, capacity 18410K, committed 18520K, reserved 1048576K
Event: 296.596 GC heap after
Heap after GC invocations=134 (full 20):
 PSYoungGen      total 228352K, used 0K [0x00000007aab00000, 0x00000007c0000000, 0x00000007c0000000)
  eden space 116736K, 0% used [0x00000007aab00000,0x00000007aab00000,0x00000007b1d00000)
  from space 111616K, 0% used [0x00000007b9300000,0x00000007b9300000,0x00000007c0000000)
  to   space 116224K, 0% used [0x00000007b1d00000,0x00000007b1d00000,0x00000007b8e80000)
 ParOldGen       total 688128K, used 111511K [0x0000000780000000, 0x00000007aa000000, 0x00000007aab00000)
  object space 688128K, 16% used [0x0000000780000000,0x0000000786ce5ca8,0x00000007aa000000)
 Metaspace       used 109029K, capacity 113050K, committed 113752K, reserved 1144832K
  class space    used 17877K, capacity 18347K, committed 18520K, reserved 1048576K
}
Event: 315.795 GC heap before
{Heap before GC invocations=135 (full 20):
 PSYoungGen      total 228352K, used 116736K [0x00000007aab00000, 0x00000007c0000000, 0x00000007c0000000)
  eden space 116736K, 100% used [0x00000007aab00000,0x00000007b1d00000,0x00000007b1d00000)
  from space 111616K, 0% used [0x00000007b9300000,0x00000007b9300000,0x00000007c0000000)
  to   space 116224K, 0% used [0x00000007b1d00000,0x00000007b1d00000,0x00000007b8e80000)
 ParOldGen       total 688128K, used 111511K [0x0000000780000000, 0x00000007aa000000, 0x00000007aab00000)
  object space 688128K, 16% used [0x0000000780000000,0x0000000786ce5ca8,0x00000007aa000000)
 Metaspace       used 114947K, capacity 119074K, committed 119384K, reserved 1148928K
  class space    used 18719K, capacity 19211K, committed 19288K, reserved 1048576K
Event: 315.802 GC heap after
Heap after GC invocations=135 (full 20):
 PSYoungGen      total 232960K, used 8819K [0x00000007aab00000, 0x00000007c0000000, 0x00000007c0000000)
  eden space 116736K, 0% used [0x00000007aab00000,0x00000007aab00000,0x00000007b1d00000)
  from space 116224K, 7% used [0x00000007b1d00000,0x00000007b259cf40,0x00000007b8e80000)
  to   space 116224K, 0% used [0x00000007b8e80000,0x00000007b8e80000,0x00000007c0000000)
 ParOldGen       total 688128K, used 111519K [0x0000000780000000, 0x00000007aa000000, 0x00000007aab00000)
  object space 688128K, 16% used [0x0000000780000000,0x0000000786ce7ca8,0x00000007aa000000)
 Metaspace       used 114947K, capacity 119074K, committed 119384K, reserved 1148928K
  class space    used 18719K, capacity 19211K, committed 19288K, reserved 1048576K
}
Event: 389.180 GC heap before
{Heap before GC invocations=136 (full 20):
 PSYoungGen      total 232960K, used 125555K [0x00000007aab00000, 0x00000007c0000000, 0x00000007c0000000)
  eden space 116736K, 100% used [0x00000007aab00000,0x00000007b1d00000,0x00000007b1d00000)
  from space 116224K, 7% used [0x00000007b1d00000,0x00000007b259cf40,0x00000007b8e80000)
  to   space 116224K, 0% used [0x00000007b8e80000,0x00000007b8e80000,0x00000007c0000000)
 ParOldGen       total 688128K, used 111519K [0x0000000780000000, 0x00000007aa000000, 0x00000007aab00000)
  object space 688128K, 16% used [0x0000000780000000,0x0000000786ce7ca8,0x00000007aa000000)
 Metaspace       used 114973K, capacity 119080K, committed 119384K, reserved 1148928K
  class space    used 18720K, capacity 19212K, committed 19288K, reserved 1048576K
Event: 389.186 GC heap after
Heap after GC invocations=136 (full 20):
 PSYoungGen      total 232960K, used 2112K [0x00000007aab00000, 0x00000007c0000000, 0x00000007c0000000)
  eden space 116736K, 0% used [0x00000007aab00000,0x00000007aab00000,0x00000007b1d00000)
  from space 116224K, 1% used [0x00000007b8e80000,0x00000007b9090000,0x00000007c0000000)
  to   space 116224K, 0% used [0x00000007b1d00000,0x00000007b1d00000,0x00000007b8e80000)
 ParOldGen       total 688128K, used 115052K [0x0000000780000000, 0x00000007aa000000, 0x00000007aab00000)
  object space 688128K, 16% used [0x0000000780000000,0x000000078705b070,0x00000007aa000000)
 Metaspace       used 114973K, capacity 119080K, committed 119384K, reserved 1148928K
  class space    used 18720K, capacity 19212K, committed 19288K, reserved 1048576K
}
Event: 414.629 GC heap before
{Heap before GC invocations=137 (full 20):
 PSYoungGen      total 232960K, used 118848K [0x00000007aab00000, 0x00000007c0000000, 0x00000007c0000000)
  eden space 116736K, 100% used [0x00000007aab00000,0x00000007b1d00000,0x00000007b1d00000)
  from space 116224K, 1% used [0x00000007b8e80000,0x00000007b9090000,0x00000007c0000000)
  to   space 116224K, 0% used [0x00000007b1d00000,0x00000007b1d00000,0x00000007b8e80000)
 ParOldGen       total 688128K, used 115052K [0x0000000780000000, 0x00000007aa000000, 0x00000007aab00000)
  object space 688128K, 16% used [0x0000000780000000,0x000000078705b070,0x00000007aa000000)
 Metaspace       used 114973K, capacity 119080K, committed 119384K, reserved 1148928K
  class space    used 18720K, capacity 19212K, committed 19288K, reserved 1048576K
Event: 414.634 GC heap after
Heap after GC invocations=137 (full 20):
 PSYoungGen      total 232960K, used 2688K [0x00000007aab00000, 0x00000007c0000000, 0x00000007c0000000)
  eden space 116736K, 0% used [0x00000007aab00000,0x00000007aab00000,0x00000007b1d00000)
  from space 116224K, 2% used [0x00000007b1d00000,0x00000007b1fa0000,0x00000007b8e80000)
  to   space 116224K, 0% used [0x00000007b8e80000,0x00000007b8e80000,0x00000007c0000000)
 ParOldGen       total 688128K, used 116756K [0x0000000780000000, 0x00000007aa000000, 0x00000007aab00000)
  object space 688128K, 16% used [0x0000000780000000,0x0000000787205070,0x00000007aa000000)
 Metaspace       used 114973K, capacity 119080K, committed 119384K, reserved 1148928K
  class space    used 18720K, capacity 19212K, committed 19288K, reserved 1048576K
}
Event: 421.302 GC heap before
{Heap before GC invocations=138 (full 20):
 PSYoungGen      total 232960K, used 119424K [0x00000007aab00000, 0x00000007c0000000, 0x00000007c0000000)
  eden space 116736K, 100% used [0x00000007aab00000,0x00000007b1d00000,0x00000007b1d00000)
  from space 116224K, 2% used [0x00000007b1d00000,0x00000007b1fa0000,0x00000007b8e80000)
  to   space 116224K, 0% used [0x00000007b8e80000,0x00000007b8e80000,0x00000007c0000000)
 ParOldGen       total 688128K, used 116756K [0x0000000780000000, 0x00000007aa000000, 0x00000007aab00000)
  object space 688128K, 16% used [0x0000000780000000,0x0000000787205070,0x00000007aa000000)
 Metaspace       used 114973K, capacity 119080K, committed 119384K, reserved 1148928K
  class space    used 18720K, capacity 19212K, committed 19288K, reserved 1048576K
Event: 421.306 GC heap after
Heap after GC invocations=138 (full 20):
 PSYoungGen      total 232960K, used 3488K [0x00000007aab00000, 0x00000007c0000000, 0x00000007c0000000)
  eden space 116736K, 0% used [0x00000007aab00000,0x00000007aab00000,0x00000007b1d00000)
  from space 116224K, 3% used [0x00000007b8e80000,0x00000007b91e8000,0x00000007c0000000)
  to   space 116224K, 0% used [0x00000007b1d00000,0x00000007b1d00000,0x00000007b8e80000)
 ParOldGen       total 688128K, used 117804K [0x0000000780000000, 0x00000007aa000000, 0x00000007aab00000)
  object space 688128K, 17% used [0x0000000780000000,0x000000078730b070,0x00000007aa000000)
 Metaspace       used 114973K, capacity 119080K, committed 119384K, reserved 1148928K
  class space    used 18720K, capacity 19212K, committed 19288K, reserved 1048576K
}

Deoptimization events (10 events):
Event: 297.505 Thread 0x00007fa7e3891000 Uncommon trap: reason=class_check action=maybe_recompile pc=0x000000011bb34304 method=java.lang.reflect.Array.newInstance(Ljava/lang/Class;I)Ljava/lang/Object; @ 2
Event: 297.507 Thread 0x00007fa7e3891000 Uncommon trap: reason=unstable_if action=reinterpret pc=0x000000011d4c66e8 method=java.util.HashMap.putMapEntries(Ljava/util/Map;Z)V @ 53
Event: 297.545 Thread 0x00007fa7e3649000 Uncommon trap: reason=bimorphic action=maybe_recompile pc=0x000000011d4ee580 method=java.io.FilterOutputStream.write([B)V @ 5
Event: 297.545 Thread 0x00007fa7e3649000 Uncommon trap: reason=bimorphic action=maybe_recompile pc=0x000000011d4ee580 method=java.io.FilterOutputStream.write([B)V @ 5
Event: 297.545 Thread 0x00007fa7e3649000 Uncommon trap: reason=bimorphic action=maybe_recompile pc=0x000000011d4ee580 method=java.io.FilterOutputStream.write([B)V @ 5
Event: 297.547 Thread 0x00007fa7dc82f000 Uncommon trap: reason=class_check action=maybe_recompile pc=0x000000011d1b1508 method=sun.nio.ch.IOUtil.write(Ljava/io/FileDescriptor;Ljava/nio/ByteBuffer;JLsun/nio/ch/NativeDispatcher;)I @ 1
Event: 297.547 Thread 0x00007fa7de262800 Uncommon trap: reason=class_check action=maybe_recompile pc=0x000000011d1b1508 method=sun.nio.ch.IOUtil.write(Ljava/io/FileDescriptor;Ljava/nio/ByteBuffer;JLsun/nio/ch/NativeDispatcher;)I @ 1
Event: 297.547 Thread 0x00007fa7dc82f000 Uncommon trap: reason=unstable_if action=reinterpret pc=0x000000011cbf3864 method=akka.dispatch.forkjoin.ForkJoinPool.scan(Lakka/dispatch/forkjoin/ForkJoinPool$WorkQueue;)Lakka/dispatch/forkjoin/ForkJoinTask; @ 204
Event: 297.547 Thread 0x00007fa7de262800 Uncommon trap: reason=class_check action=maybe_recompile pc=0x000000011d1b1508 method=sun.nio.ch.IOUtil.write(Ljava/io/FileDescriptor;Ljava/nio/ByteBuffer;JLsun/nio/ch/NativeDispatcher;)I @ 1
Event: 297.547 Thread 0x00007fa7df3f5000 Uncommon trap: reason=class_check action=maybe_recompile pc=0x000000011d1b1508 method=sun.nio.ch.IOUtil.write(Ljava/io/FileDescriptor;Ljava/nio/ByteBuffer;JLsun/nio/ch/NativeDispatcher;)I @ 1

Internal exceptions (10 events):
Event: 295.476 Thread 0x00007fa7e1974800 Exception <a 'java/lang/ArrayIndexOutOfBoundsException': 1> (0x00000007accc8140) thrown at [/Users/java_re/workspace/8-2-build-macosx-x86_64/jdk8u144/9417/hotspot/src/share/vm/interpreter/interpreterRuntime.cpp, line 366]
Event: 295.541 Thread 0x00007fa7deb25800 Exception <a 'java/lang/NoSuchMethodError': java.lang.Object.$anonfun$addStopHook$1(Ljava/util/concurrent/Callable;)Lscala/concurrent/Future;> (0x00000007ad1d1aa8) thrown at [/Users/java_re/workspace/8-2-build-macosx-x86_64/jdk8u144/9417/hotspot/src/share
Event: 296.035 Thread 0x00007fa7deb25800 Exception <a 'java/lang/NullPointerException'> (0x00000007b0121128) thrown at [/Users/java_re/workspace/8-2-build-macosx-x86_64/jdk8u144/9417/hotspot/src/share/vm/runtime/reflection.cpp, line 922]
Event: 296.212 Thread 0x00007fa7deb25800 Exception <a 'java/lang/reflect/InvocationTargetException'> (0x00000007b04cb078) thrown at [/Users/java_re/workspace/8-2-build-macosx-x86_64/jdk8u144/9417/hotspot/src/share/vm/runtime/reflection.cpp, line 1092]
Event: 296.814 Thread 0x00007fa7deb25800 Exception <a 'java/lang/NoClassDefFoundError': javax/el/ExpressionFactory> (0x00000007abd18038) thrown at [/Users/java_re/workspace/8-2-build-macosx-x86_64/jdk8u144/9417/hotspot/src/share/vm/classfile/systemDictionary.cpp, line 199]
Event: 296.815 Thread 0x00007fa7deb25800 Exception <a 'java/lang/NoClassDefFoundError': javax/el/ExpressionFactory> (0x00000007abd22f20) thrown at [/Users/java_re/workspace/8-2-build-macosx-x86_64/jdk8u144/9417/hotspot/src/share/vm/oops/constantPool.cpp, line 235]
Event: 297.200 Thread 0x00007fa7deb25800 Implicit null exception at 0x000000011c30ed45 to 0x000000011c30ed9d
Event: 297.339 Thread 0x00007fa7deb25800 Exception <a 'javax/validation/ValidationException'> (0x00000007aecaa6c8) thrown at [/Users/java_re/workspace/8-2-build-macosx-x86_64/jdk8u144/9417/hotspot/src/share/vm/prims/jvm.cpp, line 1394]
Event: 297.347 Thread 0x00007fa7deb25800 Exception <a 'javax/validation/ValidationException'> (0x00000007aedd0a40) thrown at [/Users/java_re/workspace/8-2-build-macosx-x86_64/jdk8u144/9417/hotspot/src/share/vm/prims/jvm.cpp, line 1394]
Event: 376.295 Thread 0x00007fa7e34e8800 Exception <a 'java/io/FileNotFoundException': /Users/jasmina/ABH/eRestoran/public/eRestoran_FE/tmp/rollup-cache_path-VyM8jwMD.tmp/node_modules/.bin/í ½í°¹> (0x00000007b01734f0) thrown at [/Users/java_re/workspace/8-2-build-macosx-x86_64/jdk8u144/9417/hots

Events (10 events):
Event: 389.180 Executing VM operation: ParallelGCFailedAllocation
Event: 389.186 Executing VM operation: ParallelGCFailedAllocation done
Event: 409.095 Executing VM operation: RevokeBias
Event: 409.096 Executing VM operation: RevokeBias done
Event: 409.096 Thread 0x00007fa7e5c12000 Thread exited: 0x00007fa7e5c12000
Event: 414.629 Executing VM operation: ParallelGCFailedAllocation
Event: 414.634 Executing VM operation: ParallelGCFailedAllocation done
Event: 421.302 Executing VM operation: ParallelGCFailedAllocation
Event: 421.306 Executing VM operation: ParallelGCFailedAllocation done
Event: 421.829 Thread 0x00007fa7dc01d800 flushing nmethod 0x000000011bc4b9d0


Dynamic libraries:
0x000000002115b000 	/System/Library/Frameworks/Cocoa.framework/Versions/A/Cocoa
0x000000002115b000 	/System/Library/Frameworks/Security.framework/Versions/A/Security
0x000000002115b000 	/System/Library/Frameworks/ApplicationServices.framework/Versions/A/ApplicationServices
0x000000002115b000 	/usr/lib/libz.1.dylib
0x000000002115b000 	/usr/lib/libSystem.B.dylib
0x000000002115b000 	/usr/lib/libobjc.A.dylib
0x000000002115b000 	/System/Library/Frameworks/CoreFoundation.framework/Versions/A/CoreFoundation
0x000000002115b000 	/System/Library/Frameworks/Foundation.framework/Versions/C/Foundation
0x000000002115b000 	/System/Library/Frameworks/AppKit.framework/Versions/C/AppKit
0x000000002115b000 	/System/Library/Frameworks/CoreData.framework/Versions/A/CoreData
0x000000002115b000 	/System/Library/PrivateFrameworks/RemoteViewServices.framework/Versions/A/RemoteViewServices
0x000000002115b000 	/System/Library/PrivateFrameworks/UIFoundation.framework/Versions/A/UIFoundation
0x000000002115b000 	/System/Library/PrivateFrameworks/DFRFoundation.framework/Versions/A/DFRFoundation
0x000000002115b000 	/usr/lib/libenergytrace.dylib
0x000000002115b000 	/System/Library/PrivateFrameworks/SkyLight.framework/Versions/A/SkyLight
0x000000002115b000 	/System/Library/Frameworks/CoreGraphics.framework/Versions/A/CoreGraphics
0x000000002115b000 	/usr/lib/libScreenReader.dylib
0x000000002115b000 	/System/Library/Frameworks/Accelerate.framework/Versions/A/Accelerate
0x000000002115b000 	/System/Library/Frameworks/IOSurface.framework/Versions/A/IOSurface
0x000000002115b000 	/System/Library/Frameworks/AudioToolbox.framework/Versions/A/AudioToolbox
0x000000002115b000 	/System/Library/Frameworks/AudioUnit.framework/Versions/A/AudioUnit
0x000000002115b000 	/System/Library/PrivateFrameworks/DataDetectorsCore.framework/Versions/A/DataDetectorsCore
0x000000002115b000 	/System/Library/PrivateFrameworks/DesktopServicesPriv.framework/Versions/A/DesktopServicesPriv
0x000000002115b000 	/System/Library/Frameworks/Carbon.framework/Versions/A/Frameworks/HIToolbox.framework/Versions/A/HIToolbox
0x000000002115b000 	/usr/lib/libicucore.A.dylib
0x000000002115b000 	/System/Library/Frameworks/QuartzCore.framework/Versions/A/QuartzCore
0x000000002115b000 	/System/Library/Frameworks/Carbon.framework/Versions/A/Frameworks/SpeechRecognition.framework/Versions/A/SpeechRecognition
0x000000002115b000 	/usr/lib/libauto.dylib
0x000000002115b000 	/usr/lib/libxml2.2.dylib
0x000000002115b000 	/System/Library/PrivateFrameworks/CoreUI.framework/Versions/A/CoreUI
0x000000002115b000 	/System/Library/Frameworks/CoreAudio.framework/Versions/A/CoreAudio
0x000000002115b000 	/System/Library/Frameworks/DiskArbitration.framework/Versions/A/DiskArbitration
0x000000002115b000 	/usr/lib/liblangid.dylib
0x000000002115b000 	/System/Library/PrivateFrameworks/MultitouchSupport.framework/Versions/A/MultitouchSupport
0x000000002115b000 	/System/Library/Frameworks/IOKit.framework/Versions/A/IOKit
0x000000002115b000 	/usr/lib/libDiagnosticMessagesClient.dylib
0x000000002115b000 	/System/Library/Frameworks/CoreServices.framework/Versions/A/CoreServices
0x000000002115b000 	/System/Library/PrivateFrameworks/PerformanceAnalysis.framework/Versions/A/PerformanceAnalysis
0x000000002115b000 	/System/Library/PrivateFrameworks/GenerationalStorage.framework/Versions/A/GenerationalStorage
0x000000002115b000 	/System/Library/Frameworks/OpenGL.framework/Versions/A/OpenGL
0x000000002115b000 	/System/Library/Frameworks/CoreImage.framework/Versions/A/CoreImage
0x000000002115b000 	/System/Library/Frameworks/CoreText.framework/Versions/A/CoreText
0x000000002115b000 	/System/Library/Frameworks/ImageIO.framework/Versions/A/ImageIO
0x000000002115b000 	/System/Library/PrivateFrameworks/Backup.framework/Versions/A/Backup
0x000000002115b000 	/usr/lib/libarchive.2.dylib
0x000000002115b000 	/System/Library/Frameworks/CFNetwork.framework/Versions/A/CFNetwork
0x000000002115b000 	/System/Library/Frameworks/SystemConfiguration.framework/Versions/A/SystemConfiguration
0x000000002115b000 	/usr/lib/libCRFSuite.dylib
0x000000002115b000 	/usr/lib/libc++.1.dylib
0x000000002115b000 	/usr/lib/libc++abi.dylib
0x000000002115b000 	/usr/lib/system/libcache.dylib
0x000000002115b000 	/usr/lib/system/libcommonCrypto.dylib
0x000000002115b000 	/usr/lib/system/libcompiler_rt.dylib
0x000000002115b000 	/usr/lib/system/libcopyfile.dylib
0x000000002115b000 	/usr/lib/system/libcorecrypto.dylib
0x000000002115b000 	/usr/lib/system/libdispatch.dylib
0x000000002115b000 	/usr/lib/system/libdyld.dylib
0x000000002115b000 	/usr/lib/system/libkeymgr.dylib
0x000000002115b000 	/usr/lib/system/liblaunch.dylib
0x000000002115b000 	/usr/lib/system/libmacho.dylib
0x000000002115b000 	/usr/lib/system/libquarantine.dylib
0x000000002115b000 	/usr/lib/system/libremovefile.dylib
0x000000002115b000 	/usr/lib/system/libsystem_asl.dylib
0x000000002115b000 	/usr/lib/system/libsystem_blocks.dylib
0x000000002115b000 	/usr/lib/system/libsystem_c.dylib
0x000000002115b000 	/usr/lib/system/libsystem_configuration.dylib
0x000000002115b000 	/usr/lib/system/libsystem_coreservices.dylib
0x000000002115b000 	/usr/lib/system/libsystem_coretls.dylib
0x000000002115b000 	/usr/lib/system/libsystem_dnssd.dylib
0x000000002115b000 	/usr/lib/system/libsystem_info.dylib
0x000000002115b000 	/usr/lib/system/libsystem_kernel.dylib
0x000000002115b000 	/usr/lib/system/libsystem_m.dylib
0x000000002115b000 	/usr/lib/system/libsystem_malloc.dylib
0x000000002115b000 	/usr/lib/system/libsystem_network.dylib
0x000000002115b000 	/usr/lib/system/libsystem_networkextension.dylib
0x000000002115b000 	/usr/lib/system/libsystem_notify.dylib
0x000000002115b000 	/usr/lib/system/libsystem_platform.dylib
0x000000002115b000 	/usr/lib/system/libsystem_pthread.dylib
0x000000002115b000 	/usr/lib/system/libsystem_sandbox.dylib
0x000000002115b000 	/usr/lib/system/libsystem_secinit.dylib
0x000000002115b000 	/usr/lib/system/libsystem_symptoms.dylib
0x000000002115b000 	/usr/lib/system/libsystem_trace.dylib
0x000000002115b000 	/usr/lib/system/libunwind.dylib
0x000000002115b000 	/usr/lib/system/libxpc.dylib
0x000000002115b000 	/usr/lib/libbsm.0.dylib
0x000000002115b000 	/usr/lib/system/libkxld.dylib
0x000000002115b000 	/usr/lib/libcoretls.dylib
0x000000002115b000 	/usr/lib/libcoretls_cfhelpers.dylib
0x000000002115b000 	/usr/lib/libxar.1.dylib
0x000000002115b000 	/usr/lib/libsqlite3.dylib
0x000000002115b000 	/usr/lib/libpam.2.dylib
0x000000002115b000 	/usr/lib/libOpenScriptingUtil.dylib
0x000000002115b000 	/usr/lib/libbz2.1.0.dylib
0x000000002115b000 	/usr/lib/liblzma.5.dylib
0x000000002115b000 	/usr/lib/libnetwork.dylib
0x000000002115b000 	/usr/lib/libpcap.A.dylib
0x000000002115b000 	/System/Library/Frameworks/CoreServices.framework/Versions/A/Frameworks/FSEvents.framework/Versions/A/FSEvents
0x000000002115b000 	/System/Library/Frameworks/CoreServices.framework/Versions/A/Frameworks/CarbonCore.framework/Versions/A/CarbonCore
0x000000002115b000 	/System/Library/Frameworks/CoreServices.framework/Versions/A/Frameworks/Metadata.framework/Versions/A/Metadata
0x000000002115b000 	/System/Library/Frameworks/CoreServices.framework/Versions/A/Frameworks/OSServices.framework/Versions/A/OSServices
0x000000002115b000 	/System/Library/Frameworks/CoreServices.framework/Versions/A/Frameworks/SearchKit.framework/Versions/A/SearchKit
0x000000002115b000 	/System/Library/Frameworks/CoreServices.framework/Versions/A/Frameworks/AE.framework/Versions/A/AE
0x000000002115b000 	/System/Library/Frameworks/CoreServices.framework/Versions/A/Frameworks/LaunchServices.framework/Versions/A/LaunchServices
0x000000002115b000 	/System/Library/Frameworks/CoreServices.framework/Versions/A/Frameworks/DictionaryServices.framework/Versions/A/DictionaryServices
0x000000002115b000 	/System/Library/Frameworks/CoreServices.framework/Versions/A/Frameworks/SharedFileList.framework/Versions/A/SharedFileList
0x000000002115b000 	/System/Library/Frameworks/NetFS.framework/Versions/A/NetFS
0x000000002115b000 	/System/Library/PrivateFrameworks/NetAuth.framework/Versions/A/NetAuth
0x000000002115b000 	/System/Library/PrivateFrameworks/login.framework/Versions/A/Frameworks/loginsupport.framework/Versions/A/loginsupport
0x000000002115b000 	/System/Library/PrivateFrameworks/TCC.framework/Versions/A/TCC
0x000000002115b000 	/usr/lib/libmecabra.dylib
0x000000002115b000 	/System/Library/Frameworks/ApplicationServices.framework/Versions/A/Frameworks/ATS.framework/Versions/A/ATS
0x000000002115b000 	/System/Library/Frameworks/ApplicationServices.framework/Versions/A/Frameworks/ColorSync.framework/Versions/A/ColorSync
0x000000002115b000 	/System/Library/Frameworks/ApplicationServices.framework/Versions/A/Frameworks/HIServices.framework/Versions/A/HIServices
0x000000002115b000 	/System/Library/Frameworks/ApplicationServices.framework/Versions/A/Frameworks/LangAnalysis.framework/Versions/A/LangAnalysis
0x000000002115b000 	/System/Library/Frameworks/ApplicationServices.framework/Versions/A/Frameworks/PrintCore.framework/Versions/A/PrintCore
0x000000002115b000 	/System/Library/Frameworks/ApplicationServices.framework/Versions/A/Frameworks/QD.framework/Versions/A/QD
0x000000002115b000 	/System/Library/Frameworks/ApplicationServices.framework/Versions/A/Frameworks/SpeechSynthesis.framework/Versions/A/SpeechSynthesis
0x000000002115b000 	/System/Library/Frameworks/Accelerate.framework/Versions/A/Frameworks/vImage.framework/Versions/A/vImage
0x000000002115b000 	/System/Library/Frameworks/Accelerate.framework/Versions/A/Frameworks/vecLib.framework/Versions/A/vecLib
0x000000002115b000 	/System/Library/Frameworks/Accelerate.framework/Versions/A/Frameworks/vecLib.framework/Versions/A/libvDSP.dylib
0x000000002115b000 	/System/Library/Frameworks/Accelerate.framework/Versions/A/Frameworks/vecLib.framework/Versions/A/libBNNS.dylib
0x000000002115b000 	/System/Library/Frameworks/Accelerate.framework/Versions/A/Frameworks/vecLib.framework/Versions/A/libQuadrature.dylib
0x000000002115b000 	/System/Library/Frameworks/Accelerate.framework/Versions/A/Frameworks/vecLib.framework/Versions/A/libvMisc.dylib
0x000000002115b000 	/System/Library/Frameworks/Accelerate.framework/Versions/A/Frameworks/vecLib.framework/Versions/A/libLAPACK.dylib
0x000000002115b000 	/System/Library/Frameworks/Accelerate.framework/Versions/A/Frameworks/vecLib.framework/Versions/A/libBLAS.dylib
0x000000002115b000 	/System/Library/Frameworks/Accelerate.framework/Versions/A/Frameworks/vecLib.framework/Versions/A/libLinearAlgebra.dylib
0x000000002115b000 	/System/Library/Frameworks/Accelerate.framework/Versions/A/Frameworks/vecLib.framework/Versions/A/libSparseBLAS.dylib
0x000000002115b000 	/System/Library/Frameworks/ApplicationServices.framework/Versions/A/Frameworks/ATS.framework/Versions/A/Resources/libFontParser.dylib
0x000000002115b000 	/System/Library/Frameworks/ApplicationServices.framework/Versions/A/Frameworks/ATS.framework/Versions/A/Resources/libFontRegistry.dylib
0x000000002115b000 	/System/Library/Frameworks/ImageIO.framework/Versions/A/Resources/libJPEG.dylib
0x000000002115b000 	/System/Library/Frameworks/ImageIO.framework/Versions/A/Resources/libTIFF.dylib
0x000000002115b000 	/System/Library/Frameworks/ImageIO.framework/Versions/A/Resources/libPng.dylib
0x000000002115b000 	/System/Library/Frameworks/ImageIO.framework/Versions/A/Resources/libGIF.dylib
0x000000002115b000 	/System/Library/Frameworks/ImageIO.framework/Versions/A/Resources/libJP2.dylib
0x000000002115b000 	/System/Library/Frameworks/ImageIO.framework/Versions/A/Resources/libRadiance.dylib
0x000000002115b000 	/usr/lib/libcompression.dylib
0x000000002115b000 	/System/Library/PrivateFrameworks/AppleJPEG.framework/Versions/A/AppleJPEG
0x000000002115b000 	/usr/lib/libcups.2.dylib
0x000000002115b000 	/System/Library/Frameworks/Kerberos.framework/Versions/A/Kerberos
0x000000002115b000 	/System/Library/Frameworks/GSS.framework/Versions/A/GSS
0x000000002115b000 	/usr/lib/libresolv.9.dylib
0x000000002115b000 	/usr/lib/libiconv.2.dylib
0x000000002115b000 	/System/Library/PrivateFrameworks/Heimdal.framework/Versions/A/Heimdal
0x000000002115b000 	/usr/lib/libheimdal-asn1.dylib
0x000000002115b000 	/System/Library/Frameworks/OpenDirectory.framework/Versions/A/OpenDirectory
0x000000002115b000 	/System/Library/PrivateFrameworks/CommonAuth.framework/Versions/A/CommonAuth
0x000000002115b000 	/System/Library/Frameworks/OpenDirectory.framework/Versions/A/Frameworks/CFOpenDirectory.framework/Versions/A/CFOpenDirectory
0x000000002115b000 	/System/Library/Frameworks/SecurityFoundation.framework/Versions/A/SecurityFoundation
0x000000002115b000 	/System/Library/PrivateFrameworks/LanguageModeling.framework/Versions/A/LanguageModeling
0x000000002115b000 	/usr/lib/libmarisa.dylib
0x000000002115b000 	/usr/lib/libChineseTokenizer.dylib
0x000000002115b000 	/usr/lib/libcmph.dylib
0x000000002115b000 	/System/Library/PrivateFrameworks/CoreEmoji.framework/Versions/A/CoreEmoji
0x000000002115b000 	/System/Library/Frameworks/ServiceManagement.framework/Versions/A/ServiceManagement
0x000000002115b000 	/usr/lib/libxslt.1.dylib
0x000000002115b000 	/System/Library/Frameworks/Carbon.framework/Versions/A/Frameworks/Ink.framework/Versions/A/Ink
0x000000002115b000 	/System/Library/PrivateFrameworks/TextureIO.framework/Versions/A/TextureIO
0x000000002115b000 	/System/Library/Frameworks/Metal.framework/Versions/A/Metal
0x000000002115b000 	/usr/lib/libate.dylib
0x000000002115b000 	/System/Library/PrivateFrameworks/GPUCompiler.framework/libmetal_timestamp.dylib
0x000000002115b000 	/System/Library/Frameworks/OpenGL.framework/Versions/A/Libraries/libCoreFSCache.dylib
0x000000002115b000 	/System/Library/PrivateFrameworks/IOAccelerator.framework/Versions/A/IOAccelerator
0x000000002115b000 	/System/Library/Frameworks/CoreVideo.framework/Versions/A/CoreVideo
0x000000002115b000 	/usr/lib/libFosl_dynamic.dylib
0x000000002115b000 	/System/Library/PrivateFrameworks/MetalPerformanceShaders.framework/Versions/A/MetalPerformanceShaders
0x000000002115b000 	/System/Library/PrivateFrameworks/FaceCore.framework/Versions/A/FaceCore
0x000000002115b000 	/System/Library/Frameworks/OpenCL.framework/Versions/A/OpenCL
0x000000002115b000 	/System/Library/Frameworks/OpenGL.framework/Versions/A/Libraries/libGLU.dylib
0x000000002115b000 	/System/Library/Frameworks/OpenGL.framework/Versions/A/Libraries/libGFXShared.dylib
0x000000002115b000 	/System/Library/Frameworks/OpenGL.framework/Versions/A/Libraries/libGL.dylib
0x000000002115b000 	/System/Library/Frameworks/OpenGL.framework/Versions/A/Libraries/libGLImage.dylib
0x000000002115b000 	/System/Library/Frameworks/OpenGL.framework/Versions/A/Libraries/libCVMSPluginSupport.dylib
0x000000002115b000 	/System/Library/Frameworks/OpenGL.framework/Versions/A/Libraries/libCoreVMClient.dylib
0x000000002115b000 	/System/Library/PrivateFrameworks/CrashReporterSupport.framework/Versions/A/CrashReporterSupport
0x000000002115b000 	/System/Library/PrivateFrameworks/Sharing.framework/Versions/A/Sharing
0x000000002115b000 	/System/Library/PrivateFrameworks/IconServices.framework/Versions/A/IconServices
0x000000002115b000 	/System/Library/PrivateFrameworks/ProtocolBuffer.framework/Versions/A/ProtocolBuffer
0x000000002115b000 	/System/Library/PrivateFrameworks/Apple80211.framework/Versions/A/Apple80211
0x000000002115b000 	/System/Library/Frameworks/CoreWLAN.framework/Versions/A/CoreWLAN
0x000000002115b000 	/System/Library/PrivateFrameworks/CoreUtils.framework/Versions/A/CoreUtils
0x000000002115b000 	/System/Library/Frameworks/IOBluetooth.framework/Versions/A/IOBluetooth
0x000000002115b000 	/System/Library/PrivateFrameworks/CoreWiFi.framework/Versions/A/CoreWiFi
0x000000002115b000 	/System/Library/Frameworks/CoreBluetooth.framework/Versions/A/CoreBluetooth
0x000000002115b000 	/System/Library/Frameworks/CoreDisplay.framework/Versions/A/CoreDisplay
0x000000002115b000 	/System/Library/PrivateFrameworks/IOPresentment.framework/Versions/A/IOPresentment
0x000000002115b000 	/System/Library/PrivateFrameworks/DebugSymbols.framework/Versions/A/DebugSymbols
0x000000002115b000 	/System/Library/PrivateFrameworks/CoreSymbolication.framework/Versions/A/CoreSymbolication
0x000000002115b000 	/System/Library/PrivateFrameworks/Symbolication.framework/Versions/A/Symbolication
0x000000002115b000 	/System/Library/PrivateFrameworks/AppleFSCompression.framework/Versions/A/AppleFSCompression
0x000000002115b000 	/System/Library/PrivateFrameworks/SpeechRecognitionCore.framework/Versions/A/SpeechRecognitionCore
0x000000002115b000 	/System/Library/PrivateFrameworks/ChunkingLibrary.framework/Versions/A/ChunkingLibrary
0x000000010ce00000 	/Library/Java/JavaVirtualMachines/jdk1.8.0_144.jdk/Contents/Home/jre/lib/server/libjvm.dylib
0x000000002115b000 	/usr/lib/libstdc++.6.dylib
0x000000010bdae000 	/Library/Java/JavaVirtualMachines/jdk1.8.0_144.jdk/Contents/Home/jre/lib/libverify.dylib
0x000000010bdbc000 	/Library/Java/JavaVirtualMachines/jdk1.8.0_144.jdk/Contents/Home/jre/lib/libjava.dylib
0x000000010dda7000 	/Library/Java/JavaVirtualMachines/jdk1.8.0_144.jdk/Contents/Home/jre/lib/libzip.dylib
0x0000000112e2b000 	/System/Library/Frameworks/JavaVM.framework/Frameworks/JavaRuntimeSupport.framework/JavaRuntimeSupport
0x0000000112e45000 	/System/Library/Frameworks/JavaVM.framework/Versions/A/Frameworks/JavaNativeFoundation.framework/Versions/A/JavaNativeFoundation
0x0000000112e5a000 	/System/Library/Frameworks/JavaVM.framework/Versions/A/JavaVM
0x000000002115b000 	/System/Library/Frameworks/Carbon.framework/Versions/A/Carbon
0x0000000112e67000 	/System/Library/PrivateFrameworks/JavaLaunching.framework/Versions/A/JavaLaunching
0x000000002115b000 	/System/Library/Frameworks/Carbon.framework/Versions/A/Frameworks/CommonPanels.framework/Versions/A/CommonPanels
0x000000002115b000 	/System/Library/Frameworks/Carbon.framework/Versions/A/Frameworks/Help.framework/Versions/A/Help
0x000000002115b000 	/System/Library/Frameworks/Carbon.framework/Versions/A/Frameworks/ImageCapture.framework/Versions/A/ImageCapture
0x000000002115b000 	/System/Library/Frameworks/Carbon.framework/Versions/A/Frameworks/OpenScripting.framework/Versions/A/OpenScripting
0x000000002115b000 	/System/Library/Frameworks/Carbon.framework/Versions/A/Frameworks/Print.framework/Versions/A/Print
0x000000002115b000 	/System/Library/Frameworks/Carbon.framework/Versions/A/Frameworks/SecurityHI.framework/Versions/A/SecurityHI
0x000000011478b000 	/Library/Java/JavaVirtualMachines/jdk1.8.0_144.jdk/Contents/Home/jre/lib/libnet.dylib
0x00000001147ea000 	/Library/Java/JavaVirtualMachines/jdk1.8.0_144.jdk/Contents/Home/jre/lib/libnio.dylib
0x0000000114848000 	/Library/Java/JavaVirtualMachines/jdk1.8.0_144.jdk/Contents/Home/jre/lib/libmanagement.dylib
0x0000000114856000 	/Users/jasmina/ABH/eRestoran/target/jnotify/native_libraries/64bits/libjnotify.jnilib
0x0000000115094000 	/Library/Java/JavaVirtualMachines/jdk1.8.0_144.jdk/Contents/Home/jre/lib/libsunec.dylib

VM Arguments:
jvm_args: -Dfile.encoding=UTF8 -Djline.terminal=none -Dsbt.log.noformat=true -Dsbt.global.base=/private/var/folders/96/cw4ykw9n6z1d7rb_n0k307400000gn/T/sbt-global-pluginstub -Xms512M -Xmx1024M -Xss1M -XX:+CMSClassUnloadingEnabled -XX:MaxPermSize=256M 
java_command: xsbt.boot.Boot project root run
java_class_path (initial): /Users/jasmina/Library/Application Support/IntelliJIdea2017.2/Scala/launcher/sbt-launch.jar
Launcher Type: SUN_STANDARD

Environment Variables:
PATH=/usr/local/opt/node@6/bin:/usr/local/bin:/usr/bin:/bin:/usr/sbin:/sbin
SHELL=/bin/bash

Signal Handlers:
SIGSEGV: [libjvm.dylib+0x5b26e5], sa_mask[0]=11111111011111110111111111111111, sa_flags=SA_ONSTACK|SA_RESTART|SA_SIGINFO
SIGBUS: [libjvm.dylib+0x5b26e5], sa_mask[0]=11111111011111110111111111111111, sa_flags=SA_RESTART|SA_SIGINFO
SIGFPE: [libjvm.dylib+0x489100], sa_mask[0]=11111111011111110111111111111111, sa_flags=SA_RESTART|SA_SIGINFO
SIGPIPE: [libjvm.dylib+0x489100], sa_mask[0]=11111111011111110111111111111111, sa_flags=SA_RESTART|SA_SIGINFO
SIGXFSZ: [libjvm.dylib+0x489100], sa_mask[0]=11111111011111110111111111111111, sa_flags=SA_RESTART|SA_SIGINFO
SIGILL: [libjvm.dylib+0x489100], sa_mask[0]=11111111011111110111111111111111, sa_flags=SA_RESTART|SA_SIGINFO
SIGUSR1: SIG_DFL, sa_mask[0]=00000000000000000000000000000000, sa_flags=none
SIGUSR2: [libjvm.dylib+0x488c1e], sa_mask[0]=00100000000000000000000000000000, sa_flags=SA_RESTART|SA_SIGINFO
SIGHUP: [libjvm.dylib+0x4871f5], sa_mask[0]=11111111011111110111111111111111, sa_flags=SA_RESTART|SA_SIGINFO
SIGINT: [libjvm.dylib+0x4871f5], sa_mask[0]=11111111011111110111111111111111, sa_flags=SA_RESTART|SA_SIGINFO
SIGTERM: [libjvm.dylib+0x4871f5], sa_mask[0]=11111111011111110111111111111111, sa_flags=SA_RESTART|SA_SIGINFO
SIGQUIT: [libjvm.dylib+0x4871f5], sa_mask[0]=11111111011111110111111111111111, sa_flags=SA_RESTART|SA_SIGINFO


---------------  S Y S T E M  ---------------

OS:Bsduname:Darwin 16.1.0 Darwin Kernel Version 16.1.0: Wed Oct 19 20:31:56 PDT 2016; root:xnu-3789.21.4~4/RELEASE_X86_64 x86_64
rlimit: STACK 8192k, CORE 0k, NPROC 709, NOFILE 10240, AS infinity
load average:4.70 3.73 2.68

CPU:total 8 (initial active 8) (4 cores per cpu, 2 threads per core) family 6 model 70 stepping 1, cmov, cx8, fxsr, mmx, sse, sse2, sse3, ssse3, sse4.1, sse4.2, popcnt, avx, avx2, aes, clmul, erms, lzcnt, ht, tsc, tscinvbit, bmi1, bmi2

Memory: 4k page, physical 8388608k(167936k free)

/proc/meminfo:


vm_info: Java HotSpot(TM) 64-Bit Server VM (25.144-b01) for bsd-amd64 JRE (1.8.0_144-b01), built on Jul 21 2017 22:07:42 by "java_re" with gcc 4.2.1 (Based on Apple Inc. build 5658) (LLVM build 2336.11.00)

time: Sun Oct 15 13:16:35 2017
elapsed time: 422 seconds (0d 0h 7m 2s)

