#
# A fatal error has been detected by the Java Runtime Environment:
#
#  SIGSEGV (0xb) at pc=0x0000000111fa5b9e, pid=1829, tid=0x0000000000006d03
#
# JRE version: Java(TM) SE Runtime Environment (8.0_144-b01) (build 1.8.0_144-b01)
# Java VM: Java HotSpot(TM) 64-Bit Server VM (25.144-b01 mixed mode bsd-amd64 compressed oops)
# Problematic frame:
# J 7598 C2 java.io.File.<init>(Ljava/lang/String;)V (47 bytes) @ 0x0000000111fa5b9e [0x0000000111fa5b60+0x3e]
#
# Failed to write core dump. Core dumps have been disabled. To enable core dumping, try "ulimit -c unlimited" before starting Java again
#
# If you would like to submit a bug report, please visit:
#   http://bugreport.java.com/bugreport/crash.jsp
#

---------------  T H R E A D  ---------------

Current thread (0x00007ffb68e2b800):  JavaThread "FSEvent thread" daemon [_thread_in_Java, id=27907, stack(0x00007000030fc000,0x00007000031fc000)]

siginfo: si_signo: 11 (SIGSEGV), si_code: 1 (SEGV_MAPERR), si_addr: 0x0000000363e00c64

Registers:
RAX=0x00000007b018d3f0, RBX=0x00000007b018d2d0, RCX=0x0000000000000000, RDX=0x0000000363e00c58
RSP=0x00007000031f5030, RBP=0x00007000031f52a8, RSI=0x00000007b018d3f0, RDI=0x000000010f6d4f28
R8 =0x000000000000035f, R9 =0x0000000000000000, R10=0x0000000003c1c873, R11=0x0000000101f67000
R12=0x0000000000000000, R13=0x0000000112bea354, R14=0x00007000031f5070, R15=0x00007ffb68e2b800
RIP=0x0000000111fa5b9e, EFLAGS=0x0000000000010202, ERR=0x0000000000000004
  TRAPNO=0x000000000000000e

Top of Stack: (sp=0x00007000031f5030)
0x00007000031f5030:   000000010f6d30b0 00000007b018d3f0
0x00007000031f5040:   000000010f6d2a58 0000000000000000
0x00007000031f5050:   00007000031f5080 00007000031f52a8
0x00007000031f5060:   0000000112bea354 000000070000000f
0x00007000031f5070:   00007000031f52a8 0000000112bea7d4
0x00007000031f5080:   0000000000000212 000000010e7f7bc0
0x00007000031f5090:   0000000000000000 0000000000000000
0x00007000031f50a0:   0000000000000000 0000000000000000
0x00007000031f50b0:   0000000000000000 0000000000000000
0x00007000031f50c0:   2e6d3672624f3465 706d6f632f706d74
0x00007000031f50d0:   0000000000000062 0000000000000000
0x00007000031f50e0:   0000000200000002 0000000000000000
0x00007000031f50f0:   0000000100000001 0000000000000000
0x00007000031f5100:   0000000000000000 0000000000000000
0x00007000031f5110:   0000000000000000 0000000000000000
0x00007000031f5120:   00007ffb00000000 0000000782beb330
0x00007000031f5130:   00000007b018d300 00000007b018d2d0
0x00007000031f5140:   00000007b018d3f0 00000007b018d128
0x00007000031f5150:   00000007b018d158 0000000000000000
0x00007000031f5160:   00000007abd010e8 000000078390e6e8
0x00007000031f5170:   00007000031f51b0 0000000000000000
0x00007000031f5180:   000000078390e6e8 000000000000078d
0x00007000031f5190:   0000000783ec5b68 00007000031f5198
0x00007000031f51a0:   0000000000000000 00007000031f51f8
0x00007000031f51b0:   00007000031f5390 0000000112bf97d4
0x00007000031f51c0:   00000001082e8e50 0000000000000000
0x00007000031f51d0:   00007000031f51f8 00007000031f5240
0x00007000031f51e0:   0000000110f4c2bd 0000000000000000
0x00007000031f51f0:   0000000000000000 000000078390e6e8
0x00007000031f5200:   00007000031f5200 000000010e7f765f
0x00007000031f5210:   00007000031f5260 000000010f6c9028
0x00007000031f5220:   0000000000000000 000000010e7f7698 

Instructions: (pc=0x0000000111fa5b9e)
0x0000000111fa5b7e:   66 90 89 84 24 00 c0 fe ff 55 48 83 ec 40 48 89
0x0000000111fa5b8e:   74 24 08 44 89 66 14 48 85 d2 0f 84 7d 02 00 00
0x0000000111fa5b9e:   44 8b 4a 0c 47 8b 5c cc 0c 48 bd 00 70 f6 01 01
0x0000000111fa5bae:   00 00 00 45 85 db 0f 8e 0d 02 00 00 45 85 db 0f 

Register to memory mapping:

RAX=0x00000007b018d3f0 is an oop
java.io.File 
 - klass: 'java/io/File'
RBX=0x00000007b018d2d0 is an oop
net.contentobjects.jnotify.macosx.JNotifyAdapterMacOSX$ScanJob 
 - klass: 'net/contentobjects/jnotify/macosx/JNotifyAdapterMacOSX$ScanJob'
RCX=0x0000000000000000 is an unknown value
RDX=0x0000000363e00c58 is an unknown value
RSP=0x00007000031f5030 is pointing into the stack for thread: 0x00007ffb68e2b800
RBP=0x00007000031f52a8 is pointing into the stack for thread: 0x00007ffb68e2b800
RSI=0x00000007b018d3f0 is an oop
java.io.File 
 - klass: 'java/io/File'
RDI=0x000000010f6d4f28 is pointing into metadata
R8 =0x000000000000035f is an unknown value
R9 =0x0000000000000000 is an unknown value
R10=0x0000000003c1c873 is an unknown value
R11=0x0000000101f67000 is an unknown value
R12=0x0000000000000000 is an unknown value
R13=0x0000000112bea354 is at entry_point+1204 in (nmethod*)0x0000000112be94d0
R14=0x00007000031f5070 is pointing into the stack for thread: 0x00007ffb68e2b800
R15=0x00007ffb68e2b800 is a thread


Stack: [0x00007000030fc000,0x00007000031fc000],  sp=0x00007000031f5030,  free space=996k
Native frames: (J=compiled Java code, j=interpreted, Vv=VM code, C=native code)
J 7598 C2 java.io.File.<init>(Ljava/lang/String;)V (47 bytes) @ 0x0000000111fa5b9e [0x0000000111fa5b60+0x3e]
J 12932 C1 net.contentobjects.jnotify.macosx.JNotifyAdapterMacOSX.batchEndEvent(I)V (815 bytes) @ 0x0000000112bea7d4 [0x0000000112be9ea0+0x934]
j  net.contentobjects.jnotify.macosx.JNotifyAdapterMacOSX$1.batchEnd(I)V+5
j  net.contentobjects.jnotify.macosx.JNotify_macosx.callbackInBatch(IZ)V+26
v  ~StubRoutines::call_stub
V  [libjvm.dylib+0x2ee70a]  JavaCalls::call_helper(JavaValue*, methodHandle*, JavaCallArguments*, Thread*)+0x6ae
V  [libjvm.dylib+0x3258b9]  jni_invoke_nonstatic(JNIEnv_*, JavaValue*, _jobject*, JNICallType, _jmethodID*, JNI_ArgumentPusher*, Thread*)+0x2ec
V  [libjvm.dylib+0x318087]  jni_CallVoidMethod+0x16b
C  [libjnotify.jnilib+0x1585]  fsevent_callback+0x115
C  [FSEvents+0x3b03]  implementation_callback_rpc+0x75b
C  [FSEvents+0x1702]  _Xcallback_rpc+0xfe
C  [FSEvents+0x17c9]  FSEventsD2F_server+0x37
C  [FSEvents+0x6fed]  FSEventsClientProcessMessageCallback+0x2c
C  [CoreFoundation+0x9030d]  __CFMachPortPerform+0xfd
C  [CoreFoundation+0x901f9]  __CFRUNLOOP_IS_CALLING_OUT_TO_A_SOURCE1_PERFORM_FUNCTION__+0x29
C  [CoreFoundation+0x90171]  __CFRunLoopDoSource1+0x1d1
C  [CoreFoundation+0x880c5]  __CFRunLoopRun+0x955
C  [CoreFoundation+0x87514]  CFRunLoopRunSpecific+0x1a4
C  [CoreFoundation+0xc6bb1]  CFRunLoopRun+0x61
j  net.contentobjects.jnotify.macosx.JNotify_macosx.nativeNotifyLoop()V+0
j  net.contentobjects.jnotify.macosx.JNotify_macosx.access$400()V+0
j  net.contentobjects.jnotify.macosx.JNotify_macosx$1.run()V+65
v  ~StubRoutines::call_stub
V  [libjvm.dylib+0x2ee70a]  JavaCalls::call_helper(JavaValue*, methodHandle*, JavaCallArguments*, Thread*)+0x6ae
V  [libjvm.dylib+0x2eeeae]  JavaCalls::call_virtual(JavaValue*, KlassHandle, Symbol*, Symbol*, JavaCallArguments*, Thread*)+0x164
V  [libjvm.dylib+0x2ef05a]  JavaCalls::call_virtual(JavaValue*, Handle, KlassHandle, Symbol*, Symbol*, Thread*)+0x4a
V  [libjvm.dylib+0x3497b1]  thread_entry(JavaThread*, Thread*)+0x7c
V  [libjvm.dylib+0x56c0b3]  JavaThread::thread_main_inner()+0x9b
V  [libjvm.dylib+0x56d7a0]  JavaThread::run()+0x1c2
V  [libjvm.dylib+0x48baee]  java_start(Thread*)+0xf6
C  [libsystem_pthread.dylib+0x3aab]  _pthread_body+0xb4
C  [libsystem_pthread.dylib+0x39f7]  _pthread_body+0x0
C  [libsystem_pthread.dylib+0x3221]  thread_start+0xd
C  0x0000000000000000


---------------  P R O C E S S  ---------------

Java Threads: ( => current thread )
  0x00007ffb6795c000 JavaThread "com.google.common.base.internal.Finalizer" daemon [_thread_blocked, id=35595, stack(0x0000700003d20000,0x0000700003e20000)]
  0x00007ffb68876800 JavaThread "application-akka.actor.default-dispatcher-3" [_thread_blocked, id=32795, stack(0x0000700003a17000,0x0000700003b17000)]
  0x00007ffb68ab8000 JavaThread "application-scheduler-1" [_thread_blocked, id=36879, stack(0x000070000370e000,0x000070000380e000)]
  0x00007ffb672f1800 JavaThread "__DEFAULT__" daemon [_thread_blocked, id=32015, stack(0x0000700003405000,0x0000700003505000)]
  0x00007ffb69452800 JavaThread "HikariPool-2 housekeeper" daemon [_thread_blocked, id=3859, stack(0x0000700003302000,0x0000700003402000)]
  0x00007ffb677f6800 JavaThread "PostgreSQL-JDBC-SharedTimer-2" daemon [_thread_blocked, id=34331, stack(0x00007000031ff000,0x00007000032ff000)]
  0x00007ffb6afb1000 JavaThread "AsyncAppender-Worker-ASYNCSTDOUT" daemon [_thread_blocked, id=30227, stack(0x0000700002ff9000,0x00007000030f9000)]
  0x00007ffb681ba800 JavaThread "AsyncAppender-Worker-ASYNCFILE" daemon [_thread_blocked, id=31759, stack(0x00007000029e7000,0x0000700002ae7000)]
  0x00007ffb6aa2f000 JavaThread "play-dev-mode-akka.actor.default-dispatcher-8" [_thread_blocked, id=31507, stack(0x0000700002bed000,0x0000700002ced000)]
  0x00007ffb6a8d7800 JavaThread "com.google.common.base.internal.Finalizer" daemon [_thread_blocked, id=22803, stack(0x0000700003914000,0x0000700003a14000)]
  0x00007ffb6af8d800 JavaThread "play-dev-mode-akka.io.pinned-dispatcher-5" [_thread_in_native, id=4871, stack(0x0000700002ef6000,0x0000700002ff6000)]
  0x00007ffb6b843800 JavaThread "play-dev-mode-scheduler-1" [_thread_blocked, id=27399, stack(0x00007000027e1000,0x00007000028e1000)]
  0x00007ffb6b84e800 JavaThread "reloader-timer" daemon [_thread_blocked, id=26375, stack(0x00007000026de000,0x00007000027de000)]
=>0x00007ffb68e2b800 JavaThread "FSEvent thread" daemon [_thread_in_Java, id=27907, stack(0x00007000030fc000,0x00007000031fc000)]
  0x00007ffb6b84d800 JavaThread "pool-4-thread-3" [_thread_in_native, id=26127, stack(0x0000700002cf0000,0x0000700002df0000)]
  0x00007ffb68e26800 JavaThread "sbt-web-akka.actor.default-dispatcher-4" [_thread_blocked, id=23823, stack(0x00007000028e4000,0x00007000029e4000)]
  0x00007ffb68e4b800 JavaThread "sbt-web-scheduler-1" [_thread_blocked, id=24847, stack(0x00007000025db000,0x00007000026db000)]
  0x00007ffb64044000 JavaThread "Service Thread" daemon [_thread_blocked, id=21251, stack(0x00007000023d5000,0x00007000024d5000)]
  0x00007ffb64039800 JavaThread "C1 CompilerThread3" daemon [_thread_blocked, id=20739, stack(0x00007000022d2000,0x00007000023d2000)]
  0x00007ffb64043800 JavaThread "C2 CompilerThread2" daemon [_thread_blocked, id=20227, stack(0x00007000021cf000,0x00007000022cf000)]
  0x00007ffb67001000 JavaThread "C2 CompilerThread1" daemon [_thread_blocked, id=19715, stack(0x00007000020cc000,0x00007000021cc000)]
  0x00007ffb64856000 JavaThread "C2 CompilerThread0" daemon [_thread_blocked, id=19203, stack(0x0000700001fc9000,0x00007000020c9000)]
  0x00007ffb64854000 JavaThread "Signal Dispatcher" daemon [_thread_blocked, id=18691, stack(0x0000700001ec6000,0x0000700001fc6000)]
  0x00007ffb64852000 JavaThread "Finalizer" daemon [_thread_blocked, id=14595, stack(0x0000700001dc3000,0x0000700001ec3000)]
  0x00007ffb64021800 JavaThread "Reference Handler" daemon [_thread_blocked, id=14083, stack(0x0000700001cc0000,0x0000700001dc0000)]
  0x00007ffb64005000 JavaThread "main" [_thread_blocked, id=7171, stack(0x00007000012a2000,0x00007000013a2000)]

Other Threads:
  0x00007ffb6401d000 VMThread [stack: 0x0000700001bbd000,0x0000700001cbd000] [id=13571]
  0x00007ffb64861800 WatcherThread [stack: 0x00007000024d8000,0x00007000025d8000] [id=21763]

VM state:not at safepoint (normal execution)

VM Mutex/Monitor currently owned by a thread: None

Heap:
 PSYoungGen      total 232960K, used 105193K [0x00000007aab00000, 0x00000007c0000000, 0x00000007c0000000)
  eden space 116736K, 76% used [0x00000007aab00000,0x00000007b02b2570,0x00000007b1d00000)
  from space 116224K, 13% used [0x00000007b1d00000,0x00000007b2c08000,0x00000007b8e80000)
  to   space 116224K, 0% used [0x00000007b8e80000,0x00000007b8e80000,0x00000007c0000000)
 ParOldGen       total 699392K, used 155945K [0x0000000780000000, 0x00000007aab00000, 0x00000007aab00000)
  object space 699392K, 22% used [0x0000000780000000,0x000000078984a6b0,0x00000007aab00000)
 Metaspace       used 123775K, capacity 128656K, committed 129752K, reserved 1159168K
  class space    used 20271K, capacity 20770K, committed 20952K, reserved 1048576K

Card table byte_map: [0x0000000105b67000,0x0000000105d68000] byte_map_base: 0x0000000101f67000

Marking Bits: (ParMarkBitMap*) 0x00000001050f35d0
 Begin Bits: [0x0000000105ebe000, 0x0000000106ebe000)
 End Bits:   [0x0000000106ebe000, 0x0000000107ebe000)

Polling page: 0x000000010371c000

CodeCache: size=245760Kb used=29582Kb max_used=29641Kb free=216177Kb
 bounds [0x0000000110f44000, 0x0000000112c74000, 0x000000011ff44000]
 total_blobs=11406 nmethods=10689 adapters=627
 compilation: enabled

Compilation events (10 events):
Event: 1099.174 Thread 0x00007ffb67001000 12967   !   4       net.contentobjects.jnotify.macosx.JNotifyAdapterMacOSX$WatchData::scan (979 bytes)
Event: 1099.866 Thread 0x00007ffb67001000 nmethod 12967 0x0000000112c4e810 code [0x0000000112c4f580, 0x0000000112c5ade0]
Event: 1144.430 Thread 0x00007ffb64039800 12968       3       java.io.OutputStreamWriter::flushBuffer (8 bytes)
Event: 1144.431 Thread 0x00007ffb64039800 nmethod 12968 0x0000000112c10510 code [0x0000000112c10680, 0x0000000112c10808]
Event: 1144.437 Thread 0x00007ffb64039800 12969   !   3       sun.nio.cs.StreamEncoder::flushBuffer (42 bytes)
Event: 1144.438 Thread 0x00007ffb64039800 nmethod 12969 0x0000000111275fd0 code [0x0000000111276180, 0x0000000111276738]
Event: 1177.526 Thread 0x00007ffb64043800 12970 %     4       net.contentobjects.jnotify.macosx.JNotifyAdapterMacOSX::batchEndEvent @ 453 (815 bytes)
Event: 1177.526 Thread 0x00007ffb64856000 12971   !   4       com.sun.proxy.$Proxy4::fileCreated (47 bytes)
Event: 1177.529 Thread 0x00007ffb64856000 nmethod 12971 0x00000001112759d0 code [0x0000000111275b40, 0x0000000111275d78]
Event: 1177.667 Thread 0x00007ffb64043800 nmethod 12970% 0x0000000112c43650 code [0x0000000112c43a80, 0x0000000112c46340]

GC Heap History (10 events):
Event: 836.453 GC heap before
{Heap before GC invocations=101 (full 22):
 PSYoungGen      total 232960K, used 116736K [0x00000007aab00000, 0x00000007c0000000, 0x00000007c0000000)
  eden space 116736K, 100% used [0x00000007aab00000,0x00000007b1d00000,0x00000007b1d00000)
  from space 116224K, 0% used [0x00000007b8e80000,0x00000007b8e80000,0x00000007c0000000)
  to   space 116224K, 0% used [0x00000007b1d00000,0x00000007b1d00000,0x00000007b8e80000)
 ParOldGen       total 699392K, used 121735K [0x0000000780000000, 0x00000007aab00000, 0x00000007aab00000)
  object space 699392K, 17% used [0x0000000780000000,0x00000007876e1c28,0x00000007aab00000)
 Metaspace       used 123767K, capacity 128656K, committed 129752K, reserved 1159168K
  class space    used 20271K, capacity 20770K, committed 20952K, reserved 1048576K
Event: 836.515 GC heap after
Heap after GC invocations=101 (full 22):
 PSYoungGen      total 232960K, used 2784K [0x00000007aab00000, 0x00000007c0000000, 0x00000007c0000000)
  eden space 116736K, 0% used [0x00000007aab00000,0x00000007aab00000,0x00000007b1d00000)
  from space 116224K, 2% used [0x00000007b1d00000,0x00000007b1fb80a0,0x00000007b8e80000)
  to   space 116224K, 0% used [0x00000007b8e80000,0x00000007b8e80000,0x00000007c0000000)
 ParOldGen       total 699392K, used 121743K [0x0000000780000000, 0x00000007aab00000, 0x00000007aab00000)
  object space 699392K, 17% used [0x0000000780000000,0x00000007876e3c28,0x00000007aab00000)
 Metaspace       used 123767K, capacity 128656K, committed 129752K, reserved 1159168K
  class space    used 20271K, capacity 20770K, committed 20952K, reserved 1048576K
}
Event: 868.153 GC heap before
{Heap before GC invocations=102 (full 22):
 PSYoungGen      total 232960K, used 119520K [0x00000007aab00000, 0x00000007c0000000, 0x00000007c0000000)
  eden space 116736K, 100% used [0x00000007aab00000,0x00000007b1d00000,0x00000007b1d00000)
  from space 116224K, 2% used [0x00000007b1d00000,0x00000007b1fb80a0,0x00000007b8e80000)
  to   space 116224K, 0% used [0x00000007b8e80000,0x00000007b8e80000,0x00000007c0000000)
 ParOldGen       total 699392K, used 121743K [0x0000000780000000, 0x00000007aab00000, 0x00000007aab00000)
  object space 699392K, 17% used [0x0000000780000000,0x00000007876e3c28,0x00000007aab00000)
 Metaspace       used 123767K, capacity 128656K, committed 129752K, reserved 1159168K
  class space    used 20271K, capacity 20770K, committed 20952K, reserved 1048576K
Event: 868.162 GC heap after
Heap after GC invocations=102 (full 22):
 PSYoungGen      total 232960K, used 2240K [0x00000007aab00000, 0x00000007c0000000, 0x00000007c0000000)
  eden space 116736K, 0% used [0x00000007aab00000,0x00000007aab00000,0x00000007b1d00000)
  from space 116224K, 1% used [0x00000007b8e80000,0x00000007b90b0000,0x00000007c0000000)
  to   space 116224K, 0% used [0x00000007b1d00000,0x00000007b1d00000,0x00000007b8e80000)
 ParOldGen       total 699392K, used 124081K [0x0000000780000000, 0x00000007aab00000, 0x00000007aab00000)
  object space 699392K, 17% used [0x0000000780000000,0x000000078792c6b0,0x00000007aab00000)
 Metaspace       used 123767K, capacity 128656K, committed 129752K, reserved 1159168K
  class space    used 20271K, capacity 20770K, committed 20952K, reserved 1048576K
}
Event: 1127.116 GC heap before
{Heap before GC invocations=103 (full 22):
 PSYoungGen      total 232960K, used 118976K [0x00000007aab00000, 0x00000007c0000000, 0x00000007c0000000)
  eden space 116736K, 100% used [0x00000007aab00000,0x00000007b1d00000,0x00000007b1d00000)
  from space 116224K, 1% used [0x00000007b8e80000,0x00000007b90b0000,0x00000007c0000000)
  to   space 116224K, 0% used [0x00000007b1d00000,0x00000007b1d00000,0x00000007b8e80000)
 ParOldGen       total 699392K, used 124081K [0x0000000780000000, 0x00000007aab00000, 0x00000007aab00000)
  object space 699392K, 17% used [0x0000000780000000,0x000000078792c6b0,0x00000007aab00000)
 Metaspace       used 123774K, capacity 128656K, committed 129752K, reserved 1159168K
  class space    used 20271K, capacity 20770K, committed 20952K, reserved 1048576K
Event: 1127.140 GC heap after
Heap after GC invocations=103 (full 22):
 PSYoungGen      total 232960K, used 11904K [0x00000007aab00000, 0x00000007c0000000, 0x00000007c0000000)
  eden space 116736K, 0% used [0x00000007aab00000,0x00000007aab00000,0x00000007b1d00000)
  from space 116224K, 10% used [0x00000007b1d00000,0x00000007b28a0000,0x00000007b8e80000)
  to   space 116224K, 0% used [0x00000007b8e80000,0x00000007b8e80000,0x00000007c0000000)
 ParOldGen       total 699392K, used 125329K [0x0000000780000000, 0x00000007aab00000, 0x00000007aab00000)
  object space 699392K, 17% used [0x0000000780000000,0x0000000787a646b0,0x00000007aab00000)
 Metaspace       used 123774K, capacity 128656K, committed 129752K, reserved 1159168K
  class space    used 20271K, capacity 20770K, committed 20952K, reserved 1048576K
}
Event: 1157.380 GC heap before
{Heap before GC invocations=104 (full 22):
 PSYoungGen      total 232960K, used 128640K [0x00000007aab00000, 0x00000007c0000000, 0x00000007c0000000)
  eden space 116736K, 100% used [0x00000007aab00000,0x00000007b1d00000,0x00000007b1d00000)
  from space 116224K, 10% used [0x00000007b1d00000,0x00000007b28a0000,0x00000007b8e80000)
  to   space 116224K, 0% used [0x00000007b8e80000,0x00000007b8e80000,0x00000007c0000000)
 ParOldGen       total 699392K, used 125329K [0x0000000780000000, 0x00000007aab00000, 0x00000007aab00000)
  object space 699392K, 17% used [0x0000000780000000,0x0000000787a646b0,0x00000007aab00000)
 Metaspace       used 123775K, capacity 128656K, committed 129752K, reserved 1159168K
  class space    used 20271K, capacity 20770K, committed 20952K, reserved 1048576K
Event: 1157.420 GC heap after
Heap after GC invocations=104 (full 22):
 PSYoungGen      total 232960K, used 18848K [0x00000007aab00000, 0x00000007c0000000, 0x00000007c0000000)
  eden space 116736K, 0% used [0x00000007aab00000,0x00000007aab00000,0x00000007b1d00000)
  from space 116224K, 16% used [0x00000007b8e80000,0x00000007ba0e8000,0x00000007c0000000)
  to   space 116224K, 0% used [0x00000007b1d00000,0x00000007b1d00000,0x00000007b8e80000)
 ParOldGen       total 699392K, used 137161K [0x0000000780000000, 0x00000007aab00000, 0x00000007aab00000)
  object space 699392K, 19% used [0x0000000780000000,0x00000007885f26b0,0x00000007aab00000)
 Metaspace       used 123775K, capacity 128656K, committed 129752K, reserved 1159168K
  class space    used 20271K, capacity 20770K, committed 20952K, reserved 1048576K
}
Event: 1177.339 GC heap before
{Heap before GC invocations=105 (full 22):
 PSYoungGen      total 232960K, used 135584K [0x00000007aab00000, 0x00000007c0000000, 0x00000007c0000000)
  eden space 116736K, 100% used [0x00000007aab00000,0x00000007b1d00000,0x00000007b1d00000)
  from space 116224K, 16% used [0x00000007b8e80000,0x00000007ba0e8000,0x00000007c0000000)
  to   space 116224K, 0% used [0x00000007b1d00000,0x00000007b1d00000,0x00000007b8e80000)
 ParOldGen       total 699392K, used 137161K [0x0000000780000000, 0x00000007aab00000, 0x00000007aab00000)
  object space 699392K, 19% used [0x0000000780000000,0x00000007885f26b0,0x00000007aab00000)
 Metaspace       used 123775K, capacity 128656K, committed 129752K, reserved 1159168K
  class space    used 20271K, capacity 20770K, committed 20952K, reserved 1048576K
Event: 1177.380 GC heap after
Heap after GC invocations=105 (full 22):
 PSYoungGen      total 232960K, used 15392K [0x00000007aab00000, 0x00000007c0000000, 0x00000007c0000000)
  eden space 116736K, 0% used [0x00000007aab00000,0x00000007aab00000,0x00000007b1d00000)
  from space 116224K, 13% used [0x00000007b1d00000,0x00000007b2c08000,0x00000007b8e80000)
  to   space 116224K, 0% used [0x00000007b8e80000,0x00000007b8e80000,0x00000007c0000000)
 ParOldGen       total 699392K, used 155945K [0x0000000780000000, 0x00000007aab00000, 0x00000007aab00000)
  object space 699392K, 22% used [0x0000000780000000,0x000000078984a6b0,0x00000007aab00000)
 Metaspace       used 123775K, capacity 128656K, committed 129752K, reserved 1159168K
  class space    used 20271K, capacity 20770K, committed 20952K, reserved 1048576K
}

Deoptimization events (10 events):
Event: 718.238 Thread 0x00007ffb6ab07800 Uncommon trap: reason=unstable_if action=reinterpret pc=0x00000001124643d0 method=java.lang.ref.SoftReference.get()Ljava/lang/Object; @ 6
Event: 718.243 Thread 0x00007ffb677f6800 Uncommon trap: reason=unstable_if action=reinterpret pc=0x00000001124212b8 method=java.lang.ref.SoftReference.get()Ljava/lang/Object; @ 6
Event: 718.259 Thread 0x00007ffb6aabb000 Uncommon trap: reason=unstable_if action=reinterpret pc=0x00000001125610b8 method=akka.actor.LightArrayRevolverScheduler$$anon$4.nextTick()V @ 142
Event: 718.270 Thread 0x00007ffb6afb1000 Uncommon trap: reason=unstable_if action=reinterpret pc=0x0000000112671a9c method=java.lang.ref.SoftReference.get()Ljava/lang/Object; @ 6
Event: 718.271 Thread 0x00007ffb697e9000 Uncommon trap: reason=unstable_if action=reinterpret pc=0x0000000112410808 method=java.lang.ref.SoftReference.get()Ljava/lang/Object; @ 6
Event: 718.357 Thread 0x00007ffb6a93b800 Uncommon trap: reason=unstable_if action=reinterpret pc=0x00000001125a0664 method=java.lang.ref.SoftReference.get()Ljava/lang/Object; @ 6
Event: 718.421 Thread 0x00007ffb6a93b800 Uncommon trap: reason=class_check action=maybe_recompile pc=0x0000000111118b1c method=java.lang.String.equals(Ljava/lang/Object;)Z @ 8
Event: 868.211 Thread 0x00007ffb68e2b800 Uncommon trap: reason=null_check action=maybe_recompile pc=0x0000000111fa5f5c method=java.lang.String.length()I @ 4
Event: 1091.194 Thread 0x00007ffb68e2b800 Uncommon trap: reason=unstable_if action=reinterpret pc=0x0000000112c14e20 method=net.contentobjects.jnotify.macosx.JNotifyAdapterMacOSX$WatchData.scan(Ljava/io/File;ZLnet/contentobjects/jnotify/macosx/JNotifyAdapterMacOSX$JNEvents;)V @ 229
Event: 1179.485 Thread 0x00007ffb68e2b800 Uncommon trap: reason=unstable_if action=reinterpret pc=0x0000000112baae84 method=java.util.TreeMap.navigableKeySet()Ljava/util/NavigableSet; @ 6

Internal exceptions (10 events):
Event: 719.027 Thread 0x00007ffb69576000 Exception <a 'javax/validation/ValidationException'> (0x00000007ad84fb30) thrown at [/Users/java_re/workspace/8-2-build-macosx-x86_64/jdk8u144/9417/hotspot/src/share/vm/prims/jvm.cpp, line 1394]
Event: 719.028 Thread 0x00007ffb69576000 Exception <a 'javax/validation/ValidationException'> (0x00000007ad8ae128) thrown at [/Users/java_re/workspace/8-2-build-macosx-x86_64/jdk8u144/9417/hotspot/src/share/vm/prims/jvm.cpp, line 1394]
Event: 719.031 Thread 0x00007ffb69576000 Exception <a 'java/lang/ClassNotFoundException': models/AccountBeanInfo> (0x00000007ad9258f8) thrown at [/Users/java_re/workspace/8-2-build-macosx-x86_64/jdk8u144/9417/hotspot/src/share/vm/classfile/systemDictionary.cpp, line 210]
Event: 719.031 Thread 0x00007ffb69576000 Exception <a 'java/lang/ClassNotFoundException': models/BaseModelBeanInfo> (0x00000007ad939720) thrown at [/Users/java_re/workspace/8-2-build-macosx-x86_64/jdk8u144/9417/hotspot/src/share/vm/classfile/systemDictionary.cpp, line 210]
Event: 719.031 Thread 0x00007ffb69576000 Exception <a 'java/lang/ClassNotFoundException': models/BaseModelCustomizer> (0x00000007ad94d7c0) thrown at [/Users/java_re/workspace/8-2-build-macosx-x86_64/jdk8u144/9417/hotspot/src/share/vm/classfile/systemDictionary.cpp, line 210]
Event: 719.032 Thread 0x00007ffb69576000 Exception <a 'java/lang/ClassNotFoundException': models/AccountCustomizer> (0x00000007ad96fbf8) thrown at [/Users/java_re/workspace/8-2-build-macosx-x86_64/jdk8u144/9417/hotspot/src/share/vm/classfile/systemDictionary.cpp, line 210]
Event: 719.043 Thread 0x00007ffb69576000 Exception <a 'java/lang/reflect/InvocationTargetException'> (0x00000007ada21f10) thrown at [/Users/java_re/workspace/8-2-build-macosx-x86_64/jdk8u144/9417/hotspot/src/share/vm/runtime/reflection.cpp, line 1092]
Event: 833.790 Thread 0x00007ffb68e2b800 Exception <a 'java/io/FileNotFoundException': /Users/jasmina/ABH/eRestoran/public/eRestoran_FE/node_modules/.bin/í ½í°¹> (0x00000007b165ad38) thrown at [/Users/java_re/workspace/8-2-build-macosx-x86_64/jdk8u144/9417/hotspot/src/share/vm/prims/jni.cpp, lin
Event: 868.211 Thread 0x00007ffb68e2b800 Implicit null exception at 0x0000000111fa5ba2 to 0x0000000111fa5f51
Event: 1144.430 Thread 0x00007ffb68e2b800 Exception <a 'java/io/FileNotFoundException': /Users/jasmina/ABH/eRestoran/public/eRestoran_FE/tmp/rollup-cache_path-dtjllUO8.tmp/node_modules/.bin/í ½í°¹> (0x00000007ad6cd400) thrown at [/Users/java_re/workspace/8-2-build-macosx-x86_64/jdk8u144/9417/hots

Events (10 events):
Event: 1144.437 Thread 0x00007ffb64039800 flushing nmethod 0x0000000111460d10
Event: 1144.443 Thread 0x00007ffb64039800 flushing nmethod 0x000000011157da10
Event: 1157.380 Executing VM operation: ParallelGCFailedAllocation
Event: 1157.420 Executing VM operation: ParallelGCFailedAllocation done
Event: 1177.339 Executing VM operation: ParallelGCFailedAllocation
Event: 1177.380 Executing VM operation: ParallelGCFailedAllocation done
Event: 1177.669 Thread 0x00007ffb64043800 flushing nmethod 0x000000011178ddd0
Event: 1179.485 Thread 0x00007ffb68e2b800 Uncommon trap: trap_request=0xffffff65 fr.pc=0x0000000112baae84
Event: 1179.485 Thread 0x00007ffb68e2b800 DEOPT PACKING pc=0x0000000112baae84 sp=0x00007000031f4f50
Event: 1179.485 Thread 0x00007ffb68e2b800 DEOPT UNPACKING pc=0x0000000110f49229 sp=0x00007000031f4eb0 mode 2


Dynamic libraries:
0x000000000668b000 	/System/Library/Frameworks/Cocoa.framework/Versions/A/Cocoa
0x000000000668b000 	/System/Library/Frameworks/Security.framework/Versions/A/Security
0x000000000668b000 	/System/Library/Frameworks/ApplicationServices.framework/Versions/A/ApplicationServices
0x000000000668b000 	/usr/lib/libz.1.dylib
0x000000000668b000 	/usr/lib/libSystem.B.dylib
0x000000000668b000 	/usr/lib/libobjc.A.dylib
0x000000000668b000 	/System/Library/Frameworks/CoreFoundation.framework/Versions/A/CoreFoundation
0x000000000668b000 	/System/Library/Frameworks/Foundation.framework/Versions/C/Foundation
0x000000000668b000 	/System/Library/Frameworks/AppKit.framework/Versions/C/AppKit
0x000000000668b000 	/System/Library/Frameworks/CoreData.framework/Versions/A/CoreData
0x000000000668b000 	/System/Library/PrivateFrameworks/RemoteViewServices.framework/Versions/A/RemoteViewServices
0x000000000668b000 	/System/Library/PrivateFrameworks/UIFoundation.framework/Versions/A/UIFoundation
0x000000000668b000 	/System/Library/PrivateFrameworks/DFRFoundation.framework/Versions/A/DFRFoundation
0x000000000668b000 	/usr/lib/libenergytrace.dylib
0x000000000668b000 	/System/Library/PrivateFrameworks/SkyLight.framework/Versions/A/SkyLight
0x000000000668b000 	/System/Library/Frameworks/CoreGraphics.framework/Versions/A/CoreGraphics
0x000000000668b000 	/usr/lib/libScreenReader.dylib
0x000000000668b000 	/System/Library/Frameworks/Accelerate.framework/Versions/A/Accelerate
0x000000000668b000 	/System/Library/Frameworks/IOSurface.framework/Versions/A/IOSurface
0x000000000668b000 	/System/Library/Frameworks/AudioToolbox.framework/Versions/A/AudioToolbox
0x000000000668b000 	/System/Library/Frameworks/AudioUnit.framework/Versions/A/AudioUnit
0x000000000668b000 	/System/Library/PrivateFrameworks/DataDetectorsCore.framework/Versions/A/DataDetectorsCore
0x000000000668b000 	/System/Library/PrivateFrameworks/DesktopServicesPriv.framework/Versions/A/DesktopServicesPriv
0x000000000668b000 	/System/Library/Frameworks/Carbon.framework/Versions/A/Frameworks/HIToolbox.framework/Versions/A/HIToolbox
0x000000000668b000 	/usr/lib/libicucore.A.dylib
0x000000000668b000 	/System/Library/Frameworks/QuartzCore.framework/Versions/A/QuartzCore
0x000000000668b000 	/System/Library/Frameworks/Carbon.framework/Versions/A/Frameworks/SpeechRecognition.framework/Versions/A/SpeechRecognition
0x000000000668b000 	/usr/lib/libauto.dylib
0x000000000668b000 	/usr/lib/libxml2.2.dylib
0x000000000668b000 	/System/Library/PrivateFrameworks/CoreUI.framework/Versions/A/CoreUI
0x000000000668b000 	/System/Library/Frameworks/CoreAudio.framework/Versions/A/CoreAudio
0x000000000668b000 	/System/Library/Frameworks/DiskArbitration.framework/Versions/A/DiskArbitration
0x000000000668b000 	/usr/lib/liblangid.dylib
0x000000000668b000 	/System/Library/PrivateFrameworks/MultitouchSupport.framework/Versions/A/MultitouchSupport
0x000000000668b000 	/System/Library/Frameworks/IOKit.framework/Versions/A/IOKit
0x000000000668b000 	/usr/lib/libDiagnosticMessagesClient.dylib
0x000000000668b000 	/System/Library/Frameworks/CoreServices.framework/Versions/A/CoreServices
0x000000000668b000 	/System/Library/PrivateFrameworks/PerformanceAnalysis.framework/Versions/A/PerformanceAnalysis
0x000000000668b000 	/System/Library/PrivateFrameworks/GenerationalStorage.framework/Versions/A/GenerationalStorage
0x000000000668b000 	/System/Library/Frameworks/OpenGL.framework/Versions/A/OpenGL
0x000000000668b000 	/System/Library/Frameworks/CoreImage.framework/Versions/A/CoreImage
0x000000000668b000 	/System/Library/Frameworks/CoreText.framework/Versions/A/CoreText
0x000000000668b000 	/System/Library/Frameworks/ImageIO.framework/Versions/A/ImageIO
0x000000000668b000 	/System/Library/PrivateFrameworks/Backup.framework/Versions/A/Backup
0x000000000668b000 	/usr/lib/libarchive.2.dylib
0x000000000668b000 	/System/Library/Frameworks/CFNetwork.framework/Versions/A/CFNetwork
0x000000000668b000 	/System/Library/Frameworks/SystemConfiguration.framework/Versions/A/SystemConfiguration
0x000000000668b000 	/usr/lib/libCRFSuite.dylib
0x000000000668b000 	/usr/lib/libc++.1.dylib
0x000000000668b000 	/usr/lib/libc++abi.dylib
0x000000000668b000 	/usr/lib/system/libcache.dylib
0x000000000668b000 	/usr/lib/system/libcommonCrypto.dylib
0x000000000668b000 	/usr/lib/system/libcompiler_rt.dylib
0x000000000668b000 	/usr/lib/system/libcopyfile.dylib
0x000000000668b000 	/usr/lib/system/libcorecrypto.dylib
0x000000000668b000 	/usr/lib/system/libdispatch.dylib
0x000000000668b000 	/usr/lib/system/libdyld.dylib
0x000000000668b000 	/usr/lib/system/libkeymgr.dylib
0x000000000668b000 	/usr/lib/system/liblaunch.dylib
0x000000000668b000 	/usr/lib/system/libmacho.dylib
0x000000000668b000 	/usr/lib/system/libquarantine.dylib
0x000000000668b000 	/usr/lib/system/libremovefile.dylib
0x000000000668b000 	/usr/lib/system/libsystem_asl.dylib
0x000000000668b000 	/usr/lib/system/libsystem_blocks.dylib
0x000000000668b000 	/usr/lib/system/libsystem_c.dylib
0x000000000668b000 	/usr/lib/system/libsystem_configuration.dylib
0x000000000668b000 	/usr/lib/system/libsystem_coreservices.dylib
0x000000000668b000 	/usr/lib/system/libsystem_coretls.dylib
0x000000000668b000 	/usr/lib/system/libsystem_dnssd.dylib
0x000000000668b000 	/usr/lib/system/libsystem_info.dylib
0x000000000668b000 	/usr/lib/system/libsystem_kernel.dylib
0x000000000668b000 	/usr/lib/system/libsystem_m.dylib
0x000000000668b000 	/usr/lib/system/libsystem_malloc.dylib
0x000000000668b000 	/usr/lib/system/libsystem_network.dylib
0x000000000668b000 	/usr/lib/system/libsystem_networkextension.dylib
0x000000000668b000 	/usr/lib/system/libsystem_notify.dylib
0x000000000668b000 	/usr/lib/system/libsystem_platform.dylib
0x000000000668b000 	/usr/lib/system/libsystem_pthread.dylib
0x000000000668b000 	/usr/lib/system/libsystem_sandbox.dylib
0x000000000668b000 	/usr/lib/system/libsystem_secinit.dylib
0x000000000668b000 	/usr/lib/system/libsystem_symptoms.dylib
0x000000000668b000 	/usr/lib/system/libsystem_trace.dylib
0x000000000668b000 	/usr/lib/system/libunwind.dylib
0x000000000668b000 	/usr/lib/system/libxpc.dylib
0x000000000668b000 	/usr/lib/libbsm.0.dylib
0x000000000668b000 	/usr/lib/system/libkxld.dylib
0x000000000668b000 	/usr/lib/libcoretls.dylib
0x000000000668b000 	/usr/lib/libcoretls_cfhelpers.dylib
0x000000000668b000 	/usr/lib/libxar.1.dylib
0x000000000668b000 	/usr/lib/libsqlite3.dylib
0x000000000668b000 	/usr/lib/libpam.2.dylib
0x000000000668b000 	/usr/lib/libOpenScriptingUtil.dylib
0x000000000668b000 	/usr/lib/libbz2.1.0.dylib
0x000000000668b000 	/usr/lib/liblzma.5.dylib
0x000000000668b000 	/usr/lib/libnetwork.dylib
0x000000000668b000 	/usr/lib/libpcap.A.dylib
0x000000000668b000 	/System/Library/Frameworks/CoreServices.framework/Versions/A/Frameworks/FSEvents.framework/Versions/A/FSEvents
0x000000000668b000 	/System/Library/Frameworks/CoreServices.framework/Versions/A/Frameworks/CarbonCore.framework/Versions/A/CarbonCore
0x000000000668b000 	/System/Library/Frameworks/CoreServices.framework/Versions/A/Frameworks/Metadata.framework/Versions/A/Metadata
0x000000000668b000 	/System/Library/Frameworks/CoreServices.framework/Versions/A/Frameworks/OSServices.framework/Versions/A/OSServices
0x000000000668b000 	/System/Library/Frameworks/CoreServices.framework/Versions/A/Frameworks/SearchKit.framework/Versions/A/SearchKit
0x000000000668b000 	/System/Library/Frameworks/CoreServices.framework/Versions/A/Frameworks/AE.framework/Versions/A/AE
0x000000000668b000 	/System/Library/Frameworks/CoreServices.framework/Versions/A/Frameworks/LaunchServices.framework/Versions/A/LaunchServices
0x000000000668b000 	/System/Library/Frameworks/CoreServices.framework/Versions/A/Frameworks/DictionaryServices.framework/Versions/A/DictionaryServices
0x000000000668b000 	/System/Library/Frameworks/CoreServices.framework/Versions/A/Frameworks/SharedFileList.framework/Versions/A/SharedFileList
0x000000000668b000 	/System/Library/Frameworks/NetFS.framework/Versions/A/NetFS
0x000000000668b000 	/System/Library/PrivateFrameworks/NetAuth.framework/Versions/A/NetAuth
0x000000000668b000 	/System/Library/PrivateFrameworks/login.framework/Versions/A/Frameworks/loginsupport.framework/Versions/A/loginsupport
0x000000000668b000 	/System/Library/PrivateFrameworks/TCC.framework/Versions/A/TCC
0x000000000668b000 	/usr/lib/libmecabra.dylib
0x000000000668b000 	/System/Library/Frameworks/ApplicationServices.framework/Versions/A/Frameworks/ATS.framework/Versions/A/ATS
0x000000000668b000 	/System/Library/Frameworks/ApplicationServices.framework/Versions/A/Frameworks/ColorSync.framework/Versions/A/ColorSync
0x000000000668b000 	/System/Library/Frameworks/ApplicationServices.framework/Versions/A/Frameworks/HIServices.framework/Versions/A/HIServices
0x000000000668b000 	/System/Library/Frameworks/ApplicationServices.framework/Versions/A/Frameworks/LangAnalysis.framework/Versions/A/LangAnalysis
0x000000000668b000 	/System/Library/Frameworks/ApplicationServices.framework/Versions/A/Frameworks/PrintCore.framework/Versions/A/PrintCore
0x000000000668b000 	/System/Library/Frameworks/ApplicationServices.framework/Versions/A/Frameworks/QD.framework/Versions/A/QD
0x000000000668b000 	/System/Library/Frameworks/ApplicationServices.framework/Versions/A/Frameworks/SpeechSynthesis.framework/Versions/A/SpeechSynthesis
0x000000000668b000 	/System/Library/Frameworks/Accelerate.framework/Versions/A/Frameworks/vImage.framework/Versions/A/vImage
0x000000000668b000 	/System/Library/Frameworks/Accelerate.framework/Versions/A/Frameworks/vecLib.framework/Versions/A/vecLib
0x000000000668b000 	/System/Library/Frameworks/Accelerate.framework/Versions/A/Frameworks/vecLib.framework/Versions/A/libvDSP.dylib
0x000000000668b000 	/System/Library/Frameworks/Accelerate.framework/Versions/A/Frameworks/vecLib.framework/Versions/A/libBNNS.dylib
0x000000000668b000 	/System/Library/Frameworks/Accelerate.framework/Versions/A/Frameworks/vecLib.framework/Versions/A/libQuadrature.dylib
0x000000000668b000 	/System/Library/Frameworks/Accelerate.framework/Versions/A/Frameworks/vecLib.framework/Versions/A/libvMisc.dylib
0x000000000668b000 	/System/Library/Frameworks/Accelerate.framework/Versions/A/Frameworks/vecLib.framework/Versions/A/libLAPACK.dylib
0x000000000668b000 	/System/Library/Frameworks/Accelerate.framework/Versions/A/Frameworks/vecLib.framework/Versions/A/libBLAS.dylib
0x000000000668b000 	/System/Library/Frameworks/Accelerate.framework/Versions/A/Frameworks/vecLib.framework/Versions/A/libLinearAlgebra.dylib
0x000000000668b000 	/System/Library/Frameworks/Accelerate.framework/Versions/A/Frameworks/vecLib.framework/Versions/A/libSparseBLAS.dylib
0x000000000668b000 	/System/Library/Frameworks/ApplicationServices.framework/Versions/A/Frameworks/ATS.framework/Versions/A/Resources/libFontParser.dylib
0x000000000668b000 	/System/Library/Frameworks/ApplicationServices.framework/Versions/A/Frameworks/ATS.framework/Versions/A/Resources/libFontRegistry.dylib
0x000000000668b000 	/System/Library/Frameworks/ImageIO.framework/Versions/A/Resources/libJPEG.dylib
0x000000000668b000 	/System/Library/Frameworks/ImageIO.framework/Versions/A/Resources/libTIFF.dylib
0x000000000668b000 	/System/Library/Frameworks/ImageIO.framework/Versions/A/Resources/libPng.dylib
0x000000000668b000 	/System/Library/Frameworks/ImageIO.framework/Versions/A/Resources/libGIF.dylib
0x000000000668b000 	/System/Library/Frameworks/ImageIO.framework/Versions/A/Resources/libJP2.dylib
0x000000000668b000 	/System/Library/Frameworks/ImageIO.framework/Versions/A/Resources/libRadiance.dylib
0x000000000668b000 	/usr/lib/libcompression.dylib
0x000000000668b000 	/System/Library/PrivateFrameworks/AppleJPEG.framework/Versions/A/AppleJPEG
0x000000000668b000 	/usr/lib/libcups.2.dylib
0x000000000668b000 	/System/Library/Frameworks/Kerberos.framework/Versions/A/Kerberos
0x000000000668b000 	/System/Library/Frameworks/GSS.framework/Versions/A/GSS
0x000000000668b000 	/usr/lib/libresolv.9.dylib
0x000000000668b000 	/usr/lib/libiconv.2.dylib
0x000000000668b000 	/System/Library/PrivateFrameworks/Heimdal.framework/Versions/A/Heimdal
0x000000000668b000 	/usr/lib/libheimdal-asn1.dylib
0x000000000668b000 	/System/Library/Frameworks/OpenDirectory.framework/Versions/A/OpenDirectory
0x000000000668b000 	/System/Library/PrivateFrameworks/CommonAuth.framework/Versions/A/CommonAuth
0x000000000668b000 	/System/Library/Frameworks/OpenDirectory.framework/Versions/A/Frameworks/CFOpenDirectory.framework/Versions/A/CFOpenDirectory
0x000000000668b000 	/System/Library/Frameworks/SecurityFoundation.framework/Versions/A/SecurityFoundation
0x000000000668b000 	/System/Library/PrivateFrameworks/LanguageModeling.framework/Versions/A/LanguageModeling
0x000000000668b000 	/usr/lib/libmarisa.dylib
0x000000000668b000 	/usr/lib/libChineseTokenizer.dylib
0x000000000668b000 	/usr/lib/libcmph.dylib
0x000000000668b000 	/System/Library/PrivateFrameworks/CoreEmoji.framework/Versions/A/CoreEmoji
0x000000000668b000 	/System/Library/Frameworks/ServiceManagement.framework/Versions/A/ServiceManagement
0x000000000668b000 	/usr/lib/libxslt.1.dylib
0x000000000668b000 	/System/Library/Frameworks/Carbon.framework/Versions/A/Frameworks/Ink.framework/Versions/A/Ink
0x000000000668b000 	/System/Library/PrivateFrameworks/TextureIO.framework/Versions/A/TextureIO
0x000000000668b000 	/System/Library/Frameworks/Metal.framework/Versions/A/Metal
0x000000000668b000 	/usr/lib/libate.dylib
0x000000000668b000 	/System/Library/PrivateFrameworks/GPUCompiler.framework/libmetal_timestamp.dylib
0x000000000668b000 	/System/Library/Frameworks/OpenGL.framework/Versions/A/Libraries/libCoreFSCache.dylib
0x000000000668b000 	/System/Library/PrivateFrameworks/IOAccelerator.framework/Versions/A/IOAccelerator
0x000000000668b000 	/System/Library/Frameworks/CoreVideo.framework/Versions/A/CoreVideo
0x000000000668b000 	/usr/lib/libFosl_dynamic.dylib
0x000000000668b000 	/System/Library/PrivateFrameworks/MetalPerformanceShaders.framework/Versions/A/MetalPerformanceShaders
0x000000000668b000 	/System/Library/PrivateFrameworks/FaceCore.framework/Versions/A/FaceCore
0x000000000668b000 	/System/Library/Frameworks/OpenCL.framework/Versions/A/OpenCL
0x000000000668b000 	/System/Library/Frameworks/OpenGL.framework/Versions/A/Libraries/libGLU.dylib
0x000000000668b000 	/System/Library/Frameworks/OpenGL.framework/Versions/A/Libraries/libGFXShared.dylib
0x000000000668b000 	/System/Library/Frameworks/OpenGL.framework/Versions/A/Libraries/libGL.dylib
0x000000000668b000 	/System/Library/Frameworks/OpenGL.framework/Versions/A/Libraries/libGLImage.dylib
0x000000000668b000 	/System/Library/Frameworks/OpenGL.framework/Versions/A/Libraries/libCVMSPluginSupport.dylib
0x000000000668b000 	/System/Library/Frameworks/OpenGL.framework/Versions/A/Libraries/libCoreVMClient.dylib
0x000000000668b000 	/System/Library/PrivateFrameworks/CrashReporterSupport.framework/Versions/A/CrashReporterSupport
0x000000000668b000 	/System/Library/PrivateFrameworks/Sharing.framework/Versions/A/Sharing
0x000000000668b000 	/System/Library/PrivateFrameworks/IconServices.framework/Versions/A/IconServices
0x000000000668b000 	/System/Library/PrivateFrameworks/ProtocolBuffer.framework/Versions/A/ProtocolBuffer
0x000000000668b000 	/System/Library/PrivateFrameworks/Apple80211.framework/Versions/A/Apple80211
0x000000000668b000 	/System/Library/Frameworks/CoreWLAN.framework/Versions/A/CoreWLAN
0x000000000668b000 	/System/Library/PrivateFrameworks/CoreUtils.framework/Versions/A/CoreUtils
0x000000000668b000 	/System/Library/Frameworks/IOBluetooth.framework/Versions/A/IOBluetooth
0x000000000668b000 	/System/Library/PrivateFrameworks/CoreWiFi.framework/Versions/A/CoreWiFi
0x000000000668b000 	/System/Library/Frameworks/CoreBluetooth.framework/Versions/A/CoreBluetooth
0x000000000668b000 	/System/Library/Frameworks/CoreDisplay.framework/Versions/A/CoreDisplay
0x000000000668b000 	/System/Library/PrivateFrameworks/IOPresentment.framework/Versions/A/IOPresentment
0x000000000668b000 	/System/Library/PrivateFrameworks/DebugSymbols.framework/Versions/A/DebugSymbols
0x000000000668b000 	/System/Library/PrivateFrameworks/CoreSymbolication.framework/Versions/A/CoreSymbolication
0x000000000668b000 	/System/Library/PrivateFrameworks/Symbolication.framework/Versions/A/Symbolication
0x000000000668b000 	/System/Library/PrivateFrameworks/AppleFSCompression.framework/Versions/A/AppleFSCompression
0x000000000668b000 	/System/Library/PrivateFrameworks/SpeechRecognitionCore.framework/Versions/A/SpeechRecognitionCore
0x000000000668b000 	/System/Library/PrivateFrameworks/ChunkingLibrary.framework/Versions/A/ChunkingLibrary
0x0000000104800000 	/Library/Java/JavaVirtualMachines/jdk1.8.0_144.jdk/Contents/Home/jre/lib/server/libjvm.dylib
0x000000000668b000 	/usr/lib/libstdc++.6.dylib
0x00000001036d9000 	/Library/Java/JavaVirtualMachines/jdk1.8.0_144.jdk/Contents/Home/jre/lib/libverify.dylib
0x00000001036e7000 	/Library/Java/JavaVirtualMachines/jdk1.8.0_144.jdk/Contents/Home/jre/lib/libjava.dylib
0x0000000103726000 	/Library/Java/JavaVirtualMachines/jdk1.8.0_144.jdk/Contents/Home/jre/lib/libzip.dylib
0x000000010a76b000 	/System/Library/Frameworks/JavaVM.framework/Frameworks/JavaRuntimeSupport.framework/JavaRuntimeSupport
0x00000001037e7000 	/System/Library/Frameworks/JavaVM.framework/Versions/A/Frameworks/JavaNativeFoundation.framework/Versions/A/JavaNativeFoundation
0x000000010a785000 	/System/Library/Frameworks/JavaVM.framework/Versions/A/JavaVM
0x000000000668b000 	/System/Library/Frameworks/Carbon.framework/Versions/A/Carbon
0x000000010a792000 	/System/Library/PrivateFrameworks/JavaLaunching.framework/Versions/A/JavaLaunching
0x000000000668b000 	/System/Library/Frameworks/Carbon.framework/Versions/A/Frameworks/CommonPanels.framework/Versions/A/CommonPanels
0x000000000668b000 	/System/Library/Frameworks/Carbon.framework/Versions/A/Frameworks/Help.framework/Versions/A/Help
0x000000000668b000 	/System/Library/Frameworks/Carbon.framework/Versions/A/Frameworks/ImageCapture.framework/Versions/A/ImageCapture
0x000000000668b000 	/System/Library/Frameworks/Carbon.framework/Versions/A/Frameworks/OpenScripting.framework/Versions/A/OpenScripting
0x000000000668b000 	/System/Library/Frameworks/Carbon.framework/Versions/A/Frameworks/Print.framework/Versions/A/Print
0x000000000668b000 	/System/Library/Frameworks/Carbon.framework/Versions/A/Frameworks/SecurityHI.framework/Versions/A/SecurityHI
0x000000010c0b6000 	/Library/Java/JavaVirtualMachines/jdk1.8.0_144.jdk/Contents/Home/jre/lib/libnet.dylib
0x000000010c115000 	/Library/Java/JavaVirtualMachines/jdk1.8.0_144.jdk/Contents/Home/jre/lib/libnio.dylib
0x000000010cfa9000 	/Library/Java/JavaVirtualMachines/jdk1.8.0_144.jdk/Contents/Home/jre/lib/libmanagement.dylib
0x000000010c69b000 	/Users/jasmina/ABH/eRestoran/target/jnotify/native_libraries/64bits/libjnotify.jnilib
0x000000010cb35000 	/Library/Java/JavaVirtualMachines/jdk1.8.0_144.jdk/Contents/Home/jre/lib/libsunec.dylib

VM Arguments:
jvm_args: -Dfile.encoding=UTF8 -Djline.terminal=none -Dsbt.log.noformat=true -Dsbt.global.base=/private/var/folders/96/cw4ykw9n6z1d7rb_n0k307400000gn/T/sbt-global-pluginstub -Xms512M -Xmx1024M -Xss1M -XX:+CMSClassUnloadingEnabled -XX:MaxPermSize=256M 
java_command: xsbt.boot.Boot project root run
java_class_path (initial): /Users/jasmina/Library/Application Support/IntelliJIdea2017.2/Scala/launcher/sbt-launch.jar
Launcher Type: SUN_STANDARD

Environment Variables:
PATH=/usr/local/opt/node@6/bin:/usr/local/bin:/usr/bin:/bin:/usr/sbin:/sbin
SHELL=/bin/bash

Signal Handlers:
SIGSEGV: [libjvm.dylib+0x5b26e5], sa_mask[0]=11111111011111110111111111111111, sa_flags=SA_ONSTACK|SA_RESTART|SA_SIGINFO
SIGBUS: [libjvm.dylib+0x5b26e5], sa_mask[0]=11111111011111110111111111111111, sa_flags=SA_RESTART|SA_SIGINFO
SIGFPE: [libjvm.dylib+0x489100], sa_mask[0]=11111111011111110111111111111111, sa_flags=SA_RESTART|SA_SIGINFO
SIGPIPE: [libjvm.dylib+0x489100], sa_mask[0]=11111111011111110111111111111111, sa_flags=SA_RESTART|SA_SIGINFO
SIGXFSZ: [libjvm.dylib+0x489100], sa_mask[0]=11111111011111110111111111111111, sa_flags=SA_RESTART|SA_SIGINFO
SIGILL: [libjvm.dylib+0x489100], sa_mask[0]=11111111011111110111111111111111, sa_flags=SA_RESTART|SA_SIGINFO
SIGUSR1: SIG_DFL, sa_mask[0]=00000000000000000000000000000000, sa_flags=none
SIGUSR2: [libjvm.dylib+0x488c1e], sa_mask[0]=00100000000000000000000000000000, sa_flags=SA_RESTART|SA_SIGINFO
SIGHUP: [libjvm.dylib+0x4871f5], sa_mask[0]=11111111011111110111111111111111, sa_flags=SA_RESTART|SA_SIGINFO
SIGINT: [libjvm.dylib+0x4871f5], sa_mask[0]=11111111011111110111111111111111, sa_flags=SA_RESTART|SA_SIGINFO
SIGTERM: [libjvm.dylib+0x4871f5], sa_mask[0]=11111111011111110111111111111111, sa_flags=SA_RESTART|SA_SIGINFO
SIGQUIT: [libjvm.dylib+0x4871f5], sa_mask[0]=11111111011111110111111111111111, sa_flags=SA_RESTART|SA_SIGINFO


---------------  S Y S T E M  ---------------

OS:Bsduname:Darwin 16.1.0 Darwin Kernel Version 16.1.0: Wed Oct 19 20:31:56 PDT 2016; root:xnu-3789.21.4~4/RELEASE_X86_64 x86_64
rlimit: STACK 8192k, CORE 0k, NPROC 709, NOFILE 10240, AS infinity
load average:4.22 3.82 3.68

CPU:total 8 (initial active 8) (4 cores per cpu, 2 threads per core) family 6 model 70 stepping 1, cmov, cx8, fxsr, mmx, sse, sse2, sse3, ssse3, sse4.1, sse4.2, popcnt, avx, avx2, aes, clmul, erms, lzcnt, ht, tsc, tscinvbit, bmi1, bmi2

Memory: 4k page, physical 8388608k(175872k free)

/proc/meminfo:


vm_info: Java HotSpot(TM) 64-Bit Server VM (25.144-b01) for bsd-amd64 JRE (1.8.0_144-b01), built on Jul 21 2017 22:07:42 by "java_re" with gcc 4.2.1 (Based on Apple Inc. build 5658) (LLVM build 2336.11.00)

time: Fri Oct 13 14:04:55 2017
elapsed time: 1180 seconds (0d 0h 19m 40s)

