#
# A fatal error has been detected by the Java Runtime Environment:
#
#  SIGSEGV (0xb) at pc=0x0000000111c6fedc, pid=3930, tid=0x0000000000006b03
#
# JRE version: Java(TM) SE Runtime Environment (8.0_144-b01) (build 1.8.0_144-b01)
# Java VM: Java HotSpot(TM) 64-Bit Server VM (25.144-b01 mixed mode bsd-amd64 compressed oops)
# Problematic frame:
# J 12432 C2 net.contentobjects.jnotify.macosx.JNotifyAdapterMacOSX.batchEndEvent(I)V (815 bytes) @ 0x0000000111c6fedc [0x0000000111c6f8c0+0x61c]
#
# Failed to write core dump. Core dumps have been disabled. To enable core dumping, try "ulimit -c unlimited" before starting Java again
#
# If you would like to submit a bug report, please visit:
#   http://bugreport.java.com/bugreport/crash.jsp
#

---------------  T H R E A D  ---------------

Current thread (0x00007fbbc69d6000):  JavaThread "FSEvent thread" daemon [_thread_in_Java, id=27395, stack(0x000070000743c000,0x000070000753c000)]

siginfo: si_signo: 11 (SIGSEGV), si_code: 1 (SEGV_MAPERR), si_addr: 0x00000003c044444c

Registers:
RAX=0x00000007aca39948, RBX=0x000000010b367000, RCX=0x0000000780002bf8, RDX=0x0000000000000000
RSP=0x0000700007535140, RBP=0x0000000078088888, RSI=0x00000007822c4b50, RDI=0x0000000000000c6c
R8 =0x0000000781c40ce0, R9 =0x00000007c000e940, R10=0x00000007aca39828, R11=0x00000007aca39828
R12=0x0000000000000000, R13=0x00000007822c8a38, R14=0x00000000f0458970, R15=0x00007fbbc69d6000
RIP=0x0000000111c6fedc, EFLAGS=0x0000000000010206, ERR=0x0000000000000004
  TRAPNO=0x000000000000000e

Top of Stack: (sp=0x0000700007535140)
0x0000700007535140:   f562a5cb00000080 0000000000000000
0x0000700007535150:   00000007c0011338 f038819a00000000
0x0000700007535160:   00000007aca39858 0000000781c40ce0
0x0000700007535170:   0000000780002bf8 00000007aca39828
0x0000700007535180:   00000007c000e940 00000007aca39948
0x0000700007535190:   00000007aca39828 0000000781d5bf80
0x00007000075351a0:   0000000000000000 00007000075351f8
0x00007000075351b0:   0000700007535390 000000011084d694
0x00007000075351c0:   000000010f6e8e50 0000000000000000
0x00007000075351d0:   00007000075351f8 0000700007535240
0x00007000075351e0:   00000001101cb2bd 0000000000000000
0x00007000075351f0:   0000000000000000 0000000781d5bf80
0x0000700007535200:   0000700007535200 00000001264d165f
0x0000700007535210:   0000700007535260 00000001278fa028
0x0000700007535220:   0000000000000000 00000001264d1698
0x0000700007535230:   0000000000000000 0000700007535258
0x0000700007535240:   00007000075352a8 00000001101cb2bd
0x0000700007535250:   00000001101cb2bd 0000000000000000
0x0000700007535260:   00000007822c4b40 0000700007535268
0x0000700007535270:   00000001278facbd 00007000075352c0
0x0000700007535280:   00000001278fad70 0000000000000000
0x0000700007535290:   00000001278face8 0000700007535258
0x00007000075352a0:   00007000075352b8 0000700007535308
0x00007000075352b0:   00000001101cb302 0000000000000000
0x00007000075352c0:   00000007822c4b30 00007000075352c8
0x00007000075352d0:   00000001278fba52 0000700007535320
0x00007000075352e0:   00000001278fc460 0000000000000000
0x00007000075352f0:   00000001278fba80 00007000075352b8
0x0000700007535300:   0000700007535318 0000700007535390
0x0000700007535310:   00000001101c37a7 00007fbb00000000
0x0000700007535320:   0000000000000000 00000007822c4ab8
0x0000700007535330:   0000000100001fa0 000000000000000a 

Instructions: (pc=0x0000000111c6fedc)
0x0000000111c6febc:   60 0c 4c 89 60 10 4c 89 60 18 48 89 44 24 48 4c
0x0000000111c6fecc:   8b 54 24 38 41 8b 6a 10 85 ed 0f 84 8d 1f 00 00
0x0000000111c6fedc:   41 8b 5c ec 0c 85 db 0f 84 31 1f 00 00 41 8b 4c
0x0000000111c6feec:   dc 0c 4d 8d 1c ec 85 c9 0f 8e 58 fe ff ff 85 c9 

Register to memory mapping:

RAX=0x00000007aca39948 is an oop
java.io.File 
 - klass: 'java/io/File'
RBX=0x000000010b367000 is an unknown value
RCX=0x0000000780002bf8 is an oop
java.lang.NullPointerException 
 - klass: 'java/lang/NullPointerException'
RDX=0x0000000000000000 is an unknown value
RSP=0x0000700007535140 is pointing into the stack for thread: 0x00007fbbc69d6000
RBP=0x0000000078088888 is an unknown value
RSI=0x00000007822c4b50 is an oop
java.util.Hashtable 
 - klass: 'java/util/Hashtable'
RDI=0x0000000000000c6c is an unknown value
R8 =0x0000000781c40ce0 is an oop
net.contentobjects.jnotify.macosx.JNotifyAdapterMacOSX$WatchData 
 - klass: 'net/contentobjects/jnotify/macosx/JNotifyAdapterMacOSX$WatchData'
R9 =0x00000007c000e940 is pointing into metadata
R10=0x00000007aca39828 is an oop
net.contentobjects.jnotify.macosx.JNotifyAdapterMacOSX$ScanJob 
 - klass: 'net/contentobjects/jnotify/macosx/JNotifyAdapterMacOSX$ScanJob'
R11=0x00000007aca39828 is an oop
net.contentobjects.jnotify.macosx.JNotifyAdapterMacOSX$ScanJob 
 - klass: 'net/contentobjects/jnotify/macosx/JNotifyAdapterMacOSX$ScanJob'
R12=0x0000000000000000 is an unknown value
R13=0x00000007822c8a38 is an oop
java.util.Hashtable$Entry 
 - klass: 'java/util/Hashtable$Entry'
R14=0x00000000f0458970 is an unknown value
R15=0x00007fbbc69d6000 is a thread


Stack: [0x000070000743c000,0x000070000753c000],  sp=0x0000700007535140,  free space=996k
Native frames: (J=compiled Java code, j=interpreted, Vv=VM code, C=native code)
J 12432 C2 net.contentobjects.jnotify.macosx.JNotifyAdapterMacOSX.batchEndEvent(I)V (815 bytes) @ 0x0000000111c6fedc [0x0000000111c6f8c0+0x61c]
j  net.contentobjects.jnotify.macosx.JNotifyAdapterMacOSX$1.batchEnd(I)V+5
j  net.contentobjects.jnotify.macosx.JNotify_macosx.callbackInBatch(IZ)V+26
v  ~StubRoutines::call_stub
V  [libjvm.dylib+0x2ee70a]  JavaCalls::call_helper(JavaValue*, methodHandle*, JavaCallArguments*, Thread*)+0x6ae
V  [libjvm.dylib+0x3258b9]  jni_invoke_nonstatic(JNIEnv_*, JavaValue*, _jobject*, JNICallType, _jmethodID*, JNI_ArgumentPusher*, Thread*)+0x2ec
V  [libjvm.dylib+0x318087]  jni_CallVoidMethod+0x16b
C  [libjnotify.jnilib+0x1585]  fsevent_callback+0x115
C  [FSEvents+0x3b03]  implementation_callback_rpc+0x75b
C  [FSEvents+0x1702]  _Xcallback_rpc+0xfe
C  [FSEvents+0x17c9]  FSEventsD2F_server+0x37
C  [FSEvents+0x6fed]  FSEventsClientProcessMessageCallback+0x2c
C  [CoreFoundation+0x9030d]  __CFMachPortPerform+0xfd
C  [CoreFoundation+0x901f9]  __CFRUNLOOP_IS_CALLING_OUT_TO_A_SOURCE1_PERFORM_FUNCTION__+0x29
C  [CoreFoundation+0x90171]  __CFRunLoopDoSource1+0x1d1
C  [CoreFoundation+0x880c5]  __CFRunLoopRun+0x955
C  [CoreFoundation+0x87514]  CFRunLoopRunSpecific+0x1a4
C  [CoreFoundation+0xc6bb1]  CFRunLoopRun+0x61
j  net.contentobjects.jnotify.macosx.JNotify_macosx.nativeNotifyLoop()V+0
j  net.contentobjects.jnotify.macosx.JNotify_macosx.access$400()V+0
j  net.contentobjects.jnotify.macosx.JNotify_macosx$1.run()V+65
v  ~StubRoutines::call_stub
V  [libjvm.dylib+0x2ee70a]  JavaCalls::call_helper(JavaValue*, methodHandle*, JavaCallArguments*, Thread*)+0x6ae
V  [libjvm.dylib+0x2eeeae]  JavaCalls::call_virtual(JavaValue*, KlassHandle, Symbol*, Symbol*, JavaCallArguments*, Thread*)+0x164
V  [libjvm.dylib+0x2ef05a]  JavaCalls::call_virtual(JavaValue*, Handle, KlassHandle, Symbol*, Symbol*, Thread*)+0x4a
V  [libjvm.dylib+0x3497b1]  thread_entry(JavaThread*, Thread*)+0x7c
V  [libjvm.dylib+0x56c0b3]  JavaThread::thread_main_inner()+0x9b
V  [libjvm.dylib+0x56d7a0]  JavaThread::run()+0x1c2
V  [libjvm.dylib+0x48baee]  java_start(Thread*)+0xf6
C  [libsystem_pthread.dylib+0x3aab]  _pthread_body+0xb4
C  [libsystem_pthread.dylib+0x39f7]  _pthread_body+0x0
C  [libsystem_pthread.dylib+0x3221]  thread_start+0xd
C  0x0000000000000000


---------------  P R O C E S S  ---------------

Java Threads: ( => current thread )
  0x00007fbbc3f2e000 JavaThread "pool-43-thread-8" [_thread_blocked, id=40235, stack(0x0000700008369000,0x0000700008469000)]
  0x00007fbbc4be2800 JavaThread "pool-43-thread-7" [_thread_blocked, id=44307, stack(0x0000700008266000,0x0000700008366000)]
  0x00007fbbc4be2000 JavaThread "pool-43-thread-6" [_thread_blocked, id=42519, stack(0x0000700008163000,0x0000700008263000)]
  0x00007fbbc592d800 JavaThread "pool-43-thread-5" [_thread_blocked, id=42807, stack(0x0000700007f5d000,0x000070000805d000)]
  0x00007fbbc7c70000 JavaThread "pool-43-thread-4" [_thread_blocked, id=36943, stack(0x0000700007e5a000,0x0000700007f5a000)]
  0x00007fbbc1668000 JavaThread "pool-43-thread-3" [_thread_in_native, id=37691, stack(0x0000700007d57000,0x0000700007e57000)]
  0x00007fbbc1667000 JavaThread "pool-43-thread-2" [_thread_blocked, id=43027, stack(0x0000700007848000,0x0000700007948000)]
  0x00007fbbc1385000 JavaThread "pool-43-thread-1" [_thread_blocked, id=34071, stack(0x0000700006f2d000,0x000070000702d000)]
  0x00007fbbc77f1800 JavaThread "play-dev-mode-akka.actor.default-dispatcher-25" [_thread_blocked, id=43523, stack(0x0000700009090000,0x0000700009190000)]
  0x00007fbbc1854000 JavaThread "play-dev-mode-akka.actor.default-dispatcher-20" [_thread_blocked, id=39211, stack(0x000070000794b000,0x0000700007a4b000)]
  0x00007fbbc33df800 JavaThread "play-dev-mode-akka.actor.default-dispatcher-18" [_thread_blocked, id=38467, stack(0x0000700006e2a000,0x0000700006f2a000)]
  0x00007fbbc10b0000 JavaThread "play-dev-mode-akka.actor.default-dispatcher-17" [_thread_blocked, id=37935, stack(0x0000700008f8d000,0x000070000908d000)]
  0x00007fbbc2a98000 JavaThread "play-dev-mode-akka.actor.default-dispatcher-14" [_thread_blocked, id=41731, stack(0x0000700008c84000,0x0000700008d84000)]
  0x00007fbbc3d1f800 JavaThread "play-dev-mode-akka.actor.default-dispatcher-13" [_thread_blocked, id=41219, stack(0x0000700008b81000,0x0000700008c81000)]
  0x00007fbbc49ad000 JavaThread "com.google.common.base.internal.Finalizer" daemon [_thread_blocked, id=35331, stack(0x0000700008060000,0x0000700008160000)]
  0x00007fbbbf684000 JavaThread "HikariPool-1 housekeeper" daemon [_thread_blocked, id=31495, stack(0x0000700007c54000,0x0000700007d54000)]
  0x00007fbbc73fe000 JavaThread "PostgreSQL-JDBC-SharedTimer-1" daemon [_thread_blocked, id=30735, stack(0x0000700007b51000,0x0000700007c51000)]
  0x00007fbbc19e5800 JavaThread "application-akka.actor.default-dispatcher-4" [_thread_blocked, id=32779, stack(0x0000700007a4e000,0x0000700007b4e000)]
  0x00007fbbc7b3b000 JavaThread "application-scheduler-1" [_thread_blocked, id=33039, stack(0x0000700007745000,0x0000700007845000)]
  0x00007fbbc7b42000 JavaThread "__DEFAULT__" daemon [_thread_blocked, id=30219, stack(0x0000700007642000,0x0000700007742000)]
  0x00007fbbbf61f800 JavaThread "AsyncAppender-Worker-ASYNCSTDOUT" daemon [_thread_blocked, id=31755, stack(0x000070000753f000,0x000070000763f000)]
  0x00007fbbbf2da800 JavaThread "AsyncAppender-Worker-ASYNCFILE" daemon [_thread_blocked, id=4115, stack(0x0000700007236000,0x0000700007336000)]
  0x00007fbbc43d8000 JavaThread "play-dev-mode-akka.io.pinned-dispatcher-5" [_thread_in_native, id=5127, stack(0x0000700007133000,0x0000700007233000)]
  0x00007fbbc083f800 JavaThread "play-dev-mode-akka.actor.default-dispatcher-4" [_thread_blocked, id=24079, stack(0x0000700007030000,0x0000700007130000)]
  0x00007fbbc729c000 JavaThread "play-dev-mode-scheduler-1" [_thread_blocked, id=23319, stack(0x0000700006c24000,0x0000700006d24000)]
  0x00007fbbc1471000 JavaThread "reloader-timer" daemon [_thread_blocked, id=24851, stack(0x0000700006b21000,0x0000700006c21000)]
=>0x00007fbbc69d6000 JavaThread "FSEvent thread" daemon [_thread_in_Java, id=27395, stack(0x000070000743c000,0x000070000753c000)]
  0x00007fbbc0da2000 JavaThread "pool-4-thread-6" [_thread_in_native, id=26883, stack(0x0000700007339000,0x0000700007439000)]
  0x00007fbbc598b000 JavaThread "sbt-web-akka.actor.default-dispatcher-4" [_thread_blocked, id=23823, stack(0x0000700006d27000,0x0000700006e27000)]
  0x00007fbbc5991800 JavaThread "sbt-web-scheduler-1" [_thread_blocked, id=25103, stack(0x0000700006a1e000,0x0000700006b1e000)]
  0x00007fbbc104c000 JavaThread "Service Thread" daemon [_thread_blocked, id=21251, stack(0x0000700006818000,0x0000700006918000)]
  0x00007fbbc101b800 JavaThread "C1 CompilerThread3" daemon [_thread_blocked, id=20739, stack(0x0000700006715000,0x0000700006815000)]
  0x00007fbbbf83e000 JavaThread "C2 CompilerThread2" daemon [_thread_blocked, id=20227, stack(0x0000700006612000,0x0000700006712000)]
  0x00007fbbc101a800 JavaThread "C2 CompilerThread1" daemon [_thread_blocked, id=19715, stack(0x000070000650f000,0x000070000660f000)]
  0x00007fbbc0824000 JavaThread "C2 CompilerThread0" daemon [_thread_blocked, id=19203, stack(0x000070000640c000,0x000070000650c000)]
  0x00007fbbc0823000 JavaThread "Signal Dispatcher" daemon [_thread_blocked, id=18691, stack(0x0000700006309000,0x0000700006409000)]
  0x00007fbbbf010000 JavaThread "Finalizer" daemon [_thread_blocked, id=14595, stack(0x0000700006206000,0x0000700006306000)]
  0x00007fbbc1006800 JavaThread "Reference Handler" daemon [_thread_blocked, id=14083, stack(0x0000700006103000,0x0000700006203000)]
  0x00007fbbc2001800 JavaThread "main" [_thread_blocked, id=7171, stack(0x00007000056e5000,0x00007000057e5000)]

Other Threads:
  0x00007fbbbf831800 VMThread [stack: 0x0000700006000000,0x0000700006100000] [id=13571]
  0x00007fbbbf835800 WatcherThread [stack: 0x000070000691b000,0x0000700006a1b000] [id=21763]

VM state:not at safepoint (normal execution)

VM Mutex/Monitor currently owned by a thread: None

Heap:
 PSYoungGen      total 232960K, used 32441K [0x00000007aab00000, 0x00000007c0000000, 0x00000007c0000000)
  eden space 116736K, 27% used [0x00000007aab00000,0x00000007acaae528,0x00000007b1d00000)
  from space 116224K, 0% used [0x00000007b8e80000,0x00000007b8e80000,0x00000007c0000000)
  to   space 116224K, 0% used [0x00000007b1d00000,0x00000007b1d00000,0x00000007b8e80000)
 ParOldGen       total 699392K, used 636598K [0x0000000780000000, 0x00000007aab00000, 0x00000007aab00000)
  object space 699392K, 91% used [0x0000000780000000,0x00000007a6dada68,0x00000007aab00000)
 Metaspace       used 113164K, capacity 117316K, committed 117848K, reserved 1148928K
  class space    used 18507K, capacity 18956K, committed 19032K, reserved 1048576K

Card table byte_map: [0x000000010ef67000,0x000000010f168000] byte_map_base: 0x000000010b367000

Marking Bits: (ParMarkBitMap*) 0x000000010e4f35d0
 Begin Bits: [0x000000011f1c3000, 0x00000001201c3000)
 End Bits:   [0x00000001201c3000, 0x00000001211c3000)

Polling page: 0x000000010cb24000

CodeCache: size=245760Kb used=27529Kb max_used=27587Kb free=218230Kb
 bounds [0x00000001101c3000, 0x0000000111cf3000, 0x000000011f1c3000]
 total_blobs=10817 nmethods=10132 adapters=596
 compilation: enabled

Compilation events (10 events):
Event: 1029.877 Thread 0x00007fbbc0824000 nmethod 12552 0x0000000111ca7690 code [0x0000000111ca7c80, 0x0000000111cab568]
Event: 1030.439 Thread 0x00007fbbc101a800 nmethod 12545 0x0000000111cb29d0 code [0x0000000111cb3780, 0x0000000111cba808]
Event: 1039.657 Thread 0x00007fbbc101b800 12577       3       akka.dispatch.MessageDispatcher::execute (6 bytes)
Event: 1039.657 Thread 0x00007fbbc101b800 nmethod 12577 0x00000001114a1810 code [0x00000001114a1980, 0x00000001114a1b68]
Event: 1039.658 Thread 0x00007fbbc101b800 12578       3       akka.dispatch.MessageDispatcher::batchable (6 bytes)
Event: 1039.658 Thread 0x00007fbbc101b800 nmethod 12578 0x00000001114a13d0 code [0x00000001114a1540, 0x00000001114a1728]
Event: 1039.658 Thread 0x00007fbbc101b800 12579   !   3       akka.dispatch.TaskInvocation::run (108 bytes)
Event: 1039.659 Thread 0x00007fbbc101b800 nmethod 12579 0x0000000111be1b50 code [0x0000000111be1dc0, 0x0000000111be2e88]
Event: 1041.631 Thread 0x00007fbbc101a800 12580   !   4       net.contentobjects.jnotify.macosx.JNotifyAdapterMacOSX$WatchData::scan (979 bytes)
Event: 1042.462 Thread 0x00007fbbc101a800 nmethod 12580 0x0000000111cd9610 code [0x0000000111cda3a0, 0x0000000111ce5ce8]

GC Heap History (10 events):
Event: 1039.041 GC heap before
{Heap before GC invocations=462 (full 90):
 PSYoungGen      total 232960K, used 189440K [0x00000007aab00000, 0x00000007c0000000, 0x00000007c0000000)
  eden space 116736K, 100% used [0x00000007aab00000,0x00000007b1d00000,0x00000007b1d00000)
  from space 116224K, 62% used [0x00000007b1d00000,0x00000007b6400000,0x00000007b8e80000)
  to   space 116224K, 0% used [0x00000007b8e80000,0x00000007b8e80000,0x00000007c0000000)
 ParOldGen       total 699392K, used 445174K [0x0000000780000000, 0x00000007aab00000, 0x00000007aab00000)
  object space 699392K, 63% used [0x0000000780000000,0x000000079b2bdbb8,0x00000007aab00000)
 Metaspace       used 113161K, capacity 117316K, committed 117848K, reserved 1148928K
  class space    used 18507K, capacity 18956K, committed 19032K, reserved 1048576K
Event: 1039.072 GC heap after
Heap after GC invocations=462 (full 90):
 PSYoungGen      total 232960K, used 54848K [0x00000007aab00000, 0x00000007c0000000, 0x00000007c0000000)
  eden space 116736K, 0% used [0x00000007aab00000,0x00000007aab00000,0x00000007b1d00000)
  from space 116224K, 47% used [0x00000007b8e80000,0x00000007bc410000,0x00000007c0000000)
  to   space 116224K, 0% used [0x00000007b1d00000,0x00000007b1d00000,0x00000007b8e80000)
 ParOldGen       total 699392K, used 518902K [0x0000000780000000, 0x00000007aab00000, 0x00000007aab00000)
  object space 699392K, 74% used [0x0000000780000000,0x000000079fabdbb8,0x00000007aab00000)
 Metaspace       used 113161K, capacity 117316K, committed 117848K, reserved 1148928K
  class space    used 18507K, capacity 18956K, committed 19032K, reserved 1048576K
}
Event: 1039.252 GC heap before
{Heap before GC invocations=463 (full 90):
 PSYoungGen      total 232960K, used 171584K [0x00000007aab00000, 0x00000007c0000000, 0x00000007c0000000)
  eden space 116736K, 100% used [0x00000007aab00000,0x00000007b1d00000,0x00000007b1d00000)
  from space 116224K, 47% used [0x00000007b8e80000,0x00000007bc410000,0x00000007c0000000)
  to   space 116224K, 0% used [0x00000007b1d00000,0x00000007b1d00000,0x00000007b8e80000)
 ParOldGen       total 699392K, used 518902K [0x0000000780000000, 0x00000007aab00000, 0x00000007aab00000)
  object space 699392K, 74% used [0x0000000780000000,0x000000079fabdbb8,0x00000007aab00000)
 Metaspace       used 113161K, capacity 117316K, committed 117848K, reserved 1148928K
  class space    used 18507K, capacity 18956K, committed 19032K, reserved 1048576K
Event: 1039.283 GC heap after
Heap after GC invocations=463 (full 90):
 PSYoungGen      total 232960K, used 67840K [0x00000007aab00000, 0x00000007c0000000, 0x00000007c0000000)
  eden space 116736K, 0% used [0x00000007aab00000,0x00000007aab00000,0x00000007b1d00000)
  from space 116224K, 58% used [0x00000007b1d00000,0x00000007b5f40000,0x00000007b8e80000)
  to   space 116224K, 0% used [0x00000007b8e80000,0x00000007b8e80000,0x00000007c0000000)
 ParOldGen       total 699392K, used 574190K [0x0000000780000000, 0x00000007aab00000, 0x00000007aab00000)
  object space 699392K, 82% used [0x0000000780000000,0x00000007a30bbbb8,0x00000007aab00000)
 Metaspace       used 113161K, capacity 117316K, committed 117848K, reserved 1148928K
  class space    used 18507K, capacity 18956K, committed 19032K, reserved 1048576K
}
Event: 1040.219 GC heap before
{Heap before GC invocations=464 (full 90):
 PSYoungGen      total 232960K, used 184576K [0x00000007aab00000, 0x00000007c0000000, 0x00000007c0000000)
  eden space 116736K, 100% used [0x00000007aab00000,0x00000007b1d00000,0x00000007b1d00000)
  from space 116224K, 58% used [0x00000007b1d00000,0x00000007b5f40000,0x00000007b8e80000)
  to   space 116224K, 0% used [0x00000007b8e80000,0x00000007b8e80000,0x00000007c0000000)
 ParOldGen       total 699392K, used 574190K [0x0000000780000000, 0x00000007aab00000, 0x00000007aab00000)
  object space 699392K, 82% used [0x0000000780000000,0x00000007a30bbbb8,0x00000007aab00000)
 Metaspace       used 113164K, capacity 117316K, committed 117848K, reserved 1148928K
  class space    used 18507K, capacity 18956K, committed 19032K, reserved 1048576K
Event: 1040.236 GC heap after
Heap after GC invocations=464 (full 90):
 PSYoungGen      total 232960K, used 1152K [0x00000007aab00000, 0x00000007c0000000, 0x00000007c0000000)
  eden space 116736K, 0% used [0x00000007aab00000,0x00000007aab00000,0x00000007b1d00000)
  from space 116224K, 0% used [0x00000007b8e80000,0x00000007b8fa0000,0x00000007c0000000)
  to   space 116224K, 0% used [0x00000007b1d00000,0x00000007b1d00000,0x00000007b8e80000)
 ParOldGen       total 699392K, used 642518K [0x0000000780000000, 0x00000007aab00000, 0x00000007aab00000)
  object space 699392K, 91% used [0x0000000780000000,0x00000007a7375bb8,0x00000007aab00000)
 Metaspace       used 113164K, capacity 117316K, committed 117848K, reserved 1148928K
  class space    used 18507K, capacity 18956K, committed 19032K, reserved 1048576K
}
Event: 1040.236 GC heap before
{Heap before GC invocations=465 (full 91):
 PSYoungGen      total 232960K, used 1152K [0x00000007aab00000, 0x00000007c0000000, 0x00000007c0000000)
  eden space 116736K, 0% used [0x00000007aab00000,0x00000007aab00000,0x00000007b1d00000)
  from space 116224K, 0% used [0x00000007b8e80000,0x00000007b8fa0000,0x00000007c0000000)
  to   space 116224K, 0% used [0x00000007b1d00000,0x00000007b1d00000,0x00000007b8e80000)
 ParOldGen       total 699392K, used 642518K [0x0000000780000000, 0x00000007aab00000, 0x00000007aab00000)
  object space 699392K, 91% used [0x0000000780000000,0x00000007a7375bb8,0x00000007aab00000)
 Metaspace       used 113164K, capacity 117316K, committed 117848K, reserved 1148928K
  class space    used 18507K, capacity 18956K, committed 19032K, reserved 1048576K
Event: 1041.004 GC heap after
Heap after GC invocations=465 (full 91):
 PSYoungGen      total 232960K, used 0K [0x00000007aab00000, 0x00000007c0000000, 0x00000007c0000000)
  eden space 116736K, 0% used [0x00000007aab00000,0x00000007aab00000,0x00000007b1d00000)
  from space 116224K, 0% used [0x00000007b8e80000,0x00000007b8e80000,0x00000007c0000000)
  to   space 116224K, 0% used [0x00000007b1d00000,0x00000007b1d00000,0x00000007b8e80000)
 ParOldGen       total 699392K, used 636107K [0x0000000780000000, 0x00000007aab00000, 0x00000007aab00000)
  object space 699392K, 90% used [0x0000000780000000,0x00000007a6d32d70,0x00000007aab00000)
 Metaspace       used 113164K, capacity 117316K, committed 117848K, reserved 1148928K
  class space    used 18507K, capacity 18956K, committed 19032K, reserved 1048576K
}
Event: 1042.710 GC heap before
{Heap before GC invocations=466 (full 92):
 PSYoungGen      total 232960K, used 116736K [0x00000007aab00000, 0x00000007c0000000, 0x00000007c0000000)
  eden space 116736K, 100% used [0x00000007aab00000,0x00000007b1d00000,0x00000007b1d00000)
  from space 116224K, 0% used [0x00000007b8e80000,0x00000007b8e80000,0x00000007c0000000)
  to   space 116224K, 0% used [0x00000007b1d00000,0x00000007b1d00000,0x00000007b8e80000)
 ParOldGen       total 699392K, used 636107K [0x0000000780000000, 0x00000007aab00000, 0x00000007aab00000)
  object space 699392K, 90% used [0x0000000780000000,0x00000007a6d32d70,0x00000007aab00000)
 Metaspace       used 113164K, capacity 117316K, committed 117848K, reserved 1148928K
  class space    used 18507K, capacity 18956K, committed 19032K, reserved 1048576K
Event: 1043.038 GC heap after
Heap after GC invocations=466 (full 92):
 PSYoungGen      total 232960K, used 0K [0x00000007aab00000, 0x00000007c0000000, 0x00000007c0000000)
  eden space 116736K, 0% used [0x00000007aab00000,0x00000007aab00000,0x00000007b1d00000)
  from space 116224K, 0% used [0x00000007b8e80000,0x00000007b8e80000,0x00000007c0000000)
  to   space 116224K, 0% used [0x00000007b1d00000,0x00000007b1d00000,0x00000007b8e80000)
 ParOldGen       total 699392K, used 636598K [0x0000000780000000, 0x00000007aab00000, 0x00000007aab00000)
  object space 699392K, 91% used [0x0000000780000000,0x00000007a6dada68,0x00000007aab00000)
 Metaspace       used 113164K, capacity 117316K, committed 117848K, reserved 1148928K
  class space    used 18507K, capacity 18956K, committed 19032K, reserved 1048576K
}

Deoptimization events (10 events):
Event: 600.544 Thread 0x00007fbbc0fc8000 Uncommon trap: reason=bimorphic action=maybe_recompile pc=0x0000000110678b1c method=java.util.LinkedHashMap.afterNodeInsertion(Z)V @ 15
Event: 600.544 Thread 0x00007fbbc77f1800 Uncommon trap: reason=class_check action=maybe_recompile pc=0x0000000111b63648 method=sun.nio.ch.IOUtil.write(Ljava/io/FileDescriptor;Ljava/nio/ByteBuffer;JLsun/nio/ch/NativeDispatcher;)I @ 1
Event: 600.545 Thread 0x00007fbbc33df800 Uncommon trap: reason=unstable_if action=reinterpret pc=0x000000011130e50c method=akka.dispatch.forkjoin.ForkJoinPool.scan(Lakka/dispatch/forkjoin/ForkJoinPool$WorkQueue;)Lakka/dispatch/forkjoin/ForkJoinTask; @ 329
Event: 600.545 Thread 0x00007fbbc33f5000 Uncommon trap: reason=class_check action=maybe_recompile pc=0x0000000111b63648 method=sun.nio.ch.IOUtil.write(Ljava/io/FileDescriptor;Ljava/nio/ByteBuffer;JLsun/nio/ch/NativeDispatcher;)I @ 1
Event: 600.545 Thread 0x00007fbbc68e5800 Uncommon trap: reason=unstable_if action=reinterpret pc=0x000000011110bf44 method=akka.dispatch.forkjoin.ForkJoinPool.scan(Lakka/dispatch/forkjoin/ForkJoinPool$WorkQueue;)Lakka/dispatch/forkjoin/ForkJoinTask; @ 364
Event: 659.146 Thread 0x00007fbbc10af800 Uncommon trap: reason=unstable_if action=reinterpret pc=0x00000001112aa264 method=org.postgresql.jdbc.PgResultSet.isBinary(I)Z @ 12
Event: 660.107 Thread 0x00007fbbc69d6000 Uncommon trap: reason=unstable_if action=reinterpret pc=0x0000000111bddee4 method=net.contentobjects.jnotify.macosx.JNotifyAdapterMacOSX$WatchData.scan(Ljava/io/File;ZLnet/contentobjects/jnotify/macosx/JNotifyAdapterMacOSX$JNEvents;)V @ 465
Event: 668.313 Thread 0x00007fbbc1006800 Uncommon trap: reason=unstable_if action=reinterpret pc=0x0000000111a0cea8 method=sun.misc.Cleaner.remove(Lsun/misc/Cleaner;)Z @ 14
Event: 696.593 Thread 0x00007fbbc4b72800 Uncommon trap: reason=bimorphic action=maybe_recompile pc=0x00000001114a2174 method=scala.collection.immutable.HashSet$HashTrieSet.updated0(Ljava/lang/Object;II)Lscala/collection/immutable/HashSet; @ 55
Event: 696.593 Thread 0x00007fbbc4b72800 Uncommon trap: reason=class_check action=maybe_recompile pc=0x0000000111499134 method=scala.collection.immutable.HashSet$.scala$collection$immutable$HashSet$$makeHashTrieSet(ILscala/collection/immutable/HashSet;ILscala/collection/immutable/HashSet;I)Lscal

Internal exceptions (10 events):
Event: 1010.100 Thread 0x00007fbbc3d1f800 Exception <a 'java/lang/ArrayIndexOutOfBoundsException'> (0x00000007acb9fb60) thrown at [/Users/java_re/workspace/8-2-build-macosx-x86_64/jdk8u144/9417/hotspot/src/share/vm/runtime/sharedRuntime.cpp, line 605]
Event: 1010.100 Thread 0x00007fbbc3d1f800 Exception <a 'java/lang/ArrayIndexOutOfBoundsException'> (0x00000007acba3560) thrown at [/Users/java_re/workspace/8-2-build-macosx-x86_64/jdk8u144/9417/hotspot/src/share/vm/runtime/sharedRuntime.cpp, line 605]
Event: 1010.100 Thread 0x00007fbbc3d1f800 Exception <a 'java/lang/ArrayIndexOutOfBoundsException'> (0x00000007acba8980) thrown at [/Users/java_re/workspace/8-2-build-macosx-x86_64/jdk8u144/9417/hotspot/src/share/vm/runtime/sharedRuntime.cpp, line 605]
Event: 1010.100 Thread 0x00007fbbc3d1f800 Exception <a 'java/lang/ArrayIndexOutOfBoundsException'> (0x00000007acbadac0) thrown at [/Users/java_re/workspace/8-2-build-macosx-x86_64/jdk8u144/9417/hotspot/src/share/vm/runtime/sharedRuntime.cpp, line 605]
Event: 1010.100 Thread 0x00007fbbc3d1f800 Exception <a 'java/lang/ArrayIndexOutOfBoundsException'> (0x00000007acbb14d0) thrown at [/Users/java_re/workspace/8-2-build-macosx-x86_64/jdk8u144/9417/hotspot/src/share/vm/runtime/sharedRuntime.cpp, line 605]
Event: 1010.100 Thread 0x00007fbbc3d1f800 Exception <a 'java/lang/ArrayIndexOutOfBoundsException'> (0x00000007acbb4c98) thrown at [/Users/java_re/workspace/8-2-build-macosx-x86_64/jdk8u144/9417/hotspot/src/share/vm/runtime/sharedRuntime.cpp, line 605]
Event: 1010.101 Thread 0x00007fbbc3d1f800 Exception <a 'java/lang/ArrayIndexOutOfBoundsException'> (0x00000007acbb8968) thrown at [/Users/java_re/workspace/8-2-build-macosx-x86_64/jdk8u144/9417/hotspot/src/share/vm/runtime/sharedRuntime.cpp, line 605]
Event: 1010.101 Thread 0x00007fbbc3d1f800 Exception <a 'java/lang/ArrayIndexOutOfBoundsException'> (0x00000007acbbc340) thrown at [/Users/java_re/workspace/8-2-build-macosx-x86_64/jdk8u144/9417/hotspot/src/share/vm/runtime/sharedRuntime.cpp, line 605]
Event: 1010.101 Thread 0x00007fbbc3d1f800 Exception <a 'java/lang/ArrayIndexOutOfBoundsException'> (0x00000007acbbfde0) thrown at [/Users/java_re/workspace/8-2-build-macosx-x86_64/jdk8u144/9417/hotspot/src/share/vm/runtime/sharedRuntime.cpp, line 605]
Event: 1010.101 Thread 0x00007fbbc3d1f800 Exception <a 'java/lang/ArrayIndexOutOfBoundsException'> (0x00000007acbc35e8) thrown at [/Users/java_re/workspace/8-2-build-macosx-x86_64/jdk8u144/9417/hotspot/src/share/vm/runtime/sharedRuntime.cpp, line 605]

Events (10 events):
Event: 1039.252 Executing VM operation: ParallelGCFailedAllocation
Event: 1039.284 Executing VM operation: ParallelGCFailedAllocation done
Event: 1040.219 Executing VM operation: ParallelGCFailedAllocation
Event: 1041.004 Executing VM operation: ParallelGCFailedAllocation done
Event: 1041.631 Thread 0x00007fbbc69d6000 DEOPT PACKING pc=0x0000000111c5f3f6 sp=0x0000700007534e40
Event: 1041.631 Thread 0x00007fbbc69d6000 DEOPT UNPACKING pc=0x000000011020a633 sp=0x0000700007534db8 mode 0
Event: 1042.219 Thread 0x00007fbbc69d6000 DEOPT PACKING pc=0x0000000111c5f3f6 sp=0x0000700007534e40
Event: 1042.220 Thread 0x00007fbbc69d6000 DEOPT UNPACKING pc=0x000000011020a633 sp=0x0000700007534db8 mode 0
Event: 1042.710 Executing VM operation: ParallelGCFailedAllocation
Event: 1043.038 Executing VM operation: ParallelGCFailedAllocation done


Dynamic libraries:
0x000000002115b000 	/System/Library/Frameworks/Cocoa.framework/Versions/A/Cocoa
0x000000002115b000 	/System/Library/Frameworks/Security.framework/Versions/A/Security
0x000000002115b000 	/System/Library/Frameworks/ApplicationServices.framework/Versions/A/ApplicationServices
0x000000002115b000 	/usr/lib/libz.1.dylib
0x000000002115b000 	/usr/lib/libSystem.B.dylib
0x000000002115b000 	/usr/lib/libobjc.A.dylib
0x000000002115b000 	/System/Library/Frameworks/CoreFoundation.framework/Versions/A/CoreFoundation
0x000000002115b000 	/System/Library/Frameworks/Foundation.framework/Versions/C/Foundation
0x000000002115b000 	/System/Library/Frameworks/AppKit.framework/Versions/C/AppKit
0x000000002115b000 	/System/Library/Frameworks/CoreData.framework/Versions/A/CoreData
0x000000002115b000 	/System/Library/PrivateFrameworks/RemoteViewServices.framework/Versions/A/RemoteViewServices
0x000000002115b000 	/System/Library/PrivateFrameworks/UIFoundation.framework/Versions/A/UIFoundation
0x000000002115b000 	/System/Library/PrivateFrameworks/DFRFoundation.framework/Versions/A/DFRFoundation
0x000000002115b000 	/usr/lib/libenergytrace.dylib
0x000000002115b000 	/System/Library/PrivateFrameworks/SkyLight.framework/Versions/A/SkyLight
0x000000002115b000 	/System/Library/Frameworks/CoreGraphics.framework/Versions/A/CoreGraphics
0x000000002115b000 	/usr/lib/libScreenReader.dylib
0x000000002115b000 	/System/Library/Frameworks/Accelerate.framework/Versions/A/Accelerate
0x000000002115b000 	/System/Library/Frameworks/IOSurface.framework/Versions/A/IOSurface
0x000000002115b000 	/System/Library/Frameworks/AudioToolbox.framework/Versions/A/AudioToolbox
0x000000002115b000 	/System/Library/Frameworks/AudioUnit.framework/Versions/A/AudioUnit
0x000000002115b000 	/System/Library/PrivateFrameworks/DataDetectorsCore.framework/Versions/A/DataDetectorsCore
0x000000002115b000 	/System/Library/PrivateFrameworks/DesktopServicesPriv.framework/Versions/A/DesktopServicesPriv
0x000000002115b000 	/System/Library/Frameworks/Carbon.framework/Versions/A/Frameworks/HIToolbox.framework/Versions/A/HIToolbox
0x000000002115b000 	/usr/lib/libicucore.A.dylib
0x000000002115b000 	/System/Library/Frameworks/QuartzCore.framework/Versions/A/QuartzCore
0x000000002115b000 	/System/Library/Frameworks/Carbon.framework/Versions/A/Frameworks/SpeechRecognition.framework/Versions/A/SpeechRecognition
0x000000002115b000 	/usr/lib/libauto.dylib
0x000000002115b000 	/usr/lib/libxml2.2.dylib
0x000000002115b000 	/System/Library/PrivateFrameworks/CoreUI.framework/Versions/A/CoreUI
0x000000002115b000 	/System/Library/Frameworks/CoreAudio.framework/Versions/A/CoreAudio
0x000000002115b000 	/System/Library/Frameworks/DiskArbitration.framework/Versions/A/DiskArbitration
0x000000002115b000 	/usr/lib/liblangid.dylib
0x000000002115b000 	/System/Library/PrivateFrameworks/MultitouchSupport.framework/Versions/A/MultitouchSupport
0x000000002115b000 	/System/Library/Frameworks/IOKit.framework/Versions/A/IOKit
0x000000002115b000 	/usr/lib/libDiagnosticMessagesClient.dylib
0x000000002115b000 	/System/Library/Frameworks/CoreServices.framework/Versions/A/CoreServices
0x000000002115b000 	/System/Library/PrivateFrameworks/PerformanceAnalysis.framework/Versions/A/PerformanceAnalysis
0x000000002115b000 	/System/Library/PrivateFrameworks/GenerationalStorage.framework/Versions/A/GenerationalStorage
0x000000002115b000 	/System/Library/Frameworks/OpenGL.framework/Versions/A/OpenGL
0x000000002115b000 	/System/Library/Frameworks/CoreImage.framework/Versions/A/CoreImage
0x000000002115b000 	/System/Library/Frameworks/CoreText.framework/Versions/A/CoreText
0x000000002115b000 	/System/Library/Frameworks/ImageIO.framework/Versions/A/ImageIO
0x000000002115b000 	/System/Library/PrivateFrameworks/Backup.framework/Versions/A/Backup
0x000000002115b000 	/usr/lib/libarchive.2.dylib
0x000000002115b000 	/System/Library/Frameworks/CFNetwork.framework/Versions/A/CFNetwork
0x000000002115b000 	/System/Library/Frameworks/SystemConfiguration.framework/Versions/A/SystemConfiguration
0x000000002115b000 	/usr/lib/libCRFSuite.dylib
0x000000002115b000 	/usr/lib/libc++.1.dylib
0x000000002115b000 	/usr/lib/libc++abi.dylib
0x000000002115b000 	/usr/lib/system/libcache.dylib
0x000000002115b000 	/usr/lib/system/libcommonCrypto.dylib
0x000000002115b000 	/usr/lib/system/libcompiler_rt.dylib
0x000000002115b000 	/usr/lib/system/libcopyfile.dylib
0x000000002115b000 	/usr/lib/system/libcorecrypto.dylib
0x000000002115b000 	/usr/lib/system/libdispatch.dylib
0x000000002115b000 	/usr/lib/system/libdyld.dylib
0x000000002115b000 	/usr/lib/system/libkeymgr.dylib
0x000000002115b000 	/usr/lib/system/liblaunch.dylib
0x000000002115b000 	/usr/lib/system/libmacho.dylib
0x000000002115b000 	/usr/lib/system/libquarantine.dylib
0x000000002115b000 	/usr/lib/system/libremovefile.dylib
0x000000002115b000 	/usr/lib/system/libsystem_asl.dylib
0x000000002115b000 	/usr/lib/system/libsystem_blocks.dylib
0x000000002115b000 	/usr/lib/system/libsystem_c.dylib
0x000000002115b000 	/usr/lib/system/libsystem_configuration.dylib
0x000000002115b000 	/usr/lib/system/libsystem_coreservices.dylib
0x000000002115b000 	/usr/lib/system/libsystem_coretls.dylib
0x000000002115b000 	/usr/lib/system/libsystem_dnssd.dylib
0x000000002115b000 	/usr/lib/system/libsystem_info.dylib
0x000000002115b000 	/usr/lib/system/libsystem_kernel.dylib
0x000000002115b000 	/usr/lib/system/libsystem_m.dylib
0x000000002115b000 	/usr/lib/system/libsystem_malloc.dylib
0x000000002115b000 	/usr/lib/system/libsystem_network.dylib
0x000000002115b000 	/usr/lib/system/libsystem_networkextension.dylib
0x000000002115b000 	/usr/lib/system/libsystem_notify.dylib
0x000000002115b000 	/usr/lib/system/libsystem_platform.dylib
0x000000002115b000 	/usr/lib/system/libsystem_pthread.dylib
0x000000002115b000 	/usr/lib/system/libsystem_sandbox.dylib
0x000000002115b000 	/usr/lib/system/libsystem_secinit.dylib
0x000000002115b000 	/usr/lib/system/libsystem_symptoms.dylib
0x000000002115b000 	/usr/lib/system/libsystem_trace.dylib
0x000000002115b000 	/usr/lib/system/libunwind.dylib
0x000000002115b000 	/usr/lib/system/libxpc.dylib
0x000000002115b000 	/usr/lib/libbsm.0.dylib
0x000000002115b000 	/usr/lib/system/libkxld.dylib
0x000000002115b000 	/usr/lib/libcoretls.dylib
0x000000002115b000 	/usr/lib/libcoretls_cfhelpers.dylib
0x000000002115b000 	/usr/lib/libxar.1.dylib
0x000000002115b000 	/usr/lib/libsqlite3.dylib
0x000000002115b000 	/usr/lib/libpam.2.dylib
0x000000002115b000 	/usr/lib/libOpenScriptingUtil.dylib
0x000000002115b000 	/usr/lib/libbz2.1.0.dylib
0x000000002115b000 	/usr/lib/liblzma.5.dylib
0x000000002115b000 	/usr/lib/libnetwork.dylib
0x000000002115b000 	/usr/lib/libpcap.A.dylib
0x000000002115b000 	/System/Library/Frameworks/CoreServices.framework/Versions/A/Frameworks/FSEvents.framework/Versions/A/FSEvents
0x000000002115b000 	/System/Library/Frameworks/CoreServices.framework/Versions/A/Frameworks/CarbonCore.framework/Versions/A/CarbonCore
0x000000002115b000 	/System/Library/Frameworks/CoreServices.framework/Versions/A/Frameworks/Metadata.framework/Versions/A/Metadata
0x000000002115b000 	/System/Library/Frameworks/CoreServices.framework/Versions/A/Frameworks/OSServices.framework/Versions/A/OSServices
0x000000002115b000 	/System/Library/Frameworks/CoreServices.framework/Versions/A/Frameworks/SearchKit.framework/Versions/A/SearchKit
0x000000002115b000 	/System/Library/Frameworks/CoreServices.framework/Versions/A/Frameworks/AE.framework/Versions/A/AE
0x000000002115b000 	/System/Library/Frameworks/CoreServices.framework/Versions/A/Frameworks/LaunchServices.framework/Versions/A/LaunchServices
0x000000002115b000 	/System/Library/Frameworks/CoreServices.framework/Versions/A/Frameworks/DictionaryServices.framework/Versions/A/DictionaryServices
0x000000002115b000 	/System/Library/Frameworks/CoreServices.framework/Versions/A/Frameworks/SharedFileList.framework/Versions/A/SharedFileList
0x000000002115b000 	/System/Library/Frameworks/NetFS.framework/Versions/A/NetFS
0x000000002115b000 	/System/Library/PrivateFrameworks/NetAuth.framework/Versions/A/NetAuth
0x000000002115b000 	/System/Library/PrivateFrameworks/login.framework/Versions/A/Frameworks/loginsupport.framework/Versions/A/loginsupport
0x000000002115b000 	/System/Library/PrivateFrameworks/TCC.framework/Versions/A/TCC
0x000000002115b000 	/usr/lib/libmecabra.dylib
0x000000002115b000 	/System/Library/Frameworks/ApplicationServices.framework/Versions/A/Frameworks/ATS.framework/Versions/A/ATS
0x000000002115b000 	/System/Library/Frameworks/ApplicationServices.framework/Versions/A/Frameworks/ColorSync.framework/Versions/A/ColorSync
0x000000002115b000 	/System/Library/Frameworks/ApplicationServices.framework/Versions/A/Frameworks/HIServices.framework/Versions/A/HIServices
0x000000002115b000 	/System/Library/Frameworks/ApplicationServices.framework/Versions/A/Frameworks/LangAnalysis.framework/Versions/A/LangAnalysis
0x000000002115b000 	/System/Library/Frameworks/ApplicationServices.framework/Versions/A/Frameworks/PrintCore.framework/Versions/A/PrintCore
0x000000002115b000 	/System/Library/Frameworks/ApplicationServices.framework/Versions/A/Frameworks/QD.framework/Versions/A/QD
0x000000002115b000 	/System/Library/Frameworks/ApplicationServices.framework/Versions/A/Frameworks/SpeechSynthesis.framework/Versions/A/SpeechSynthesis
0x000000002115b000 	/System/Library/Frameworks/Accelerate.framework/Versions/A/Frameworks/vImage.framework/Versions/A/vImage
0x000000002115b000 	/System/Library/Frameworks/Accelerate.framework/Versions/A/Frameworks/vecLib.framework/Versions/A/vecLib
0x000000002115b000 	/System/Library/Frameworks/Accelerate.framework/Versions/A/Frameworks/vecLib.framework/Versions/A/libvDSP.dylib
0x000000002115b000 	/System/Library/Frameworks/Accelerate.framework/Versions/A/Frameworks/vecLib.framework/Versions/A/libBNNS.dylib
0x000000002115b000 	/System/Library/Frameworks/Accelerate.framework/Versions/A/Frameworks/vecLib.framework/Versions/A/libQuadrature.dylib
0x000000002115b000 	/System/Library/Frameworks/Accelerate.framework/Versions/A/Frameworks/vecLib.framework/Versions/A/libvMisc.dylib
0x000000002115b000 	/System/Library/Frameworks/Accelerate.framework/Versions/A/Frameworks/vecLib.framework/Versions/A/libLAPACK.dylib
0x000000002115b000 	/System/Library/Frameworks/Accelerate.framework/Versions/A/Frameworks/vecLib.framework/Versions/A/libBLAS.dylib
0x000000002115b000 	/System/Library/Frameworks/Accelerate.framework/Versions/A/Frameworks/vecLib.framework/Versions/A/libLinearAlgebra.dylib
0x000000002115b000 	/System/Library/Frameworks/Accelerate.framework/Versions/A/Frameworks/vecLib.framework/Versions/A/libSparseBLAS.dylib
0x000000002115b000 	/System/Library/Frameworks/ApplicationServices.framework/Versions/A/Frameworks/ATS.framework/Versions/A/Resources/libFontParser.dylib
0x000000002115b000 	/System/Library/Frameworks/ApplicationServices.framework/Versions/A/Frameworks/ATS.framework/Versions/A/Resources/libFontRegistry.dylib
0x000000002115b000 	/System/Library/Frameworks/ImageIO.framework/Versions/A/Resources/libJPEG.dylib
0x000000002115b000 	/System/Library/Frameworks/ImageIO.framework/Versions/A/Resources/libTIFF.dylib
0x000000002115b000 	/System/Library/Frameworks/ImageIO.framework/Versions/A/Resources/libPng.dylib
0x000000002115b000 	/System/Library/Frameworks/ImageIO.framework/Versions/A/Resources/libGIF.dylib
0x000000002115b000 	/System/Library/Frameworks/ImageIO.framework/Versions/A/Resources/libJP2.dylib
0x000000002115b000 	/System/Library/Frameworks/ImageIO.framework/Versions/A/Resources/libRadiance.dylib
0x000000002115b000 	/usr/lib/libcompression.dylib
0x000000002115b000 	/System/Library/PrivateFrameworks/AppleJPEG.framework/Versions/A/AppleJPEG
0x000000002115b000 	/usr/lib/libcups.2.dylib
0x000000002115b000 	/System/Library/Frameworks/Kerberos.framework/Versions/A/Kerberos
0x000000002115b000 	/System/Library/Frameworks/GSS.framework/Versions/A/GSS
0x000000002115b000 	/usr/lib/libresolv.9.dylib
0x000000002115b000 	/usr/lib/libiconv.2.dylib
0x000000002115b000 	/System/Library/PrivateFrameworks/Heimdal.framework/Versions/A/Heimdal
0x000000002115b000 	/usr/lib/libheimdal-asn1.dylib
0x000000002115b000 	/System/Library/Frameworks/OpenDirectory.framework/Versions/A/OpenDirectory
0x000000002115b000 	/System/Library/PrivateFrameworks/CommonAuth.framework/Versions/A/CommonAuth
0x000000002115b000 	/System/Library/Frameworks/OpenDirectory.framework/Versions/A/Frameworks/CFOpenDirectory.framework/Versions/A/CFOpenDirectory
0x000000002115b000 	/System/Library/Frameworks/SecurityFoundation.framework/Versions/A/SecurityFoundation
0x000000002115b000 	/System/Library/PrivateFrameworks/LanguageModeling.framework/Versions/A/LanguageModeling
0x000000002115b000 	/usr/lib/libmarisa.dylib
0x000000002115b000 	/usr/lib/libChineseTokenizer.dylib
0x000000002115b000 	/usr/lib/libcmph.dylib
0x000000002115b000 	/System/Library/PrivateFrameworks/CoreEmoji.framework/Versions/A/CoreEmoji
0x000000002115b000 	/System/Library/Frameworks/ServiceManagement.framework/Versions/A/ServiceManagement
0x000000002115b000 	/usr/lib/libxslt.1.dylib
0x000000002115b000 	/System/Library/Frameworks/Carbon.framework/Versions/A/Frameworks/Ink.framework/Versions/A/Ink
0x000000002115b000 	/System/Library/PrivateFrameworks/TextureIO.framework/Versions/A/TextureIO
0x000000002115b000 	/System/Library/Frameworks/Metal.framework/Versions/A/Metal
0x000000002115b000 	/usr/lib/libate.dylib
0x000000002115b000 	/System/Library/PrivateFrameworks/GPUCompiler.framework/libmetal_timestamp.dylib
0x000000002115b000 	/System/Library/Frameworks/OpenGL.framework/Versions/A/Libraries/libCoreFSCache.dylib
0x000000002115b000 	/System/Library/PrivateFrameworks/IOAccelerator.framework/Versions/A/IOAccelerator
0x000000002115b000 	/System/Library/Frameworks/CoreVideo.framework/Versions/A/CoreVideo
0x000000002115b000 	/usr/lib/libFosl_dynamic.dylib
0x000000002115b000 	/System/Library/PrivateFrameworks/MetalPerformanceShaders.framework/Versions/A/MetalPerformanceShaders
0x000000002115b000 	/System/Library/PrivateFrameworks/FaceCore.framework/Versions/A/FaceCore
0x000000002115b000 	/System/Library/Frameworks/OpenCL.framework/Versions/A/OpenCL
0x000000002115b000 	/System/Library/Frameworks/OpenGL.framework/Versions/A/Libraries/libGLU.dylib
0x000000002115b000 	/System/Library/Frameworks/OpenGL.framework/Versions/A/Libraries/libGFXShared.dylib
0x000000002115b000 	/System/Library/Frameworks/OpenGL.framework/Versions/A/Libraries/libGL.dylib
0x000000002115b000 	/System/Library/Frameworks/OpenGL.framework/Versions/A/Libraries/libGLImage.dylib
0x000000002115b000 	/System/Library/Frameworks/OpenGL.framework/Versions/A/Libraries/libCVMSPluginSupport.dylib
0x000000002115b000 	/System/Library/Frameworks/OpenGL.framework/Versions/A/Libraries/libCoreVMClient.dylib
0x000000002115b000 	/System/Library/PrivateFrameworks/CrashReporterSupport.framework/Versions/A/CrashReporterSupport
0x000000002115b000 	/System/Library/PrivateFrameworks/Sharing.framework/Versions/A/Sharing
0x000000002115b000 	/System/Library/PrivateFrameworks/IconServices.framework/Versions/A/IconServices
0x000000002115b000 	/System/Library/PrivateFrameworks/ProtocolBuffer.framework/Versions/A/ProtocolBuffer
0x000000002115b000 	/System/Library/PrivateFrameworks/Apple80211.framework/Versions/A/Apple80211
0x000000002115b000 	/System/Library/Frameworks/CoreWLAN.framework/Versions/A/CoreWLAN
0x000000002115b000 	/System/Library/PrivateFrameworks/CoreUtils.framework/Versions/A/CoreUtils
0x000000002115b000 	/System/Library/Frameworks/IOBluetooth.framework/Versions/A/IOBluetooth
0x000000002115b000 	/System/Library/PrivateFrameworks/CoreWiFi.framework/Versions/A/CoreWiFi
0x000000002115b000 	/System/Library/Frameworks/CoreBluetooth.framework/Versions/A/CoreBluetooth
0x000000002115b000 	/System/Library/Frameworks/CoreDisplay.framework/Versions/A/CoreDisplay
0x000000002115b000 	/System/Library/PrivateFrameworks/IOPresentment.framework/Versions/A/IOPresentment
0x000000002115b000 	/System/Library/PrivateFrameworks/DebugSymbols.framework/Versions/A/DebugSymbols
0x000000002115b000 	/System/Library/PrivateFrameworks/CoreSymbolication.framework/Versions/A/CoreSymbolication
0x000000002115b000 	/System/Library/PrivateFrameworks/Symbolication.framework/Versions/A/Symbolication
0x000000002115b000 	/System/Library/PrivateFrameworks/AppleFSCompression.framework/Versions/A/AppleFSCompression
0x000000002115b000 	/System/Library/PrivateFrameworks/SpeechRecognitionCore.framework/Versions/A/SpeechRecognitionCore
0x000000002115b000 	/System/Library/PrivateFrameworks/ChunkingLibrary.framework/Versions/A/ChunkingLibrary
0x000000010dc00000 	/Library/Java/JavaVirtualMachines/jdk1.8.0_144.jdk/Contents/Home/jre/lib/server/libjvm.dylib
0x000000002115b000 	/usr/lib/libstdc++.6.dylib
0x000000010cae1000 	/Library/Java/JavaVirtualMachines/jdk1.8.0_144.jdk/Contents/Home/jre/lib/libverify.dylib
0x000000010caef000 	/Library/Java/JavaVirtualMachines/jdk1.8.0_144.jdk/Contents/Home/jre/lib/libjava.dylib
0x000000010cb2e000 	/Library/Java/JavaVirtualMachines/jdk1.8.0_144.jdk/Contents/Home/jre/lib/libzip.dylib
0x0000000122c03000 	/System/Library/Frameworks/JavaVM.framework/Frameworks/JavaRuntimeSupport.framework/JavaRuntimeSupport
0x0000000122c1d000 	/System/Library/Frameworks/JavaVM.framework/Versions/A/Frameworks/JavaNativeFoundation.framework/Versions/A/JavaNativeFoundation
0x000000010cbef000 	/System/Library/Frameworks/JavaVM.framework/Versions/A/JavaVM
0x000000002115b000 	/System/Library/Frameworks/Carbon.framework/Versions/A/Carbon
0x000000011012b000 	/System/Library/PrivateFrameworks/JavaLaunching.framework/Versions/A/JavaLaunching
0x000000002115b000 	/System/Library/Frameworks/Carbon.framework/Versions/A/Frameworks/CommonPanels.framework/Versions/A/CommonPanels
0x000000002115b000 	/System/Library/Frameworks/Carbon.framework/Versions/A/Frameworks/Help.framework/Versions/A/Help
0x000000002115b000 	/System/Library/Frameworks/Carbon.framework/Versions/A/Frameworks/ImageCapture.framework/Versions/A/ImageCapture
0x000000002115b000 	/System/Library/Frameworks/Carbon.framework/Versions/A/Frameworks/OpenScripting.framework/Versions/A/OpenScripting
0x000000002115b000 	/System/Library/Frameworks/Carbon.framework/Versions/A/Frameworks/Print.framework/Versions/A/Print
0x000000002115b000 	/System/Library/Frameworks/Carbon.framework/Versions/A/Frameworks/SecurityHI.framework/Versions/A/SecurityHI
0x000000012454a000 	/Library/Java/JavaVirtualMachines/jdk1.8.0_144.jdk/Contents/Home/jre/lib/libnet.dylib
0x00000001245a9000 	/Library/Java/JavaVirtualMachines/jdk1.8.0_144.jdk/Contents/Home/jre/lib/libnio.dylib
0x0000000124b24000 	/Library/Java/JavaVirtualMachines/jdk1.8.0_144.jdk/Contents/Home/jre/lib/libmanagement.dylib
0x0000000124b32000 	/Users/jasmina/ABH/eRestoran/target/jnotify/native_libraries/64bits/libjnotify.jnilib
0x0000000124fc3000 	/Library/Java/JavaVirtualMachines/jdk1.8.0_144.jdk/Contents/Home/jre/lib/libsunec.dylib

VM Arguments:
jvm_args: -Dfile.encoding=UTF8 -Djline.terminal=none -Dsbt.log.noformat=true -Dsbt.global.base=/private/var/folders/96/cw4ykw9n6z1d7rb_n0k307400000gn/T/sbt-global-pluginstub -Xms512M -Xmx1024M -Xss1M -XX:+CMSClassUnloadingEnabled -XX:MaxPermSize=256M 
java_command: xsbt.boot.Boot project root run
java_class_path (initial): /Users/jasmina/Library/Application Support/IntelliJIdea2017.2/Scala/launcher/sbt-launch.jar
Launcher Type: SUN_STANDARD

Environment Variables:
PATH=/usr/local/opt/node@6/bin:/usr/local/bin:/usr/bin:/bin:/usr/sbin:/sbin
SHELL=/bin/bash

Signal Handlers:
SIGSEGV: [libjvm.dylib+0x5b26e5], sa_mask[0]=11111111011111110111111111111111, sa_flags=SA_ONSTACK|SA_RESTART|SA_SIGINFO
SIGBUS: [libjvm.dylib+0x5b26e5], sa_mask[0]=11111111011111110111111111111111, sa_flags=SA_RESTART|SA_SIGINFO
SIGFPE: [libjvm.dylib+0x489100], sa_mask[0]=11111111011111110111111111111111, sa_flags=SA_RESTART|SA_SIGINFO
SIGPIPE: [libjvm.dylib+0x489100], sa_mask[0]=11111111011111110111111111111111, sa_flags=SA_RESTART|SA_SIGINFO
SIGXFSZ: [libjvm.dylib+0x489100], sa_mask[0]=11111111011111110111111111111111, sa_flags=SA_RESTART|SA_SIGINFO
SIGILL: [libjvm.dylib+0x489100], sa_mask[0]=11111111011111110111111111111111, sa_flags=SA_RESTART|SA_SIGINFO
SIGUSR1: SIG_DFL, sa_mask[0]=00000000000000000000000000000000, sa_flags=none
SIGUSR2: [libjvm.dylib+0x488c1e], sa_mask[0]=00100000000000000000000000000000, sa_flags=SA_RESTART|SA_SIGINFO
SIGHUP: [libjvm.dylib+0x4871f5], sa_mask[0]=11111111011111110111111111111111, sa_flags=SA_RESTART|SA_SIGINFO
SIGINT: [libjvm.dylib+0x4871f5], sa_mask[0]=11111111011111110111111111111111, sa_flags=SA_RESTART|SA_SIGINFO
SIGTERM: [libjvm.dylib+0x4871f5], sa_mask[0]=11111111011111110111111111111111, sa_flags=SA_RESTART|SA_SIGINFO
SIGQUIT: [libjvm.dylib+0x4871f5], sa_mask[0]=11111111011111110111111111111111, sa_flags=SA_RESTART|SA_SIGINFO


---------------  S Y S T E M  ---------------

OS:Bsduname:Darwin 16.1.0 Darwin Kernel Version 16.1.0: Wed Oct 19 20:31:56 PDT 2016; root:xnu-3789.21.4~4/RELEASE_X86_64 x86_64
rlimit: STACK 8192k, CORE 0k, NPROC 709, NOFILE 10240, AS infinity
load average:3.43 3.31 3.16

CPU:total 8 (initial active 8) (4 cores per cpu, 2 threads per core) family 6 model 70 stepping 1, cmov, cx8, fxsr, mmx, sse, sse2, sse3, ssse3, sse4.1, sse4.2, popcnt, avx, avx2, aes, clmul, erms, lzcnt, ht, tsc, tscinvbit, bmi1, bmi2

Memory: 4k page, physical 8388608k(334972k free)

/proc/meminfo:


vm_info: Java HotSpot(TM) 64-Bit Server VM (25.144-b01) for bsd-amd64 JRE (1.8.0_144-b01), built on Jul 21 2017 22:07:42 by "java_re" with gcc 4.2.1 (Based on Apple Inc. build 5658) (LLVM build 2336.11.00)

time: Sun Oct 15 13:34:07 2017
elapsed time: 1043 seconds (0d 0h 17m 23s)

