#
# A fatal error has been detected by the Java Runtime Environment:
#
#  SIGSEGV (0xb) at pc=0x0000000112e7b39e, pid=1827, tid=0x0000000000006903
#
# JRE version: Java(TM) SE Runtime Environment (8.0_144-b01) (build 1.8.0_144-b01)
# Java VM: Java HotSpot(TM) 64-Bit Server VM (25.144-b01 mixed mode bsd-amd64 compressed oops)
# Problematic frame:
# J 7609 C2 java.io.File.<init>(Ljava/lang/String;)V (47 bytes) @ 0x0000000112e7b39e [0x0000000112e7b360+0x3e]
#
# Failed to write core dump. Core dumps have been disabled. To enable core dumping, try "ulimit -c unlimited" before starting Java again
#
# If you would like to submit a bug report, please visit:
#   http://bugreport.java.com/bugreport/crash.jsp
#

---------------  T H R E A D  ---------------

Current thread (0x00007fb17257a000):  JavaThread "FSEvent thread" daemon [_thread_in_Java, id=26883, stack(0x000070000724c000,0x000070000734c000)]

siginfo: si_signo: 11 (SIGSEGV), si_code: 1 (SEGV_MAPERR), si_addr: 0x000000016bc2922c

Registers:
RAX=0x00000007ad838128, RBX=0x00000007ad838008, RCX=0x0000000000000000, RDX=0x000000016bc29220
RSP=0x00007000073450c0, RBP=0x00007000073451f8, RSI=0x00000007ad838128, RDI=0x0000000123d4af28
R8 =0x0000000780179a88, R9 =0x0000000000000000, R10=0x000000010aef4fa0, R11=0x0000000113444b60
R12=0x0000000000000000, R13=0x00007000073451a0, R14=0x0000700007345260, R15=0x00007fb17257a000
RIP=0x0000000112e7b39e, EFLAGS=0x0000000000010202, ERR=0x0000000000000004
  TRAPNO=0x000000000000000e

Top of Stack: (sp=0x00007000073450c0)
0x00007000073450c0:   00000000f5b06f38 00000007ad838128
0x00007000073450d0:   0000000000000001 0000000000000000
0x00007000073450e0:   0000000000000001 0000000000000000
0x00007000073450f0:   00000007ad837e78 0000000111ec9259
0x0000700007345100:   00007000073451f8 0000000113444c6c
0x0000700007345110:   000000000000000a 0000000000000000
0x0000700007345120:   0000700007345190 0000000111dbd2bd
0x0000700007345130:   0000000111dbd2bd 00000007ad8380f8
0x0000700007345140:   00000007ad8380f8 00000007ad838038
0x0000700007345150:   00007000073451f8 00000007ad838008
0x0000700007345160:   0000000782b40fb8 00000007ad838128
0x0000700007345170:   00000007ad838038 0000000123d48a58
0x0000700007345180:   00007000073451f8 0000000111dbd2bd
0x0000700007345190:   00007000073451f8 0000000111dbd2bd
0x00007000073451a0:   00000007ad838038 00000007ad838008
0x00007000073451b0:   0000000782b40fb8 00007000073451b8
0x00007000073451c0:   00000001117a0769 0000700007345260
0x00007000073451d0:   0000000123d3f028 0000000123d49720
0x00007000073451e0:   00000001117a0bc0 00007000073451a0
0x00007000073451f0:   0000700007345258 00007000073452a8
0x0000700007345200:   0000000111dbd2bd 0000000000000000
0x0000700007345210:   0000000000000000 0000000000000000
0x0000700007345220:   0000000000000000 0000000000000000
0x0000700007345230:   0000000000000000 0000000000000000
0x0000700007345240:   00000007ad838008 00000007ad838038
0x0000700007345250:   0000000782b40fb8 0000000000000000
0x0000700007345260:   000000078193caa8 0000700007345268
0x0000700007345270:   0000000123d3fcbd 00007000073452c0
0x0000700007345280:   0000000123d3fd70 0000000000000000
0x0000700007345290:   0000000123d3fce8 0000700007345258
0x00007000073452a0:   00007000073452b8 0000700007345308
0x00007000073452b0:   0000000111dbd302 0000000000000000 

Instructions: (pc=0x0000000112e7b39e)
0x0000000112e7b37e:   66 90 89 84 24 00 c0 fe ff 55 48 83 ec 40 48 89
0x0000000112e7b38e:   74 24 08 44 89 66 14 48 85 d2 0f 84 84 02 00 00
0x0000000112e7b39e:   44 8b 4a 0c 47 8b 5c cc 0c 48 bd 00 70 d6 07 01
0x0000000112e7b3ae:   00 00 00 45 85 db 0f 8e 11 02 00 00 45 85 db 0f 

Register to memory mapping:

RAX=0x00000007ad838128 is an oop
java.io.File 
 - klass: 'java/io/File'
RBX=0x00000007ad838008 is an oop
net.contentobjects.jnotify.macosx.JNotifyAdapterMacOSX$ScanJob 
 - klass: 'net/contentobjects/jnotify/macosx/JNotifyAdapterMacOSX$ScanJob'
RCX=0x0000000000000000 is an unknown value
RDX=0x000000016bc29220 is an unknown value
RSP=0x00007000073450c0 is pointing into the stack for thread: 0x00007fb17257a000
RBP=0x00007000073451f8 is pointing into the stack for thread: 0x00007fb17257a000
RSI=0x00000007ad838128 is an oop
java.io.File 
 - klass: 'java/io/File'
RDI=0x0000000123d4af28 is pointing into metadata
R8 =0x0000000780179a88 is an oop
java.lang.Integer 
 - klass: 'java/lang/Integer'
R9 =0x0000000000000000 is an unknown value
R10=0x000000010aef4fa0: _ZN19TemplateInterpreter20_invoke_return_entryE+0 in /Library/Java/JavaVirtualMachines/jdk1.8.0_144.jdk/Contents/Home/jre/lib/server/libjvm.dylib at 0x000000010a600000
R11=0x0000000113444b60 is at entry_point+0 in (nmethod*)0x00000001134449d0
R12=0x0000000000000000 is an unknown value
R13=0x00007000073451a0 is pointing into the stack for thread: 0x00007fb17257a000
R14=0x0000700007345260 is pointing into the stack for thread: 0x00007fb17257a000
R15=0x00007fb17257a000 is a thread


Stack: [0x000070000724c000,0x000070000734c000],  sp=0x00007000073450c0,  free space=996k
Native frames: (J=compiled Java code, j=interpreted, Vv=VM code, C=native code)
J 7609 C2 java.io.File.<init>(Ljava/lang/String;)V (47 bytes) @ 0x0000000112e7b39e [0x0000000112e7b360+0x3e]
J 10654 C1 net.contentobjects.jnotify.macosx.JNotifyAdapterMacOSX$WatchData.access$000(Lnet/contentobjects/jnotify/macosx/JNotifyAdapterMacOSX$WatchData;Lnet/contentobjects/jnotify/macosx/JNotifyAdapterMacOSX$ScanJob;Lnet/contentobjects/jnotify/macosx/JNotifyAdapterMacOSX$JNEvents;)V (7 bytes) @ 0x0000000113444c6c [0x0000000113444b60+0x10c]
j  net.contentobjects.jnotify.macosx.JNotifyAdapterMacOSX.batchEndEvent(I)V+73
j  net.contentobjects.jnotify.macosx.JNotifyAdapterMacOSX$1.batchEnd(I)V+5
j  net.contentobjects.jnotify.macosx.JNotify_macosx.callbackInBatch(IZ)V+26
v  ~StubRoutines::call_stub
V  [libjvm.dylib+0x2ee70a]
V  [libjvm.dylib+0x3258b9]
V  [libjvm.dylib+0x318087]
C  [libjnotify.jnilib+0x1585]  fsevent_callback+0x115
C  [FSEvents+0x3b03]  implementation_callback_rpc+0x75b
C  [FSEvents+0x1702]  _Xcallback_rpc+0xfe
C  [FSEvents+0x17c9]  FSEventsD2F_server+0x37
C  [FSEvents+0x6fed]  FSEventsClientProcessMessageCallback+0x2c
C  [CoreFoundation+0x9030d]  __CFMachPortPerform+0xfd
C  [CoreFoundation+0x901f9]  __CFRUNLOOP_IS_CALLING_OUT_TO_A_SOURCE1_PERFORM_FUNCTION__+0x29
C  [CoreFoundation+0x90171]  __CFRunLoopDoSource1+0x1d1
C  [CoreFoundation+0x880c5]  __CFRunLoopRun+0x955
C  [CoreFoundation+0x87514]  CFRunLoopRunSpecific+0x1a4
C  [CoreFoundation+0xc6bb1]  CFRunLoopRun+0x61
j  net.contentobjects.jnotify.macosx.JNotify_macosx.nativeNotifyLoop()V+0
j  net.contentobjects.jnotify.macosx.JNotify_macosx.access$400()V+0
j  net.contentobjects.jnotify.macosx.JNotify_macosx$1.run()V+65
v  ~StubRoutines::call_stub
V  [libjvm.dylib+0x2ee70a]
V  [libjvm.dylib+0x2eeeae]
V  [libjvm.dylib+0x2ef05a]
V  [libjvm.dylib+0x3497b1]
V  [libjvm.dylib+0x56c0b3]
V  [libjvm.dylib+0x56d7a0]
V  [libjvm.dylib+0x48baee]
C  [libsystem_pthread.dylib+0x3aab]  _pthread_body+0xb4
C  [libsystem_pthread.dylib+0x39f7]  _pthread_body+0x0
C  [libsystem_pthread.dylib+0x3221]  thread_start+0xd
C  0x0000000000000000


---------------  P R O C E S S  ---------------

Java Threads: ( => current thread )
  0x00007fb1701b1000 JavaThread "play-dev-mode-akka.actor.default-dispatcher-10" [_thread_blocked, id=25123, stack(0x0000700007d6d000,0x0000700007e6d000)]
  0x00007fb16d040000 JavaThread "play-dev-mode-akka.actor.default-dispatcher-9" [_thread_blocked, id=36635, stack(0x0000700007b67000,0x0000700007c67000)]
  0x00007fb16f810000 JavaThread "play-dev-mode-akka.actor.default-dispatcher-8" [_thread_blocked, id=39171, stack(0x0000700008482000,0x0000700008582000)]
  0x00007fb16f891800 JavaThread "play-dev-mode-akka.actor.default-dispatcher-7" [_thread_blocked, id=33807, stack(0x0000700006f43000,0x0000700007043000)]
  0x00007fb16d1bc000 JavaThread "play-dev-mode-akka.actor.default-dispatcher-6" [_thread_blocked, id=37135, stack(0x0000700006931000,0x0000700006a31000)]
  0x00007fb173740800 JavaThread "com.google.common.base.internal.Finalizer" daemon [_thread_blocked, id=25363, stack(0x0000700007c6a000,0x0000700007d6a000)]
  0x00007fb16f60c800 JavaThread "HikariPool-1 housekeeper" daemon [_thread_blocked, id=23315, stack(0x0000700007a64000,0x0000700007b64000)]
  0x00007fb16eacb000 JavaThread "PostgreSQL-JDBC-SharedTimer-1" daemon [_thread_blocked, id=22547, stack(0x0000700007961000,0x0000700007a61000)]
  0x00007fb1700f8800 JavaThread "application-akka.actor.default-dispatcher-3" [_thread_blocked, id=34059, stack(0x0000700007046000,0x0000700007146000)]
  0x00007fb16faba800 JavaThread "application-scheduler-1" [_thread_blocked, id=35087, stack(0x0000700006e40000,0x0000700006f40000)]
  0x00007fb16e9dd000 JavaThread "__DEFAULT__" daemon [_thread_blocked, id=34827, stack(0x0000700006c3a000,0x0000700006d3a000)]
  0x00007fb16e2eb000 JavaThread "AsyncAppender-Worker-ASYNCSTDOUT" daemon [_thread_blocked, id=35595, stack(0x0000700006b37000,0x0000700006c37000)]
  0x00007fb16f84a800 JavaThread "AsyncAppender-Worker-ASYNCFILE" daemon [_thread_blocked, id=35347, stack(0x0000700006a34000,0x0000700006b34000)]
  0x00007fb16e929800 JavaThread "play-dev-mode-akka.io.pinned-dispatcher-5" [_thread_in_native, id=32771, stack(0x000070000785e000,0x000070000795e000)]
  0x00007fb16c723800 JavaThread "play-dev-mode-akka.actor.default-dispatcher-3" [_thread_blocked, id=31747, stack(0x0000700007658000,0x0000700007758000)]
  0x00007fb16efa6800 JavaThread "play-dev-mode-scheduler-1" [_thread_blocked, id=30723, stack(0x0000700007452000,0x0000700007552000)]
  0x00007fb172825800 JavaThread "reloader-timer" daemon [_thread_blocked, id=30211, stack(0x000070000734f000,0x000070000744f000)]
=>0x00007fb17257a000 JavaThread "FSEvent thread" daemon [_thread_in_Java, id=26883, stack(0x000070000724c000,0x000070000734c000)]
  0x00007fb173212800 JavaThread "pool-4-thread-3" [_thread_in_native, id=24847, stack(0x0000700006d3d000,0x0000700006e3d000)]
  0x00007fb173124800 JavaThread "sbt-web-akka.actor.default-dispatcher-2" [_thread_blocked, id=5127, stack(0x000070000682e000,0x000070000692e000)]
  0x00007fb16f84b800 JavaThread "sbt-web-scheduler-1" [_thread_blocked, id=4359, stack(0x000070000672b000,0x000070000682b000)]
  0x00007fb16e858000 JavaThread "Service Thread" daemon [_thread_blocked, id=21251, stack(0x0000700006525000,0x0000700006625000)]
  0x00007fb16e85c800 JavaThread "C1 CompilerThread3" daemon [_thread_blocked, id=20739, stack(0x0000700006422000,0x0000700006522000)]
  0x00007fb16e85c000 JavaThread "C2 CompilerThread2" daemon [_thread_blocked, id=20227, stack(0x000070000631f000,0x000070000641f000)]
  0x00007fb16e85b000 JavaThread "C2 CompilerThread1" daemon [_thread_blocked, id=19715, stack(0x000070000621c000,0x000070000631c000)]
  0x00007fb16c01a000 JavaThread "C2 CompilerThread0" daemon [_thread_blocked, id=19203, stack(0x0000700006119000,0x0000700006219000)]
  0x00007fb16c003000 JavaThread "Signal Dispatcher" daemon [_thread_blocked, id=18691, stack(0x0000700006016000,0x0000700006116000)]
  0x00007fb16f009000 JavaThread "Finalizer" daemon [_thread_blocked, id=14595, stack(0x0000700005f13000,0x0000700006013000)]
  0x00007fb16f006000 JavaThread "Reference Handler" daemon [_thread_blocked, id=14083, stack(0x0000700005e10000,0x0000700005f10000)]
  0x00007fb16c806800 JavaThread "main" [_thread_blocked, id=7171, stack(0x00007000053f2000,0x00007000054f2000)]

Other Threads:
  0x00007fb16e848800 VMThread [stack: 0x0000700005d0d000,0x0000700005e0d000] [id=13571]
  0x00007fb16c03b000 WatcherThread [stack: 0x0000700006628000,0x0000700006728000] [id=21763]

VM state:not at safepoint (normal execution)

VM Mutex/Monitor currently owned by a thread: None

Heap:
 PSYoungGen      total 222208K, used 56353K [0x00000007aab00000, 0x00000007bed80000, 0x00000007c0000000)
  eden space 123392K, 38% used [0x00000007aab00000,0x00000007ad988740,0x00000007b2380000)
  from space 98816K, 8% used [0x00000007b8d00000,0x00000007b9580030,0x00000007bed80000)
  to   space 103424K, 0% used [0x00000007b2380000,0x00000007b2380000,0x00000007b8880000)
 ParOldGen       total 699392K, used 108504K [0x0000000780000000, 0x00000007aab00000, 0x00000007aab00000)
  object space 699392K, 15% used [0x0000000780000000,0x00000007869f6338,0x00000007aab00000)
 Metaspace       used 112898K, capacity 117020K, committed 117336K, reserved 1146880K
  class space    used 18531K, capacity 18989K, committed 19032K, reserved 1048576K

Card table byte_map: [0x000000010b967000,0x000000010bb68000] byte_map_base: 0x0000000107d67000

Marking Bits: (ParMarkBitMap*) 0x000000010aef35d0
 Begin Bits: [0x000000010bcbe000, 0x000000010ccbe000)
 End Bits:   [0x000000010ccbe000, 0x000000010dcbe000)

Polling page: 0x00000001095cf000

CodeCache: size=245760Kb used=25872Kb max_used=25902Kb free=219887Kb
 bounds [0x0000000111db5000, 0x0000000113735000, 0x0000000120db5000]
 total_blobs=10168 nmethods=9479 adapters=598
 compilation: enabled

Compilation events (10 events):
Event: 446.762 Thread 0x00007fb16e85c800 11797       1       akka.stream.scaladsl.Flow::shape (5 bytes)
Event: 446.762 Thread 0x00007fb16e85c800 nmethod 11797 0x0000000113410d10 code [0x0000000113410e60, 0x0000000113410f70]
Event: 448.689 Thread 0x00007fb16e85c800 11821       3       net.contentobjects.jnotify.macosx.JNotify_macosx::callbackProcessEvent (19 bytes)
Event: 448.690 Thread 0x00007fb16e85c800 nmethod 11821 0x0000000113408410 code [0x00000001134085a0, 0x0000000113408848]
Event: 448.690 Thread 0x00007fb16e85c800 11822       3       net.contentobjects.jnotify.macosx.JNotifyAdapterMacOSX$1::notifyChange (13 bytes)
Event: 448.690 Thread 0x00007fb16e85c800 nmethod 11822 0x0000000113408010 code [0x0000000113408180, 0x0000000113408328]
Event: 449.920 Thread 0x00007fb16e85c800 11824   !   3       net.contentobjects.jnotify.macosx.JNotifyAdapterMacOSX::notifyChangeEvent (63 bytes)
Event: 449.921 Thread 0x00007fb16e85c800 nmethod 11824 0x0000000113406d90 code [0x0000000113406f80, 0x00000001134078f8]
Event: 449.921 Thread 0x00007fb16e85c800 11823       3       net.contentobjects.jnotify.macosx.JNotifyAdapterMacOSX$ScanJob::<init> (15 bytes)
Event: 449.921 Thread 0x00007fb16e85c800 nmethod 11823 0x0000000113406990 code [0x0000000113406b00, 0x0000000113406cd0]

GC Heap History (10 events):
Event: 250.687 GC heap before
{Heap before GC invocations=131 (full 19):
 PSYoungGen      total 232960K, used 116736K [0x00000007aab00000, 0x00000007c0000000, 0x00000007c0000000)
  eden space 116736K, 100% used [0x00000007aab00000,0x00000007b1d00000,0x00000007b1d00000)
  from space 116224K, 0% used [0x00000007b1d00000,0x00000007b1d00000,0x00000007b8e80000)
  to   space 116224K, 0% used [0x00000007b8e80000,0x00000007b8e80000,0x00000007c0000000)
 ParOldGen       total 699392K, used 106011K [0x0000000780000000, 0x00000007aab00000, 0x00000007aab00000)
  object space 699392K, 15% used [0x0000000780000000,0x0000000786786fb0,0x00000007aab00000)
 Metaspace       used 109671K, capacity 113716K, committed 114136K, reserved 1144832K
  class space    used 18104K, capacity 18570K, committed 18648K, reserved 1048576K
Event: 250.694 GC heap after
Heap after GC invocations=131 (full 19):
 PSYoungGen      total 232960K, used 9919K [0x00000007aab00000, 0x00000007c0000000, 0x00000007c0000000)
  eden space 116736K, 0% used [0x00000007aab00000,0x00000007aab00000,0x00000007b1d00000)
  from space 116224K, 8% used [0x00000007b8e80000,0x00000007b982fe80,0x00000007c0000000)
  to   space 116224K, 0% used [0x00000007b1d00000,0x00000007b1d00000,0x00000007b8e80000)
 ParOldGen       total 699392K, used 106019K [0x0000000780000000, 0x00000007aab00000, 0x00000007aab00000)
  object space 699392K, 15% used [0x0000000780000000,0x0000000786788fb0,0x00000007aab00000)
 Metaspace       used 109671K, capacity 113716K, committed 114136K, reserved 1144832K
  class space    used 18104K, capacity 18570K, committed 18648K, reserved 1048576K
}
Event: 305.264 GC heap before
{Heap before GC invocations=132 (full 19):
 PSYoungGen      total 232960K, used 126655K [0x00000007aab00000, 0x00000007c0000000, 0x00000007c0000000)
  eden space 116736K, 100% used [0x00000007aab00000,0x00000007b1d00000,0x00000007b1d00000)
  from space 116224K, 8% used [0x00000007b8e80000,0x00000007b982fe80,0x00000007c0000000)
  to   space 116224K, 0% used [0x00000007b1d00000,0x00000007b1d00000,0x00000007b8e80000)
 ParOldGen       total 699392K, used 106019K [0x0000000780000000, 0x00000007aab00000, 0x00000007aab00000)
  object space 699392K, 15% used [0x0000000780000000,0x0000000786788fb0,0x00000007aab00000)
 Metaspace       used 112766K, capacity 116874K, committed 117080K, reserved 1146880K
  class space    used 18529K, capacity 18986K, committed 19032K, reserved 1048576K
Event: 305.314 GC heap after
Heap after GC invocations=132 (full 19):
 PSYoungGen      total 121344K, used 4577K [0x00000007aab00000, 0x00000007bfd00000, 0x00000007c0000000)
  eden space 116736K, 0% used [0x00000007aab00000,0x00000007aab00000,0x00000007b1d00000)
  from space 4608K, 99% used [0x00000007b1d00000,0x00000007b2178770,0x00000007b2180000)
  to   space 114688K, 0% used [0x00000007b8d00000,0x00000007b8d00000,0x00000007bfd00000)
 ParOldGen       total 699392K, used 108496K [0x0000000780000000, 0x00000007aab00000, 0x00000007aab00000)
  object space 699392K, 15% used [0x0000000780000000,0x00000007869f4338,0x00000007aab00000)
 Metaspace       used 112766K, capacity 116874K, committed 117080K, reserved 1146880K
  class space    used 18529K, capacity 18986K, committed 19032K, reserved 1048576K
}
Event: 395.367 GC heap before
{Heap before GC invocations=133 (full 19):
 PSYoungGen      total 121344K, used 121313K [0x00000007aab00000, 0x00000007bfd00000, 0x00000007c0000000)
  eden space 116736K, 100% used [0x00000007aab00000,0x00000007b1d00000,0x00000007b1d00000)
  from space 4608K, 99% used [0x00000007b1d00000,0x00000007b2178770,0x00000007b2180000)
  to   space 114688K, 0% used [0x00000007b8d00000,0x00000007b8d00000,0x00000007bfd00000)
 ParOldGen       total 699392K, used 108496K [0x0000000780000000, 0x00000007aab00000, 0x00000007aab00000)
  object space 699392K, 15% used [0x0000000780000000,0x00000007869f4338,0x00000007aab00000)
 Metaspace       used 112822K, capacity 116938K, committed 117080K, reserved 1146880K
  class space    used 18529K, capacity 18986K, committed 19032K, reserved 1048576K
Event: 395.373 GC heap after
Heap after GC invocations=133 (full 19):
 PSYoungGen      total 233984K, used 2944K [0x00000007aab00000, 0x00000007bfc80000, 0x00000007c0000000)
  eden space 119808K, 0% used [0x00000007aab00000,0x00000007aab00000,0x00000007b2000000)
  from space 114176K, 2% used [0x00000007b8d00000,0x00000007b8fe0030,0x00000007bfc80000)
  to   space 111616K, 0% used [0x00000007b2000000,0x00000007b2000000,0x00000007b8d00000)
 ParOldGen       total 699392K, used 108496K [0x0000000780000000, 0x00000007aab00000, 0x00000007aab00000)
  object space 699392K, 15% used [0x0000000780000000,0x00000007869f4338,0x00000007aab00000)
 Metaspace       used 112822K, capacity 116938K, committed 117080K, reserved 1146880K
  class space    used 18529K, capacity 18986K, committed 19032K, reserved 1048576K
}
Event: 436.542 GC heap before
{Heap before GC invocations=134 (full 19):
 PSYoungGen      total 233984K, used 122752K [0x00000007aab00000, 0x00000007bfc80000, 0x00000007c0000000)
  eden space 119808K, 100% used [0x00000007aab00000,0x00000007b2000000,0x00000007b2000000)
  from space 114176K, 2% used [0x00000007b8d00000,0x00000007b8fe0030,0x00000007bfc80000)
  to   space 111616K, 0% used [0x00000007b2000000,0x00000007b2000000,0x00000007b8d00000)
 ParOldGen       total 699392K, used 108496K [0x0000000780000000, 0x00000007aab00000, 0x00000007aab00000)
  object space 699392K, 15% used [0x0000000780000000,0x00000007869f4338,0x00000007aab00000)
 Metaspace       used 112855K, capacity 117008K, committed 117336K, reserved 1146880K
  class space    used 18530K, capacity 18987K, committed 19032K, reserved 1048576K
Event: 436.551 GC heap after
Heap after GC invocations=134 (full 19):
 PSYoungGen      total 231424K, used 4416K [0x00000007aab00000, 0x00000007bf680000, 0x00000007c0000000)
  eden space 119808K, 0% used [0x00000007aab00000,0x00000007aab00000,0x00000007b2000000)
  from space 111616K, 3% used [0x00000007b2000000,0x00000007b2450030,0x00000007b8d00000)
  to   space 108032K, 0% used [0x00000007b8d00000,0x00000007b8d00000,0x00000007bf680000)
 ParOldGen       total 699392K, used 108496K [0x0000000780000000, 0x00000007aab00000, 0x00000007aab00000)
  object space 699392K, 15% used [0x0000000780000000,0x00000007869f4338,0x00000007aab00000)
 Metaspace       used 112855K, capacity 117008K, committed 117336K, reserved 1146880K
  class space    used 18530K, capacity 18987K, committed 19032K, reserved 1048576K
}
Event: 448.493 GC heap before
{Heap before GC invocations=135 (full 19):
 PSYoungGen      total 231424K, used 124224K [0x00000007aab00000, 0x00000007bf680000, 0x00000007c0000000)
  eden space 119808K, 100% used [0x00000007aab00000,0x00000007b2000000,0x00000007b2000000)
  from space 111616K, 3% used [0x00000007b2000000,0x00000007b2450030,0x00000007b8d00000)
  to   space 108032K, 0% used [0x00000007b8d00000,0x00000007b8d00000,0x00000007bf680000)
 ParOldGen       total 699392K, used 108496K [0x0000000780000000, 0x00000007aab00000, 0x00000007aab00000)
  object space 699392K, 15% used [0x0000000780000000,0x00000007869f4338,0x00000007aab00000)
 Metaspace       used 112896K, capacity 117020K, committed 117336K, reserved 1146880K
  class space    used 18531K, capacity 18989K, committed 19032K, reserved 1048576K
Event: 448.507 GC heap after
Heap after GC invocations=135 (full 19):
 PSYoungGen      total 222208K, used 8704K [0x00000007aab00000, 0x00000007bed80000, 0x00000007c0000000)
  eden space 123392K, 0% used [0x00000007aab00000,0x00000007aab00000,0x00000007b2380000)
  from space 98816K, 8% used [0x00000007b8d00000,0x00000007b9580030,0x00000007bed80000)
  to   space 103424K, 0% used [0x00000007b2380000,0x00000007b2380000,0x00000007b8880000)
 ParOldGen       total 699392K, used 108504K [0x0000000780000000, 0x00000007aab00000, 0x00000007aab00000)
  object space 699392K, 15% used [0x0000000780000000,0x00000007869f6338,0x00000007aab00000)
 Metaspace       used 112896K, capacity 117020K, committed 117336K, reserved 1146880K
  class space    used 18531K, capacity 18989K, committed 19032K, reserved 1048576K
}

Deoptimization events (10 events):
Event: 251.083 Thread 0x00007fb16f810000 Uncommon trap: reason=class_check action=maybe_recompile pc=0x0000000112c9df88 method=sun.nio.ch.IOUtil.write(Ljava/io/FileDescriptor;Ljava/nio/ByteBuffer;JLsun/nio/ch/NativeDispatcher;)I @ 1
Event: 251.083 Thread 0x00007fb16d1bc000 Uncommon trap: reason=class_check action=maybe_recompile pc=0x00000001127bda50 method=java.nio.channels.spi.AbstractInterruptibleChannel.close()V @ 23
Event: 251.084 Thread 0x00007fb16f891800 Uncommon trap: reason=class_check action=maybe_recompile pc=0x00000001127bda50 method=java.nio.channels.spi.AbstractInterruptibleChannel.close()V @ 23
Event: 251.084 Thread 0x00007fb16d040000 Uncommon trap: reason=class_check action=maybe_recompile pc=0x00000001127bda50 method=java.nio.channels.spi.AbstractInterruptibleChannel.close()V @ 23
Event: 285.064 Thread 0x00007fb16c715000 Uncommon trap: reason=class_check action=maybe_recompile pc=0x0000000112c9df88 method=sun.nio.ch.IOUtil.write(Ljava/io/FileDescriptor;Ljava/nio/ByteBuffer;JLsun/nio/ch/NativeDispatcher;)I @ 1
Event: 294.364 Thread 0x00007fb16c715000 Uncommon trap: reason=unstable_if action=reinterpret pc=0x0000000112bfd6d0 method=akka.dispatch.forkjoin.ForkJoinPool.scan(Lakka/dispatch/forkjoin/ForkJoinPool$WorkQueue;)Lakka/dispatch/forkjoin/ForkJoinTask; @ 427
Event: 304.174 Thread 0x00007fb17257a000 Uncommon trap: reason=unstable_if action=reinterpret pc=0x0000000113542ca8 method=net.contentobjects.jnotify.macosx.JNotifyAdapterMacOSX$WatchData.scan(Ljava/io/File;ZLnet/contentobjects/jnotify/macosx/JNotifyAdapterMacOSX$JNEvents;)V @ 433
Event: 368.821 Thread 0x00007fb16d040000 Uncommon trap: reason=unstable_if action=reinterpret pc=0x000000011320ada0 method=java.io.ExpiringCache.entryFor(Ljava/lang/String;)Ljava/io/ExpiringCache$Entry; @ 39
Event: 405.119 Thread 0x00007fb16d040000 Uncommon trap: reason=unstable_if action=reinterpret pc=0x00000001132097bc method=java.io.ExpiringCache.entryFor(Ljava/lang/String;)Ljava/io/ExpiringCache$Entry; @ 39
Event: 405.126 Thread 0x00007fb16d040000 Uncommon trap: reason=unstable_if action=reinterpret pc=0x00000001135980e4 method=org.postgresql.jdbc.PgResultSet.isBinary(I)Z @ 12

Internal exceptions (10 events):
Event: 249.431 Thread 0x00007fb16c715000 Exception <a 'java/lang/ArrayIndexOutOfBoundsException': 1> (0x00000007b14db210) thrown at [/Users/java_re/workspace/8-2-build-macosx-x86_64/jdk8u144/9417/hotspot/src/share/vm/interpreter/interpreterRuntime.cpp, line 366]
Event: 249.431 Thread 0x00007fb16c715000 Exception <a 'java/lang/ArrayIndexOutOfBoundsException': 1> (0x00000007b14dea90) thrown at [/Users/java_re/workspace/8-2-build-macosx-x86_64/jdk8u144/9417/hotspot/src/share/vm/interpreter/interpreterRuntime.cpp, line 366]
Event: 249.504 Thread 0x00007fb16c723800 Exception <a 'java/lang/NoSuchMethodError': java.lang.Object.$anonfun$addStopHook$1(Ljava/util/concurrent/Callable;)Lscala/concurrent/Future;> (0x00000007b1ab9770) thrown at [/Users/java_re/workspace/8-2-build-macosx-x86_64/jdk8u144/9417/hotspot/src/share
Event: 249.993 Thread 0x00007fb16c723800 Exception <a 'java/lang/NullPointerException'> (0x00000007ad773908) thrown at [/Users/java_re/workspace/8-2-build-macosx-x86_64/jdk8u144/9417/hotspot/src/share/vm/runtime/reflection.cpp, line 922]
Event: 250.165 Thread 0x00007fb16c723800 Exception <a 'java/lang/reflect/InvocationTargetException'> (0x00000007adb0c4c0) thrown at [/Users/java_re/workspace/8-2-build-macosx-x86_64/jdk8u144/9417/hotspot/src/share/vm/runtime/reflection.cpp, line 1092]
Event: 250.451 Thread 0x00007fb16c723800 Exception <a 'java/lang/NoClassDefFoundError': javax/el/ExpressionFactory> (0x00000007b05a4570) thrown at [/Users/java_re/workspace/8-2-build-macosx-x86_64/jdk8u144/9417/hotspot/src/share/vm/classfile/systemDictionary.cpp, line 199]
Event: 250.451 Thread 0x00007fb16c723800 Exception <a 'java/lang/NoClassDefFoundError': javax/el/ExpressionFactory> (0x00000007b05af460) thrown at [/Users/java_re/workspace/8-2-build-macosx-x86_64/jdk8u144/9417/hotspot/src/share/vm/oops/constantPool.cpp, line 235]
Event: 250.933 Thread 0x00007fb16e2e0000 Exception <a 'javax/validation/ValidationException'> (0x00000007ac439040) thrown at [/Users/java_re/workspace/8-2-build-macosx-x86_64/jdk8u144/9417/hotspot/src/share/vm/prims/jvm.cpp, line 1394]
Event: 250.937 Thread 0x00007fb16e2e0000 Exception <a 'javax/validation/ValidationException'> (0x00000007ac55afa8) thrown at [/Users/java_re/workspace/8-2-build-macosx-x86_64/jdk8u144/9417/hotspot/src/share/vm/prims/jvm.cpp, line 1394]
Event: 395.920 Thread 0x00007fb17257a000 Exception <a 'java/io/FileNotFoundException': /Users/jasmina/ABH/eRestoran/public/eRestoran_FE/tmp/rollup-cache_path-nXgsni5D.tmp/node_modules/.bin/í ½í°¹> (0x00000007aac379c8) thrown at [/Users/java_re/workspace/8-2-build-macosx-x86_64/jdk8u144/9417/hots

Events (10 events):
Event: 420.661 Thread 0x00007fb16e85c800 flushing nmethod 0x0000000112e54f50
Event: 420.668 Thread 0x00007fb16e85c800 flushing nmethod 0x0000000113171310
Event: 420.668 Thread 0x00007fb16e85c800 flushing nmethod 0x0000000113183710
Event: 420.669 Thread 0x00007fb16e85c800 flushing nmethod 0x000000011327ead0
Event: 436.541 Executing VM operation: ParallelGCFailedAllocation
Event: 436.551 Executing VM operation: ParallelGCFailedAllocation done
Event: 437.547 Thread 0x00007fb16e85c800 flushing nmethod 0x00000001133588d0
Event: 437.548 Thread 0x00007fb16e85c800 flushing nmethod 0x00000001133fed50
Event: 448.493 Executing VM operation: ParallelGCFailedAllocation
Event: 448.507 Executing VM operation: ParallelGCFailedAllocation done


Dynamic libraries:
0x00000000435dd000 	/System/Library/Frameworks/Cocoa.framework/Versions/A/Cocoa
0x00000000435dd000 	/System/Library/Frameworks/Security.framework/Versions/A/Security
0x00000000435dd000 	/System/Library/Frameworks/ApplicationServices.framework/Versions/A/ApplicationServices
0x00000000435dd000 	/usr/lib/libz.1.dylib
0x00000000435dd000 	/usr/lib/libSystem.B.dylib
0x00000000435dd000 	/usr/lib/libobjc.A.dylib
0x00000000435dd000 	/System/Library/Frameworks/CoreFoundation.framework/Versions/A/CoreFoundation
0x00000000435dd000 	/System/Library/Frameworks/Foundation.framework/Versions/C/Foundation
0x00000000435dd000 	/System/Library/Frameworks/AppKit.framework/Versions/C/AppKit
0x00000000435dd000 	/System/Library/Frameworks/CoreData.framework/Versions/A/CoreData
0x00000000435dd000 	/System/Library/PrivateFrameworks/RemoteViewServices.framework/Versions/A/RemoteViewServices
0x00000000435dd000 	/System/Library/PrivateFrameworks/UIFoundation.framework/Versions/A/UIFoundation
0x00000000435dd000 	/System/Library/PrivateFrameworks/DFRFoundation.framework/Versions/A/DFRFoundation
0x00000000435dd000 	/usr/lib/libenergytrace.dylib
0x00000000435dd000 	/System/Library/PrivateFrameworks/SkyLight.framework/Versions/A/SkyLight
0x00000000435dd000 	/System/Library/Frameworks/CoreGraphics.framework/Versions/A/CoreGraphics
0x00000000435dd000 	/usr/lib/libScreenReader.dylib
0x00000000435dd000 	/System/Library/Frameworks/Accelerate.framework/Versions/A/Accelerate
0x00000000435dd000 	/System/Library/Frameworks/IOSurface.framework/Versions/A/IOSurface
0x00000000435dd000 	/System/Library/Frameworks/AudioToolbox.framework/Versions/A/AudioToolbox
0x00000000435dd000 	/System/Library/Frameworks/AudioUnit.framework/Versions/A/AudioUnit
0x00000000435dd000 	/System/Library/PrivateFrameworks/DataDetectorsCore.framework/Versions/A/DataDetectorsCore
0x00000000435dd000 	/System/Library/PrivateFrameworks/DesktopServicesPriv.framework/Versions/A/DesktopServicesPriv
0x00000000435dd000 	/System/Library/Frameworks/Carbon.framework/Versions/A/Frameworks/HIToolbox.framework/Versions/A/HIToolbox
0x00000000435dd000 	/usr/lib/libicucore.A.dylib
0x00000000435dd000 	/System/Library/Frameworks/QuartzCore.framework/Versions/A/QuartzCore
0x00000000435dd000 	/System/Library/Frameworks/Carbon.framework/Versions/A/Frameworks/SpeechRecognition.framework/Versions/A/SpeechRecognition
0x00000000435dd000 	/usr/lib/libauto.dylib
0x00000000435dd000 	/usr/lib/libxml2.2.dylib
0x00000000435dd000 	/System/Library/PrivateFrameworks/CoreUI.framework/Versions/A/CoreUI
0x00000000435dd000 	/System/Library/Frameworks/CoreAudio.framework/Versions/A/CoreAudio
0x00000000435dd000 	/System/Library/Frameworks/DiskArbitration.framework/Versions/A/DiskArbitration
0x00000000435dd000 	/usr/lib/liblangid.dylib
0x00000000435dd000 	/System/Library/PrivateFrameworks/MultitouchSupport.framework/Versions/A/MultitouchSupport
0x00000000435dd000 	/System/Library/Frameworks/IOKit.framework/Versions/A/IOKit
0x00000000435dd000 	/usr/lib/libDiagnosticMessagesClient.dylib
0x00000000435dd000 	/System/Library/Frameworks/CoreServices.framework/Versions/A/CoreServices
0x00000000435dd000 	/System/Library/PrivateFrameworks/PerformanceAnalysis.framework/Versions/A/PerformanceAnalysis
0x00000000435dd000 	/System/Library/PrivateFrameworks/GenerationalStorage.framework/Versions/A/GenerationalStorage
0x00000000435dd000 	/System/Library/Frameworks/OpenGL.framework/Versions/A/OpenGL
0x00000000435dd000 	/System/Library/Frameworks/CoreImage.framework/Versions/A/CoreImage
0x00000000435dd000 	/System/Library/Frameworks/CoreText.framework/Versions/A/CoreText
0x00000000435dd000 	/System/Library/Frameworks/ImageIO.framework/Versions/A/ImageIO
0x00000000435dd000 	/System/Library/PrivateFrameworks/Backup.framework/Versions/A/Backup
0x00000000435dd000 	/usr/lib/libarchive.2.dylib
0x00000000435dd000 	/System/Library/Frameworks/CFNetwork.framework/Versions/A/CFNetwork
0x00000000435dd000 	/System/Library/Frameworks/SystemConfiguration.framework/Versions/A/SystemConfiguration
0x00000000435dd000 	/usr/lib/libCRFSuite.dylib
0x00000000435dd000 	/usr/lib/libc++.1.dylib
0x00000000435dd000 	/usr/lib/libc++abi.dylib
0x00000000435dd000 	/usr/lib/system/libcache.dylib
0x00000000435dd000 	/usr/lib/system/libcommonCrypto.dylib
0x00000000435dd000 	/usr/lib/system/libcompiler_rt.dylib
0x00000000435dd000 	/usr/lib/system/libcopyfile.dylib
0x00000000435dd000 	/usr/lib/system/libcorecrypto.dylib
0x00000000435dd000 	/usr/lib/system/libdispatch.dylib
0x00000000435dd000 	/usr/lib/system/libdyld.dylib
0x00000000435dd000 	/usr/lib/system/libkeymgr.dylib
0x00000000435dd000 	/usr/lib/system/liblaunch.dylib
0x00000000435dd000 	/usr/lib/system/libmacho.dylib
0x00000000435dd000 	/usr/lib/system/libquarantine.dylib
0x00000000435dd000 	/usr/lib/system/libremovefile.dylib
0x00000000435dd000 	/usr/lib/system/libsystem_asl.dylib
0x00000000435dd000 	/usr/lib/system/libsystem_blocks.dylib
0x00000000435dd000 	/usr/lib/system/libsystem_c.dylib
0x00000000435dd000 	/usr/lib/system/libsystem_configuration.dylib
0x00000000435dd000 	/usr/lib/system/libsystem_coreservices.dylib
0x00000000435dd000 	/usr/lib/system/libsystem_coretls.dylib
0x00000000435dd000 	/usr/lib/system/libsystem_dnssd.dylib
0x00000000435dd000 	/usr/lib/system/libsystem_info.dylib
0x00000000435dd000 	/usr/lib/system/libsystem_kernel.dylib
0x00000000435dd000 	/usr/lib/system/libsystem_m.dylib
0x00000000435dd000 	/usr/lib/system/libsystem_malloc.dylib
0x00000000435dd000 	/usr/lib/system/libsystem_network.dylib
0x00000000435dd000 	/usr/lib/system/libsystem_networkextension.dylib
0x00000000435dd000 	/usr/lib/system/libsystem_notify.dylib
0x00000000435dd000 	/usr/lib/system/libsystem_platform.dylib
0x00000000435dd000 	/usr/lib/system/libsystem_pthread.dylib
0x00000000435dd000 	/usr/lib/system/libsystem_sandbox.dylib
0x00000000435dd000 	/usr/lib/system/libsystem_secinit.dylib
0x00000000435dd000 	/usr/lib/system/libsystem_symptoms.dylib
0x00000000435dd000 	/usr/lib/system/libsystem_trace.dylib
0x00000000435dd000 	/usr/lib/system/libunwind.dylib
0x00000000435dd000 	/usr/lib/system/libxpc.dylib
0x00000000435dd000 	/usr/lib/libbsm.0.dylib
0x00000000435dd000 	/usr/lib/system/libkxld.dylib
0x00000000435dd000 	/usr/lib/libcoretls.dylib
0x00000000435dd000 	/usr/lib/libcoretls_cfhelpers.dylib
0x00000000435dd000 	/usr/lib/libxar.1.dylib
0x00000000435dd000 	/usr/lib/libsqlite3.dylib
0x00000000435dd000 	/usr/lib/libpam.2.dylib
0x00000000435dd000 	/usr/lib/libOpenScriptingUtil.dylib
0x00000000435dd000 	/usr/lib/libbz2.1.0.dylib
0x00000000435dd000 	/usr/lib/liblzma.5.dylib
0x00000000435dd000 	/usr/lib/libnetwork.dylib
0x00000000435dd000 	/usr/lib/libpcap.A.dylib
0x00000000435dd000 	/System/Library/Frameworks/CoreServices.framework/Versions/A/Frameworks/FSEvents.framework/Versions/A/FSEvents
0x00000000435dd000 	/System/Library/Frameworks/CoreServices.framework/Versions/A/Frameworks/CarbonCore.framework/Versions/A/CarbonCore
0x00000000435dd000 	/System/Library/Frameworks/CoreServices.framework/Versions/A/Frameworks/Metadata.framework/Versions/A/Metadata
0x00000000435dd000 	/System/Library/Frameworks/CoreServices.framework/Versions/A/Frameworks/OSServices.framework/Versions/A/OSServices
0x00000000435dd000 	/System/Library/Frameworks/CoreServices.framework/Versions/A/Frameworks/SearchKit.framework/Versions/A/SearchKit
0x00000000435dd000 	/System/Library/Frameworks/CoreServices.framework/Versions/A/Frameworks/AE.framework/Versions/A/AE
0x00000000435dd000 	/System/Library/Frameworks/CoreServices.framework/Versions/A/Frameworks/LaunchServices.framework/Versions/A/LaunchServices
0x00000000435dd000 	/System/Library/Frameworks/CoreServices.framework/Versions/A/Frameworks/DictionaryServices.framework/Versions/A/DictionaryServices
0x00000000435dd000 	/System/Library/Frameworks/CoreServices.framework/Versions/A/Frameworks/SharedFileList.framework/Versions/A/SharedFileList
0x00000000435dd000 	/System/Library/Frameworks/NetFS.framework/Versions/A/NetFS
0x00000000435dd000 	/System/Library/PrivateFrameworks/NetAuth.framework/Versions/A/NetAuth
0x00000000435dd000 	/System/Library/PrivateFrameworks/login.framework/Versions/A/Frameworks/loginsupport.framework/Versions/A/loginsupport
0x00000000435dd000 	/System/Library/PrivateFrameworks/TCC.framework/Versions/A/TCC
0x00000000435dd000 	/usr/lib/libmecabra.dylib
0x00000000435dd000 	/System/Library/Frameworks/ApplicationServices.framework/Versions/A/Frameworks/ATS.framework/Versions/A/ATS
0x00000000435dd000 	/System/Library/Frameworks/ApplicationServices.framework/Versions/A/Frameworks/ColorSync.framework/Versions/A/ColorSync
0x00000000435dd000 	/System/Library/Frameworks/ApplicationServices.framework/Versions/A/Frameworks/HIServices.framework/Versions/A/HIServices
0x00000000435dd000 	/System/Library/Frameworks/ApplicationServices.framework/Versions/A/Frameworks/LangAnalysis.framework/Versions/A/LangAnalysis
0x00000000435dd000 	/System/Library/Frameworks/ApplicationServices.framework/Versions/A/Frameworks/PrintCore.framework/Versions/A/PrintCore
0x00000000435dd000 	/System/Library/Frameworks/ApplicationServices.framework/Versions/A/Frameworks/QD.framework/Versions/A/QD
0x00000000435dd000 	/System/Library/Frameworks/ApplicationServices.framework/Versions/A/Frameworks/SpeechSynthesis.framework/Versions/A/SpeechSynthesis
0x00000000435dd000 	/System/Library/Frameworks/Accelerate.framework/Versions/A/Frameworks/vImage.framework/Versions/A/vImage
0x00000000435dd000 	/System/Library/Frameworks/Accelerate.framework/Versions/A/Frameworks/vecLib.framework/Versions/A/vecLib
0x00000000435dd000 	/System/Library/Frameworks/Accelerate.framework/Versions/A/Frameworks/vecLib.framework/Versions/A/libvDSP.dylib
0x00000000435dd000 	/System/Library/Frameworks/Accelerate.framework/Versions/A/Frameworks/vecLib.framework/Versions/A/libBNNS.dylib
0x00000000435dd000 	/System/Library/Frameworks/Accelerate.framework/Versions/A/Frameworks/vecLib.framework/Versions/A/libQuadrature.dylib
0x00000000435dd000 	/System/Library/Frameworks/Accelerate.framework/Versions/A/Frameworks/vecLib.framework/Versions/A/libvMisc.dylib
0x00000000435dd000 	/System/Library/Frameworks/Accelerate.framework/Versions/A/Frameworks/vecLib.framework/Versions/A/libLAPACK.dylib
0x00000000435dd000 	/System/Library/Frameworks/Accelerate.framework/Versions/A/Frameworks/vecLib.framework/Versions/A/libBLAS.dylib
0x00000000435dd000 	/System/Library/Frameworks/Accelerate.framework/Versions/A/Frameworks/vecLib.framework/Versions/A/libLinearAlgebra.dylib
0x00000000435dd000 	/System/Library/Frameworks/Accelerate.framework/Versions/A/Frameworks/vecLib.framework/Versions/A/libSparseBLAS.dylib
0x00000000435dd000 	/System/Library/Frameworks/ApplicationServices.framework/Versions/A/Frameworks/ATS.framework/Versions/A/Resources/libFontParser.dylib
0x00000000435dd000 	/System/Library/Frameworks/ApplicationServices.framework/Versions/A/Frameworks/ATS.framework/Versions/A/Resources/libFontRegistry.dylib
0x00000000435dd000 	/System/Library/Frameworks/ImageIO.framework/Versions/A/Resources/libJPEG.dylib
0x00000000435dd000 	/System/Library/Frameworks/ImageIO.framework/Versions/A/Resources/libTIFF.dylib
0x00000000435dd000 	/System/Library/Frameworks/ImageIO.framework/Versions/A/Resources/libPng.dylib
0x00000000435dd000 	/System/Library/Frameworks/ImageIO.framework/Versions/A/Resources/libGIF.dylib
0x00000000435dd000 	/System/Library/Frameworks/ImageIO.framework/Versions/A/Resources/libJP2.dylib
0x00000000435dd000 	/System/Library/Frameworks/ImageIO.framework/Versions/A/Resources/libRadiance.dylib
0x00000000435dd000 	/usr/lib/libcompression.dylib
0x00000000435dd000 	/System/Library/PrivateFrameworks/AppleJPEG.framework/Versions/A/AppleJPEG
0x00000000435dd000 	/usr/lib/libcups.2.dylib
0x00000000435dd000 	/System/Library/Frameworks/Kerberos.framework/Versions/A/Kerberos
0x00000000435dd000 	/System/Library/Frameworks/GSS.framework/Versions/A/GSS
0x00000000435dd000 	/usr/lib/libresolv.9.dylib
0x00000000435dd000 	/usr/lib/libiconv.2.dylib
0x00000000435dd000 	/System/Library/PrivateFrameworks/Heimdal.framework/Versions/A/Heimdal
0x00000000435dd000 	/usr/lib/libheimdal-asn1.dylib
0x00000000435dd000 	/System/Library/Frameworks/OpenDirectory.framework/Versions/A/OpenDirectory
0x00000000435dd000 	/System/Library/PrivateFrameworks/CommonAuth.framework/Versions/A/CommonAuth
0x00000000435dd000 	/System/Library/Frameworks/OpenDirectory.framework/Versions/A/Frameworks/CFOpenDirectory.framework/Versions/A/CFOpenDirectory
0x00000000435dd000 	/System/Library/Frameworks/SecurityFoundation.framework/Versions/A/SecurityFoundation
0x00000000435dd000 	/System/Library/PrivateFrameworks/LanguageModeling.framework/Versions/A/LanguageModeling
0x00000000435dd000 	/usr/lib/libmarisa.dylib
0x00000000435dd000 	/usr/lib/libChineseTokenizer.dylib
0x00000000435dd000 	/usr/lib/libcmph.dylib
0x00000000435dd000 	/System/Library/PrivateFrameworks/CoreEmoji.framework/Versions/A/CoreEmoji
0x00000000435dd000 	/System/Library/Frameworks/ServiceManagement.framework/Versions/A/ServiceManagement
0x00000000435dd000 	/usr/lib/libxslt.1.dylib
0x00000000435dd000 	/System/Library/Frameworks/Carbon.framework/Versions/A/Frameworks/Ink.framework/Versions/A/Ink
0x00000000435dd000 	/System/Library/PrivateFrameworks/TextureIO.framework/Versions/A/TextureIO
0x00000000435dd000 	/System/Library/Frameworks/Metal.framework/Versions/A/Metal
0x00000000435dd000 	/usr/lib/libate.dylib
0x00000000435dd000 	/System/Library/PrivateFrameworks/GPUCompiler.framework/libmetal_timestamp.dylib
0x00000000435dd000 	/System/Library/Frameworks/OpenGL.framework/Versions/A/Libraries/libCoreFSCache.dylib
0x00000000435dd000 	/System/Library/PrivateFrameworks/IOAccelerator.framework/Versions/A/IOAccelerator
0x00000000435dd000 	/System/Library/Frameworks/CoreVideo.framework/Versions/A/CoreVideo
0x00000000435dd000 	/usr/lib/libFosl_dynamic.dylib
0x00000000435dd000 	/System/Library/PrivateFrameworks/MetalPerformanceShaders.framework/Versions/A/MetalPerformanceShaders
0x00000000435dd000 	/System/Library/PrivateFrameworks/FaceCore.framework/Versions/A/FaceCore
0x00000000435dd000 	/System/Library/Frameworks/OpenCL.framework/Versions/A/OpenCL
0x00000000435dd000 	/System/Library/Frameworks/OpenGL.framework/Versions/A/Libraries/libGLU.dylib
0x00000000435dd000 	/System/Library/Frameworks/OpenGL.framework/Versions/A/Libraries/libGFXShared.dylib
0x00000000435dd000 	/System/Library/Frameworks/OpenGL.framework/Versions/A/Libraries/libGL.dylib
0x00000000435dd000 	/System/Library/Frameworks/OpenGL.framework/Versions/A/Libraries/libGLImage.dylib
0x00000000435dd000 	/System/Library/Frameworks/OpenGL.framework/Versions/A/Libraries/libCVMSPluginSupport.dylib
0x00000000435dd000 	/System/Library/Frameworks/OpenGL.framework/Versions/A/Libraries/libCoreVMClient.dylib
0x00000000435dd000 	/System/Library/PrivateFrameworks/CrashReporterSupport.framework/Versions/A/CrashReporterSupport
0x00000000435dd000 	/System/Library/PrivateFrameworks/Sharing.framework/Versions/A/Sharing
0x00000000435dd000 	/System/Library/PrivateFrameworks/IconServices.framework/Versions/A/IconServices
0x00000000435dd000 	/System/Library/PrivateFrameworks/ProtocolBuffer.framework/Versions/A/ProtocolBuffer
0x00000000435dd000 	/System/Library/PrivateFrameworks/Apple80211.framework/Versions/A/Apple80211
0x00000000435dd000 	/System/Library/Frameworks/CoreWLAN.framework/Versions/A/CoreWLAN
0x00000000435dd000 	/System/Library/PrivateFrameworks/CoreUtils.framework/Versions/A/CoreUtils
0x00000000435dd000 	/System/Library/Frameworks/IOBluetooth.framework/Versions/A/IOBluetooth
0x00000000435dd000 	/System/Library/PrivateFrameworks/CoreWiFi.framework/Versions/A/CoreWiFi
0x00000000435dd000 	/System/Library/Frameworks/CoreBluetooth.framework/Versions/A/CoreBluetooth
0x00000000435dd000 	/System/Library/Frameworks/CoreDisplay.framework/Versions/A/CoreDisplay
0x00000000435dd000 	/System/Library/PrivateFrameworks/IOPresentment.framework/Versions/A/IOPresentment
0x00000000435dd000 	/System/Library/PrivateFrameworks/DebugSymbols.framework/Versions/A/DebugSymbols
0x00000000435dd000 	/System/Library/PrivateFrameworks/CoreSymbolication.framework/Versions/A/CoreSymbolication
0x00000000435dd000 	/System/Library/PrivateFrameworks/Symbolication.framework/Versions/A/Symbolication
0x00000000435dd000 	/System/Library/PrivateFrameworks/AppleFSCompression.framework/Versions/A/AppleFSCompression
0x00000000435dd000 	/System/Library/PrivateFrameworks/SpeechRecognitionCore.framework/Versions/A/SpeechRecognitionCore
0x00000000435dd000 	/System/Library/PrivateFrameworks/ChunkingLibrary.framework/Versions/A/ChunkingLibrary
0x000000010a600000 	/Library/Java/JavaVirtualMachines/jdk1.8.0_144.jdk/Contents/Home/jre/lib/server/libjvm.dylib
0x00000000435dd000 	/usr/lib/libstdc++.6.dylib
0x000000010958c000 	/Library/Java/JavaVirtualMachines/jdk1.8.0_144.jdk/Contents/Home/jre/lib/libverify.dylib
0x000000010959a000 	/Library/Java/JavaVirtualMachines/jdk1.8.0_144.jdk/Contents/Home/jre/lib/libjava.dylib
0x00000001095d9000 	/Library/Java/JavaVirtualMachines/jdk1.8.0_144.jdk/Contents/Home/jre/lib/libzip.dylib
0x000000011060e000 	/System/Library/Frameworks/JavaVM.framework/Frameworks/JavaRuntimeSupport.framework/JavaRuntimeSupport
0x0000000110628000 	/System/Library/Frameworks/JavaVM.framework/Versions/A/Frameworks/JavaNativeFoundation.framework/Versions/A/JavaNativeFoundation
0x000000011063d000 	/System/Library/Frameworks/JavaVM.framework/Versions/A/JavaVM
0x00000000435dd000 	/System/Library/Frameworks/Carbon.framework/Versions/A/Carbon
0x000000011064a000 	/System/Library/PrivateFrameworks/JavaLaunching.framework/Versions/A/JavaLaunching
0x00000000435dd000 	/System/Library/Frameworks/Carbon.framework/Versions/A/Frameworks/CommonPanels.framework/Versions/A/CommonPanels
0x00000000435dd000 	/System/Library/Frameworks/Carbon.framework/Versions/A/Frameworks/Help.framework/Versions/A/Help
0x00000000435dd000 	/System/Library/Frameworks/Carbon.framework/Versions/A/Frameworks/ImageCapture.framework/Versions/A/ImageCapture
0x00000000435dd000 	/System/Library/Frameworks/Carbon.framework/Versions/A/Frameworks/OpenScripting.framework/Versions/A/OpenScripting
0x00000000435dd000 	/System/Library/Frameworks/Carbon.framework/Versions/A/Frameworks/Print.framework/Versions/A/Print
0x00000000435dd000 	/System/Library/Frameworks/Carbon.framework/Versions/A/Frameworks/SecurityHI.framework/Versions/A/SecurityHI
0x00000001106b4000 	/Library/Java/JavaVirtualMachines/jdk1.8.0_144.jdk/Contents/Home/jre/lib/libnet.dylib
0x0000000110713000 	/Library/Java/JavaVirtualMachines/jdk1.8.0_144.jdk/Contents/Home/jre/lib/libnio.dylib
0x00000001117a6000 	/Library/Java/JavaVirtualMachines/jdk1.8.0_144.jdk/Contents/Home/jre/lib/libmanagement.dylib
0x0000000110bda000 	/Users/jasmina/ABH/eRestoran/target/jnotify/native_libraries/64bits/libjnotify.jnilib
0x0000000111132000 	/Library/Java/JavaVirtualMachines/jdk1.8.0_144.jdk/Contents/Home/jre/lib/libsunec.dylib

VM Arguments:
jvm_args: -Dfile.encoding=UTF8 -Djline.terminal=none -Dsbt.log.noformat=true -Dsbt.global.base=/private/var/folders/96/cw4ykw9n6z1d7rb_n0k307400000gn/T/sbt-global-pluginstub -Xms512M -Xmx1024M -Xss1M -XX:+CMSClassUnloadingEnabled -XX:MaxPermSize=256M 
java_command: xsbt.boot.Boot project root run
java_class_path (initial): /Users/jasmina/Library/Application Support/IntelliJIdea2017.2/Scala/launcher/sbt-launch.jar
Launcher Type: SUN_STANDARD

Environment Variables:
PATH=/usr/local/opt/node@6/bin:/usr/local/bin:/usr/bin:/bin:/usr/sbin:/sbin
SHELL=/bin/bash

Signal Handlers:
SIGSEGV: [libjvm.dylib+0x5b26e5], sa_mask[0]=11111111011111110111111111111111, sa_flags=SA_ONSTACK|SA_RESTART|SA_SIGINFO
SIGBUS: [libjvm.dylib+0x5b26e5], sa_mask[0]=11111111011111110111111111111111, sa_flags=SA_RESTART|SA_SIGINFO
SIGFPE: [libjvm.dylib+0x489100], sa_mask[0]=11111111011111110111111111111111, sa_flags=SA_RESTART|SA_SIGINFO
SIGPIPE: [libjvm.dylib+0x489100], sa_mask[0]=11111111011111110111111111111111, sa_flags=SA_RESTART|SA_SIGINFO
SIGXFSZ: [libjvm.dylib+0x489100], sa_mask[0]=11111111011111110111111111111111, sa_flags=SA_RESTART|SA_SIGINFO
SIGILL: [libjvm.dylib+0x489100], sa_mask[0]=11111111011111110111111111111111, sa_flags=SA_RESTART|SA_SIGINFO
SIGUSR1: SIG_DFL, sa_mask[0]=00000000000000000000000000000000, sa_flags=none
SIGUSR2: [libjvm.dylib+0x488c1e], sa_mask[0]=00100000000000000000000000000000, sa_flags=SA_RESTART|SA_SIGINFO
SIGHUP: [libjvm.dylib+0x4871f5], sa_mask[0]=11111111011111110111111111111111, sa_flags=SA_RESTART|SA_SIGINFO
SIGINT: [libjvm.dylib+0x4871f5], sa_mask[0]=11111111011111110111111111111111, sa_flags=SA_RESTART|SA_SIGINFO
SIGTERM: [libjvm.dylib+0x4871f5], sa_mask[0]=11111111011111110111111111111111, sa_flags=SA_RESTART|SA_SIGINFO
SIGQUIT: [libjvm.dylib+0x4871f5], sa_mask[0]=11111111011111110111111111111111, sa_flags=SA_RESTART|SA_SIGINFO


---------------  S Y S T E M  ---------------

OS:Bsduname:Darwin 16.1.0 Darwin Kernel Version 16.1.0: Wed Oct 19 20:31:56 PDT 2016; root:xnu-3789.21.4~4/RELEASE_X86_64 x86_64
rlimit: STACK 8192k, CORE 0k, NPROC 709, NOFILE 10240, AS infinity
load average:3.22 3.09 2.96

CPU:total 8 (initial active 8) (4 cores per cpu, 2 threads per core) family 6 model 70 stepping 1, cmov, cx8, fxsr, mmx, sse, sse2, sse3, ssse3, sse4.1, sse4.2, popcnt, avx, avx2, aes, clmul, erms, lzcnt, ht, tsc, tscinvbit, bmi1, bmi2

Memory: 4k page, physical 8388608k(61104k free)

/proc/meminfo:


vm_info: Java HotSpot(TM) 64-Bit Server VM (25.144-b01) for bsd-amd64 JRE (1.8.0_144-b01), built on Jul 21 2017 22:07:42 by "java_re" with gcc 4.2.1 (Based on Apple Inc. build 5658) (LLVM build 2336.11.00)

time: Mon Oct 16 12:35:01 2017
elapsed time: 450 seconds (0d 0h 7m 30s)

