#
# A fatal error has been detected by the Java Runtime Environment:
#
#  SIGSEGV (0xb) at pc=0x0000000108b4fa9e, pid=613, tid=0x0000000000006d03
#
# JRE version: Java(TM) SE Runtime Environment (8.0_144-b01) (build 1.8.0_144-b01)
# Java VM: Java HotSpot(TM) 64-Bit Server VM (25.144-b01 mixed mode bsd-amd64 compressed oops)
# Problematic frame:
# J 7584 C2 java.io.File.<init>(Ljava/lang/String;)V (47 bytes) @ 0x0000000108b4fa9e [0x0000000108b4fa60+0x3e]
#
# Failed to write core dump. Core dumps have been disabled. To enable core dumping, try "ulimit -c unlimited" before starting Java again
#
# If you would like to submit a bug report, please visit:
#   http://bugreport.java.com/bugreport/crash.jsp
#

---------------  T H R E A D  ---------------

Current thread (0x00007f9b868cd000):  JavaThread "FSEvent thread" daemon [_thread_in_Java, id=27907, stack(0x0000700008f00000,0x0000700009000000)]

siginfo: si_signo: 11 (SIGSEGV), si_code: 1 (SEGV_MAPERR), si_addr: 0x000000037ff04fc4

Registers:
RAX=0x00000001052995e8, RBX=0x00000001052995e8, RCX=0x000000074bb79170, RDX=0x000000037ff04fb8
RSP=0x0000700008ff9010, RBP=0x0000700008ff90d0, RSI=0x000000074bb79170, RDI=0x0000000000000000
R8 =0x00000000e976f20d, R9 =0x00000000fff9c000, R10=0x00000001026f4fa0, R11=0x0000000108b4fa80
R12=0x0000000000000000, R13=0x0000700008ff9070, R14=0x0000700008ff90f0, R15=0x00007f9b868cd000
RIP=0x0000000108b4fa9e, EFLAGS=0x0000000000010206, ERR=0x0000000000000004
  TRAPNO=0x000000000000000e

Top of Stack: (sp=0x0000700008ff9010)
0x0000700008ff9010:   0000700008ff9040 000000074bb79170
0x0000700008ff9020:   00000000ffffffff 00000001271ea001
0x0000700008ff9030:   00007f9b868cd000 0000000000000003
0x0000700008ff9040:   0000700008ff9080 00000001020c158f
0x0000700008ff9050:   0000700008ff90d0 0000000107ab22bd
0x0000700008ff9060:   0000700008ff9080 0000000107ab22bd
0x0000700008ff9070:   000000037ff04fb8 000000074bb79170
0x0000700008ff9080:   000000074bb79170 00000006429da1e8
0x0000700008ff9090:   0000700008ff9090 00000001271eb769
0x0000700008ff90a0:   0000700008ff90f0 00000001271ec2c8
0x0000700008ff90b0:   00000001271f2018 00000001271eb7a8
0x0000700008ff90c0:   0000700008ff9070 0000700008ff90e0
0x0000700008ff90d0:   0000700008ff9138 0000000107ab22bd
0x0000700008ff90e0:   000000074bb79080 000000074bb79050
0x0000700008ff90f0:   00000006429da1e8 0000700008ff90f8
0x0000700008ff9100:   00000001271ec203 0000700008ff9158
0x0000700008ff9110:   00000001271ec2c8 00000001271f1ed8
0x0000700008ff9120:   00000001271ec238 0000700008ff90e0
0x0000700008ff9130:   0000700008ff9160 000000000000000f
0x0000700008ff9140:   000000010abd47f8 000000074bb79080
0x0000700008ff9150:   000000074bb79050 00000006429da1e8
0x0000700008ff9160:   0000700000000080 0000000000000000
0x0000700008ff9170:   00000007c0011338 00000006429da1e8
0x0000700008ff9180:   00007f9b00000000 000000074bb79080
0x0000700008ff9190:   000000074bb79050 00000007c09c1fa8
0x0000700008ff91a0:   0000000000000021 0000000000000000
0x0000700008ff91b0:   0000700008ff91a0 0000000127cd254a
0x0000700008ff91c0:   0000700008ff9238 00000001271e6028
0x0000700008ff91d0:   0000000000000000 0000000127cd25c0
0x0000700008ff91e0:   0000000000000000 0000700008ff9218
0x0000700008ff91f0:   0000700008ff9280 0000000107ab22bd
0x0000700008ff9200:   0000000000000000 00000006429da1e8 

Instructions: (pc=0x0000000108b4fa9e)
0x0000000108b4fa7e:   66 90 89 84 24 00 c0 fe ff 55 48 83 ec 40 48 89
0x0000000108b4fa8e:   74 24 08 44 89 66 14 48 85 d2 0f 84 7d 02 00 00
0x0000000108b4fa9e:   44 8b 4a 0c 47 8b 5c cc 0c 48 bd 00 c0 f9 ff 00
0x0000000108b4faae:   00 00 00 45 85 db 0f 8e 0d 02 00 00 45 85 db 0f 

Register to memory mapping:

RAX={method} {0x00000001052995e8} '<init>' '(Ljava/lang/String;)V' in 'java/io/File'
RBX={method} {0x00000001052995e8} '<init>' '(Ljava/lang/String;)V' in 'java/io/File'
RCX=0x000000074bb79170 is an oop
java.io.File 
 - klass: 'java/io/File'
RDX=0x000000037ff04fb8 is an unknown value
RSP=0x0000700008ff9010 is pointing into the stack for thread: 0x00007f9b868cd000
RBP=0x0000700008ff90d0 is pointing into the stack for thread: 0x00007f9b868cd000
RSI=0x000000074bb79170 is an oop
java.io.File 
 - klass: 'java/io/File'
RDI=0x0000000000000000 is an unknown value
R8 =0x00000000e976f20d is an unknown value
R9 =0x00000000fff9c000 is an unknown value
R10=0x00000001026f4fa0: _ZN19TemplateInterpreter20_invoke_return_entryE+0 in /Library/Java/JavaVirtualMachines/jdk1.8.0_144.jdk/Contents/Home/jre/lib/server/libjvm.dylib at 0x0000000101e00000
R11=0x0000000108b4fa80 is at entry_point+32 in (nmethod*)0x0000000108b4f8d0
R12=0x0000000000000000 is an unknown value
R13=0x0000700008ff9070 is pointing into the stack for thread: 0x00007f9b868cd000
R14=0x0000700008ff90f0 is pointing into the stack for thread: 0x00007f9b868cd000
R15=0x00007f9b868cd000 is a thread


Stack: [0x0000700008f00000,0x0000700009000000],  sp=0x0000700008ff9010,  free space=996k
Native frames: (J=compiled Java code, j=interpreted, Vv=VM code, C=native code)
J 7584 C2 java.io.File.<init>(Ljava/lang/String;)V (47 bytes) @ 0x0000000108b4fa9e [0x0000000108b4fa60+0x3e]
j  net.contentobjects.jnotify.macosx.JNotifyAdapterMacOSX$WatchData.scan(Lnet/contentobjects/jnotify/macosx/JNotifyAdapterMacOSX$ScanJob;Lnet/contentobjects/jnotify/macosx/JNotifyAdapterMacOSX$JNEvents;)V+9
j  net.contentobjects.jnotify.macosx.JNotifyAdapterMacOSX$WatchData.access$000(Lnet/contentobjects/jnotify/macosx/JNotifyAdapterMacOSX$WatchData;Lnet/contentobjects/jnotify/macosx/JNotifyAdapterMacOSX$ScanJob;Lnet/contentobjects/jnotify/macosx/JNotifyAdapterMacOSX$JNEvents;)V+3
J 19787 C2 net.contentobjects.jnotify.macosx.JNotifyAdapterMacOSX.batchEndEvent(I)V (815 bytes) @ 0x000000010abd47f8 [0x000000010abd4340+0x4b8]
j  net.contentobjects.jnotify.macosx.JNotifyAdapterMacOSX$1.batchEnd(I)V+5
j  net.contentobjects.jnotify.macosx.JNotify_macosx.callbackInBatch(IZ)V+26
v  ~StubRoutines::call_stub
V  [libjvm.dylib+0x2ee70a]  JavaCalls::call_helper(JavaValue*, methodHandle*, JavaCallArguments*, Thread*)+0x6ae
V  [libjvm.dylib+0x3258b9]  jni_invoke_nonstatic(JNIEnv_*, JavaValue*, _jobject*, JNICallType, _jmethodID*, JNI_ArgumentPusher*, Thread*)+0x2ec
V  [libjvm.dylib+0x318087]  jni_CallVoidMethod+0x16b
C  [libjnotify.jnilib+0x1585]  fsevent_callback+0x115
C  [FSEvents+0x3b03]  implementation_callback_rpc+0x75b
C  [FSEvents+0x1702]  _Xcallback_rpc+0xfe
C  [FSEvents+0x17c9]  FSEventsD2F_server+0x37
C  [FSEvents+0x6fed]  FSEventsClientProcessMessageCallback+0x2c
C  [CoreFoundation+0x9030d]  __CFMachPortPerform+0xfd
C  [CoreFoundation+0x901f9]  __CFRUNLOOP_IS_CALLING_OUT_TO_A_SOURCE1_PERFORM_FUNCTION__+0x29
C  [CoreFoundation+0x90171]  __CFRunLoopDoSource1+0x1d1
C  [CoreFoundation+0x880c5]  __CFRunLoopRun+0x955
C  [CoreFoundation+0x87514]  CFRunLoopRunSpecific+0x1a4
C  [CoreFoundation+0xc6bb1]  CFRunLoopRun+0x61
j  net.contentobjects.jnotify.macosx.JNotify_macosx.nativeNotifyLoop()V+0
j  net.contentobjects.jnotify.macosx.JNotify_macosx.access$400()V+0
j  net.contentobjects.jnotify.macosx.JNotify_macosx$1.run()V+65
v  ~StubRoutines::call_stub
V  [libjvm.dylib+0x2ee70a]  JavaCalls::call_helper(JavaValue*, methodHandle*, JavaCallArguments*, Thread*)+0x6ae
V  [libjvm.dylib+0x2eeeae]  JavaCalls::call_virtual(JavaValue*, KlassHandle, Symbol*, Symbol*, JavaCallArguments*, Thread*)+0x164
V  [libjvm.dylib+0x2ef05a]  JavaCalls::call_virtual(JavaValue*, Handle, KlassHandle, Symbol*, Symbol*, Thread*)+0x4a
V  [libjvm.dylib+0x3497b1]  thread_entry(JavaThread*, Thread*)+0x7c
V  [libjvm.dylib+0x56c0b3]  JavaThread::thread_main_inner()+0x9b
V  [libjvm.dylib+0x56d7a0]  JavaThread::run()+0x1c2
V  [libjvm.dylib+0x48baee]  java_start(Thread*)+0xf6
C  [libsystem_pthread.dylib+0x3aab]  _pthread_body+0xb4
C  [libsystem_pthread.dylib+0x39f7]  _pthread_body+0x0
C  [libsystem_pthread.dylib+0x3221]  thread_start+0xd
C  0x0000000000000000


---------------  P R O C E S S  ---------------

Java Threads: ( => current thread )
  0x00007f9b83b0b800 JavaThread "play-dev-mode-akka.actor.default-dispatcher-26" [_thread_blocked, id=44035, stack(0x000070000a94e000,0x000070000aa4e000)]
  0x00007f9b8318f800 JavaThread "play-dev-mode-akka.actor.default-dispatcher-19" [_thread_blocked, id=43011, stack(0x000070000a748000,0x000070000a848000)]
  0x00007f9b849ac000 JavaThread "play-dev-mode-akka.actor.default-dispatcher-13" [_thread_blocked, id=39939, stack(0x000070000a136000,0x000070000a236000)]
  0x00007f9b88a85000 JavaThread "com.google.common.base.internal.Finalizer" daemon [_thread_blocked, id=34307, stack(0x0000700009615000,0x0000700009715000)]
  0x00007f9b8568e800 JavaThread "application-akka.actor.default-dispatcher-4" [_thread_blocked, id=30987, stack(0x0000700009512000,0x0000700009612000)]
  0x00007f9b840de800 JavaThread "application-scheduler-1" [_thread_blocked, id=32271, stack(0x0000700009106000,0x0000700009206000)]
  0x00007f9b80e67800 JavaThread "__DEFAULT__" daemon [_thread_blocked, id=34059, stack(0x0000700009209000,0x0000700009309000)]
  0x00007f9b80f65800 JavaThread "HikariPool-1 housekeeper" daemon [_thread_blocked, id=30219, stack(0x0000700009003000,0x0000700009103000)]
  0x00007f9b87f98800 JavaThread "PostgreSQL-JDBC-SharedTimer-1" daemon [_thread_blocked, id=33035, stack(0x0000700008dfd000,0x0000700008efd000)]
  0x00007f9b837d3800 JavaThread "AsyncAppender-Worker-ASYNCSTDOUT" daemon [_thread_blocked, id=25883, stack(0x0000700008cfa000,0x0000700008dfa000)]
  0x00007f9b83199000 JavaThread "AsyncAppender-Worker-ASYNCFILE" daemon [_thread_blocked, id=32783, stack(0x0000700008bf7000,0x0000700008cf7000)]
  0x00007f9b836f5800 JavaThread "play-dev-mode-akka.io.pinned-dispatcher-5" [_thread_in_native, id=24847, stack(0x00007000089f1000,0x0000700008af1000)]
  0x00007f9b858a5800 JavaThread "play-dev-mode-scheduler-1" [_thread_blocked, id=17675, stack(0x00007000084e2000,0x00007000085e2000)]
  0x00007f9b87903800 JavaThread "reloader-timer" daemon [_thread_blocked, id=24087, stack(0x00007000083df000,0x00007000084df000)]
=>0x00007f9b868cd000 JavaThread "FSEvent thread" daemon [_thread_in_Java, id=27907, stack(0x0000700008f00000,0x0000700009000000)]
  0x00007f9b8539e000 JavaThread "pool-4-thread-1" [_thread_in_native, id=4103, stack(0x0000700007ac1000,0x0000700007bc1000)]
  0x00007f9b83309800 JavaThread "sbt-web-akka.actor.default-dispatcher-4" [_thread_blocked, id=23567, stack(0x00007000085e5000,0x00007000086e5000)]
  0x00007f9b878ab800 JavaThread "sbt-web-scheduler-1" [_thread_blocked, id=27147, stack(0x00007000082dc000,0x00007000083dc000)]
  0x00007f9b8280b800 JavaThread "Service Thread" daemon [_thread_blocked, id=21251, stack(0x00007000080d6000,0x00007000081d6000)]
  0x00007f9b8305d000 JavaThread "C1 CompilerThread3" daemon [_thread_blocked, id=20739, stack(0x0000700007fd3000,0x00007000080d3000)]
  0x00007f9b8305c000 JavaThread "C2 CompilerThread2" daemon [_thread_blocked, id=20227, stack(0x0000700007ed0000,0x0000700007fd0000)]
  0x00007f9b8305b800 JavaThread "C2 CompilerThread1" daemon [_thread_blocked, id=19715, stack(0x0000700007dcd000,0x0000700007ecd000)]
  0x00007f9b83024800 JavaThread "C2 CompilerThread0" daemon [_thread_blocked, id=19203, stack(0x0000700007cca000,0x0000700007dca000)]
  0x00007f9b83028000 JavaThread "Signal Dispatcher" daemon [_thread_blocked, id=18691, stack(0x0000700007bc7000,0x0000700007cc7000)]
  0x00007f9b83800000 JavaThread "Finalizer" daemon [_thread_blocked, id=14339, stack(0x00007000079be000,0x0000700007abe000)]
  0x00007f9b80800800 JavaThread "Reference Handler" daemon [_thread_blocked, id=13827, stack(0x00007000078bb000,0x00007000079bb000)]
  0x00007f9b82801000 JavaThread "main" [_thread_blocked, id=6915, stack(0x0000700006e9d000,0x0000700006f9d000)]

Other Threads:
  0x00007f9b8304e800 VMThread [stack: 0x00007000077b8000,0x00007000078b8000] [id=13315]
  0x00007f9b8200b800 WatcherThread [stack: 0x00007000081d9000,0x00007000082d9000] [id=21763]

VM state:not at safepoint (normal execution)

VM Mutex/Monitor currently owned by a thread: None

Heap:
 PSYoungGen      total 1007104K, used 222355K [0x0000000740000000, 0x00000007bdb00000, 0x00000007c0000000)
  eden space 976896K, 19% used [0x0000000740000000,0x000000074bbd7bf8,0x000000077ba00000)
  from space 30208K, 99% used [0x000000077ba00000,0x000000077d74d038,0x000000077d780000)
  to   space 541184K, 0% used [0x000000079ca80000,0x000000079ca80000,0x00000007bdb00000)
 ParOldGen       total 2441728K, used 425967K [0x0000000640000000, 0x00000006d5080000, 0x0000000740000000)
  object space 2441728K, 17% used [0x0000000640000000,0x0000000659ffbf20,0x00000006d5080000)
 Metaspace       used 164937K, capacity 175091K, committed 175320K, reserved 1198080K
  class space    used 25709K, capacity 26493K, committed 26584K, reserved 1048576K

Card table byte_map: [0x000000010319c000,0x0000000103d9d000] byte_map_base: 0x00000000fff9c000

Marking Bits: (ParMarkBitMap*) 0x00000001026f35d0
 Begin Bits: [0x0000000116aaa000, 0x000000011caaa000)
 End Bits:   [0x000000011caaa000, 0x0000000122aaa000)

Polling page: 0x0000000100de6000

CodeCache: size=245760Kb used=56513Kb max_used=56513Kb free=189246Kb
 bounds [0x0000000107aaa000, 0x000000010b21a000, 0x0000000116aaa000]
 total_blobs=19074 nmethods=18317 adapters=664
 compilation: enabled

Compilation events (10 events):
Event: 1923.146 Thread 0x00007f9b8305d000 22178       3       sun.nio.ch.SelectorImpl::select (34 bytes)
Event: 1923.147 Thread 0x00007f9b8305d000 nmethod 22178 0x000000010b2159d0 code [0x000000010b215b60, 0x000000010b215e58]
Event: 1923.147 Thread 0x00007f9b8305d000 22179   !   3       sun.nio.ch.SelectorImpl::lockAndDoSelect (72 bytes)
Event: 1923.147 Thread 0x00007f9b8305d000 nmethod 22179 0x000000010b215f50 code [0x000000010b216120, 0x000000010b216b18]
Event: 1923.147 Thread 0x00007f9b8305d000 22180   !   3       sun.nio.ch.KQueueSelectorImpl::doSelect (60 bytes)
Event: 1923.149 Thread 0x00007f9b8305d000 nmethod 22180 0x000000010b217010 code [0x000000010b217260, 0x000000010b218268]
Event: 1923.149 Thread 0x00007f9b8305d000 22181       3       java.nio.channels.spi.AbstractSelector::begin (48 bytes)
Event: 1923.150 Thread 0x00007f9b8305d000 nmethod 22181 0x000000010b218b10 code [0x000000010b218ce0, 0x000000010b219658]
Event: 1923.150 Thread 0x00007f9b8305d000 22182       3       sun.nio.ch.KQueueArrayWrapper::poll (23 bytes)
Event: 1923.150 Thread 0x00007f9b8305d000 nmethod 22182 0x000000010b219a50 code [0x000000010b219bc0, 0x000000010b219db8]

GC Heap History (10 events):
Event: 1319.407 GC heap before
{Heap before GC invocations=72 (full 17):
 PSYoungGen      total 1474048K, used 1038892K [0x0000000740000000, 0x00000007c0000000, 0x00000007c0000000)
  eden space 969728K, 62% used [0x0000000740000000,0x0000000765363330,0x000000077b300000)
  from space 504320K, 85% used [0x00000007a1380000,0x00000007bb6a8010,0x00000007c0000000)
  to   space 563712K, 0% used [0x000000077b300000,0x000000077b300000,0x000000079d980000)
 ParOldGen       total 2441728K, used 1832118K [0x0000000640000000, 0x00000006d5080000, 0x0000000740000000)
  object space 2441728K, 75% used [0x0000000640000000,0x00000006afd2dbc8,0x00000006d5080000)
 Metaspace       used 144243K, capacity 152405K, committed 152536K, reserved 1179648K
  class space    used 22610K, capacity 23248K, committed 23256K, reserved 1048576K
Event: 1320.256 GC heap after
Heap after GC invocations=72 (full 17):
 PSYoungGen      total 1533440K, used 416K [0x0000000740000000, 0x00000007c0000000, 0x00000007c0000000)
  eden space 969728K, 0% used [0x0000000740000000,0x0000000740000000,0x000000077b300000)
  from space 563712K, 0% used [0x000000077b300000,0x000000077b368000,0x000000079d980000)
  to   space 563200K, 0% used [0x000000079da00000,0x000000079da00000,0x00000007c0000000)
 ParOldGen       total 2441728K, used 2266206K [0x0000000640000000, 0x00000006d5080000, 0x0000000740000000)
  object space 2441728K, 92% used [0x0000000640000000,0x00000006ca517bd8,0x00000006d5080000)
 Metaspace       used 144243K, capacity 152405K, committed 152536K, reserved 1179648K
  class space    used 22610K, capacity 23248K, committed 23256K, reserved 1048576K
}
Event: 1320.256 GC heap before
{Heap before GC invocations=73 (full 18):
 PSYoungGen      total 1533440K, used 416K [0x0000000740000000, 0x00000007c0000000, 0x00000007c0000000)
  eden space 969728K, 0% used [0x0000000740000000,0x0000000740000000,0x000000077b300000)
  from space 563712K, 0% used [0x000000077b300000,0x000000077b368000,0x000000079d980000)
  to   space 563200K, 0% used [0x000000079da00000,0x000000079da00000,0x00000007c0000000)
 ParOldGen       total 2441728K, used 2266206K [0x0000000640000000, 0x00000006d5080000, 0x0000000740000000)
  object space 2441728K, 92% used [0x0000000640000000,0x00000006ca517bd8,0x00000006d5080000)
 Metaspace       used 144243K, capacity 152405K, committed 152536K, reserved 1179648K
  class space    used 22610K, capacity 23248K, committed 23256K, reserved 1048576K
Event: 1322.010 GC heap after
Heap after GC invocations=73 (full 18):
 PSYoungGen      total 1533440K, used 0K [0x0000000740000000, 0x00000007c0000000, 0x00000007c0000000)
  eden space 969728K, 0% used [0x0000000740000000,0x0000000740000000,0x000000077b300000)
  from space 563712K, 0% used [0x000000077b300000,0x000000077b300000,0x000000079d980000)
  to   space 563200K, 0% used [0x000000079da00000,0x000000079da00000,0x00000007c0000000)
 ParOldGen       total 2441728K, used 426044K [0x0000000640000000, 0x00000006d5080000, 0x0000000740000000)
  object space 2441728K, 17% used [0x0000000640000000,0x000000065a00f160,0x00000006d5080000)
 Metaspace       used 144243K, capacity 152405K, committed 152536K, reserved 1179648K
  class space    used 22610K, capacity 23248K, committed 23256K, reserved 1048576K
}
Event: 1322.027 GC heap before
{Heap before GC invocations=74 (full 18):
 PSYoungGen      total 1533440K, used 11157K [0x0000000740000000, 0x00000007c0000000, 0x00000007c0000000)
  eden space 969728K, 1% used [0x0000000740000000,0x0000000740ae57d0,0x000000077b300000)
  from space 563712K, 0% used [0x000000077b300000,0x000000077b300000,0x000000079d980000)
  to   space 563200K, 0% used [0x000000079da00000,0x000000079da00000,0x00000007c0000000)
 ParOldGen       total 2441728K, used 426044K [0x0000000640000000, 0x00000006d5080000, 0x0000000740000000)
  object space 2441728K, 17% used [0x0000000640000000,0x000000065a00f160,0x00000006d5080000)
 Metaspace       used 144250K, capacity 152405K, committed 152536K, reserved 1179648K
  class space    used 22610K, capacity 23248K, committed 23256K, reserved 1048576K
Event: 1322.034 GC heap after
Heap after GC invocations=74 (full 18):
 PSYoungGen      total 1540096K, used 384K [0x0000000740000000, 0x00000007c0000000, 0x00000007c0000000)
  eden space 976896K, 0% used [0x0000000740000000,0x0000000740000000,0x000000077ba00000)
  from space 563200K, 0% used [0x000000079da00000,0x000000079da60040,0x00000007c0000000)
  to   space 557056K, 0% used [0x000000077ba00000,0x000000077ba00000,0x000000079da00000)
 ParOldGen       total 2441728K, used 426044K [0x0000000640000000, 0x00000006d5080000, 0x0000000740000000)
  object space 2441728K, 17% used [0x0000000640000000,0x000000065a00f160,0x00000006d5080000)
 Metaspace       used 144250K, capacity 152405K, committed 152536K, reserved 1179648K
  class space    used 22610K, capacity 23248K, committed 23256K, reserved 1048576K
}
Event: 1322.034 GC heap before
{Heap before GC invocations=75 (full 19):
 PSYoungGen      total 1540096K, used 384K [0x0000000740000000, 0x00000007c0000000, 0x00000007c0000000)
  eden space 976896K, 0% used [0x0000000740000000,0x0000000740000000,0x000000077ba00000)
  from space 563200K, 0% used [0x000000079da00000,0x000000079da60040,0x00000007c0000000)
  to   space 557056K, 0% used [0x000000077ba00000,0x000000077ba00000,0x000000079da00000)
 ParOldGen       total 2441728K, used 426044K [0x0000000640000000, 0x00000006d5080000, 0x0000000740000000)
  object space 2441728K, 17% used [0x0000000640000000,0x000000065a00f160,0x00000006d5080000)
 Metaspace       used 144250K, capacity 152405K, committed 152536K, reserved 1179648K
  class space    used 22610K, capacity 23248K, committed 23256K, reserved 1048576K
Event: 1322.464 GC heap after
Heap after GC invocations=75 (full 19):
 PSYoungGen      total 1540096K, used 0K [0x0000000740000000, 0x00000007c0000000, 0x00000007c0000000)
  eden space 976896K, 0% used [0x0000000740000000,0x0000000740000000,0x000000077ba00000)
  from space 563200K, 0% used [0x000000079da00000,0x000000079da00000,0x00000007c0000000)
  to   space 557056K, 0% used [0x000000077ba00000,0x000000077ba00000,0x000000079da00000)
 ParOldGen       total 2441728K, used 425959K [0x0000000640000000, 0x00000006d5080000, 0x0000000740000000)
  object space 2441728K, 17% used [0x0000000640000000,0x0000000659ff9f20,0x00000006d5080000)
 Metaspace       used 144250K, capacity 152405K, committed 152536K, reserved 1179648K
  class space    used 22610K, capacity 23248K, committed 23256K, reserved 1048576K
}
Event: 1936.666 GC heap before
{Heap before GC invocations=76 (full 19):
 PSYoungGen      total 1540096K, used 976896K [0x0000000740000000, 0x00000007c0000000, 0x00000007c0000000)
  eden space 976896K, 100% used [0x0000000740000000,0x000000077ba00000,0x000000077ba00000)
  from space 563200K, 0% used [0x000000079da00000,0x000000079da00000,0x00000007c0000000)
  to   space 557056K, 0% used [0x000000077ba00000,0x000000077ba00000,0x000000079da00000)
 ParOldGen       total 2441728K, used 425959K [0x0000000640000000, 0x00000006d5080000, 0x0000000740000000)
  object space 2441728K, 17% used [0x0000000640000000,0x0000000659ff9f20,0x00000006d5080000)
 Metaspace       used 164937K, capacity 175091K, committed 175320K, reserved 1198080K
  class space    used 25709K, capacity 26493K, committed 26584K, reserved 1048576K
Event: 1937.005 GC heap after
Heap after GC invocations=76 (full 19):
 PSYoungGen      total 1007104K, used 30004K [0x0000000740000000, 0x00000007bdb00000, 0x00000007c0000000)
  eden space 976896K, 0% used [0x0000000740000000,0x0000000740000000,0x000000077ba00000)
  from space 30208K, 99% used [0x000000077ba00000,0x000000077d74d038,0x000000077d780000)
  to   space 541184K, 0% used [0x000000079ca80000,0x000000079ca80000,0x00000007bdb00000)
 ParOldGen       total 2441728K, used 425967K [0x0000000640000000, 0x00000006d5080000, 0x0000000740000000)
  object space 2441728K, 17% used [0x0000000640000000,0x0000000659ffbf20,0x00000006d5080000)
 Metaspace       used 164937K, capacity 175091K, committed 175320K, reserved 1198080K
  class space    used 25709K, capacity 26493K, committed 26584K, reserved 1048576K
}

Deoptimization events (10 events):
Event: 1325.218 Thread 0x00007f9b8698a000 Uncommon trap: reason=class_check action=maybe_recompile pc=0x000000010ac09308 method=sun.nio.ch.IOUtil.write(Ljava/io/FileDescriptor;Ljava/nio/ByteBuffer;JLsun/nio/ch/NativeDispatcher;)I @ 1
Event: 1325.218 Thread 0x00007f9b8050e800 Uncommon trap: reason=class_check action=maybe_recompile pc=0x000000010ac09308 method=sun.nio.ch.IOUtil.write(Ljava/io/FileDescriptor;Ljava/nio/ByteBuffer;JLsun/nio/ch/NativeDispatcher;)I @ 1
Event: 1325.218 Thread 0x00007f9b80ecf000 Uncommon trap: reason=class_check action=maybe_recompile pc=0x000000010ac09308 method=sun.nio.ch.IOUtil.write(Ljava/io/FileDescriptor;Ljava/nio/ByteBuffer;JLsun/nio/ch/NativeDispatcher;)I @ 1
Event: 1325.423 Thread 0x00007f9b85532000 Uncommon trap: reason=unstable_if action=reinterpret pc=0x0000000107ddcd04 method=java.util.Collections.unmodifiableList(Ljava/util/List;)Ljava/util/List; @ 4
Event: 1325.423 Thread 0x00007f9b8568e800 Uncommon trap: reason=unstable_if action=reinterpret pc=0x0000000107ddcd04 method=java.util.Collections.unmodifiableList(Ljava/util/List;)Ljava/util/List; @ 4
Event: 1325.835 Thread 0x00007f9b8568e800 Uncommon trap: reason=class_check action=maybe_recompile pc=0x0000000108073354 method=java.util.jar.JarFile.getJarEntry(Ljava/lang/String;)Ljava/util/jar/JarEntry; @ 2
Event: 1368.117 Thread 0x00007f9b83de4000 Uncommon trap: reason=unstable_if action=reinterpret pc=0x0000000108b47448 method=java.util.HashMap.removeNode(ILjava/lang/Object;Ljava/lang/Object;ZZ)Ljava/util/HashMap$Node; @ 133
Event: 1539.734 Thread 0x00007f9b868cd000 Uncommon trap: reason=unstable_if action=reinterpret pc=0x000000010aca6f7c method=net.contentobjects.jnotify.macosx.JNotifyAdapterMacOSX$WatchData.scan(Ljava/io/File;ZLnet/contentobjects/jnotify/macosx/JNotifyAdapterMacOSX$JNEvents;)V @ 433
Event: 1683.172 Thread 0x00007f9b868cd000 Uncommon trap: reason=unstable_if action=reinterpret pc=0x000000010ac06d84 method=java.util.TreeMap.navigableKeySet()Ljava/util/NavigableSet; @ 6
Event: 1683.243 Thread 0x00007f9b868cd000 Uncommon trap: reason=unstable_if action=reinterpret pc=0x000000010882097c method=java.util.TreeMap.navigableKeySet()Ljava/util/NavigableSet; @ 6

Internal exceptions (10 events):
Event: 1355.214 Thread 0x00007f9b8698a000 Exception <a 'java/lang/NoSuchMethodError': java.lang.Object.$anonfun$fromCookieHeader$1(Lplay/api/mvc/Cookie;)Ljava/lang/String;> (0x00000007506f9340) thrown at [/Users/java_re/workspace/8-2-build-macosx-x86_64/jdk8u144/9417/hotspot/src/share/vm/interpre
Event: 1355.215 Thread 0x00007f9b8698a000 Exception <a 'java/lang/NoSuchMethodError': java.lang.Object.$anonfun$fromCookieHeader$2(Lscala/collection/Seq;)Lplay/api/mvc/Cookie;> (0x00000007506fd378) thrown at [/Users/java_re/workspace/8-2-build-macosx-x86_64/jdk8u144/9417/hotspot/src/share/vm/inte
Event: 1355.253 Thread 0x00007f9b8698a000 Exception <a 'java/lang/NoSuchMethodError': java.lang.Object.$anonfun$decode$7(Lscala/Tuple2;)Lscala/Tuple2;> (0x00000007508c1338) thrown at [/Users/java_re/workspace/8-2-build-macosx-x86_64/jdk8u144/9417/hotspot/src/share/vm/interpreter/linkResolver.cpp,
Event: 1368.069 Thread 0x00007f9b83de4000 Exception <a 'java/lang/ClassNotFoundException': models/CommentBeanInfo> (0x00000007504efe98) thrown at [/Users/java_re/workspace/8-2-build-macosx-x86_64/jdk8u144/9417/hotspot/src/share/vm/classfile/systemDictionary.cpp, line 210]
Event: 1368.070 Thread 0x00007f9b83de4000 Exception <a 'java/lang/ClassNotFoundException': models/CommentCustomizer> (0x0000000750503cb0) thrown at [/Users/java_re/workspace/8-2-build-macosx-x86_64/jdk8u144/9417/hotspot/src/share/vm/classfile/systemDictionary.cpp, line 210]
Event: 1368.082 Thread 0x00007f9b83de4000 Exception <a 'java/lang/ClassNotFoundException': models/RestaurantBeanInfo> (0x00000007505728e0) thrown at [/Users/java_re/workspace/8-2-build-macosx-x86_64/jdk8u144/9417/hotspot/src/share/vm/classfile/systemDictionary.cpp, line 210]
Event: 1368.082 Thread 0x00007f9b83de4000 Exception <a 'java/lang/ClassNotFoundException': models/RestaurantCustomizer> (0x0000000750587b00) thrown at [/Users/java_re/workspace/8-2-build-macosx-x86_64/jdk8u144/9417/hotspot/src/share/vm/classfile/systemDictionary.cpp, line 210]
Event: 1368.136 Thread 0x00007f9b83de4000 Exception <a 'java/lang/NoSuchMethodError': java.lang.Object.$anonfun$last$1$adapted(Lscala/runtime/ObjectRef;Ljava/lang/Object;)Ljava/lang/Object;> (0x0000000751258c00) thrown at [/Users/java_re/workspace/8-2-build-macosx-x86_64/jdk8u144/9417/hotspot/src
Event: 1401.517 Thread 0x00007f9b8568e800 Exception <a 'java/lang/ClassNotFoundException': models/ReservationBeanInfo> (0x000000074f60c1b0) thrown at [/Users/java_re/workspace/8-2-build-macosx-x86_64/jdk8u144/9417/hotspot/src/share/vm/classfile/systemDictionary.cpp, line 210]
Event: 1401.518 Thread 0x00007f9b8568e800 Exception <a 'java/lang/ClassNotFoundException': models/ReservationCustomizer> (0x000000074f621410) thrown at [/Users/java_re/workspace/8-2-build-macosx-x86_64/jdk8u144/9417/hotspot/src/share/vm/classfile/systemDictionary.cpp, line 210]

Events (10 events):
Event: 1883.159 Executing VM operation: RevokeBias
Event: 1883.159 Executing VM operation: RevokeBias done
Event: 1897.141 Executing VM operation: RevokeBias
Event: 1897.141 Executing VM operation: RevokeBias done
Event: 1897.141 Thread 0x00007f9b83eee800 Thread exited: 0x00007f9b83eee800
Event: 1925.169 Thread 0x00007f9b85f37800 Thread exited: 0x00007f9b85f37800
Event: 1936.666 Executing VM operation: ParallelGCFailedAllocation
Event: 1937.005 Executing VM operation: ParallelGCFailedAllocation done
Event: 1937.009 Executing VM operation: RevokeBias
Event: 1937.009 Executing VM operation: RevokeBias done


Dynamic libraries:
0x00000000193e9000 	/System/Library/Frameworks/Cocoa.framework/Versions/A/Cocoa
0x00000000193e9000 	/System/Library/Frameworks/Security.framework/Versions/A/Security
0x00000000193e9000 	/System/Library/Frameworks/ApplicationServices.framework/Versions/A/ApplicationServices
0x00000000193e9000 	/usr/lib/libz.1.dylib
0x00000000193e9000 	/usr/lib/libSystem.B.dylib
0x00000000193e9000 	/usr/lib/libobjc.A.dylib
0x00000000193e9000 	/System/Library/Frameworks/CoreFoundation.framework/Versions/A/CoreFoundation
0x00000000193e9000 	/System/Library/Frameworks/Foundation.framework/Versions/C/Foundation
0x00000000193e9000 	/System/Library/Frameworks/AppKit.framework/Versions/C/AppKit
0x00000000193e9000 	/System/Library/Frameworks/CoreData.framework/Versions/A/CoreData
0x00000000193e9000 	/System/Library/PrivateFrameworks/RemoteViewServices.framework/Versions/A/RemoteViewServices
0x00000000193e9000 	/System/Library/PrivateFrameworks/UIFoundation.framework/Versions/A/UIFoundation
0x00000000193e9000 	/System/Library/PrivateFrameworks/DFRFoundation.framework/Versions/A/DFRFoundation
0x00000000193e9000 	/usr/lib/libenergytrace.dylib
0x00000000193e9000 	/System/Library/PrivateFrameworks/SkyLight.framework/Versions/A/SkyLight
0x00000000193e9000 	/System/Library/Frameworks/CoreGraphics.framework/Versions/A/CoreGraphics
0x00000000193e9000 	/usr/lib/libScreenReader.dylib
0x00000000193e9000 	/System/Library/Frameworks/Accelerate.framework/Versions/A/Accelerate
0x00000000193e9000 	/System/Library/Frameworks/IOSurface.framework/Versions/A/IOSurface
0x00000000193e9000 	/System/Library/Frameworks/AudioToolbox.framework/Versions/A/AudioToolbox
0x00000000193e9000 	/System/Library/Frameworks/AudioUnit.framework/Versions/A/AudioUnit
0x00000000193e9000 	/System/Library/PrivateFrameworks/DataDetectorsCore.framework/Versions/A/DataDetectorsCore
0x00000000193e9000 	/System/Library/PrivateFrameworks/DesktopServicesPriv.framework/Versions/A/DesktopServicesPriv
0x00000000193e9000 	/System/Library/Frameworks/Carbon.framework/Versions/A/Frameworks/HIToolbox.framework/Versions/A/HIToolbox
0x00000000193e9000 	/usr/lib/libicucore.A.dylib
0x00000000193e9000 	/System/Library/Frameworks/QuartzCore.framework/Versions/A/QuartzCore
0x00000000193e9000 	/System/Library/Frameworks/Carbon.framework/Versions/A/Frameworks/SpeechRecognition.framework/Versions/A/SpeechRecognition
0x00000000193e9000 	/usr/lib/libauto.dylib
0x00000000193e9000 	/usr/lib/libxml2.2.dylib
0x00000000193e9000 	/System/Library/PrivateFrameworks/CoreUI.framework/Versions/A/CoreUI
0x00000000193e9000 	/System/Library/Frameworks/CoreAudio.framework/Versions/A/CoreAudio
0x00000000193e9000 	/System/Library/Frameworks/DiskArbitration.framework/Versions/A/DiskArbitration
0x00000000193e9000 	/usr/lib/liblangid.dylib
0x00000000193e9000 	/System/Library/PrivateFrameworks/MultitouchSupport.framework/Versions/A/MultitouchSupport
0x00000000193e9000 	/System/Library/Frameworks/IOKit.framework/Versions/A/IOKit
0x00000000193e9000 	/usr/lib/libDiagnosticMessagesClient.dylib
0x00000000193e9000 	/System/Library/Frameworks/CoreServices.framework/Versions/A/CoreServices
0x00000000193e9000 	/System/Library/PrivateFrameworks/PerformanceAnalysis.framework/Versions/A/PerformanceAnalysis
0x00000000193e9000 	/System/Library/PrivateFrameworks/GenerationalStorage.framework/Versions/A/GenerationalStorage
0x00000000193e9000 	/System/Library/Frameworks/OpenGL.framework/Versions/A/OpenGL
0x00000000193e9000 	/System/Library/Frameworks/CoreImage.framework/Versions/A/CoreImage
0x00000000193e9000 	/System/Library/Frameworks/CoreText.framework/Versions/A/CoreText
0x00000000193e9000 	/System/Library/Frameworks/ImageIO.framework/Versions/A/ImageIO
0x00000000193e9000 	/System/Library/PrivateFrameworks/Backup.framework/Versions/A/Backup
0x00000000193e9000 	/usr/lib/libarchive.2.dylib
0x00000000193e9000 	/System/Library/Frameworks/CFNetwork.framework/Versions/A/CFNetwork
0x00000000193e9000 	/System/Library/Frameworks/SystemConfiguration.framework/Versions/A/SystemConfiguration
0x00000000193e9000 	/usr/lib/libCRFSuite.dylib
0x00000000193e9000 	/usr/lib/libc++.1.dylib
0x00000000193e9000 	/usr/lib/libc++abi.dylib
0x00000000193e9000 	/usr/lib/system/libcache.dylib
0x00000000193e9000 	/usr/lib/system/libcommonCrypto.dylib
0x00000000193e9000 	/usr/lib/system/libcompiler_rt.dylib
0x00000000193e9000 	/usr/lib/system/libcopyfile.dylib
0x00000000193e9000 	/usr/lib/system/libcorecrypto.dylib
0x00000000193e9000 	/usr/lib/system/libdispatch.dylib
0x00000000193e9000 	/usr/lib/system/libdyld.dylib
0x00000000193e9000 	/usr/lib/system/libkeymgr.dylib
0x00000000193e9000 	/usr/lib/system/liblaunch.dylib
0x00000000193e9000 	/usr/lib/system/libmacho.dylib
0x00000000193e9000 	/usr/lib/system/libquarantine.dylib
0x00000000193e9000 	/usr/lib/system/libremovefile.dylib
0x00000000193e9000 	/usr/lib/system/libsystem_asl.dylib
0x00000000193e9000 	/usr/lib/system/libsystem_blocks.dylib
0x00000000193e9000 	/usr/lib/system/libsystem_c.dylib
0x00000000193e9000 	/usr/lib/system/libsystem_configuration.dylib
0x00000000193e9000 	/usr/lib/system/libsystem_coreservices.dylib
0x00000000193e9000 	/usr/lib/system/libsystem_coretls.dylib
0x00000000193e9000 	/usr/lib/system/libsystem_dnssd.dylib
0x00000000193e9000 	/usr/lib/system/libsystem_info.dylib
0x00000000193e9000 	/usr/lib/system/libsystem_kernel.dylib
0x00000000193e9000 	/usr/lib/system/libsystem_m.dylib
0x00000000193e9000 	/usr/lib/system/libsystem_malloc.dylib
0x00000000193e9000 	/usr/lib/system/libsystem_network.dylib
0x00000000193e9000 	/usr/lib/system/libsystem_networkextension.dylib
0x00000000193e9000 	/usr/lib/system/libsystem_notify.dylib
0x00000000193e9000 	/usr/lib/system/libsystem_platform.dylib
0x00000000193e9000 	/usr/lib/system/libsystem_pthread.dylib
0x00000000193e9000 	/usr/lib/system/libsystem_sandbox.dylib
0x00000000193e9000 	/usr/lib/system/libsystem_secinit.dylib
0x00000000193e9000 	/usr/lib/system/libsystem_symptoms.dylib
0x00000000193e9000 	/usr/lib/system/libsystem_trace.dylib
0x00000000193e9000 	/usr/lib/system/libunwind.dylib
0x00000000193e9000 	/usr/lib/system/libxpc.dylib
0x00000000193e9000 	/usr/lib/libbsm.0.dylib
0x00000000193e9000 	/usr/lib/system/libkxld.dylib
0x00000000193e9000 	/usr/lib/libcoretls.dylib
0x00000000193e9000 	/usr/lib/libcoretls_cfhelpers.dylib
0x00000000193e9000 	/usr/lib/libxar.1.dylib
0x00000000193e9000 	/usr/lib/libsqlite3.dylib
0x00000000193e9000 	/usr/lib/libpam.2.dylib
0x00000000193e9000 	/usr/lib/libOpenScriptingUtil.dylib
0x00000000193e9000 	/usr/lib/libbz2.1.0.dylib
0x00000000193e9000 	/usr/lib/liblzma.5.dylib
0x00000000193e9000 	/usr/lib/libnetwork.dylib
0x00000000193e9000 	/usr/lib/libpcap.A.dylib
0x00000000193e9000 	/System/Library/Frameworks/CoreServices.framework/Versions/A/Frameworks/FSEvents.framework/Versions/A/FSEvents
0x00000000193e9000 	/System/Library/Frameworks/CoreServices.framework/Versions/A/Frameworks/CarbonCore.framework/Versions/A/CarbonCore
0x00000000193e9000 	/System/Library/Frameworks/CoreServices.framework/Versions/A/Frameworks/Metadata.framework/Versions/A/Metadata
0x00000000193e9000 	/System/Library/Frameworks/CoreServices.framework/Versions/A/Frameworks/OSServices.framework/Versions/A/OSServices
0x00000000193e9000 	/System/Library/Frameworks/CoreServices.framework/Versions/A/Frameworks/SearchKit.framework/Versions/A/SearchKit
0x00000000193e9000 	/System/Library/Frameworks/CoreServices.framework/Versions/A/Frameworks/AE.framework/Versions/A/AE
0x00000000193e9000 	/System/Library/Frameworks/CoreServices.framework/Versions/A/Frameworks/LaunchServices.framework/Versions/A/LaunchServices
0x00000000193e9000 	/System/Library/Frameworks/CoreServices.framework/Versions/A/Frameworks/DictionaryServices.framework/Versions/A/DictionaryServices
0x00000000193e9000 	/System/Library/Frameworks/CoreServices.framework/Versions/A/Frameworks/SharedFileList.framework/Versions/A/SharedFileList
0x00000000193e9000 	/System/Library/Frameworks/NetFS.framework/Versions/A/NetFS
0x00000000193e9000 	/System/Library/PrivateFrameworks/NetAuth.framework/Versions/A/NetAuth
0x00000000193e9000 	/System/Library/PrivateFrameworks/login.framework/Versions/A/Frameworks/loginsupport.framework/Versions/A/loginsupport
0x00000000193e9000 	/System/Library/PrivateFrameworks/TCC.framework/Versions/A/TCC
0x00000000193e9000 	/usr/lib/libmecabra.dylib
0x00000000193e9000 	/System/Library/Frameworks/ApplicationServices.framework/Versions/A/Frameworks/ATS.framework/Versions/A/ATS
0x00000000193e9000 	/System/Library/Frameworks/ApplicationServices.framework/Versions/A/Frameworks/ColorSync.framework/Versions/A/ColorSync
0x00000000193e9000 	/System/Library/Frameworks/ApplicationServices.framework/Versions/A/Frameworks/HIServices.framework/Versions/A/HIServices
0x00000000193e9000 	/System/Library/Frameworks/ApplicationServices.framework/Versions/A/Frameworks/LangAnalysis.framework/Versions/A/LangAnalysis
0x00000000193e9000 	/System/Library/Frameworks/ApplicationServices.framework/Versions/A/Frameworks/PrintCore.framework/Versions/A/PrintCore
0x00000000193e9000 	/System/Library/Frameworks/ApplicationServices.framework/Versions/A/Frameworks/QD.framework/Versions/A/QD
0x00000000193e9000 	/System/Library/Frameworks/ApplicationServices.framework/Versions/A/Frameworks/SpeechSynthesis.framework/Versions/A/SpeechSynthesis
0x00000000193e9000 	/System/Library/Frameworks/Accelerate.framework/Versions/A/Frameworks/vImage.framework/Versions/A/vImage
0x00000000193e9000 	/System/Library/Frameworks/Accelerate.framework/Versions/A/Frameworks/vecLib.framework/Versions/A/vecLib
0x00000000193e9000 	/System/Library/Frameworks/Accelerate.framework/Versions/A/Frameworks/vecLib.framework/Versions/A/libvDSP.dylib
0x00000000193e9000 	/System/Library/Frameworks/Accelerate.framework/Versions/A/Frameworks/vecLib.framework/Versions/A/libBNNS.dylib
0x00000000193e9000 	/System/Library/Frameworks/Accelerate.framework/Versions/A/Frameworks/vecLib.framework/Versions/A/libQuadrature.dylib
0x00000000193e9000 	/System/Library/Frameworks/Accelerate.framework/Versions/A/Frameworks/vecLib.framework/Versions/A/libvMisc.dylib
0x00000000193e9000 	/System/Library/Frameworks/Accelerate.framework/Versions/A/Frameworks/vecLib.framework/Versions/A/libLAPACK.dylib
0x00000000193e9000 	/System/Library/Frameworks/Accelerate.framework/Versions/A/Frameworks/vecLib.framework/Versions/A/libBLAS.dylib
0x00000000193e9000 	/System/Library/Frameworks/Accelerate.framework/Versions/A/Frameworks/vecLib.framework/Versions/A/libLinearAlgebra.dylib
0x00000000193e9000 	/System/Library/Frameworks/Accelerate.framework/Versions/A/Frameworks/vecLib.framework/Versions/A/libSparseBLAS.dylib
0x00000000193e9000 	/System/Library/Frameworks/ApplicationServices.framework/Versions/A/Frameworks/ATS.framework/Versions/A/Resources/libFontParser.dylib
0x00000000193e9000 	/System/Library/Frameworks/ApplicationServices.framework/Versions/A/Frameworks/ATS.framework/Versions/A/Resources/libFontRegistry.dylib
0x00000000193e9000 	/System/Library/Frameworks/ImageIO.framework/Versions/A/Resources/libJPEG.dylib
0x00000000193e9000 	/System/Library/Frameworks/ImageIO.framework/Versions/A/Resources/libTIFF.dylib
0x00000000193e9000 	/System/Library/Frameworks/ImageIO.framework/Versions/A/Resources/libPng.dylib
0x00000000193e9000 	/System/Library/Frameworks/ImageIO.framework/Versions/A/Resources/libGIF.dylib
0x00000000193e9000 	/System/Library/Frameworks/ImageIO.framework/Versions/A/Resources/libJP2.dylib
0x00000000193e9000 	/System/Library/Frameworks/ImageIO.framework/Versions/A/Resources/libRadiance.dylib
0x00000000193e9000 	/usr/lib/libcompression.dylib
0x00000000193e9000 	/System/Library/PrivateFrameworks/AppleJPEG.framework/Versions/A/AppleJPEG
0x00000000193e9000 	/usr/lib/libcups.2.dylib
0x00000000193e9000 	/System/Library/Frameworks/Kerberos.framework/Versions/A/Kerberos
0x00000000193e9000 	/System/Library/Frameworks/GSS.framework/Versions/A/GSS
0x00000000193e9000 	/usr/lib/libresolv.9.dylib
0x00000000193e9000 	/usr/lib/libiconv.2.dylib
0x00000000193e9000 	/System/Library/PrivateFrameworks/Heimdal.framework/Versions/A/Heimdal
0x00000000193e9000 	/usr/lib/libheimdal-asn1.dylib
0x00000000193e9000 	/System/Library/Frameworks/OpenDirectory.framework/Versions/A/OpenDirectory
0x00000000193e9000 	/System/Library/PrivateFrameworks/CommonAuth.framework/Versions/A/CommonAuth
0x00000000193e9000 	/System/Library/Frameworks/OpenDirectory.framework/Versions/A/Frameworks/CFOpenDirectory.framework/Versions/A/CFOpenDirectory
0x00000000193e9000 	/System/Library/Frameworks/SecurityFoundation.framework/Versions/A/SecurityFoundation
0x00000000193e9000 	/System/Library/PrivateFrameworks/LanguageModeling.framework/Versions/A/LanguageModeling
0x00000000193e9000 	/usr/lib/libmarisa.dylib
0x00000000193e9000 	/usr/lib/libChineseTokenizer.dylib
0x00000000193e9000 	/usr/lib/libcmph.dylib
0x00000000193e9000 	/System/Library/PrivateFrameworks/CoreEmoji.framework/Versions/A/CoreEmoji
0x00000000193e9000 	/System/Library/Frameworks/ServiceManagement.framework/Versions/A/ServiceManagement
0x00000000193e9000 	/usr/lib/libxslt.1.dylib
0x00000000193e9000 	/System/Library/Frameworks/Carbon.framework/Versions/A/Frameworks/Ink.framework/Versions/A/Ink
0x00000000193e9000 	/System/Library/PrivateFrameworks/TextureIO.framework/Versions/A/TextureIO
0x00000000193e9000 	/System/Library/Frameworks/Metal.framework/Versions/A/Metal
0x00000000193e9000 	/usr/lib/libate.dylib
0x00000000193e9000 	/System/Library/PrivateFrameworks/GPUCompiler.framework/libmetal_timestamp.dylib
0x00000000193e9000 	/System/Library/Frameworks/OpenGL.framework/Versions/A/Libraries/libCoreFSCache.dylib
0x00000000193e9000 	/System/Library/PrivateFrameworks/IOAccelerator.framework/Versions/A/IOAccelerator
0x00000000193e9000 	/System/Library/Frameworks/CoreVideo.framework/Versions/A/CoreVideo
0x00000000193e9000 	/usr/lib/libFosl_dynamic.dylib
0x00000000193e9000 	/System/Library/PrivateFrameworks/MetalPerformanceShaders.framework/Versions/A/MetalPerformanceShaders
0x00000000193e9000 	/System/Library/PrivateFrameworks/FaceCore.framework/Versions/A/FaceCore
0x00000000193e9000 	/System/Library/Frameworks/OpenCL.framework/Versions/A/OpenCL
0x00000000193e9000 	/System/Library/Frameworks/OpenGL.framework/Versions/A/Libraries/libGLU.dylib
0x00000000193e9000 	/System/Library/Frameworks/OpenGL.framework/Versions/A/Libraries/libGFXShared.dylib
0x00000000193e9000 	/System/Library/Frameworks/OpenGL.framework/Versions/A/Libraries/libGL.dylib
0x00000000193e9000 	/System/Library/Frameworks/OpenGL.framework/Versions/A/Libraries/libGLImage.dylib
0x00000000193e9000 	/System/Library/Frameworks/OpenGL.framework/Versions/A/Libraries/libCVMSPluginSupport.dylib
0x00000000193e9000 	/System/Library/Frameworks/OpenGL.framework/Versions/A/Libraries/libCoreVMClient.dylib
0x00000000193e9000 	/System/Library/PrivateFrameworks/CrashReporterSupport.framework/Versions/A/CrashReporterSupport
0x00000000193e9000 	/System/Library/PrivateFrameworks/Sharing.framework/Versions/A/Sharing
0x00000000193e9000 	/System/Library/PrivateFrameworks/IconServices.framework/Versions/A/IconServices
0x00000000193e9000 	/System/Library/PrivateFrameworks/ProtocolBuffer.framework/Versions/A/ProtocolBuffer
0x00000000193e9000 	/System/Library/PrivateFrameworks/Apple80211.framework/Versions/A/Apple80211
0x00000000193e9000 	/System/Library/Frameworks/CoreWLAN.framework/Versions/A/CoreWLAN
0x00000000193e9000 	/System/Library/PrivateFrameworks/CoreUtils.framework/Versions/A/CoreUtils
0x00000000193e9000 	/System/Library/Frameworks/IOBluetooth.framework/Versions/A/IOBluetooth
0x00000000193e9000 	/System/Library/PrivateFrameworks/CoreWiFi.framework/Versions/A/CoreWiFi
0x00000000193e9000 	/System/Library/Frameworks/CoreBluetooth.framework/Versions/A/CoreBluetooth
0x00000000193e9000 	/System/Library/Frameworks/CoreDisplay.framework/Versions/A/CoreDisplay
0x00000000193e9000 	/System/Library/PrivateFrameworks/IOPresentment.framework/Versions/A/IOPresentment
0x00000000193e9000 	/System/Library/PrivateFrameworks/DebugSymbols.framework/Versions/A/DebugSymbols
0x00000000193e9000 	/System/Library/PrivateFrameworks/CoreSymbolication.framework/Versions/A/CoreSymbolication
0x00000000193e9000 	/System/Library/PrivateFrameworks/Symbolication.framework/Versions/A/Symbolication
0x00000000193e9000 	/System/Library/PrivateFrameworks/AppleFSCompression.framework/Versions/A/AppleFSCompression
0x00000000193e9000 	/System/Library/PrivateFrameworks/SpeechRecognitionCore.framework/Versions/A/SpeechRecognitionCore
0x00000000193e9000 	/System/Library/PrivateFrameworks/ChunkingLibrary.framework/Versions/A/ChunkingLibrary
0x0000000101e00000 	/Library/Java/JavaVirtualMachines/jdk1.8.0_144.jdk/Contents/Home/jre/lib/server/libjvm.dylib
0x00000000193e9000 	/usr/lib/libstdc++.6.dylib
0x0000000100dd8000 	/Library/Java/JavaVirtualMachines/jdk1.8.0_144.jdk/Contents/Home/jre/lib/libverify.dylib
0x0000000102da7000 	/Library/Java/JavaVirtualMachines/jdk1.8.0_144.jdk/Contents/Home/jre/lib/libjava.dylib
0x0000000100df0000 	/Library/Java/JavaVirtualMachines/jdk1.8.0_144.jdk/Contents/Home/jre/lib/libzip.dylib
0x0000000107965000 	/System/Library/Frameworks/JavaVM.framework/Frameworks/JavaRuntimeSupport.framework/JavaRuntimeSupport
0x000000010797f000 	/System/Library/Frameworks/JavaVM.framework/Versions/A/Frameworks/JavaNativeFoundation.framework/Versions/A/JavaNativeFoundation
0x0000000107994000 	/System/Library/Frameworks/JavaVM.framework/Versions/A/JavaVM
0x00000000193e9000 	/System/Library/Frameworks/Carbon.framework/Versions/A/Carbon
0x00000001079a1000 	/System/Library/PrivateFrameworks/JavaLaunching.framework/Versions/A/JavaLaunching
0x00000000193e9000 	/System/Library/Frameworks/Carbon.framework/Versions/A/Frameworks/CommonPanels.framework/Versions/A/CommonPanels
0x00000000193e9000 	/System/Library/Frameworks/Carbon.framework/Versions/A/Frameworks/Help.framework/Versions/A/Help
0x00000000193e9000 	/System/Library/Frameworks/Carbon.framework/Versions/A/Frameworks/ImageCapture.framework/Versions/A/ImageCapture
0x00000000193e9000 	/System/Library/Frameworks/Carbon.framework/Versions/A/Frameworks/OpenScripting.framework/Versions/A/OpenScripting
0x00000000193e9000 	/System/Library/Frameworks/Carbon.framework/Versions/A/Frameworks/Print.framework/Versions/A/Print
0x00000000193e9000 	/System/Library/Frameworks/Carbon.framework/Versions/A/Frameworks/SecurityHI.framework/Versions/A/SecurityHI
0x0000000124360000 	/Library/Java/JavaVirtualMachines/jdk1.8.0_144.jdk/Contents/Home/jre/lib/libnet.dylib
0x0000000107a0d000 	/Library/Java/JavaVirtualMachines/jdk1.8.0_144.jdk/Contents/Home/jre/lib/libnio.dylib
0x0000000125345000 	/Library/Java/JavaVirtualMachines/jdk1.8.0_144.jdk/Contents/Home/jre/lib/libmanagement.dylib
0x0000000125287000 	/Users/jasmina/ABH/eRestoran/target/jnotify/native_libraries/64bits/libjnotify.jnilib
0x0000000124dc8000 	/Library/Java/JavaVirtualMachines/jdk1.8.0_144.jdk/Contents/Home/jre/lib/libsunec.dylib

VM Arguments:
jvm_args: -Dfile.encoding=UTF8 -Dconfig.file=/Users/jasmina/ABH/erestoran.conf -Djline.terminal=none -Dsbt.log.noformat=true -Dsbt.global.base=/private/var/folders/96/cw4ykw9n6z1d7rb_n0k307400000gn/T/sbt-global-pluginstub -Xms512M -Xmx6G -Xss1M -XX:+CMSClassUnloadingEnabled -XX:MaxPermSize=6G 
java_command: xsbt.boot.Boot project root run
java_class_path (initial): /Users/jasmina/Library/Application Support/IntelliJIdea2017.2/Scala/launcher/sbt-launch.jar
Launcher Type: SUN_STANDARD

Environment Variables:
PATH=/usr/local/opt/node@6/bin:/usr/local/bin:/usr/bin:/bin:/usr/sbin:/sbin
SHELL=/bin/bash

Signal Handlers:
SIGSEGV: [libjvm.dylib+0x5b26e5], sa_mask[0]=11111111011111110111111111111111, sa_flags=SA_ONSTACK|SA_RESTART|SA_SIGINFO
SIGBUS: [libjvm.dylib+0x5b26e5], sa_mask[0]=11111111011111110111111111111111, sa_flags=SA_RESTART|SA_SIGINFO
SIGFPE: [libjvm.dylib+0x489100], sa_mask[0]=11111111011111110111111111111111, sa_flags=SA_RESTART|SA_SIGINFO
SIGPIPE: [libjvm.dylib+0x489100], sa_mask[0]=11111111011111110111111111111111, sa_flags=SA_RESTART|SA_SIGINFO
SIGXFSZ: [libjvm.dylib+0x489100], sa_mask[0]=11111111011111110111111111111111, sa_flags=SA_RESTART|SA_SIGINFO
SIGILL: [libjvm.dylib+0x489100], sa_mask[0]=11111111011111110111111111111111, sa_flags=SA_RESTART|SA_SIGINFO
SIGUSR1: SIG_DFL, sa_mask[0]=00000000000000000000000000000000, sa_flags=none
SIGUSR2: [libjvm.dylib+0x488c1e], sa_mask[0]=00100000000000000000000000000000, sa_flags=SA_RESTART|SA_SIGINFO
SIGHUP: [libjvm.dylib+0x4871f5], sa_mask[0]=11111111011111110111111111111111, sa_flags=SA_RESTART|SA_SIGINFO
SIGINT: [libjvm.dylib+0x4871f5], sa_mask[0]=11111111011111110111111111111111, sa_flags=SA_RESTART|SA_SIGINFO
SIGTERM: [libjvm.dylib+0x4871f5], sa_mask[0]=11111111011111110111111111111111, sa_flags=SA_RESTART|SA_SIGINFO
SIGQUIT: [libjvm.dylib+0x4871f5], sa_mask[0]=11111111011111110111111111111111, sa_flags=SA_RESTART|SA_SIGINFO


---------------  S Y S T E M  ---------------

OS:Bsduname:Darwin 16.1.0 Darwin Kernel Version 16.1.0: Wed Oct 19 20:31:56 PDT 2016; root:xnu-3789.21.4~4/RELEASE_X86_64 x86_64
rlimit: STACK 8192k, CORE 0k, NPROC 709, NOFILE 10240, AS infinity
load average:3.95 4.30 4.16

CPU:total 8 (initial active 8) (4 cores per cpu, 2 threads per core) family 6 model 70 stepping 1, cmov, cx8, fxsr, mmx, sse, sse2, sse3, ssse3, sse4.1, sse4.2, popcnt, avx, avx2, aes, clmul, erms, lzcnt, ht, tsc, tscinvbit, bmi1, bmi2

Memory: 4k page, physical 8388608k(13292k free)

/proc/meminfo:


vm_info: Java HotSpot(TM) 64-Bit Server VM (25.144-b01) for bsd-amd64 JRE (1.8.0_144-b01), built on Jul 21 2017 22:07:42 by "java_re" with gcc 4.2.1 (Based on Apple Inc. build 5658) (LLVM build 2336.11.00)

time: Sun Nov  5 12:30:31 2017
elapsed time: 1937 seconds (0d 0h 32m 17s)

