#
# A fatal error has been detected by the Java Runtime Environment:
#
#  SIGSEGV (0xb) at pc=0x0000000117c6975e, pid=3248, tid=0x0000000000001007
#
# JRE version: Java(TM) SE Runtime Environment (8.0_144-b01) (build 1.8.0_144-b01)
# Java VM: Java HotSpot(TM) 64-Bit Server VM (25.144-b01 mixed mode bsd-amd64 compressed oops)
# Problematic frame:
# J 7717 C2 java.io.File.<init>(Ljava/lang/String;)V (47 bytes) @ 0x0000000117c6975e [0x0000000117c69720+0x3e]
#
# Failed to write core dump. Core dumps have been disabled. To enable core dumping, try "ulimit -c unlimited" before starting Java again
#
# If you would like to submit a bug report, please visit:
#   http://bugreport.java.com/bugreport/crash.jsp
#

---------------  T H R E A D  ---------------

Current thread (0x00007fd74554d000):  JavaThread "FSEvent thread" daemon [_thread_in_Java, id=4103, stack(0x0000700009559000,0x0000700009659000)]

siginfo: si_signo: 11 (SIGSEGV), si_code: 1 (SEGV_MAPERR), si_addr: 0x000000073ee24384

Registers:
RAX=0x00000007b2ca1470, RBX=0x00000007b2ca1350, RCX=0x0000000000000000, RDX=0x000000073ee24378
RSP=0x00007000096520c0, RBP=0x00007000096521f8, RSI=0x00000007b2ca1470, RDI=0x00000001278f1f08
R8 =0x0000000003c18e15, R9 =0x0000000000000000, R10=0x000000010eaf4fa0, R11=0x0000000116e59fe0
R12=0x0000000000000000, R13=0x00007000096521a0, R14=0x0000700009652260, R15=0x00007fd74554d000
RIP=0x0000000117c6975e, EFLAGS=0x0000000000010206, ERR=0x0000000000000004
  TRAPNO=0x000000000000000e

Top of Stack: (sp=0x00007000096520c0)
0x00007000096520c0:   0000700009652130 00000007b2ca1470
0x00007000096520d0:   0000000116b312bd 0000000000000000
0x00007000096520e0:   00000007b2c5ab30 00000007b2ca12d0
0x00007000096520f0:   00007000096520f0 0000000116c3d159
0x0000700009652100:   00007000096521f8 0000000116e5a0ec
0x0000700009652110:   0000000000000000 00000001277ed0a8
0x0000700009652120:   0000700009652190 0000000116b312bd
0x0000700009652130:   0000000116b312bd 00000007b2ca1440
0x0000700009652140:   00000007b2ca1440 00000007b2ca1380
0x0000700009652150:   00007000096521f8 00000007b2ca1350
0x0000700009652160:   000000078254f318 00000007b2ca1470
0x0000700009652170:   00000007b2ca1380 00000001278efa58
0x0000700009652180:   00007000096521f8 0000000116b312bd
0x0000700009652190:   00007000096521f8 0000000116b312bd
0x00007000096521a0:   00000007b2ca1380 00000007b2ca1350
0x00007000096521b0:   000000078254f318 00007000096521b8
0x00007000096521c0:   00000001266ce769 0000700009652260
0x00007000096521d0:   00000001278e6028 00000001278f0700
0x00007000096521e0:   00000001266cebc0 00007000096521a0
0x00007000096521f0:   0000700009652258 00007000096522a8
0x0000700009652200:   0000000116b312bd 0000000000000000
0x0000700009652210:   0000000000000000 0000000000000000
0x0000700009652220:   0000000000000000 0000000000000000
0x0000700009652230:   0000000000000000 0000000000000000
0x0000700009652240:   00000007b2ca1350 00000007b2ca1380
0x0000700009652250:   000000078254f318 0000000000000000
0x0000700009652260:   0000000782502930 0000700009652268
0x0000700009652270:   00000001278e6cbd 00007000096522c0
0x0000700009652280:   00000001278e6d70 0000000000000000
0x0000700009652290:   00000001278e6ce8 0000700009652258
0x00007000096522a0:   00007000096522b8 0000700009652308
0x00007000096522b0:   0000000116b31302 0000000000000000 

Instructions: (pc=0x0000000117c6975e)
0x0000000117c6973e:   66 90 89 84 24 00 c0 fe ff 55 48 83 ec 40 48 89
0x0000000117c6974e:   74 24 08 44 89 66 14 48 85 d2 0f 84 7d 02 00 00
0x0000000117c6975e:   44 8b 4a 0c 47 8b 5c cc 0c 48 bd 00 70 96 0b 01
0x0000000117c6976e:   00 00 00 45 85 db 0f 8e 0d 02 00 00 45 85 db 0f 

Register to memory mapping:

RAX=0x00000007b2ca1470 is an oop
java.io.File 
 - klass: 'java/io/File'
RBX=0x00000007b2ca1350 is an oop
net.contentobjects.jnotify.macosx.JNotifyAdapterMacOSX$ScanJob 
 - klass: 'net/contentobjects/jnotify/macosx/JNotifyAdapterMacOSX$ScanJob'
RCX=0x0000000000000000 is an unknown value
RDX=0x000000073ee24378 is an unknown value
RSP=0x00007000096520c0 is pointing into the stack for thread: 0x00007fd74554d000
RBP=0x00007000096521f8 is pointing into the stack for thread: 0x00007fd74554d000
RSI=0x00000007b2ca1470 is an oop
java.io.File 
 - klass: 'java/io/File'
RDI=0x00000001278f1f08 is pointing into metadata
R8 =0x0000000003c18e15 is an unknown value
R9 =0x0000000000000000 is an unknown value
R10=0x000000010eaf4fa0: _ZN19TemplateInterpreter20_invoke_return_entryE+0 in /Library/Java/JavaVirtualMachines/jdk1.8.0_144.jdk/Contents/Home/jre/lib/server/libjvm.dylib at 0x000000010e200000
R11=0x0000000116e59fe0 is at entry_point+0 in (nmethod*)0x0000000116e59e50
R12=0x0000000000000000 is an unknown value
R13=0x00007000096521a0 is pointing into the stack for thread: 0x00007fd74554d000
R14=0x0000700009652260 is pointing into the stack for thread: 0x00007fd74554d000
R15=0x00007fd74554d000 is a thread


Stack: [0x0000700009559000,0x0000700009659000],  sp=0x00007000096520c0,  free space=996k
Native frames: (J=compiled Java code, j=interpreted, Vv=VM code, C=native code)
J 7717 C2 java.io.File.<init>(Ljava/lang/String;)V (47 bytes) @ 0x0000000117c6975e [0x0000000117c69720+0x3e]
J 9921 C1 net.contentobjects.jnotify.macosx.JNotifyAdapterMacOSX$WatchData.access$000(Lnet/contentobjects/jnotify/macosx/JNotifyAdapterMacOSX$WatchData;Lnet/contentobjects/jnotify/macosx/JNotifyAdapterMacOSX$ScanJob;Lnet/contentobjects/jnotify/macosx/JNotifyAdapterMacOSX$JNEvents;)V (7 bytes) @ 0x0000000116e5a0ec [0x0000000116e59fe0+0x10c]
j  net.contentobjects.jnotify.macosx.JNotifyAdapterMacOSX.batchEndEvent(I)V+73
j  net.contentobjects.jnotify.macosx.JNotifyAdapterMacOSX$1.batchEnd(I)V+5
j  net.contentobjects.jnotify.macosx.JNotify_macosx.callbackInBatch(IZ)V+26
v  ~StubRoutines::call_stub
V  [libjvm.dylib+0x2ee70a]
V  [libjvm.dylib+0x3258b9]
V  [libjvm.dylib+0x318087]
C  [libjnotify.jnilib+0x1585]  fsevent_callback+0x115
C  [FSEvents+0x3b03]  implementation_callback_rpc+0x75b
C  [FSEvents+0x1702]  _Xcallback_rpc+0xfe
C  [FSEvents+0x17c9]  FSEventsD2F_server+0x37
C  [FSEvents+0x6fed]  FSEventsClientProcessMessageCallback+0x2c
C  [CoreFoundation+0x9030d]  __CFMachPortPerform+0xfd
C  [CoreFoundation+0x901f9]  __CFRUNLOOP_IS_CALLING_OUT_TO_A_SOURCE1_PERFORM_FUNCTION__+0x29
C  [CoreFoundation+0x90171]  __CFRunLoopDoSource1+0x1d1
C  [CoreFoundation+0x880c5]  __CFRunLoopRun+0x955
C  [CoreFoundation+0x87514]  CFRunLoopRunSpecific+0x1a4
C  [CoreFoundation+0xc6bb1]  CFRunLoopRun+0x61
j  net.contentobjects.jnotify.macosx.JNotify_macosx.nativeNotifyLoop()V+0
j  net.contentobjects.jnotify.macosx.JNotify_macosx.access$400()V+0
j  net.contentobjects.jnotify.macosx.JNotify_macosx$1.run()V+65
v  ~StubRoutines::call_stub
V  [libjvm.dylib+0x2ee70a]
V  [libjvm.dylib+0x2eeeae]
V  [libjvm.dylib+0x2ef05a]
V  [libjvm.dylib+0x3497b1]
V  [libjvm.dylib+0x56c0b3]
V  [libjvm.dylib+0x56d7a0]
V  [libjvm.dylib+0x48baee]
C  [libsystem_pthread.dylib+0x3aab]  _pthread_body+0xb4
C  [libsystem_pthread.dylib+0x39f7]  _pthread_body+0x0
C  [libsystem_pthread.dylib+0x3221]  thread_start+0xd
C  0x0000000000000000


---------------  P R O C E S S  ---------------

Java Threads: ( => current thread )
  0x00007fd741369000 JavaThread "com.google.common.base.internal.Finalizer" daemon [_thread_blocked, id=38915, stack(0x000070000a589000,0x000070000a689000)]
  0x00007fd7420f7000 JavaThread "application-akka.actor.default-dispatcher-4" [_thread_blocked, id=38403, stack(0x000070000a486000,0x000070000a586000)]
  0x00007fd73f450800 JavaThread "application-scheduler-1" [_thread_blocked, id=35343, stack(0x000070000a07a000,0x000070000a17a000)]
  0x00007fd73f3d5000 JavaThread "__DEFAULT__" daemon [_thread_blocked, id=37895, stack(0x000070000a17d000,0x000070000a27d000)]
  0x00007fd745328800 JavaThread "HikariPool-1 housekeeper" daemon [_thread_blocked, id=34827, stack(0x0000700009f77000,0x000070000a077000)]
  0x00007fd74650e000 JavaThread "PostgreSQL-JDBC-SharedTimer-1" daemon [_thread_blocked, id=35083, stack(0x0000700009e74000,0x0000700009f74000)]
  0x00007fd741a91000 JavaThread "AsyncAppender-Worker-ASYNCSTDOUT" daemon [_thread_blocked, id=36363, stack(0x0000700009d71000,0x0000700009e71000)]
  0x00007fd7419ab000 JavaThread "AsyncAppender-Worker-ASYNCFILE" daemon [_thread_blocked, id=37395, stack(0x0000700009c6e000,0x0000700009d6e000)]
  0x00007fd73f651000 JavaThread "play-dev-mode-akka.io.pinned-dispatcher-5" [_thread_in_native, id=33283, stack(0x0000700009a68000,0x0000700009b68000)]
  0x00007fd745088000 JavaThread "play-dev-mode-akka.actor.default-dispatcher-4" [_thread_blocked, id=32771, stack(0x0000700009965000,0x0000700009a65000)]
  0x00007fd74500a000 JavaThread "play-dev-mode-scheduler-1" [_thread_blocked, id=31235, stack(0x000070000965c000,0x000070000975c000)]
  0x00007fd745892000 JavaThread "reloader-timer" daemon [_thread_blocked, id=30723, stack(0x0000700007473000,0x0000700007573000)]
=>0x00007fd74554d000 JavaThread "FSEvent thread" daemon [_thread_in_Java, id=4103, stack(0x0000700009559000,0x0000700009659000)]
  0x00007fd743156800 JavaThread "pool-4-thread-8" [_thread_in_native, id=27907, stack(0x0000700009456000,0x0000700009556000)]
  0x00007fd746174000 JavaThread "sbt-web-akka.actor.default-dispatcher-4" [_thread_blocked, id=25103, stack(0x0000700008c3e000,0x0000700008d3e000)]
  0x00007fd7429a7800 JavaThread "sbt-web-scheduler-1" [_thread_blocked, id=24335, stack(0x0000700008935000,0x0000700008a35000)]
  0x00007fd740835000 JavaThread "Service Thread" daemon [_thread_blocked, id=21251, stack(0x000070000872f000,0x000070000882f000)]
  0x00007fd74081a000 JavaThread "C1 CompilerThread3" daemon [_thread_blocked, id=20739, stack(0x000070000862c000,0x000070000872c000)]
  0x00007fd740819800 JavaThread "C2 CompilerThread2" daemon [_thread_blocked, id=20227, stack(0x0000700008529000,0x0000700008629000)]
  0x00007fd74080f000 JavaThread "C2 CompilerThread1" daemon [_thread_blocked, id=19715, stack(0x0000700008426000,0x0000700008526000)]
  0x00007fd74103a000 JavaThread "C2 CompilerThread0" daemon [_thread_blocked, id=19203, stack(0x0000700008323000,0x0000700008423000)]
  0x00007fd74103b800 JavaThread "Signal Dispatcher" daemon [_thread_blocked, id=18691, stack(0x0000700008220000,0x0000700008320000)]
  0x00007fd73f81e000 JavaThread "Finalizer" daemon [_thread_blocked, id=14339, stack(0x000070000809a000,0x000070000819a000)]
  0x00007fd740809000 JavaThread "Reference Handler" daemon [_thread_blocked, id=13827, stack(0x0000700007f97000,0x0000700008097000)]
  0x00007fd73f803000 JavaThread "main" [_thread_blocked, id=6915, stack(0x0000700007579000,0x0000700007679000)]

Other Threads:
  0x00007fd741029800 VMThread [stack: 0x0000700007e94000,0x0000700007f94000] [id=13315]
  0x00007fd73f010800 WatcherThread [stack: 0x0000700008832000,0x0000700008932000] [id=21763]

VM state:not at safepoint (normal execution)

VM Mutex/Monitor currently owned by a thread: None

Heap:
 PSYoungGen      total 261120K, used 138330K [0x00000007aab00000, 0x00000007bf980000, 0x00000007c0000000)
  eden space 180736K, 73% used [0x00000007aab00000,0x00000007b2d36bb8,0x00000007b5b80000)
  from space 80384K, 6% used [0x00000007bab00000,0x00000007bafe0000,0x00000007bf980000)
  to   space 80896K, 0% used [0x00000007b5b80000,0x00000007b5b80000,0x00000007baa80000)
 ParOldGen       total 509440K, used 423164K [0x0000000780000000, 0x000000079f180000, 0x00000007aab00000)
  object space 509440K, 83% used [0x0000000780000000,0x0000000799d3f1a0,0x000000079f180000)
 Metaspace       used 98889K, capacity 102970K, committed 103128K, reserved 1134592K
  class space    used 16522K, capacity 17007K, committed 17112K, reserved 1048576K

Card table byte_map: [0x000000010f567000,0x000000010f768000] byte_map_base: 0x000000010b967000

Marking Bits: (ParMarkBitMap*) 0x000000010eaf35d0
 Begin Bits: [0x000000010f8be000, 0x00000001108be000)
 End Bits:   [0x00000001108be000, 0x00000001118be000)

Polling page: 0x000000010d17b000

CodeCache: size=245760Kb used=22744Kb max_used=23013Kb free=223015Kb
 bounds [0x0000000116b29000, 0x00000001181f9000, 0x0000000125b29000]
 total_blobs=8807 nmethods=8175 adapters=542
 compilation: enabled

Compilation events (10 events):
Event: 375.804 Thread 0x00007fd74081a000 9918       3       java.io.Writer::write (11 bytes)
Event: 375.804 Thread 0x00007fd74081a000 nmethod 9918 0x00000001175c8f90 code [0x00000001175c9100, 0x00000001175c9408]
Event: 375.804 Thread 0x00007fd74081a000 9919       3       sun.nio.cs.StreamEncoder::implFlushBuffer (15 bytes)
Event: 375.804 Thread 0x00007fd74081a000 nmethod 9919 0x0000000117bcc250 code [0x0000000117bcc3c0, 0x0000000117bcc628]
Event: 433.624 Thread 0x00007fd74081a000 9921       3       net.contentobjects.jnotify.macosx.JNotifyAdapterMacOSX$WatchData::access$000 (7 bytes)
Event: 433.624 Thread 0x00007fd74081a000 nmethod 9921 0x0000000116e59e50 code [0x0000000116e59fe0, 0x0000000116e5a278]
Event: 433.880 Thread 0x00007fd74081a000 9922       3       net.contentobjects.jnotify.macosx.JNotify_macosx::callbackProcessEvent (19 bytes)
Event: 433.880 Thread 0x00007fd74081a000 nmethod 9922 0x0000000116d3ff10 code [0x0000000116d400a0, 0x0000000116d40348]
Event: 433.884 Thread 0x00007fd74081a000 9923       3       net.contentobjects.jnotify.macosx.JNotifyAdapterMacOSX$1::notifyChange (13 bytes)
Event: 433.884 Thread 0x00007fd74081a000 nmethod 9923 0x0000000116ce0210 code [0x0000000116ce0380, 0x0000000116ce0528]

GC Heap History (10 events):
Event: 110.459 GC heap before
{Heap before GC invocations=23 (full 5):
 PSYoungGen      total 166912K, used 166788K [0x00000007aab00000, 0x00000007bfa00000, 0x00000007c0000000)
  eden space 154624K, 100% used [0x00000007aab00000,0x00000007b4200000,0x00000007b4200000)
  from space 12288K, 98% used [0x00000007b4200000,0x00000007b4de12c0,0x00000007b4e00000)
  to   space 94208K, 0% used [0x00000007b9e00000,0x00000007b9e00000,0x00000007bfa00000)
 ParOldGen       total 509440K, used 375549K [0x0000000780000000, 0x000000079f180000, 0x00000007aab00000)
  object space 509440K, 73% used [0x0000000780000000,0x0000000796ebf690,0x000000079f180000)
 Metaspace       used 98860K, capacity 102906K, committed 103128K, reserved 1134592K
  class space    used 16522K, capacity 17007K, committed 17112K, reserved 1048576K
Event: 110.560 GC heap after
Heap after GC invocations=23 (full 5):
 PSYoungGen      total 252928K, used 21570K [0x00000007aab00000, 0x00000007c0000000, 0x00000007c0000000)
  eden space 158720K, 0% used [0x00000007aab00000,0x00000007aab00000,0x00000007b4600000)
  from space 94208K, 22% used [0x00000007b9e00000,0x00000007bb310950,0x00000007bfa00000)
  to   space 90112K, 0% used [0x00000007b4600000,0x00000007b4600000,0x00000007b9e00000)
 ParOldGen       total 509440K, used 378836K [0x0000000780000000, 0x000000079f180000, 0x00000007aab00000)
  object space 509440K, 74% used [0x0000000780000000,0x00000007971f51a0,0x000000079f180000)
 Metaspace       used 98860K, capacity 102906K, committed 103128K, reserved 1134592K
  class space    used 16522K, capacity 17007K, committed 17112K, reserved 1048576K
}
Event: 144.701 GC heap before
{Heap before GC invocations=24 (full 5):
 PSYoungGen      total 252928K, used 180290K [0x00000007aab00000, 0x00000007c0000000, 0x00000007c0000000)
  eden space 158720K, 100% used [0x00000007aab00000,0x00000007b4600000,0x00000007b4600000)
  from space 94208K, 22% used [0x00000007b9e00000,0x00000007bb310950,0x00000007bfa00000)
  to   space 90112K, 0% used [0x00000007b4600000,0x00000007b4600000,0x00000007b9e00000)
 ParOldGen       total 509440K, used 378836K [0x0000000780000000, 0x000000079f180000, 0x00000007aab00000)
  object space 509440K, 74% used [0x0000000780000000,0x00000007971f51a0,0x000000079f180000)
 Metaspace       used 98860K, capacity 102906K, committed 103128K, reserved 1134592K
  class space    used 16522K, capacity 17007K, committed 17112K, reserved 1048576K
Event: 144.755 GC heap after
Heap after GC invocations=24 (full 5):
 PSYoungGen      total 248832K, used 22976K [0x00000007aab00000, 0x00000007bf300000, 0x00000007c0000000)
  eden space 158720K, 0% used [0x00000007aab00000,0x00000007aab00000,0x00000007b4600000)
  from space 90112K, 25% used [0x00000007b4600000,0x00000007b5c70000,0x00000007b9e00000)
  to   space 85504K, 0% used [0x00000007b9f80000,0x00000007b9f80000,0x00000007bf300000)
 ParOldGen       total 509440K, used 400148K [0x0000000780000000, 0x000000079f180000, 0x00000007aab00000)
  object space 509440K, 78% used [0x0000000780000000,0x00000007986c51a0,0x000000079f180000)
 Metaspace       used 98860K, capacity 102906K, committed 103128K, reserved 1134592K
  class space    used 16522K, capacity 17007K, committed 17112K, reserved 1048576K
}
Event: 208.302 GC heap before
{Heap before GC invocations=25 (full 5):
 PSYoungGen      total 248832K, used 181696K [0x00000007aab00000, 0x00000007bf300000, 0x00000007c0000000)
  eden space 158720K, 100% used [0x00000007aab00000,0x00000007b4600000,0x00000007b4600000)
  from space 90112K, 25% used [0x00000007b4600000,0x00000007b5c70000,0x00000007b9e00000)
  to   space 85504K, 0% used [0x00000007b9f80000,0x00000007b9f80000,0x00000007bf300000)
 ParOldGen       total 509440K, used 400148K [0x0000000780000000, 0x000000079f180000, 0x00000007aab00000)
  object space 509440K, 78% used [0x0000000780000000,0x00000007986c51a0,0x000000079f180000)
 Metaspace       used 98881K, capacity 102906K, committed 103128K, reserved 1134592K
  class space    used 16522K, capacity 17007K, committed 17112K, reserved 1048576K
Event: 208.319 GC heap after
Heap after GC invocations=25 (full 5):
 PSYoungGen      total 250880K, used 1920K [0x00000007aab00000, 0x00000007bfa80000, 0x00000007c0000000)
  eden space 165376K, 0% used [0x00000007aab00000,0x00000007aab00000,0x00000007b4c80000)
  from space 85504K, 2% used [0x00000007b9f80000,0x00000007ba160000,0x00000007bf300000)
  to   space 84992K, 0% used [0x00000007b4c80000,0x00000007b4c80000,0x00000007b9f80000)
 ParOldGen       total 509440K, used 423164K [0x0000000780000000, 0x000000079f180000, 0x00000007aab00000)
  object space 509440K, 83% used [0x0000000780000000,0x0000000799d3f1a0,0x000000079f180000)
 Metaspace       used 98881K, capacity 102906K, committed 103128K, reserved 1134592K
  class space    used 16522K, capacity 17007K, committed 17112K, reserved 1048576K
}
Event: 359.171 GC heap before
{Heap before GC invocations=26 (full 5):
 PSYoungGen      total 250880K, used 167296K [0x00000007aab00000, 0x00000007bfa80000, 0x00000007c0000000)
  eden space 165376K, 100% used [0x00000007aab00000,0x00000007b4c80000,0x00000007b4c80000)
  from space 85504K, 2% used [0x00000007b9f80000,0x00000007ba160000,0x00000007bf300000)
  to   space 84992K, 0% used [0x00000007b4c80000,0x00000007b4c80000,0x00000007b9f80000)
 ParOldGen       total 509440K, used 423164K [0x0000000780000000, 0x000000079f180000, 0x00000007aab00000)
  object space 509440K, 83% used [0x0000000780000000,0x0000000799d3f1a0,0x000000079f180000)
 Metaspace       used 98887K, capacity 102970K, committed 103128K, reserved 1134592K
  class space    used 16522K, capacity 17007K, committed 17112K, reserved 1048576K
Event: 359.179 GC heap after
Heap after GC invocations=26 (full 5):
 PSYoungGen      total 250368K, used 3488K [0x00000007aab00000, 0x00000007bfc80000, 0x00000007c0000000)
  eden space 165376K, 0% used [0x00000007aab00000,0x00000007aab00000,0x00000007b4c80000)
  from space 84992K, 4% used [0x00000007b4c80000,0x00000007b4fe8000,0x00000007b9f80000)
  to   space 83456K, 0% used [0x00000007bab00000,0x00000007bab00000,0x00000007bfc80000)
 ParOldGen       total 509440K, used 423164K [0x0000000780000000, 0x000000079f180000, 0x00000007aab00000)
  object space 509440K, 83% used [0x0000000780000000,0x0000000799d3f1a0,0x000000079f180000)
 Metaspace       used 98887K, capacity 102970K, committed 103128K, reserved 1134592K
  class space    used 16522K, capacity 17007K, committed 17112K, reserved 1048576K
}
Event: 423.441 GC heap before
{Heap before GC invocations=27 (full 5):
 PSYoungGen      total 250368K, used 168864K [0x00000007aab00000, 0x00000007bfc80000, 0x00000007c0000000)
  eden space 165376K, 100% used [0x00000007aab00000,0x00000007b4c80000,0x00000007b4c80000)
  from space 84992K, 4% used [0x00000007b4c80000,0x00000007b4fe8000,0x00000007b9f80000)
  to   space 83456K, 0% used [0x00000007bab00000,0x00000007bab00000,0x00000007bfc80000)
 ParOldGen       total 509440K, used 423164K [0x0000000780000000, 0x000000079f180000, 0x00000007aab00000)
  object space 509440K, 83% used [0x0000000780000000,0x0000000799d3f1a0,0x000000079f180000)
 Metaspace       used 98888K, capacity 102970K, committed 103128K, reserved 1134592K
  class space    used 16522K, capacity 17007K, committed 17112K, reserved 1048576K
Event: 423.449 GC heap after
Heap after GC invocations=27 (full 5):
 PSYoungGen      total 261120K, used 4992K [0x00000007aab00000, 0x00000007bf980000, 0x00000007c0000000)
  eden space 180736K, 0% used [0x00000007aab00000,0x00000007aab00000,0x00000007b5b80000)
  from space 80384K, 6% used [0x00000007bab00000,0x00000007bafe0000,0x00000007bf980000)
  to   space 80896K, 0% used [0x00000007b5b80000,0x00000007b5b80000,0x00000007baa80000)
 ParOldGen       total 509440K, used 423164K [0x0000000780000000, 0x000000079f180000, 0x00000007aab00000)
  object space 509440K, 83% used [0x0000000780000000,0x0000000799d3f1a0,0x000000079f180000)
 Metaspace       used 98888K, capacity 102970K, committed 103128K, reserved 1134592K
  class space    used 16522K, capacity 17007K, committed 17112K, reserved 1048576K
}

Deoptimization events (10 events):
Event: 48.402 Thread 0x00007fd74554d000 Uncommon trap: reason=class_check action=maybe_recompile pc=0x0000000117cdfdf4 method=java.util.Hashtable.get(Ljava/lang/Object;)Ljava/lang/Object; @ 6
Event: 48.405 Thread 0x00007fd74554d000 Uncommon trap: reason=class_check action=maybe_recompile pc=0x0000000117081fb4 method=java.util.TreeMap.getEntry(Ljava/lang/Object;)Ljava/util/TreeMap$Entry; @ 26
Event: 48.405 Thread 0x00007fd74554d000 Uncommon trap: reason=unstable_if action=reinterpret pc=0x000000011722fd40 method=net.contentobjects.jnotify.macosx.JNotifyAdapterMacOSX$JNFile.compareTo(Lnet/contentobjects/jnotify/macosx/JNotifyAdapterMacOSX$JNFile;)I @ 44
Event: 48.408 Thread 0x00007fd74554d000 Uncommon trap: reason=class_check action=maybe_recompile pc=0x0000000117081fb4 method=java.util.TreeMap.getEntry(Ljava/lang/Object;)Ljava/util/TreeMap$Entry; @ 26
Event: 48.410 Thread 0x00007fd74554d000 Uncommon trap: reason=class_check action=maybe_recompile pc=0x0000000117081fb4 method=java.util.TreeMap.getEntry(Ljava/lang/Object;)Ljava/util/TreeMap$Entry; @ 26
Event: 48.412 Thread 0x00007fd74554d000 Uncommon trap: reason=class_check action=maybe_recompile pc=0x0000000117081fb4 method=java.util.TreeMap.getEntry(Ljava/lang/Object;)Ljava/util/TreeMap$Entry; @ 26
Event: 48.414 Thread 0x00007fd74554d000 Uncommon trap: reason=unstable_if action=reinterpret pc=0x0000000116e4542c method=net.contentobjects.jnotify.macosx.JNotifyAdapterMacOSX$JNFile.compareTo(Lnet/contentobjects/jnotify/macosx/JNotifyAdapterMacOSX$JNFile;)I @ 44
Event: 60.122 Thread 0x00007fd74554d000 Uncommon trap: reason=unstable_if action=reinterpret pc=0x00000001181d0fec method=net.contentobjects.jnotify.macosx.JNotifyAdapterMacOSX$WatchData.scan(Ljava/io/File;ZLnet/contentobjects/jnotify/macosx/JNotifyAdapterMacOSX$JNEvents;)V @ 645
Event: 81.770 Thread 0x00007fd743de3800 Uncommon trap: reason=predicate action=maybe_recompile pc=0x0000000116e6bde4 method=java.util.AbstractCollection.toArray([Ljava/lang/Object;)[Ljava/lang/Object; @ 49
Event: 433.463 Thread 0x00007fd74554d000 Uncommon trap: reason=null_check action=maybe_recompile pc=0x0000000117c69b1c method=java.lang.String.length()I @ 4

Internal exceptions (10 events):
Event: 81.776 Thread 0x00007fd7465c5000 Exception <a 'java/lang/NoSuchMethodError': java.lang.Object.$anonfun$removeFunctionRef$1()Ljava/lang/String;> (0x00000007ac1fd8d8) thrown at [/Users/java_re/workspace/8-2-build-macosx-x86_64/jdk8u144/9417/hotspot/src/share/vm/interpreter/linkResolver.cpp
Event: 81.776 Thread 0x00007fd743de3800 Exception <a 'java/lang/NoSuchMethodError': java.lang.Object.$anonfun$tellWatchersWeDied$1$adapted(Lakka/actor/dungeon/DeathWatch;Lakka/actor/ActorRef;)Ljava/lang/Object;> (0x00000007af528058) thrown at [/Users/java_re/workspace/8-2-build-macosx-x86_64/jd
Event: 81.777 Thread 0x00007fd741211000 Exception <a 'java/lang/NoSuchMethodError': java.lang.Object.$anonfun$watchedActorTerminated$1(Lakka/actor/dungeon/DeathWatch;Lakka/actor/ActorRef;)V> (0x00000007af5379a0) thrown at [/Users/java_re/workspace/8-2-build-macosx-x86_64/jdk8u144/9417/hotspot/s
Event: 81.777 Thread 0x00007fd743de3800 Exception <a 'java/lang/NoSuchMethodError': java.lang.Object.$anonfun$tellWatchersWeDied$2$adapted(Lakka/actor/dungeon/DeathWatch;Lakka/actor/ActorRef;)Ljava/lang/Object;> (0x00000007af52c120) thrown at [/Users/java_re/workspace/8-2-build-macosx-x86_64/jd
Event: 81.778 Thread 0x00007fd743de3800 Exception <a 'java/lang/NoSuchMethodError': java.lang.Object.$anonfun$tellWatchersWeDied$3(Lakka/actor/dungeon/DeathWatch;)V> (0x00000007af569d48) thrown at [/Users/java_re/workspace/8-2-build-macosx-x86_64/jdk8u144/9417/hotspot/src/share/vm/interpreter/l
Event: 81.779 Thread 0x00007fd741211000 Exception <a 'java/lang/NoSuchMethodError': java.lang.Object.$anonfun$watchedActorTerminated$2(Lakka/actor/ActorRef;ZZ)Lakka/actor/Terminated;> (0x00000007af53ed90) thrown at [/Users/java_re/workspace/8-2-build-macosx-x86_64/jdk8u144/9417/hotspot/src/shar
Event: 106.250 Thread 0x00007fd74554d000 Exception <a 'java/io/FileNotFoundException': /Users/jasmina/ABH/eRestoran/public/eRestoran_FE/tmp/rollup-cache_path-OiPXsEci.tmp/node_modules/.bin/í ½í°¹> (0x00000007b2f0b5b0) thrown at [/Users/java_re/workspace/8-2-build-macosx-x86_64/jdk8u144/9417/hots
Event: 148.723 Thread 0x00007fd74554d000 Exception <a 'java/io/FileNotFoundException': /Users/jasmina/ABH/eRestoran/public/eRestoran_FE/node_modules/.bin/í ½í°¹> (0x00000007b0bf1c60) thrown at [/Users/java_re/workspace/8-2-build-macosx-x86_64/jdk8u144/9417/hotspot/src/share/vm/prims/jni.cpp, lin
Event: 375.803 Thread 0x00007fd74554d000 Exception <a 'java/io/FileNotFoundException': /Users/jasmina/ABH/eRestoran/public/eRestoran_FE/tmp/rollup-cache_path-OiPXsEci.tmp/node_modules/.bin/í ½í°¹> (0x00000007abb79b88) thrown at [/Users/java_re/workspace/8-2-build-macosx-x86_64/jdk8u144/9417/hots
Event: 433.463 Thread 0x00007fd74554d000 Implicit null exception at 0x0000000117c69762 to 0x0000000117c69b11

Events (10 events):
Event: 433.463 Thread 0x00007fd74554d000 DEOPT UNPACKING pc=0x0000000116b2e229 sp=0x0000700009651f78 mode 2
Event: 433.625 Thread 0x00007fd74081a000 flushing nmethod 0x0000000116c64210
Event: 433.627 Thread 0x00007fd74081a000 flushing nmethod 0x0000000116cd87d0
Event: 433.627 Thread 0x00007fd74081a000 flushing nmethod 0x0000000116ce0210
Event: 433.627 Thread 0x00007fd74081a000 flushing nmethod 0x0000000116cf8e90
Event: 433.628 Thread 0x00007fd74081a000 flushing nmethod 0x0000000116d1ea10
Event: 433.628 Thread 0x00007fd74081a000 flushing nmethod 0x0000000116d3ff10
Event: 433.881 Thread 0x00007fd74081a000 flushing nmethod 0x0000000116d6a110
Event: 433.885 Thread 0x00007fd74081a000 flushing nmethod 0x0000000116e59750
Event: 433.886 Thread 0x00007fd74081a000 flushing nmethod 0x0000000116eb7b50


Dynamic libraries:
0x000000000668b000 	/System/Library/Frameworks/Cocoa.framework/Versions/A/Cocoa
0x000000000668b000 	/System/Library/Frameworks/Security.framework/Versions/A/Security
0x000000000668b000 	/System/Library/Frameworks/ApplicationServices.framework/Versions/A/ApplicationServices
0x000000000668b000 	/usr/lib/libz.1.dylib
0x000000000668b000 	/usr/lib/libSystem.B.dylib
0x000000000668b000 	/usr/lib/libobjc.A.dylib
0x000000000668b000 	/System/Library/Frameworks/CoreFoundation.framework/Versions/A/CoreFoundation
0x000000000668b000 	/System/Library/Frameworks/Foundation.framework/Versions/C/Foundation
0x000000000668b000 	/System/Library/Frameworks/AppKit.framework/Versions/C/AppKit
0x000000000668b000 	/System/Library/Frameworks/CoreData.framework/Versions/A/CoreData
0x000000000668b000 	/System/Library/PrivateFrameworks/RemoteViewServices.framework/Versions/A/RemoteViewServices
0x000000000668b000 	/System/Library/PrivateFrameworks/UIFoundation.framework/Versions/A/UIFoundation
0x000000000668b000 	/System/Library/PrivateFrameworks/DFRFoundation.framework/Versions/A/DFRFoundation
0x000000000668b000 	/usr/lib/libenergytrace.dylib
0x000000000668b000 	/System/Library/PrivateFrameworks/SkyLight.framework/Versions/A/SkyLight
0x000000000668b000 	/System/Library/Frameworks/CoreGraphics.framework/Versions/A/CoreGraphics
0x000000000668b000 	/usr/lib/libScreenReader.dylib
0x000000000668b000 	/System/Library/Frameworks/Accelerate.framework/Versions/A/Accelerate
0x000000000668b000 	/System/Library/Frameworks/IOSurface.framework/Versions/A/IOSurface
0x000000000668b000 	/System/Library/Frameworks/AudioToolbox.framework/Versions/A/AudioToolbox
0x000000000668b000 	/System/Library/Frameworks/AudioUnit.framework/Versions/A/AudioUnit
0x000000000668b000 	/System/Library/PrivateFrameworks/DataDetectorsCore.framework/Versions/A/DataDetectorsCore
0x000000000668b000 	/System/Library/PrivateFrameworks/DesktopServicesPriv.framework/Versions/A/DesktopServicesPriv
0x000000000668b000 	/System/Library/Frameworks/Carbon.framework/Versions/A/Frameworks/HIToolbox.framework/Versions/A/HIToolbox
0x000000000668b000 	/usr/lib/libicucore.A.dylib
0x000000000668b000 	/System/Library/Frameworks/QuartzCore.framework/Versions/A/QuartzCore
0x000000000668b000 	/System/Library/Frameworks/Carbon.framework/Versions/A/Frameworks/SpeechRecognition.framework/Versions/A/SpeechRecognition
0x000000000668b000 	/usr/lib/libauto.dylib
0x000000000668b000 	/usr/lib/libxml2.2.dylib
0x000000000668b000 	/System/Library/PrivateFrameworks/CoreUI.framework/Versions/A/CoreUI
0x000000000668b000 	/System/Library/Frameworks/CoreAudio.framework/Versions/A/CoreAudio
0x000000000668b000 	/System/Library/Frameworks/DiskArbitration.framework/Versions/A/DiskArbitration
0x000000000668b000 	/usr/lib/liblangid.dylib
0x000000000668b000 	/System/Library/PrivateFrameworks/MultitouchSupport.framework/Versions/A/MultitouchSupport
0x000000000668b000 	/System/Library/Frameworks/IOKit.framework/Versions/A/IOKit
0x000000000668b000 	/usr/lib/libDiagnosticMessagesClient.dylib
0x000000000668b000 	/System/Library/Frameworks/CoreServices.framework/Versions/A/CoreServices
0x000000000668b000 	/System/Library/PrivateFrameworks/PerformanceAnalysis.framework/Versions/A/PerformanceAnalysis
0x000000000668b000 	/System/Library/PrivateFrameworks/GenerationalStorage.framework/Versions/A/GenerationalStorage
0x000000000668b000 	/System/Library/Frameworks/OpenGL.framework/Versions/A/OpenGL
0x000000000668b000 	/System/Library/Frameworks/CoreImage.framework/Versions/A/CoreImage
0x000000000668b000 	/System/Library/Frameworks/CoreText.framework/Versions/A/CoreText
0x000000000668b000 	/System/Library/Frameworks/ImageIO.framework/Versions/A/ImageIO
0x000000000668b000 	/System/Library/PrivateFrameworks/Backup.framework/Versions/A/Backup
0x000000000668b000 	/usr/lib/libarchive.2.dylib
0x000000000668b000 	/System/Library/Frameworks/CFNetwork.framework/Versions/A/CFNetwork
0x000000000668b000 	/System/Library/Frameworks/SystemConfiguration.framework/Versions/A/SystemConfiguration
0x000000000668b000 	/usr/lib/libCRFSuite.dylib
0x000000000668b000 	/usr/lib/libc++.1.dylib
0x000000000668b000 	/usr/lib/libc++abi.dylib
0x000000000668b000 	/usr/lib/system/libcache.dylib
0x000000000668b000 	/usr/lib/system/libcommonCrypto.dylib
0x000000000668b000 	/usr/lib/system/libcompiler_rt.dylib
0x000000000668b000 	/usr/lib/system/libcopyfile.dylib
0x000000000668b000 	/usr/lib/system/libcorecrypto.dylib
0x000000000668b000 	/usr/lib/system/libdispatch.dylib
0x000000000668b000 	/usr/lib/system/libdyld.dylib
0x000000000668b000 	/usr/lib/system/libkeymgr.dylib
0x000000000668b000 	/usr/lib/system/liblaunch.dylib
0x000000000668b000 	/usr/lib/system/libmacho.dylib
0x000000000668b000 	/usr/lib/system/libquarantine.dylib
0x000000000668b000 	/usr/lib/system/libremovefile.dylib
0x000000000668b000 	/usr/lib/system/libsystem_asl.dylib
0x000000000668b000 	/usr/lib/system/libsystem_blocks.dylib
0x000000000668b000 	/usr/lib/system/libsystem_c.dylib
0x000000000668b000 	/usr/lib/system/libsystem_configuration.dylib
0x000000000668b000 	/usr/lib/system/libsystem_coreservices.dylib
0x000000000668b000 	/usr/lib/system/libsystem_coretls.dylib
0x000000000668b000 	/usr/lib/system/libsystem_dnssd.dylib
0x000000000668b000 	/usr/lib/system/libsystem_info.dylib
0x000000000668b000 	/usr/lib/system/libsystem_kernel.dylib
0x000000000668b000 	/usr/lib/system/libsystem_m.dylib
0x000000000668b000 	/usr/lib/system/libsystem_malloc.dylib
0x000000000668b000 	/usr/lib/system/libsystem_network.dylib
0x000000000668b000 	/usr/lib/system/libsystem_networkextension.dylib
0x000000000668b000 	/usr/lib/system/libsystem_notify.dylib
0x000000000668b000 	/usr/lib/system/libsystem_platform.dylib
0x000000000668b000 	/usr/lib/system/libsystem_pthread.dylib
0x000000000668b000 	/usr/lib/system/libsystem_sandbox.dylib
0x000000000668b000 	/usr/lib/system/libsystem_secinit.dylib
0x000000000668b000 	/usr/lib/system/libsystem_symptoms.dylib
0x000000000668b000 	/usr/lib/system/libsystem_trace.dylib
0x000000000668b000 	/usr/lib/system/libunwind.dylib
0x000000000668b000 	/usr/lib/system/libxpc.dylib
0x000000000668b000 	/usr/lib/libbsm.0.dylib
0x000000000668b000 	/usr/lib/system/libkxld.dylib
0x000000000668b000 	/usr/lib/libcoretls.dylib
0x000000000668b000 	/usr/lib/libcoretls_cfhelpers.dylib
0x000000000668b000 	/usr/lib/libxar.1.dylib
0x000000000668b000 	/usr/lib/libsqlite3.dylib
0x000000000668b000 	/usr/lib/libpam.2.dylib
0x000000000668b000 	/usr/lib/libOpenScriptingUtil.dylib
0x000000000668b000 	/usr/lib/libbz2.1.0.dylib
0x000000000668b000 	/usr/lib/liblzma.5.dylib
0x000000000668b000 	/usr/lib/libnetwork.dylib
0x000000000668b000 	/usr/lib/libpcap.A.dylib
0x000000000668b000 	/System/Library/Frameworks/CoreServices.framework/Versions/A/Frameworks/FSEvents.framework/Versions/A/FSEvents
0x000000000668b000 	/System/Library/Frameworks/CoreServices.framework/Versions/A/Frameworks/CarbonCore.framework/Versions/A/CarbonCore
0x000000000668b000 	/System/Library/Frameworks/CoreServices.framework/Versions/A/Frameworks/Metadata.framework/Versions/A/Metadata
0x000000000668b000 	/System/Library/Frameworks/CoreServices.framework/Versions/A/Frameworks/OSServices.framework/Versions/A/OSServices
0x000000000668b000 	/System/Library/Frameworks/CoreServices.framework/Versions/A/Frameworks/SearchKit.framework/Versions/A/SearchKit
0x000000000668b000 	/System/Library/Frameworks/CoreServices.framework/Versions/A/Frameworks/AE.framework/Versions/A/AE
0x000000000668b000 	/System/Library/Frameworks/CoreServices.framework/Versions/A/Frameworks/LaunchServices.framework/Versions/A/LaunchServices
0x000000000668b000 	/System/Library/Frameworks/CoreServices.framework/Versions/A/Frameworks/DictionaryServices.framework/Versions/A/DictionaryServices
0x000000000668b000 	/System/Library/Frameworks/CoreServices.framework/Versions/A/Frameworks/SharedFileList.framework/Versions/A/SharedFileList
0x000000000668b000 	/System/Library/Frameworks/NetFS.framework/Versions/A/NetFS
0x000000000668b000 	/System/Library/PrivateFrameworks/NetAuth.framework/Versions/A/NetAuth
0x000000000668b000 	/System/Library/PrivateFrameworks/login.framework/Versions/A/Frameworks/loginsupport.framework/Versions/A/loginsupport
0x000000000668b000 	/System/Library/PrivateFrameworks/TCC.framework/Versions/A/TCC
0x000000000668b000 	/usr/lib/libmecabra.dylib
0x000000000668b000 	/System/Library/Frameworks/ApplicationServices.framework/Versions/A/Frameworks/ATS.framework/Versions/A/ATS
0x000000000668b000 	/System/Library/Frameworks/ApplicationServices.framework/Versions/A/Frameworks/ColorSync.framework/Versions/A/ColorSync
0x000000000668b000 	/System/Library/Frameworks/ApplicationServices.framework/Versions/A/Frameworks/HIServices.framework/Versions/A/HIServices
0x000000000668b000 	/System/Library/Frameworks/ApplicationServices.framework/Versions/A/Frameworks/LangAnalysis.framework/Versions/A/LangAnalysis
0x000000000668b000 	/System/Library/Frameworks/ApplicationServices.framework/Versions/A/Frameworks/PrintCore.framework/Versions/A/PrintCore
0x000000000668b000 	/System/Library/Frameworks/ApplicationServices.framework/Versions/A/Frameworks/QD.framework/Versions/A/QD
0x000000000668b000 	/System/Library/Frameworks/ApplicationServices.framework/Versions/A/Frameworks/SpeechSynthesis.framework/Versions/A/SpeechSynthesis
0x000000000668b000 	/System/Library/Frameworks/Accelerate.framework/Versions/A/Frameworks/vImage.framework/Versions/A/vImage
0x000000000668b000 	/System/Library/Frameworks/Accelerate.framework/Versions/A/Frameworks/vecLib.framework/Versions/A/vecLib
0x000000000668b000 	/System/Library/Frameworks/Accelerate.framework/Versions/A/Frameworks/vecLib.framework/Versions/A/libvDSP.dylib
0x000000000668b000 	/System/Library/Frameworks/Accelerate.framework/Versions/A/Frameworks/vecLib.framework/Versions/A/libBNNS.dylib
0x000000000668b000 	/System/Library/Frameworks/Accelerate.framework/Versions/A/Frameworks/vecLib.framework/Versions/A/libQuadrature.dylib
0x000000000668b000 	/System/Library/Frameworks/Accelerate.framework/Versions/A/Frameworks/vecLib.framework/Versions/A/libvMisc.dylib
0x000000000668b000 	/System/Library/Frameworks/Accelerate.framework/Versions/A/Frameworks/vecLib.framework/Versions/A/libLAPACK.dylib
0x000000000668b000 	/System/Library/Frameworks/Accelerate.framework/Versions/A/Frameworks/vecLib.framework/Versions/A/libBLAS.dylib
0x000000000668b000 	/System/Library/Frameworks/Accelerate.framework/Versions/A/Frameworks/vecLib.framework/Versions/A/libLinearAlgebra.dylib
0x000000000668b000 	/System/Library/Frameworks/Accelerate.framework/Versions/A/Frameworks/vecLib.framework/Versions/A/libSparseBLAS.dylib
0x000000000668b000 	/System/Library/Frameworks/ApplicationServices.framework/Versions/A/Frameworks/ATS.framework/Versions/A/Resources/libFontParser.dylib
0x000000000668b000 	/System/Library/Frameworks/ApplicationServices.framework/Versions/A/Frameworks/ATS.framework/Versions/A/Resources/libFontRegistry.dylib
0x000000000668b000 	/System/Library/Frameworks/ImageIO.framework/Versions/A/Resources/libJPEG.dylib
0x000000000668b000 	/System/Library/Frameworks/ImageIO.framework/Versions/A/Resources/libTIFF.dylib
0x000000000668b000 	/System/Library/Frameworks/ImageIO.framework/Versions/A/Resources/libPng.dylib
0x000000000668b000 	/System/Library/Frameworks/ImageIO.framework/Versions/A/Resources/libGIF.dylib
0x000000000668b000 	/System/Library/Frameworks/ImageIO.framework/Versions/A/Resources/libJP2.dylib
0x000000000668b000 	/System/Library/Frameworks/ImageIO.framework/Versions/A/Resources/libRadiance.dylib
0x000000000668b000 	/usr/lib/libcompression.dylib
0x000000000668b000 	/System/Library/PrivateFrameworks/AppleJPEG.framework/Versions/A/AppleJPEG
0x000000000668b000 	/usr/lib/libcups.2.dylib
0x000000000668b000 	/System/Library/Frameworks/Kerberos.framework/Versions/A/Kerberos
0x000000000668b000 	/System/Library/Frameworks/GSS.framework/Versions/A/GSS
0x000000000668b000 	/usr/lib/libresolv.9.dylib
0x000000000668b000 	/usr/lib/libiconv.2.dylib
0x000000000668b000 	/System/Library/PrivateFrameworks/Heimdal.framework/Versions/A/Heimdal
0x000000000668b000 	/usr/lib/libheimdal-asn1.dylib
0x000000000668b000 	/System/Library/Frameworks/OpenDirectory.framework/Versions/A/OpenDirectory
0x000000000668b000 	/System/Library/PrivateFrameworks/CommonAuth.framework/Versions/A/CommonAuth
0x000000000668b000 	/System/Library/Frameworks/OpenDirectory.framework/Versions/A/Frameworks/CFOpenDirectory.framework/Versions/A/CFOpenDirectory
0x000000000668b000 	/System/Library/Frameworks/SecurityFoundation.framework/Versions/A/SecurityFoundation
0x000000000668b000 	/System/Library/PrivateFrameworks/LanguageModeling.framework/Versions/A/LanguageModeling
0x000000000668b000 	/usr/lib/libmarisa.dylib
0x000000000668b000 	/usr/lib/libChineseTokenizer.dylib
0x000000000668b000 	/usr/lib/libcmph.dylib
0x000000000668b000 	/System/Library/PrivateFrameworks/CoreEmoji.framework/Versions/A/CoreEmoji
0x000000000668b000 	/System/Library/Frameworks/ServiceManagement.framework/Versions/A/ServiceManagement
0x000000000668b000 	/usr/lib/libxslt.1.dylib
0x000000000668b000 	/System/Library/Frameworks/Carbon.framework/Versions/A/Frameworks/Ink.framework/Versions/A/Ink
0x000000000668b000 	/System/Library/PrivateFrameworks/TextureIO.framework/Versions/A/TextureIO
0x000000000668b000 	/System/Library/Frameworks/Metal.framework/Versions/A/Metal
0x000000000668b000 	/usr/lib/libate.dylib
0x000000000668b000 	/System/Library/PrivateFrameworks/GPUCompiler.framework/libmetal_timestamp.dylib
0x000000000668b000 	/System/Library/Frameworks/OpenGL.framework/Versions/A/Libraries/libCoreFSCache.dylib
0x000000000668b000 	/System/Library/PrivateFrameworks/IOAccelerator.framework/Versions/A/IOAccelerator
0x000000000668b000 	/System/Library/Frameworks/CoreVideo.framework/Versions/A/CoreVideo
0x000000000668b000 	/usr/lib/libFosl_dynamic.dylib
0x000000000668b000 	/System/Library/PrivateFrameworks/MetalPerformanceShaders.framework/Versions/A/MetalPerformanceShaders
0x000000000668b000 	/System/Library/PrivateFrameworks/FaceCore.framework/Versions/A/FaceCore
0x000000000668b000 	/System/Library/Frameworks/OpenCL.framework/Versions/A/OpenCL
0x000000000668b000 	/System/Library/Frameworks/OpenGL.framework/Versions/A/Libraries/libGLU.dylib
0x000000000668b000 	/System/Library/Frameworks/OpenGL.framework/Versions/A/Libraries/libGFXShared.dylib
0x000000000668b000 	/System/Library/Frameworks/OpenGL.framework/Versions/A/Libraries/libGL.dylib
0x000000000668b000 	/System/Library/Frameworks/OpenGL.framework/Versions/A/Libraries/libGLImage.dylib
0x000000000668b000 	/System/Library/Frameworks/OpenGL.framework/Versions/A/Libraries/libCVMSPluginSupport.dylib
0x000000000668b000 	/System/Library/Frameworks/OpenGL.framework/Versions/A/Libraries/libCoreVMClient.dylib
0x000000000668b000 	/System/Library/PrivateFrameworks/CrashReporterSupport.framework/Versions/A/CrashReporterSupport
0x000000000668b000 	/System/Library/PrivateFrameworks/Sharing.framework/Versions/A/Sharing
0x000000000668b000 	/System/Library/PrivateFrameworks/IconServices.framework/Versions/A/IconServices
0x000000000668b000 	/System/Library/PrivateFrameworks/ProtocolBuffer.framework/Versions/A/ProtocolBuffer
0x000000000668b000 	/System/Library/PrivateFrameworks/Apple80211.framework/Versions/A/Apple80211
0x000000000668b000 	/System/Library/Frameworks/CoreWLAN.framework/Versions/A/CoreWLAN
0x000000000668b000 	/System/Library/PrivateFrameworks/CoreUtils.framework/Versions/A/CoreUtils
0x000000000668b000 	/System/Library/Frameworks/IOBluetooth.framework/Versions/A/IOBluetooth
0x000000000668b000 	/System/Library/PrivateFrameworks/CoreWiFi.framework/Versions/A/CoreWiFi
0x000000000668b000 	/System/Library/Frameworks/CoreBluetooth.framework/Versions/A/CoreBluetooth
0x000000000668b000 	/System/Library/Frameworks/CoreDisplay.framework/Versions/A/CoreDisplay
0x000000000668b000 	/System/Library/PrivateFrameworks/IOPresentment.framework/Versions/A/IOPresentment
0x000000000668b000 	/System/Library/PrivateFrameworks/DebugSymbols.framework/Versions/A/DebugSymbols
0x000000000668b000 	/System/Library/PrivateFrameworks/CoreSymbolication.framework/Versions/A/CoreSymbolication
0x000000000668b000 	/System/Library/PrivateFrameworks/Symbolication.framework/Versions/A/Symbolication
0x000000000668b000 	/System/Library/PrivateFrameworks/AppleFSCompression.framework/Versions/A/AppleFSCompression
0x000000000668b000 	/System/Library/PrivateFrameworks/SpeechRecognitionCore.framework/Versions/A/SpeechRecognitionCore
0x000000000668b000 	/System/Library/PrivateFrameworks/ChunkingLibrary.framework/Versions/A/ChunkingLibrary
0x000000010e200000 	/Library/Java/JavaVirtualMachines/jdk1.8.0_144.jdk/Contents/Home/jre/lib/server/libjvm.dylib
0x000000000668b000 	/usr/lib/libstdc++.6.dylib
0x000000010d138000 	/Library/Java/JavaVirtualMachines/jdk1.8.0_144.jdk/Contents/Home/jre/lib/libverify.dylib
0x000000010d146000 	/Library/Java/JavaVirtualMachines/jdk1.8.0_144.jdk/Contents/Home/jre/lib/libjava.dylib
0x000000010d185000 	/Library/Java/JavaVirtualMachines/jdk1.8.0_144.jdk/Contents/Home/jre/lib/libzip.dylib
0x00000001141c6000 	/System/Library/Frameworks/JavaVM.framework/Frameworks/JavaRuntimeSupport.framework/JavaRuntimeSupport
0x000000010d1eb000 	/System/Library/Frameworks/JavaVM.framework/Versions/A/Frameworks/JavaNativeFoundation.framework/Versions/A/JavaNativeFoundation
0x00000001141e0000 	/System/Library/Frameworks/JavaVM.framework/Versions/A/JavaVM
0x000000000668b000 	/System/Library/Frameworks/Carbon.framework/Versions/A/Carbon
0x00000001141ed000 	/System/Library/PrivateFrameworks/JavaLaunching.framework/Versions/A/JavaLaunching
0x000000000668b000 	/System/Library/Frameworks/Carbon.framework/Versions/A/Frameworks/CommonPanels.framework/Versions/A/CommonPanels
0x000000000668b000 	/System/Library/Frameworks/Carbon.framework/Versions/A/Frameworks/Help.framework/Versions/A/Help
0x000000000668b000 	/System/Library/Frameworks/Carbon.framework/Versions/A/Frameworks/ImageCapture.framework/Versions/A/ImageCapture
0x000000000668b000 	/System/Library/Frameworks/Carbon.framework/Versions/A/Frameworks/OpenScripting.framework/Versions/A/OpenScripting
0x000000000668b000 	/System/Library/Frameworks/Carbon.framework/Versions/A/Frameworks/Print.framework/Versions/A/Print
0x000000000668b000 	/System/Library/Frameworks/Carbon.framework/Versions/A/Frameworks/SecurityHI.framework/Versions/A/SecurityHI
0x0000000115b15000 	/Library/Java/JavaVirtualMachines/jdk1.8.0_144.jdk/Contents/Home/jre/lib/libnet.dylib
0x0000000115b74000 	/Library/Java/JavaVirtualMachines/jdk1.8.0_144.jdk/Contents/Home/jre/lib/libnio.dylib
0x0000000115d4b000 	/Library/Java/JavaVirtualMachines/jdk1.8.0_144.jdk/Contents/Home/jre/lib/libmanagement.dylib
0x0000000115d59000 	/Users/jasmina/ABH/eRestoran/target/jnotify/native_libraries/64bits/libjnotify.jnilib
0x0000000116594000 	/Library/Java/JavaVirtualMachines/jdk1.8.0_144.jdk/Contents/Home/jre/lib/libsunec.dylib

VM Arguments:
jvm_args: -Dfile.encoding=UTF8 -Djline.terminal=none -Dsbt.log.noformat=true -Dsbt.global.base=/private/var/folders/96/cw4ykw9n6z1d7rb_n0k307400000gn/T/sbt-global-pluginstub -Xms512M -Xmx1024M -Xss1M -XX:+CMSClassUnloadingEnabled -XX:MaxPermSize=256M 
java_command: xsbt.boot.Boot project root run
java_class_path (initial): /Users/jasmina/Library/Application Support/IntelliJIdea2017.2/Scala/launcher/sbt-launch.jar
Launcher Type: SUN_STANDARD

Environment Variables:
PATH=/usr/local/opt/node@6/bin:/usr/local/bin:/usr/bin:/bin:/usr/sbin:/sbin
SHELL=/bin/bash

Signal Handlers:
SIGSEGV: [libjvm.dylib+0x5b26e5], sa_mask[0]=11111111011111110111111111111111, sa_flags=SA_ONSTACK|SA_RESTART|SA_SIGINFO
SIGBUS: [libjvm.dylib+0x5b26e5], sa_mask[0]=11111111011111110111111111111111, sa_flags=SA_RESTART|SA_SIGINFO
SIGFPE: [libjvm.dylib+0x489100], sa_mask[0]=11111111011111110111111111111111, sa_flags=SA_RESTART|SA_SIGINFO
SIGPIPE: [libjvm.dylib+0x489100], sa_mask[0]=11111111011111110111111111111111, sa_flags=SA_RESTART|SA_SIGINFO
SIGXFSZ: [libjvm.dylib+0x489100], sa_mask[0]=11111111011111110111111111111111, sa_flags=SA_RESTART|SA_SIGINFO
SIGILL: [libjvm.dylib+0x489100], sa_mask[0]=11111111011111110111111111111111, sa_flags=SA_RESTART|SA_SIGINFO
SIGUSR1: SIG_DFL, sa_mask[0]=00000000000000000000000000000000, sa_flags=none
SIGUSR2: [libjvm.dylib+0x488c1e], sa_mask[0]=00100000000000000000000000000000, sa_flags=SA_RESTART|SA_SIGINFO
SIGHUP: [libjvm.dylib+0x4871f5], sa_mask[0]=11111111011111110111111111111111, sa_flags=SA_RESTART|SA_SIGINFO
SIGINT: [libjvm.dylib+0x4871f5], sa_mask[0]=11111111011111110111111111111111, sa_flags=SA_RESTART|SA_SIGINFO
SIGTERM: [libjvm.dylib+0x4871f5], sa_mask[0]=11111111011111110111111111111111, sa_flags=SA_RESTART|SA_SIGINFO
SIGQUIT: [libjvm.dylib+0x4871f5], sa_mask[0]=11111111011111110111111111111111, sa_flags=SA_RESTART|SA_SIGINFO


---------------  S Y S T E M  ---------------

OS:Bsduname:Darwin 16.1.0 Darwin Kernel Version 16.1.0: Wed Oct 19 20:31:56 PDT 2016; root:xnu-3789.21.4~4/RELEASE_X86_64 x86_64
rlimit: STACK 8192k, CORE 0k, NPROC 709, NOFILE 10240, AS infinity
load average:4.15 4.08 3.73

CPU:total 8 (initial active 8) (4 cores per cpu, 2 threads per core) family 6 model 70 stepping 1, cmov, cx8, fxsr, mmx, sse, sse2, sse3, ssse3, sse4.1, sse4.2, popcnt, avx, avx2, aes, clmul, erms, lzcnt, ht, tsc, tscinvbit, bmi1, bmi2

Memory: 4k page, physical 8388608k(85388k free)

/proc/meminfo:


vm_info: Java HotSpot(TM) 64-Bit Server VM (25.144-b01) for bsd-amd64 JRE (1.8.0_144-b01), built on Jul 21 2017 22:07:42 by "java_re" with gcc 4.2.1 (Based on Apple Inc. build 5658) (LLVM build 2336.11.00)

time: Fri Oct 13 14:37:22 2017
elapsed time: 435 seconds (0d 0h 7m 15s)

