#
# A fatal error has been detected by the Java Runtime Environment:
#
#  SIGSEGV (0xb) at pc=0x000000010d825dba, pid=6104, tid=0x0000000000006807
#
# JRE version: Java(TM) SE Runtime Environment (8.0_144-b01) (build 1.8.0_144-b01)
# Java VM: Java HotSpot(TM) 64-Bit Server VM (25.144-b01 mixed mode bsd-amd64 compressed oops)
# Problematic frame:
# J 11812 C2 net.contentobjects.jnotify.macosx.JNotifyAdapterMacOSX.batchEndEvent(I)V (815 bytes) @ 0x000000010d825dba [0x000000010d825820+0x59a]
#
# Failed to write core dump. Core dumps have been disabled. To enable core dumping, try "ulimit -c unlimited" before starting Java again
#
# If you would like to submit a bug report, please visit:
#   http://bugreport.java.com/bugreport/crash.jsp
#

---------------  T H R E A D  ---------------

Current thread (0x00007fce92417000):  JavaThread "FSEvent thread" daemon [_thread_in_Java, id=26631, stack(0x000070000b51a000,0x000070000b61a000)]

siginfo: si_signo: 11 (SIGSEGV), si_code: 1 (SEGV_MAPERR), si_addr: 0x000000068a61aa54

Registers:
RAX=0x00000007b16125a0, RBX=0x00000001071f5000, RCX=0x00000007b16124d0, RDX=0x00000007b1612498
RSP=0x000070000b613140, RBP=0x00000000d14c3549, RSI=0x0000000782a6fdf0, RDI=0x0000000000000000
R8 =0x00000007c000e940, R9 =0x0000000780002b70, R10=0x00000007b1612480, R11=0x0000000000000001
R12=0x0000000000000000, R13=0x0000000782a6fd30, R14=0x00000000f0359417, R15=0x00007fce92417000
RIP=0x000000010d825dba, EFLAGS=0x0000000000010282, ERR=0x0000000000000004
  TRAPNO=0x000000000000000e

Top of Stack: (sp=0x000070000b613140)
0x000070000b613140:   0000000782a6fd50 0000000700000080
0x000070000b613150:   0000000000000000 f58e17b600000000
0x000070000b613160:   00000007c0011338 00000007b16124b0
0x000070000b613170:   0000000782a6fd50 0000000780002b70
0x000070000b613180:   00000007b1612480 00000007c000e940
0x000070000b613190:   00000007b16125a0 000070000b613198
0x000070000b6131a0:   0000000000000000 000070000b6131f8
0x000070000b6131b0:   000070000b613390 000000010d5e4314
0x000070000b6131c0:   000000011d5cde50 0000000000000000
0x000070000b6131d0:   000070000b6131f8 000070000b613240
0x000070000b6131e0:   000000010c0412bd 0000000000000000
0x000070000b6131f0:   0000000000000000 0000000782a6fdf0
0x000070000b613200:   000070000b613200 0000000123ab765f
0x000070000b613210:   000070000b613260 0000000124a2d028
0x000070000b613220:   0000000000000000 0000000123ab7698
0x000070000b613230:   0000000000000000 000070000b613258
0x000070000b613240:   000070000b6132a8 000000010c0412bd
0x000070000b613250:   000000010c0412bd 0000000000000000
0x000070000b613260:   0000000781aca078 000070000b613268
0x000070000b613270:   0000000124a2dcbd 000070000b6132c0
0x000070000b613280:   0000000124a2dd70 0000000000000000
0x000070000b613290:   0000000124a2dce8 000070000b613258
0x000070000b6132a0:   000070000b6132b8 000070000b613308
0x000070000b6132b0:   000000010c041302 0000000000000000
0x000070000b6132c0:   0000000781aca068 000070000b6132c8
0x000070000b6132d0:   0000000124a2ea52 000070000b613320
0x000070000b6132e0:   0000000124a2f460 0000000000000000
0x000070000b6132f0:   0000000124a2ea80 000070000b6132b8
0x000070000b613300:   000070000b613318 000070000b613390
0x000070000b613310:   000000010c0397a7 00007fce00000000
0x000070000b613320:   0000000000000000 0000000781ac9ff0
0x000070000b613330:   0000000100001fa0 000000000000000a 

Instructions: (pc=0x000000010d825dba)
0x000000010d825d9a:   60 0c 4c 89 60 10 4c 89 60 18 48 89 44 24 50 4c
0x000000010d825daa:   8b 54 24 40 41 8b 6a 10 85 ed 0f 84 e0 1f 00 00
0x000000010d825dba:   45 8b 44 ec 0c 45 85 c0 0f 84 7d 1f 00 00 43 8b
0x000000010d825dca:   4c c4 0c 49 8d 1c ec 85 c9 0f 8e 9b fe ff ff 85 

Register to memory mapping:

RAX=0x00000007b16125a0 is an oop
java.io.File 
 - klass: 'java/io/File'
RBX=0x00000001071f5000 is an unknown value
RCX=0x00000007b16124d0 is an oop
java.util.TreeSet 
 - klass: 'java/util/TreeSet'
RDX=0x00000007b1612498 is an oop
java.util.LinkedList$Node 
 - klass: 'java/util/LinkedList$Node'
RSP=0x000070000b613140 is pointing into the stack for thread: 0x00007fce92417000
RBP=0x00000000d14c3549 is an unknown value
RSI=0x0000000782a6fdf0 is an oop
java.util.LinkedList 
 - klass: 'java/util/LinkedList'
RDI=0x0000000000000000 is an unknown value
R8 =0x00000007c000e940 is pointing into metadata
R9 =0x0000000780002b70 is an oop
java.lang.NullPointerException 
 - klass: 'java/lang/NullPointerException'
R10=0x00000007b1612480 is an oop
net.contentobjects.jnotify.macosx.JNotifyAdapterMacOSX$ScanJob 
 - klass: 'net/contentobjects/jnotify/macosx/JNotifyAdapterMacOSX$ScanJob'
R11=0x0000000000000001 is an unknown value
R12=0x0000000000000000 is an unknown value
R13=0x0000000782a6fd30 is an oop
java.util.Hashtable$Entry 
 - klass: 'java/util/Hashtable$Entry'
R14=0x00000000f0359417 is an unknown value
R15=0x00007fce92417000 is a thread


Stack: [0x000070000b51a000,0x000070000b61a000],  sp=0x000070000b613140,  free space=996k
Native frames: (J=compiled Java code, j=interpreted, Vv=VM code, C=native code)
J 11812 C2 net.contentobjects.jnotify.macosx.JNotifyAdapterMacOSX.batchEndEvent(I)V (815 bytes) @ 0x000000010d825dba [0x000000010d825820+0x59a]
j  net.contentobjects.jnotify.macosx.JNotifyAdapterMacOSX$1.batchEnd(I)V+5
j  net.contentobjects.jnotify.macosx.JNotify_macosx.callbackInBatch(IZ)V+26
v  ~StubRoutines::call_stub
V  [libjvm.dylib+0x2ee70a]  JavaCalls::call_helper(JavaValue*, methodHandle*, JavaCallArguments*, Thread*)+0x6ae
V  [libjvm.dylib+0x3258b9]  jni_invoke_nonstatic(JNIEnv_*, JavaValue*, _jobject*, JNICallType, _jmethodID*, JNI_ArgumentPusher*, Thread*)+0x2ec
V  [libjvm.dylib+0x318087]  jni_CallVoidMethod+0x16b
C  [libjnotify.jnilib+0x1585]  fsevent_callback+0x115
C  [FSEvents+0x3b03]  implementation_callback_rpc+0x75b
C  [FSEvents+0x1702]  _Xcallback_rpc+0xfe
C  [FSEvents+0x17c9]  FSEventsD2F_server+0x37
C  [FSEvents+0x6fed]  FSEventsClientProcessMessageCallback+0x2c
C  [CoreFoundation+0x9030d]  __CFMachPortPerform+0xfd
C  [CoreFoundation+0x901f9]  __CFRUNLOOP_IS_CALLING_OUT_TO_A_SOURCE1_PERFORM_FUNCTION__+0x29
C  [CoreFoundation+0x90171]  __CFRunLoopDoSource1+0x1d1
C  [CoreFoundation+0x880c5]  __CFRunLoopRun+0x955
C  [CoreFoundation+0x87514]  CFRunLoopRunSpecific+0x1a4
C  [CoreFoundation+0xc6bb1]  CFRunLoopRun+0x61
j  net.contentobjects.jnotify.macosx.JNotify_macosx.nativeNotifyLoop()V+0
j  net.contentobjects.jnotify.macosx.JNotify_macosx.access$400()V+0
j  net.contentobjects.jnotify.macosx.JNotify_macosx$1.run()V+65
v  ~StubRoutines::call_stub
V  [libjvm.dylib+0x2ee70a]  JavaCalls::call_helper(JavaValue*, methodHandle*, JavaCallArguments*, Thread*)+0x6ae
V  [libjvm.dylib+0x2eeeae]  JavaCalls::call_virtual(JavaValue*, KlassHandle, Symbol*, Symbol*, JavaCallArguments*, Thread*)+0x164
V  [libjvm.dylib+0x2ef05a]  JavaCalls::call_virtual(JavaValue*, Handle, KlassHandle, Symbol*, Symbol*, Thread*)+0x4a
V  [libjvm.dylib+0x3497b1]  thread_entry(JavaThread*, Thread*)+0x7c
V  [libjvm.dylib+0x56c0b3]  JavaThread::thread_main_inner()+0x9b
V  [libjvm.dylib+0x56d7a0]  JavaThread::run()+0x1c2
V  [libjvm.dylib+0x48baee]  java_start(Thread*)+0xf6
C  [libsystem_pthread.dylib+0x3aab]  _pthread_body+0xb4
C  [libsystem_pthread.dylib+0x39f7]  _pthread_body+0x0
C  [libsystem_pthread.dylib+0x3221]  thread_start+0xd
C  0x0000000000000000


---------------  P R O C E S S  ---------------

Java Threads: ( => current thread )
  0x00007fce8d004000 JavaThread "pool-13-thread-9" [_thread_blocked, id=37907, stack(0x000070000c64d000,0x000070000c74d000)]
  0x00007fce8d91f000 JavaThread "pool-13-thread-8" [_thread_blocked, id=33827, stack(0x000070000c54a000,0x000070000c64a000)]
  0x00007fce8d91e800 JavaThread "pool-13-thread-7" [_thread_blocked, id=34063, stack(0x000070000c447000,0x000070000c547000)]
  0x00007fce8b3d8000 JavaThread "pool-13-thread-6" [_thread_blocked, id=35851, stack(0x000070000c344000,0x000070000c444000)]
  0x00007fce8d91d800 JavaThread "pool-13-thread-5" [_thread_blocked, id=36363, stack(0x000070000c241000,0x000070000c341000)]
  0x00007fce8d91d000 JavaThread "pool-13-thread-4" [_thread_blocked, id=36875, stack(0x000070000c13e000,0x000070000c23e000)]
  0x00007fce8af0b000 JavaThread "pool-13-thread-3" [_thread_blocked, id=37131, stack(0x000070000c03b000,0x000070000c13b000)]
  0x00007fce8c109800 JavaThread "pool-13-thread-2" [_thread_blocked, id=30999, stack(0x000070000be35000,0x000070000bf35000)]
  0x00007fce8c3ab000 JavaThread "pool-13-thread-1" [_thread_in_native, id=35095, stack(0x000070000bd32000,0x000070000be32000)]
  0x00007fce8e99d000 JavaThread "play-dev-mode-akka.actor.default-dispatcher-10" [_thread_blocked, id=26395, stack(0x000070000b417000,0x000070000b517000)]
  0x00007fce92570800 JavaThread "play-dev-mode-akka.actor.default-dispatcher-9" [_thread_blocked, id=25627, stack(0x000070000b10e000,0x000070000b20e000)]
  0x00007fce903f9000 JavaThread "play-dev-mode-akka.actor.default-dispatcher-8" [_thread_blocked, id=29335, stack(0x000070000b00b000,0x000070000b10b000)]
  0x00007fce925a1000 JavaThread "com.google.common.base.internal.Finalizer" daemon [_thread_blocked, id=34307, stack(0x000070000bf38000,0x000070000c038000)]
  0x00007fce8b54d800 JavaThread "application-akka.actor.default-dispatcher-2" [_thread_blocked, id=31755, stack(0x000070000bc2f000,0x000070000bd2f000)]
  0x00007fce912aa000 JavaThread "application-scheduler-1" [_thread_blocked, id=32527, stack(0x000070000bb2c000,0x000070000bc2c000)]
  0x00007fce8afdb000 JavaThread "__DEFAULT__" daemon [_thread_blocked, id=30231, stack(0x000070000ba29000,0x000070000bb29000)]
  0x00007fce92288000 JavaThread "HikariPool-1 housekeeper" daemon [_thread_blocked, id=32779, stack(0x000070000b926000,0x000070000ba26000)]
  0x00007fce91d36000 JavaThread "PostgreSQL-JDBC-SharedTimer-1" daemon [_thread_blocked, id=32011, stack(0x000070000b823000,0x000070000b923000)]
  0x00007fce8a9d2000 JavaThread "AsyncAppender-Worker-ASYNCSTDOUT" daemon [_thread_blocked, id=33291, stack(0x000070000b720000,0x000070000b820000)]
  0x00007fce8af3f000 JavaThread "AsyncAppender-Worker-ASYNCFILE" daemon [_thread_blocked, id=29715, stack(0x000070000b61d000,0x000070000b71d000)]
  0x00007fce8d054800 JavaThread "play-dev-mode-akka.io.pinned-dispatcher-5" [_thread_in_native, id=28675, stack(0x000070000b314000,0x000070000b414000)]
  0x00007fce8c179000 JavaThread "play-dev-mode-akka.actor.default-dispatcher-4" [_thread_blocked, id=5131, stack(0x000070000b211000,0x000070000b311000)]
  0x00007fce8a991000 JavaThread "play-dev-mode-scheduler-1" [_thread_blocked, id=24851, stack(0x000070000ad02000,0x000070000ae02000)]
  0x00007fce90146800 JavaThread "reloader-timer" daemon [_thread_blocked, id=25875, stack(0x000070000abff000,0x000070000acff000)]
=>0x00007fce92417000 JavaThread "FSEvent thread" daemon [_thread_in_Java, id=26631, stack(0x000070000b51a000,0x000070000b61a000)]
  0x00007fce91c24000 JavaThread "pool-4-thread-1" [_thread_in_native, id=22287, stack(0x000070000af08000,0x000070000b008000)]
  0x00007fce903f8800 JavaThread "sbt-web-akka.actor.default-dispatcher-4" [_thread_blocked, id=23567, stack(0x000070000ae05000,0x000070000af05000)]
  0x00007fce920f0000 JavaThread "sbt-web-scheduler-1" [_thread_blocked, id=24335, stack(0x000070000aafc000,0x000070000abfc000)]
  0x00007fce8b01d800 JavaThread "Service Thread" daemon [_thread_blocked, id=21251, stack(0x000070000a8f6000,0x000070000a9f6000)]
  0x00007fce8c048800 JavaThread "C1 CompilerThread3" daemon [_thread_blocked, id=20739, stack(0x000070000a7f3000,0x000070000a8f3000)]
  0x00007fce8c048000 JavaThread "C2 CompilerThread2" daemon [_thread_blocked, id=20227, stack(0x000070000a6f0000,0x000070000a7f0000)]
  0x00007fce8c047000 JavaThread "C2 CompilerThread1" daemon [_thread_blocked, id=19715, stack(0x000070000a5ed000,0x000070000a6ed000)]
  0x00007fce8c041800 JavaThread "C2 CompilerThread0" daemon [_thread_blocked, id=19203, stack(0x000070000a4ea000,0x000070000a5ea000)]
  0x00007fce8c040800 JavaThread "Signal Dispatcher" daemon [_thread_blocked, id=18691, stack(0x000070000a3e7000,0x000070000a4e7000)]
  0x00007fce8a80e000 JavaThread "Finalizer" daemon [_thread_blocked, id=14595, stack(0x000070000a2e4000,0x000070000a3e4000)]
  0x00007fce8a80b000 JavaThread "Reference Handler" daemon [_thread_blocked, id=14083, stack(0x000070000a1e1000,0x000070000a2e1000)]
  0x00007fce8b006000 JavaThread "main" [_thread_blocked, id=7171, stack(0x00007000097c3000,0x00007000098c3000)]

Other Threads:
  0x00007fce8a808800 VMThread [stack: 0x000070000a0de000,0x000070000a1de000] [id=13571]
  0x00007fce8b809800 WatcherThread [stack: 0x000070000a9f9000,0x000070000aaf9000] [id=21763]

VM state:not at safepoint (normal execution)

VM Mutex/Monitor currently owned by a thread: None

Heap:
 PSYoungGen      total 209408K, used 140910K [0x00000007aab00000, 0x00000007bce80000, 0x00000007c0000000)
  eden space 132608K, 84% used [0x00000007aab00000,0x00000007b18a3990,0x00000007b2c80000)
  from space 76800K, 37% used [0x00000007b8380000,0x00000007b9f78000,0x00000007bce80000)
  to   space 82944K, 0% used [0x00000007b2c80000,0x00000007b2c80000,0x00000007b7d80000)
 ParOldGen       total 699392K, used 522714K [0x0000000780000000, 0x00000007aab00000, 0x00000007aab00000)
  object space 699392K, 74% used [0x0000000780000000,0x000000079fe76968,0x00000007aab00000)
 Metaspace       used 116150K, capacity 120700K, committed 121560K, reserved 1150976K
  class space    used 19048K, capacity 19517K, committed 19672K, reserved 1048576K

Card table byte_map: [0x000000010adf5000,0x000000010aff6000] byte_map_base: 0x00000001071f5000

Marking Bits: (ParMarkBitMap*) 0x000000010b9855d0
 Begin Bits: [0x000000011b18f000, 0x000000011c18f000)
 End Bits:   [0x000000011c18f000, 0x000000011d18f000)

Polling page: 0x00000001099df000

CodeCache: size=245760Kb used=25219Kb max_used=25482Kb free=220540Kb
 bounds [0x000000010c039000, 0x000000010d959000, 0x000000011b039000]
 total_blobs=10057 nmethods=9360 adapters=606
 compilation: enabled

Compilation events (10 events):
Event: 911.298 Thread 0x00007fce8c041800 11808       4       scala.collection.immutable.HashMap$HashMap1::get0 (97 bytes)
Event: 911.300 Thread 0x00007fce8c041800 nmethod 11808 0x000000010c94ad50 code [0x000000010c94aec0, 0x000000010c94b0b8]
Event: 914.775 Thread 0x00007fce8c048800 11809       1       akka.actor.LightArrayRevolverScheduler$TaskHolder::task (5 bytes)
Event: 914.775 Thread 0x00007fce8c048800 nmethod 11809 0x000000010c9ddc50 code [0x000000010c9ddda0, 0x000000010c9ddeb0]
Event: 915.602 Thread 0x00007fce8c048800 11810       3       java.io.ExpiringCache::cleanup (94 bytes)
Event: 915.603 Thread 0x00007fce8c048800 nmethod 11810 0x000000010c9de750 code [0x000000010c9de940, 0x000000010c9df2f8]
Event: 919.895 Thread 0x00007fce8c048800 11811       3       akka.actor.RepointableActorRef::underlying (14 bytes)
Event: 919.895 Thread 0x00007fce8c048800 nmethod 11811 0x000000010c9f5f90 code [0x000000010c9f6100, 0x000000010c9f6370]
Event: 946.321 Thread 0x00007fce8c041800 11812       4       net.contentobjects.jnotify.macosx.JNotifyAdapterMacOSX::batchEndEvent (815 bytes)
Event: 946.661 Thread 0x00007fce8c041800 nmethod 11812 0x000000010d825250 code [0x000000010d825820, 0x000000010d8298e8]

GC Heap History (10 events):
Event: 925.285 GC heap before
{Heap before GC invocations=148 (full 42):
 PSYoungGen      total 126464K, used 126144K [0x00000007aab00000, 0x00000007bf700000, 0x00000007c0000000)
  eden space 116736K, 100% used [0x00000007aab00000,0x00000007b1d00000,0x00000007b1d00000)
  from space 9728K, 96% used [0x00000007b1d00000,0x00000007b2630000,0x00000007b2680000)
  to   space 111616K, 0% used [0x00000007b8a00000,0x00000007b8a00000,0x00000007bf700000)
 ParOldGen       total 699392K, used 522714K [0x0000000780000000, 0x00000007aab00000, 0x00000007aab00000)
  object space 699392K, 74% used [0x0000000780000000,0x000000079fe76968,0x00000007aab00000)
 Metaspace       used 116150K, capacity 120700K, committed 121560K, reserved 1150976K
  class space    used 19048K, capacity 19517K, committed 19672K, reserved 1048576K
Event: 925.316 GC heap after
Heap after GC invocations=148 (full 42):
 PSYoungGen      total 231424K, used 12832K [0x00000007aab00000, 0x00000007bf500000, 0x00000007c0000000)
  eden space 121856K, 0% used [0x00000007aab00000,0x00000007aab00000,0x00000007b2200000)
  from space 109568K, 11% used [0x00000007b8a00000,0x00000007b9688000,0x00000007bf500000)
  to   space 106496K, 0% used [0x00000007b2200000,0x00000007b2200000,0x00000007b8a00000)
 ParOldGen       total 699392K, used 522714K [0x0000000780000000, 0x00000007aab00000, 0x00000007aab00000)
  object space 699392K, 74% used [0x0000000780000000,0x000000079fe76968,0x00000007aab00000)
 Metaspace       used 116150K, capacity 120700K, committed 121560K, reserved 1150976K
  class space    used 19048K, capacity 19517K, committed 19672K, reserved 1048576K
}
Event: 930.969 GC heap before
{Heap before GC invocations=149 (full 42):
 PSYoungGen      total 231424K, used 134688K [0x00000007aab00000, 0x00000007bf500000, 0x00000007c0000000)
  eden space 121856K, 100% used [0x00000007aab00000,0x00000007b2200000,0x00000007b2200000)
  from space 109568K, 11% used [0x00000007b8a00000,0x00000007b9688000,0x00000007bf500000)
  to   space 106496K, 0% used [0x00000007b2200000,0x00000007b2200000,0x00000007b8a00000)
 ParOldGen       total 699392K, used 522714K [0x0000000780000000, 0x00000007aab00000, 0x00000007aab00000)
  object space 699392K, 74% used [0x0000000780000000,0x000000079fe76968,0x00000007aab00000)
 Metaspace       used 116150K, capacity 120700K, committed 121560K, reserved 1150976K
  class space    used 19048K, capacity 19517K, committed 19672K, reserved 1048576K
Event: 931.000 GC heap after
Heap after GC invocations=149 (full 42):
 PSYoungGen      total 228352K, used 16672K [0x00000007aab00000, 0x00000007bee00000, 0x00000007c0000000)
  eden space 121856K, 0% used [0x00000007aab00000,0x00000007aab00000,0x00000007b2200000)
  from space 106496K, 15% used [0x00000007b2200000,0x00000007b3248000,0x00000007b8a00000)
  to   space 100864K, 0% used [0x00000007b8b80000,0x00000007b8b80000,0x00000007bee00000)
 ParOldGen       total 699392K, used 522714K [0x0000000780000000, 0x00000007aab00000, 0x00000007aab00000)
  object space 699392K, 74% used [0x0000000780000000,0x000000079fe76968,0x00000007aab00000)
 Metaspace       used 116150K, capacity 120700K, committed 121560K, reserved 1150976K
  class space    used 19048K, capacity 19517K, committed 19672K, reserved 1048576K
}
Event: 936.453 GC heap before
{Heap before GC invocations=150 (full 42):
 PSYoungGen      total 228352K, used 138528K [0x00000007aab00000, 0x00000007bee00000, 0x00000007c0000000)
  eden space 121856K, 100% used [0x00000007aab00000,0x00000007b2200000,0x00000007b2200000)
  from space 106496K, 15% used [0x00000007b2200000,0x00000007b3248000,0x00000007b8a00000)
  to   space 100864K, 0% used [0x00000007b8b80000,0x00000007b8b80000,0x00000007bee00000)
 ParOldGen       total 699392K, used 522714K [0x0000000780000000, 0x00000007aab00000, 0x00000007aab00000)
  object space 699392K, 74% used [0x0000000780000000,0x000000079fe76968,0x00000007aab00000)
 Metaspace       used 116150K, capacity 120700K, committed 121560K, reserved 1150976K
  class space    used 19048K, capacity 19517K, committed 19672K, reserved 1048576K
Event: 936.487 GC heap after
Heap after GC invocations=150 (full 42):
 PSYoungGen      total 214528K, used 21760K [0x00000007aab00000, 0x00000007be000000, 0x00000007c0000000)
  eden space 128000K, 0% used [0x00000007aab00000,0x00000007aab00000,0x00000007b2800000)
  from space 86528K, 25% used [0x00000007b8b80000,0x00000007ba0c0000,0x00000007be000000)
  to   space 94208K, 0% used [0x00000007b2800000,0x00000007b2800000,0x00000007b8400000)
 ParOldGen       total 699392K, used 522714K [0x0000000780000000, 0x00000007aab00000, 0x00000007aab00000)
  object space 699392K, 74% used [0x0000000780000000,0x000000079fe76968,0x00000007aab00000)
 Metaspace       used 116150K, capacity 120700K, committed 121560K, reserved 1150976K
  class space    used 19048K, capacity 19517K, committed 19672K, reserved 1048576K
}
Event: 941.322 GC heap before
{Heap before GC invocations=151 (full 42):
 PSYoungGen      total 214528K, used 149760K [0x00000007aab00000, 0x00000007be000000, 0x00000007c0000000)
  eden space 128000K, 100% used [0x00000007aab00000,0x00000007b2800000,0x00000007b2800000)
  from space 86528K, 25% used [0x00000007b8b80000,0x00000007ba0c0000,0x00000007be000000)
  to   space 94208K, 0% used [0x00000007b2800000,0x00000007b2800000,0x00000007b8400000)
 ParOldGen       total 699392K, used 522714K [0x0000000780000000, 0x00000007aab00000, 0x00000007aab00000)
  object space 699392K, 74% used [0x0000000780000000,0x000000079fe76968,0x00000007aab00000)
 Metaspace       used 116150K, capacity 120700K, committed 121560K, reserved 1150976K
  class space    used 19048K, capacity 19517K, committed 19672K, reserved 1048576K
Event: 941.350 GC heap after
Heap after GC invocations=151 (full 42):
 PSYoungGen      total 152064K, used 24064K [0x00000007aab00000, 0x00000007bd980000, 0x00000007c0000000)
  eden space 128000K, 0% used [0x00000007aab00000,0x00000007aab00000,0x00000007b2800000)
  from space 24064K, 100% used [0x00000007b2800000,0x00000007b3f80000,0x00000007b3f80000)
  to   space 88064K, 0% used [0x00000007b8380000,0x00000007b8380000,0x00000007bd980000)
 ParOldGen       total 699392K, used 522714K [0x0000000780000000, 0x00000007aab00000, 0x00000007aab00000)
  object space 699392K, 74% used [0x0000000780000000,0x000000079fe76968,0x00000007aab00000)
 Metaspace       used 116150K, capacity 120700K, committed 121560K, reserved 1150976K
  class space    used 19048K, capacity 19517K, committed 19672K, reserved 1048576K
}
Event: 946.237 GC heap before
{Heap before GC invocations=152 (full 42):
 PSYoungGen      total 152064K, used 152064K [0x00000007aab00000, 0x00000007bd980000, 0x00000007c0000000)
  eden space 128000K, 100% used [0x00000007aab00000,0x00000007b2800000,0x00000007b2800000)
  from space 24064K, 100% used [0x00000007b2800000,0x00000007b3f80000,0x00000007b3f80000)
  to   space 88064K, 0% used [0x00000007b8380000,0x00000007b8380000,0x00000007bd980000)
 ParOldGen       total 699392K, used 522714K [0x0000000780000000, 0x00000007aab00000, 0x00000007aab00000)
  object space 699392K, 74% used [0x0000000780000000,0x000000079fe76968,0x00000007aab00000)
 Metaspace       used 116150K, capacity 120700K, committed 121560K, reserved 1150976K
  class space    used 19048K, capacity 19517K, committed 19672K, reserved 1048576K
Event: 946.272 GC heap after
Heap after GC invocations=152 (full 42):
 PSYoungGen      total 209408K, used 28640K [0x00000007aab00000, 0x00000007bce80000, 0x00000007c0000000)
  eden space 132608K, 0% used [0x00000007aab00000,0x00000007aab00000,0x00000007b2c80000)
  from space 76800K, 37% used [0x00000007b8380000,0x00000007b9f78000,0x00000007bce80000)
  to   space 82944K, 0% used [0x00000007b2c80000,0x00000007b2c80000,0x00000007b7d80000)
 ParOldGen       total 699392K, used 522714K [0x0000000780000000, 0x00000007aab00000, 0x00000007aab00000)
  object space 699392K, 74% used [0x0000000780000000,0x000000079fe76968,0x00000007aab00000)
 Metaspace       used 116150K, capacity 120700K, committed 121560K, reserved 1150976K
  class space    used 19048K, capacity 19517K, committed 19672K, reserved 1048576K
}

Deoptimization events (10 events):
Event: 835.307 Thread 0x00007fce90182800 Uncommon trap: reason=null_check action=make_not_entrant pc=0x000000010c8d5684 method=scala.collection.mutable.HashTable$class.removeEntry(Lscala/collection/mutable/HashTable;Ljava/lang/Object;)Lscala/collection/mutable/HashEntry; @ 89
Event: 836.115 Thread 0x00007fce90182800 Uncommon trap: reason=bimorphic action=maybe_recompile pc=0x000000010c248b44 method=scala.collection.immutable.HashMap$HashTrieMap.get0(Ljava/lang/Object;II)Lscala/Option; @ 80
Event: 842.053 Thread 0x00007fce90182800 Uncommon trap: reason=speculate_class_check action=maybe_recompile pc=0x000000010c1dd3bc method=scala.collection.immutable.Stream.foldLeft(Ljava/lang/Object;Lscala/Function2;)Ljava/lang/Object; @ 1
Event: 902.487 Thread 0x00007fce903f9000 Uncommon trap: reason=unstable_if action=reinterpret pc=0x000000010cf2a6d4 method=java.lang.ref.SoftReference.get()Ljava/lang/Object; @ 6
Event: 902.547 Thread 0x00007fce8c109800 Uncommon trap: reason=class_check action=maybe_recompile pc=0x000000010d195a40 method=scala.collection.convert.Wrappers$JEnumerationWrapper.hasNext()Z @ 4
Event: 910.554 Thread 0x00007fce8c3ab000 Uncommon trap: reason=bimorphic action=maybe_recompile pc=0x000000010d8eb2c0 method=scala.collection.immutable.HashSet.$minus(Ljava/lang/Object;)Lscala/collection/immutable/HashSet; @ 8
Event: 911.254 Thread 0x00007fce8c3ab000 Uncommon trap: reason=bimorphic action=maybe_recompile pc=0x000000010c248c34 method=scala.collection.immutable.HashMap$HashTrieMap.get0(Ljava/lang/Object;II)Lscala/Option; @ 80
Event: 913.617 Thread 0x00007fce8c3ab000 Uncommon trap: reason=speculate_class_check action=maybe_recompile pc=0x000000010c1dd3bc method=scala.collection.immutable.Stream.foldLeft(Ljava/lang/Object;Lscala/Function2;)Ljava/lang/Object; @ 1
Event: 914.401 Thread 0x00007fce8c3ab000 Uncommon trap: reason=class_check action=maybe_recompile pc=0x000000010d1f77cc method=sbt.IO$$anonfun$sbt$IO$$visit$1$1.apply$mcZ$sp()Z @ 8
Event: 914.433 Thread 0x00007fce8c3ab000 Uncommon trap: reason=class_check action=maybe_recompile pc=0x000000010d1f77cc method=sbt.IO$$anonfun$sbt$IO$$visit$1$1.apply$mcZ$sp()Z @ 8

Internal exceptions (10 events):
Event: 902.473 Thread 0x00007fce903f9000 Exception <a 'java/lang/ArrayIndexOutOfBoundsException': 1> (0x00000007aac92d70) thrown at [/Users/java_re/workspace/8-2-build-macosx-x86_64/jdk8u144/9417/hotspot/src/share/vm/interpreter/interpreterRuntime.cpp, line 366]
Event: 902.473 Thread 0x00007fce903f9000 Exception <a 'java/lang/ArrayIndexOutOfBoundsException': 1> (0x00000007aac967f0) thrown at [/Users/java_re/workspace/8-2-build-macosx-x86_64/jdk8u144/9417/hotspot/src/share/vm/interpreter/interpreterRuntime.cpp, line 366]
Event: 902.474 Thread 0x00007fce903f9000 Exception <a 'java/lang/ArrayIndexOutOfBoundsException': 1> (0x00000007aac9dc18) thrown at [/Users/java_re/workspace/8-2-build-macosx-x86_64/jdk8u144/9417/hotspot/src/share/vm/interpreter/interpreterRuntime.cpp, line 366]
Event: 902.474 Thread 0x00007fce903f9000 Exception <a 'java/lang/ArrayIndexOutOfBoundsException': 1> (0x00000007aac9fe38) thrown at [/Users/java_re/workspace/8-2-build-macosx-x86_64/jdk8u144/9417/hotspot/src/share/vm/interpreter/interpreterRuntime.cpp, line 366]
Event: 902.474 Thread 0x00007fce903f9000 Exception <a 'java/lang/ArrayIndexOutOfBoundsException': 1> (0x00000007aaca47e8) thrown at [/Users/java_re/workspace/8-2-build-macosx-x86_64/jdk8u144/9417/hotspot/src/share/vm/interpreter/interpreterRuntime.cpp, line 366]
Event: 902.474 Thread 0x00007fce903f9000 Exception <a 'java/lang/ArrayIndexOutOfBoundsException': 1> (0x00000007aacaa120) thrown at [/Users/java_re/workspace/8-2-build-macosx-x86_64/jdk8u144/9417/hotspot/src/share/vm/interpreter/interpreterRuntime.cpp, line 366]
Event: 902.474 Thread 0x00007fce903f9000 Exception <a 'java/lang/ArrayIndexOutOfBoundsException': 1> (0x00000007aacabe80) thrown at [/Users/java_re/workspace/8-2-build-macosx-x86_64/jdk8u144/9417/hotspot/src/share/vm/interpreter/interpreterRuntime.cpp, line 366]
Event: 902.474 Thread 0x00007fce903f9000 Exception <a 'java/lang/ArrayIndexOutOfBoundsException': 1> (0x00000007aacaf8b0) thrown at [/Users/java_re/workspace/8-2-build-macosx-x86_64/jdk8u144/9417/hotspot/src/share/vm/interpreter/interpreterRuntime.cpp, line 366]
Event: 902.475 Thread 0x00007fce903f9000 Exception <a 'java/lang/ArrayIndexOutOfBoundsException': 1> (0x00000007aacb3350) thrown at [/Users/java_re/workspace/8-2-build-macosx-x86_64/jdk8u144/9417/hotspot/src/share/vm/interpreter/interpreterRuntime.cpp, line 366]
Event: 902.475 Thread 0x00007fce903f9000 Exception <a 'java/lang/ArrayIndexOutOfBoundsException': 1> (0x00000007aacb8bc0) thrown at [/Users/java_re/workspace/8-2-build-macosx-x86_64/jdk8u144/9417/hotspot/src/share/vm/interpreter/interpreterRuntime.cpp, line 366]

Events (10 events):
Event: 931.000 Executing VM operation: ParallelGCFailedAllocation done
Event: 936.453 Executing VM operation: ParallelGCFailedAllocation
Event: 936.487 Executing VM operation: ParallelGCFailedAllocation done
Event: 941.322 Executing VM operation: ParallelGCFailedAllocation
Event: 941.350 Executing VM operation: ParallelGCFailedAllocation done
Event: 946.237 Executing VM operation: ParallelGCFailedAllocation
Event: 946.272 Executing VM operation: ParallelGCFailedAllocation done
Event: 946.321 Thread 0x00007fce92417000 DEOPT PACKING pc=0x000000010d7faa5c sp=0x000070000b613080
Event: 946.321 Thread 0x00007fce92417000 DEOPT UNPACKING pc=0x000000010c080633 sp=0x000070000b612f10 mode 0
Event: 946.662 Thread 0x00007fce8c041800 flushing nmethod 0x000000010c32b390


Dynamic libraries:
0x00000000435dd000 	/System/Library/Frameworks/Cocoa.framework/Versions/A/Cocoa
0x00000000435dd000 	/System/Library/Frameworks/Security.framework/Versions/A/Security
0x00000000435dd000 	/System/Library/Frameworks/ApplicationServices.framework/Versions/A/ApplicationServices
0x00000000435dd000 	/usr/lib/libz.1.dylib
0x00000000435dd000 	/usr/lib/libSystem.B.dylib
0x00000000435dd000 	/usr/lib/libobjc.A.dylib
0x00000000435dd000 	/System/Library/Frameworks/CoreFoundation.framework/Versions/A/CoreFoundation
0x00000000435dd000 	/System/Library/Frameworks/Foundation.framework/Versions/C/Foundation
0x00000000435dd000 	/System/Library/Frameworks/AppKit.framework/Versions/C/AppKit
0x00000000435dd000 	/System/Library/Frameworks/CoreData.framework/Versions/A/CoreData
0x00000000435dd000 	/System/Library/PrivateFrameworks/RemoteViewServices.framework/Versions/A/RemoteViewServices
0x00000000435dd000 	/System/Library/PrivateFrameworks/UIFoundation.framework/Versions/A/UIFoundation
0x00000000435dd000 	/System/Library/PrivateFrameworks/DFRFoundation.framework/Versions/A/DFRFoundation
0x00000000435dd000 	/usr/lib/libenergytrace.dylib
0x00000000435dd000 	/System/Library/PrivateFrameworks/SkyLight.framework/Versions/A/SkyLight
0x00000000435dd000 	/System/Library/Frameworks/CoreGraphics.framework/Versions/A/CoreGraphics
0x00000000435dd000 	/usr/lib/libScreenReader.dylib
0x00000000435dd000 	/System/Library/Frameworks/Accelerate.framework/Versions/A/Accelerate
0x00000000435dd000 	/System/Library/Frameworks/IOSurface.framework/Versions/A/IOSurface
0x00000000435dd000 	/System/Library/Frameworks/AudioToolbox.framework/Versions/A/AudioToolbox
0x00000000435dd000 	/System/Library/Frameworks/AudioUnit.framework/Versions/A/AudioUnit
0x00000000435dd000 	/System/Library/PrivateFrameworks/DataDetectorsCore.framework/Versions/A/DataDetectorsCore
0x00000000435dd000 	/System/Library/PrivateFrameworks/DesktopServicesPriv.framework/Versions/A/DesktopServicesPriv
0x00000000435dd000 	/System/Library/Frameworks/Carbon.framework/Versions/A/Frameworks/HIToolbox.framework/Versions/A/HIToolbox
0x00000000435dd000 	/usr/lib/libicucore.A.dylib
0x00000000435dd000 	/System/Library/Frameworks/QuartzCore.framework/Versions/A/QuartzCore
0x00000000435dd000 	/System/Library/Frameworks/Carbon.framework/Versions/A/Frameworks/SpeechRecognition.framework/Versions/A/SpeechRecognition
0x00000000435dd000 	/usr/lib/libauto.dylib
0x00000000435dd000 	/usr/lib/libxml2.2.dylib
0x00000000435dd000 	/System/Library/PrivateFrameworks/CoreUI.framework/Versions/A/CoreUI
0x00000000435dd000 	/System/Library/Frameworks/CoreAudio.framework/Versions/A/CoreAudio
0x00000000435dd000 	/System/Library/Frameworks/DiskArbitration.framework/Versions/A/DiskArbitration
0x00000000435dd000 	/usr/lib/liblangid.dylib
0x00000000435dd000 	/System/Library/PrivateFrameworks/MultitouchSupport.framework/Versions/A/MultitouchSupport
0x00000000435dd000 	/System/Library/Frameworks/IOKit.framework/Versions/A/IOKit
0x00000000435dd000 	/usr/lib/libDiagnosticMessagesClient.dylib
0x00000000435dd000 	/System/Library/Frameworks/CoreServices.framework/Versions/A/CoreServices
0x00000000435dd000 	/System/Library/PrivateFrameworks/PerformanceAnalysis.framework/Versions/A/PerformanceAnalysis
0x00000000435dd000 	/System/Library/PrivateFrameworks/GenerationalStorage.framework/Versions/A/GenerationalStorage
0x00000000435dd000 	/System/Library/Frameworks/OpenGL.framework/Versions/A/OpenGL
0x00000000435dd000 	/System/Library/Frameworks/CoreImage.framework/Versions/A/CoreImage
0x00000000435dd000 	/System/Library/Frameworks/CoreText.framework/Versions/A/CoreText
0x00000000435dd000 	/System/Library/Frameworks/ImageIO.framework/Versions/A/ImageIO
0x00000000435dd000 	/System/Library/PrivateFrameworks/Backup.framework/Versions/A/Backup
0x00000000435dd000 	/usr/lib/libarchive.2.dylib
0x00000000435dd000 	/System/Library/Frameworks/CFNetwork.framework/Versions/A/CFNetwork
0x00000000435dd000 	/System/Library/Frameworks/SystemConfiguration.framework/Versions/A/SystemConfiguration
0x00000000435dd000 	/usr/lib/libCRFSuite.dylib
0x00000000435dd000 	/usr/lib/libc++.1.dylib
0x00000000435dd000 	/usr/lib/libc++abi.dylib
0x00000000435dd000 	/usr/lib/system/libcache.dylib
0x00000000435dd000 	/usr/lib/system/libcommonCrypto.dylib
0x00000000435dd000 	/usr/lib/system/libcompiler_rt.dylib
0x00000000435dd000 	/usr/lib/system/libcopyfile.dylib
0x00000000435dd000 	/usr/lib/system/libcorecrypto.dylib
0x00000000435dd000 	/usr/lib/system/libdispatch.dylib
0x00000000435dd000 	/usr/lib/system/libdyld.dylib
0x00000000435dd000 	/usr/lib/system/libkeymgr.dylib
0x00000000435dd000 	/usr/lib/system/liblaunch.dylib
0x00000000435dd000 	/usr/lib/system/libmacho.dylib
0x00000000435dd000 	/usr/lib/system/libquarantine.dylib
0x00000000435dd000 	/usr/lib/system/libremovefile.dylib
0x00000000435dd000 	/usr/lib/system/libsystem_asl.dylib
0x00000000435dd000 	/usr/lib/system/libsystem_blocks.dylib
0x00000000435dd000 	/usr/lib/system/libsystem_c.dylib
0x00000000435dd000 	/usr/lib/system/libsystem_configuration.dylib
0x00000000435dd000 	/usr/lib/system/libsystem_coreservices.dylib
0x00000000435dd000 	/usr/lib/system/libsystem_coretls.dylib
0x00000000435dd000 	/usr/lib/system/libsystem_dnssd.dylib
0x00000000435dd000 	/usr/lib/system/libsystem_info.dylib
0x00000000435dd000 	/usr/lib/system/libsystem_kernel.dylib
0x00000000435dd000 	/usr/lib/system/libsystem_m.dylib
0x00000000435dd000 	/usr/lib/system/libsystem_malloc.dylib
0x00000000435dd000 	/usr/lib/system/libsystem_network.dylib
0x00000000435dd000 	/usr/lib/system/libsystem_networkextension.dylib
0x00000000435dd000 	/usr/lib/system/libsystem_notify.dylib
0x00000000435dd000 	/usr/lib/system/libsystem_platform.dylib
0x00000000435dd000 	/usr/lib/system/libsystem_pthread.dylib
0x00000000435dd000 	/usr/lib/system/libsystem_sandbox.dylib
0x00000000435dd000 	/usr/lib/system/libsystem_secinit.dylib
0x00000000435dd000 	/usr/lib/system/libsystem_symptoms.dylib
0x00000000435dd000 	/usr/lib/system/libsystem_trace.dylib
0x00000000435dd000 	/usr/lib/system/libunwind.dylib
0x00000000435dd000 	/usr/lib/system/libxpc.dylib
0x00000000435dd000 	/usr/lib/libbsm.0.dylib
0x00000000435dd000 	/usr/lib/system/libkxld.dylib
0x00000000435dd000 	/usr/lib/libcoretls.dylib
0x00000000435dd000 	/usr/lib/libcoretls_cfhelpers.dylib
0x00000000435dd000 	/usr/lib/libxar.1.dylib
0x00000000435dd000 	/usr/lib/libsqlite3.dylib
0x00000000435dd000 	/usr/lib/libpam.2.dylib
0x00000000435dd000 	/usr/lib/libOpenScriptingUtil.dylib
0x00000000435dd000 	/usr/lib/libbz2.1.0.dylib
0x00000000435dd000 	/usr/lib/liblzma.5.dylib
0x00000000435dd000 	/usr/lib/libnetwork.dylib
0x00000000435dd000 	/usr/lib/libpcap.A.dylib
0x00000000435dd000 	/System/Library/Frameworks/CoreServices.framework/Versions/A/Frameworks/FSEvents.framework/Versions/A/FSEvents
0x00000000435dd000 	/System/Library/Frameworks/CoreServices.framework/Versions/A/Frameworks/CarbonCore.framework/Versions/A/CarbonCore
0x00000000435dd000 	/System/Library/Frameworks/CoreServices.framework/Versions/A/Frameworks/Metadata.framework/Versions/A/Metadata
0x00000000435dd000 	/System/Library/Frameworks/CoreServices.framework/Versions/A/Frameworks/OSServices.framework/Versions/A/OSServices
0x00000000435dd000 	/System/Library/Frameworks/CoreServices.framework/Versions/A/Frameworks/SearchKit.framework/Versions/A/SearchKit
0x00000000435dd000 	/System/Library/Frameworks/CoreServices.framework/Versions/A/Frameworks/AE.framework/Versions/A/AE
0x00000000435dd000 	/System/Library/Frameworks/CoreServices.framework/Versions/A/Frameworks/LaunchServices.framework/Versions/A/LaunchServices
0x00000000435dd000 	/System/Library/Frameworks/CoreServices.framework/Versions/A/Frameworks/DictionaryServices.framework/Versions/A/DictionaryServices
0x00000000435dd000 	/System/Library/Frameworks/CoreServices.framework/Versions/A/Frameworks/SharedFileList.framework/Versions/A/SharedFileList
0x00000000435dd000 	/System/Library/Frameworks/NetFS.framework/Versions/A/NetFS
0x00000000435dd000 	/System/Library/PrivateFrameworks/NetAuth.framework/Versions/A/NetAuth
0x00000000435dd000 	/System/Library/PrivateFrameworks/login.framework/Versions/A/Frameworks/loginsupport.framework/Versions/A/loginsupport
0x00000000435dd000 	/System/Library/PrivateFrameworks/TCC.framework/Versions/A/TCC
0x00000000435dd000 	/usr/lib/libmecabra.dylib
0x00000000435dd000 	/System/Library/Frameworks/ApplicationServices.framework/Versions/A/Frameworks/ATS.framework/Versions/A/ATS
0x00000000435dd000 	/System/Library/Frameworks/ApplicationServices.framework/Versions/A/Frameworks/ColorSync.framework/Versions/A/ColorSync
0x00000000435dd000 	/System/Library/Frameworks/ApplicationServices.framework/Versions/A/Frameworks/HIServices.framework/Versions/A/HIServices
0x00000000435dd000 	/System/Library/Frameworks/ApplicationServices.framework/Versions/A/Frameworks/LangAnalysis.framework/Versions/A/LangAnalysis
0x00000000435dd000 	/System/Library/Frameworks/ApplicationServices.framework/Versions/A/Frameworks/PrintCore.framework/Versions/A/PrintCore
0x00000000435dd000 	/System/Library/Frameworks/ApplicationServices.framework/Versions/A/Frameworks/QD.framework/Versions/A/QD
0x00000000435dd000 	/System/Library/Frameworks/ApplicationServices.framework/Versions/A/Frameworks/SpeechSynthesis.framework/Versions/A/SpeechSynthesis
0x00000000435dd000 	/System/Library/Frameworks/Accelerate.framework/Versions/A/Frameworks/vImage.framework/Versions/A/vImage
0x00000000435dd000 	/System/Library/Frameworks/Accelerate.framework/Versions/A/Frameworks/vecLib.framework/Versions/A/vecLib
0x00000000435dd000 	/System/Library/Frameworks/Accelerate.framework/Versions/A/Frameworks/vecLib.framework/Versions/A/libvDSP.dylib
0x00000000435dd000 	/System/Library/Frameworks/Accelerate.framework/Versions/A/Frameworks/vecLib.framework/Versions/A/libBNNS.dylib
0x00000000435dd000 	/System/Library/Frameworks/Accelerate.framework/Versions/A/Frameworks/vecLib.framework/Versions/A/libQuadrature.dylib
0x00000000435dd000 	/System/Library/Frameworks/Accelerate.framework/Versions/A/Frameworks/vecLib.framework/Versions/A/libvMisc.dylib
0x00000000435dd000 	/System/Library/Frameworks/Accelerate.framework/Versions/A/Frameworks/vecLib.framework/Versions/A/libLAPACK.dylib
0x00000000435dd000 	/System/Library/Frameworks/Accelerate.framework/Versions/A/Frameworks/vecLib.framework/Versions/A/libBLAS.dylib
0x00000000435dd000 	/System/Library/Frameworks/Accelerate.framework/Versions/A/Frameworks/vecLib.framework/Versions/A/libLinearAlgebra.dylib
0x00000000435dd000 	/System/Library/Frameworks/Accelerate.framework/Versions/A/Frameworks/vecLib.framework/Versions/A/libSparseBLAS.dylib
0x00000000435dd000 	/System/Library/Frameworks/ApplicationServices.framework/Versions/A/Frameworks/ATS.framework/Versions/A/Resources/libFontParser.dylib
0x00000000435dd000 	/System/Library/Frameworks/ApplicationServices.framework/Versions/A/Frameworks/ATS.framework/Versions/A/Resources/libFontRegistry.dylib
0x00000000435dd000 	/System/Library/Frameworks/ImageIO.framework/Versions/A/Resources/libJPEG.dylib
0x00000000435dd000 	/System/Library/Frameworks/ImageIO.framework/Versions/A/Resources/libTIFF.dylib
0x00000000435dd000 	/System/Library/Frameworks/ImageIO.framework/Versions/A/Resources/libPng.dylib
0x00000000435dd000 	/System/Library/Frameworks/ImageIO.framework/Versions/A/Resources/libGIF.dylib
0x00000000435dd000 	/System/Library/Frameworks/ImageIO.framework/Versions/A/Resources/libJP2.dylib
0x00000000435dd000 	/System/Library/Frameworks/ImageIO.framework/Versions/A/Resources/libRadiance.dylib
0x00000000435dd000 	/usr/lib/libcompression.dylib
0x00000000435dd000 	/System/Library/PrivateFrameworks/AppleJPEG.framework/Versions/A/AppleJPEG
0x00000000435dd000 	/usr/lib/libcups.2.dylib
0x00000000435dd000 	/System/Library/Frameworks/Kerberos.framework/Versions/A/Kerberos
0x00000000435dd000 	/System/Library/Frameworks/GSS.framework/Versions/A/GSS
0x00000000435dd000 	/usr/lib/libresolv.9.dylib
0x00000000435dd000 	/usr/lib/libiconv.2.dylib
0x00000000435dd000 	/System/Library/PrivateFrameworks/Heimdal.framework/Versions/A/Heimdal
0x00000000435dd000 	/usr/lib/libheimdal-asn1.dylib
0x00000000435dd000 	/System/Library/Frameworks/OpenDirectory.framework/Versions/A/OpenDirectory
0x00000000435dd000 	/System/Library/PrivateFrameworks/CommonAuth.framework/Versions/A/CommonAuth
0x00000000435dd000 	/System/Library/Frameworks/OpenDirectory.framework/Versions/A/Frameworks/CFOpenDirectory.framework/Versions/A/CFOpenDirectory
0x00000000435dd000 	/System/Library/Frameworks/SecurityFoundation.framework/Versions/A/SecurityFoundation
0x00000000435dd000 	/System/Library/PrivateFrameworks/LanguageModeling.framework/Versions/A/LanguageModeling
0x00000000435dd000 	/usr/lib/libmarisa.dylib
0x00000000435dd000 	/usr/lib/libChineseTokenizer.dylib
0x00000000435dd000 	/usr/lib/libcmph.dylib
0x00000000435dd000 	/System/Library/PrivateFrameworks/CoreEmoji.framework/Versions/A/CoreEmoji
0x00000000435dd000 	/System/Library/Frameworks/ServiceManagement.framework/Versions/A/ServiceManagement
0x00000000435dd000 	/usr/lib/libxslt.1.dylib
0x00000000435dd000 	/System/Library/Frameworks/Carbon.framework/Versions/A/Frameworks/Ink.framework/Versions/A/Ink
0x00000000435dd000 	/System/Library/PrivateFrameworks/TextureIO.framework/Versions/A/TextureIO
0x00000000435dd000 	/System/Library/Frameworks/Metal.framework/Versions/A/Metal
0x00000000435dd000 	/usr/lib/libate.dylib
0x00000000435dd000 	/System/Library/PrivateFrameworks/GPUCompiler.framework/libmetal_timestamp.dylib
0x00000000435dd000 	/System/Library/Frameworks/OpenGL.framework/Versions/A/Libraries/libCoreFSCache.dylib
0x00000000435dd000 	/System/Library/PrivateFrameworks/IOAccelerator.framework/Versions/A/IOAccelerator
0x00000000435dd000 	/System/Library/Frameworks/CoreVideo.framework/Versions/A/CoreVideo
0x00000000435dd000 	/usr/lib/libFosl_dynamic.dylib
0x00000000435dd000 	/System/Library/PrivateFrameworks/MetalPerformanceShaders.framework/Versions/A/MetalPerformanceShaders
0x00000000435dd000 	/System/Library/PrivateFrameworks/FaceCore.framework/Versions/A/FaceCore
0x00000000435dd000 	/System/Library/Frameworks/OpenCL.framework/Versions/A/OpenCL
0x00000000435dd000 	/System/Library/Frameworks/OpenGL.framework/Versions/A/Libraries/libGLU.dylib
0x00000000435dd000 	/System/Library/Frameworks/OpenGL.framework/Versions/A/Libraries/libGFXShared.dylib
0x00000000435dd000 	/System/Library/Frameworks/OpenGL.framework/Versions/A/Libraries/libGL.dylib
0x00000000435dd000 	/System/Library/Frameworks/OpenGL.framework/Versions/A/Libraries/libGLImage.dylib
0x00000000435dd000 	/System/Library/Frameworks/OpenGL.framework/Versions/A/Libraries/libCVMSPluginSupport.dylib
0x00000000435dd000 	/System/Library/Frameworks/OpenGL.framework/Versions/A/Libraries/libCoreVMClient.dylib
0x00000000435dd000 	/System/Library/PrivateFrameworks/CrashReporterSupport.framework/Versions/A/CrashReporterSupport
0x00000000435dd000 	/System/Library/PrivateFrameworks/Sharing.framework/Versions/A/Sharing
0x00000000435dd000 	/System/Library/PrivateFrameworks/IconServices.framework/Versions/A/IconServices
0x00000000435dd000 	/System/Library/PrivateFrameworks/ProtocolBuffer.framework/Versions/A/ProtocolBuffer
0x00000000435dd000 	/System/Library/PrivateFrameworks/Apple80211.framework/Versions/A/Apple80211
0x00000000435dd000 	/System/Library/Frameworks/CoreWLAN.framework/Versions/A/CoreWLAN
0x00000000435dd000 	/System/Library/PrivateFrameworks/CoreUtils.framework/Versions/A/CoreUtils
0x00000000435dd000 	/System/Library/Frameworks/IOBluetooth.framework/Versions/A/IOBluetooth
0x00000000435dd000 	/System/Library/PrivateFrameworks/CoreWiFi.framework/Versions/A/CoreWiFi
0x00000000435dd000 	/System/Library/Frameworks/CoreBluetooth.framework/Versions/A/CoreBluetooth
0x00000000435dd000 	/System/Library/Frameworks/CoreDisplay.framework/Versions/A/CoreDisplay
0x00000000435dd000 	/System/Library/PrivateFrameworks/IOPresentment.framework/Versions/A/IOPresentment
0x00000000435dd000 	/System/Library/PrivateFrameworks/DebugSymbols.framework/Versions/A/DebugSymbols
0x00000000435dd000 	/System/Library/PrivateFrameworks/CoreSymbolication.framework/Versions/A/CoreSymbolication
0x00000000435dd000 	/System/Library/PrivateFrameworks/Symbolication.framework/Versions/A/Symbolication
0x00000000435dd000 	/System/Library/PrivateFrameworks/AppleFSCompression.framework/Versions/A/AppleFSCompression
0x00000000435dd000 	/System/Library/PrivateFrameworks/SpeechRecognitionCore.framework/Versions/A/SpeechRecognitionCore
0x00000000435dd000 	/System/Library/PrivateFrameworks/ChunkingLibrary.framework/Versions/A/ChunkingLibrary
0x000000010b092000 	/Library/Java/JavaVirtualMachines/jdk1.8.0_144.jdk/Contents/Home/jre/lib/server/libjvm.dylib
0x00000000435dd000 	/usr/lib/libstdc++.6.dylib
0x00000001099d1000 	/Library/Java/JavaVirtualMachines/jdk1.8.0_144.jdk/Contents/Home/jre/lib/libverify.dylib
0x000000010aa00000 	/Library/Java/JavaVirtualMachines/jdk1.8.0_144.jdk/Contents/Home/jre/lib/libjava.dylib
0x00000001099e9000 	/Library/Java/JavaVirtualMachines/jdk1.8.0_144.jdk/Contents/Home/jre/lib/libzip.dylib
0x000000011faf3000 	/System/Library/Frameworks/JavaVM.framework/Frameworks/JavaRuntimeSupport.framework/JavaRuntimeSupport
0x000000011fb0d000 	/System/Library/Frameworks/JavaVM.framework/Versions/A/Frameworks/JavaNativeFoundation.framework/Versions/A/JavaNativeFoundation
0x00000001099f3000 	/System/Library/Frameworks/JavaVM.framework/Versions/A/JavaVM
0x00000000435dd000 	/System/Library/Frameworks/Carbon.framework/Versions/A/Carbon
0x000000010aff6000 	/System/Library/PrivateFrameworks/JavaLaunching.framework/Versions/A/JavaLaunching
0x00000000435dd000 	/System/Library/Frameworks/Carbon.framework/Versions/A/Frameworks/CommonPanels.framework/Versions/A/CommonPanels
0x00000000435dd000 	/System/Library/Frameworks/Carbon.framework/Versions/A/Frameworks/Help.framework/Versions/A/Help
0x00000000435dd000 	/System/Library/Frameworks/Carbon.framework/Versions/A/Frameworks/ImageCapture.framework/Versions/A/ImageCapture
0x00000000435dd000 	/System/Library/Frameworks/Carbon.framework/Versions/A/Frameworks/OpenScripting.framework/Versions/A/OpenScripting
0x00000000435dd000 	/System/Library/Frameworks/Carbon.framework/Versions/A/Frameworks/Print.framework/Versions/A/Print
0x00000000435dd000 	/System/Library/Frameworks/Carbon.framework/Versions/A/Frameworks/SecurityHI.framework/Versions/A/SecurityHI
0x000000012143a000 	/Library/Java/JavaVirtualMachines/jdk1.8.0_144.jdk/Contents/Home/jre/lib/libnet.dylib
0x0000000121499000 	/Library/Java/JavaVirtualMachines/jdk1.8.0_144.jdk/Contents/Home/jre/lib/libnio.dylib
0x00000001218f3000 	/Library/Java/JavaVirtualMachines/jdk1.8.0_144.jdk/Contents/Home/jre/lib/libmanagement.dylib
0x0000000121901000 	/Users/jasmina/ABH/eRestoran/target/jnotify/native_libraries/64bits/libjnotify.jnilib
0x0000000121eb8000 	/Library/Java/JavaVirtualMachines/jdk1.8.0_144.jdk/Contents/Home/jre/lib/libsunec.dylib

VM Arguments:
jvm_args: -Dfile.encoding=UTF8 -Djline.terminal=none -Dsbt.log.noformat=true -Dsbt.global.base=/private/var/folders/96/cw4ykw9n6z1d7rb_n0k307400000gn/T/sbt-global-pluginstub -Xms512M -Xmx1024M -Xss1M -XX:+CMSClassUnloadingEnabled -XX:MaxPermSize=256M 
java_command: xsbt.boot.Boot project root run
java_class_path (initial): /Users/jasmina/Library/Application Support/IntelliJIdea2017.2/Scala/launcher/sbt-launch.jar
Launcher Type: SUN_STANDARD

Environment Variables:
PATH=/usr/local/opt/node@6/bin:/usr/local/bin:/usr/bin:/bin:/usr/sbin:/sbin
SHELL=/bin/bash

Signal Handlers:
SIGSEGV: [libjvm.dylib+0x5b26e5], sa_mask[0]=11111111011111110111111111111111, sa_flags=SA_ONSTACK|SA_RESTART|SA_SIGINFO
SIGBUS: [libjvm.dylib+0x5b26e5], sa_mask[0]=11111111011111110111111111111111, sa_flags=SA_RESTART|SA_SIGINFO
SIGFPE: [libjvm.dylib+0x489100], sa_mask[0]=11111111011111110111111111111111, sa_flags=SA_RESTART|SA_SIGINFO
SIGPIPE: [libjvm.dylib+0x489100], sa_mask[0]=11111111011111110111111111111111, sa_flags=SA_RESTART|SA_SIGINFO
SIGXFSZ: [libjvm.dylib+0x489100], sa_mask[0]=11111111011111110111111111111111, sa_flags=SA_RESTART|SA_SIGINFO
SIGILL: [libjvm.dylib+0x489100], sa_mask[0]=11111111011111110111111111111111, sa_flags=SA_RESTART|SA_SIGINFO
SIGUSR1: SIG_DFL, sa_mask[0]=00000000000000000000000000000000, sa_flags=none
SIGUSR2: [libjvm.dylib+0x488c1e], sa_mask[0]=00100000000000000000000000000000, sa_flags=SA_RESTART|SA_SIGINFO
SIGHUP: [libjvm.dylib+0x4871f5], sa_mask[0]=11111111011111110111111111111111, sa_flags=SA_RESTART|SA_SIGINFO
SIGINT: [libjvm.dylib+0x4871f5], sa_mask[0]=11111111011111110111111111111111, sa_flags=SA_RESTART|SA_SIGINFO
SIGTERM: [libjvm.dylib+0x4871f5], sa_mask[0]=11111111011111110111111111111111, sa_flags=SA_RESTART|SA_SIGINFO
SIGQUIT: [libjvm.dylib+0x4871f5], sa_mask[0]=11111111011111110111111111111111, sa_flags=SA_RESTART|SA_SIGINFO


---------------  S Y S T E M  ---------------

OS:Bsduname:Darwin 16.1.0 Darwin Kernel Version 16.1.0: Wed Oct 19 20:31:56 PDT 2016; root:xnu-3789.21.4~4/RELEASE_X86_64 x86_64
rlimit: STACK 8192k, CORE 0k, NPROC 709, NOFILE 10240, AS infinity
load average:3.22 2.86 2.54

CPU:total 8 (initial active 8) (4 cores per cpu, 2 threads per core) family 6 model 70 stepping 1, cmov, cx8, fxsr, mmx, sse, sse2, sse3, ssse3, sse4.1, sse4.2, popcnt, avx, avx2, aes, clmul, erms, lzcnt, ht, tsc, tscinvbit, bmi1, bmi2

Memory: 4k page, physical 8388608k(293184k free)

/proc/meminfo:


vm_info: Java HotSpot(TM) 64-Bit Server VM (25.144-b01) for bsd-amd64 JRE (1.8.0_144-b01), built on Jul 21 2017 22:07:42 by "java_re" with gcc 4.2.1 (Based on Apple Inc. build 5658) (LLVM build 2336.11.00)

time: Mon Oct 16 15:04:59 2017
elapsed time: 948 seconds (0d 0h 15m 48s)

