#
# A fatal error has been detected by the Java Runtime Environment:
#
#  SIGSEGV (0xb) at pc=0x000000010c82ab1e, pid=3919, tid=0x0000000000007103
#
# JRE version: Java(TM) SE Runtime Environment (8.0_144-b01) (build 1.8.0_144-b01)
# Java VM: Java HotSpot(TM) 64-Bit Server VM (25.144-b01 mixed mode bsd-amd64 compressed oops)
# Problematic frame:
# J 7732 C2 java.io.File.<init>(Ljava/lang/String;)V (47 bytes) @ 0x000000010c82ab1e [0x000000010c82aae0+0x3e]
#
# Failed to write core dump. Core dumps have been disabled. To enable core dumping, try "ulimit -c unlimited" before starting Java again
#
# If you would like to submit a bug report, please visit:
#   http://bugreport.java.com/bugreport/crash.jsp
#

---------------  T H R E A D  ---------------

Current thread (0x00007fa778be9000):  JavaThread "FSEvent thread" daemon [_thread_in_Java, id=28931, stack(0x000070000e7ed000,0x000070000e8ed000)]

siginfo: si_signo: 11 (SIGSEGV), si_code: 1 (SEGV_MAPERR), si_addr: 0x00000007732096a4

Registers:
RAX=0x00000007b0d2a388, RBX=0x00000007b0d2a268, RCX=0x0000000000000000, RDX=0x0000000773209698
RSP=0x000070000e8e6080, RBP=0x000000000000000f, RSI=0x00000007b0d2a388, RDI=0x000000011ca5f4e0
R8 =0x00000007b0d2a2b8, R9 =0x00000007b0d2a298, R10=0x0000000000000001, R11=0x0000000781a39220
R12=0x0000000000000000, R13=0x0000000781a39220, R14=0x00000000f03fb02e, R15=0x00007fa778be9000
RIP=0x000000010c82ab1e, EFLAGS=0x0000000000010202, ERR=0x0000000000000004
  TRAPNO=0x000000000000000e

Top of Stack: (sp=0x000070000e8e6080)
0x000070000e8e6080:   00000007b0d295b0 00000007b0d2a388
0x000070000e8e6090:   0000000100000001 00000007b0ce8570
0x000070000e8e60a0:   0000000000000000 000000010d156300
0x000070000e8e60b0:   00000007b0ce4600 0000000000000206
0x000070000e8e60c0:   000000000000000f 000000010b90d96c
0x000070000e8e60d0:   000070000e8e60d0 000000011ca57103
0x000070000e8e60e0:   000070000e8e6140 000000011ca574e0
0x000070000e8e60f0:   000000011ca5fc08 000000011ca57138
0x000070000e8e6100:   0000000000000000 000070000e8e6150
0x000070000e8e6110:   00000000f0344407 00000007b0d2a268
0x000070000e8e6120:   0000000781a39220 00000007b0d2a388
0x000070000e8e6130:   00000007b0d2a298 0000000000000000
0x000070000e8e6140:   000000000000000f 000000010cb4e608
0x000070000e8e6150:   0000000000000080 0000000000000000
0x000070000e8e6160:   00000007c0011338 0000000000000000
0x000070000e8e6170:   0000000781a39220 00000007b0d2a298
0x000070000e8e6180:   00000007b0d2a268 00000007c09c2d58
0x000070000e8e6190:   0000000000000188 000000011ca5cf18
0x000070000e8e61a0:   000070000e8e6390 000000010bc054ec
0x000070000e8e61b0:   00000001070eb480 0000000000000000
0x000070000e8e61c0:   00000001070e8e50 0000000000000000
0x000070000e8e61d0:   000070000e8e61f8 000070000e8e6240
0x000070000e8e61e0:   000000010b7772bd 0000000000000000
0x000070000e8e61f0:   0000000000000000 0000000781bad768
0x000070000e8e6200:   000070000e8e6200 000000011ddee65f
0x000070000e8e6210:   000070000e8e6260 000000011ca53028
0x000070000e8e6220:   0000000000000000 000000011ddee698
0x000070000e8e6230:   00007fa773209698 0000700000000001
0x000070000e8e6240:   000070000e8e62a8 000000010b7772bd
0x000070000e8e6250:   000000010b7772bd 0000000000000000
0x000070000e8e6260:   0000000781fd8130 000070000e8e6268
0x000070000e8e6270:   000000011ca53cbd 000070000e8e62c0 

Instructions: (pc=0x000000010c82ab1e)
0x000000010c82aafe:   66 90 89 84 24 00 c0 fe ff 55 48 83 ec 40 48 89
0x000000010c82ab0e:   74 24 08 44 89 66 14 48 85 d2 0f 84 7d 02 00 00
0x000000010c82ab1e:   44 8b 4a 0c 47 8b 5c cc 0c 48 bd 00 70 d6 00 01
0x000000010c82ab2e:   00 00 00 45 85 db 0f 8e 0d 02 00 00 45 85 db 0f 

Register to memory mapping:

RAX=0x00000007b0d2a388 is an oop
java.io.File 
 - klass: 'java/io/File'
RBX=0x00000007b0d2a268 is an oop
net.contentobjects.jnotify.macosx.JNotifyAdapterMacOSX$ScanJob 
 - klass: 'net/contentobjects/jnotify/macosx/JNotifyAdapterMacOSX$ScanJob'
RCX=0x0000000000000000 is an unknown value
RDX=0x0000000773209698 is an unknown value
RSP=0x000070000e8e6080 is pointing into the stack for thread: 0x00007fa778be9000
RBP=0x000000000000000f is an unknown value
RSI=0x00000007b0d2a388 is an oop
java.io.File 
 - klass: 'java/io/File'
RDI=0x000000011ca5f4e0 is pointing into metadata
R8 =0x00000007b0d2a2b8 is an oop
java.util.TreeSet 
 - klass: 'java/util/TreeSet'
R9 =0x00000007b0d2a298 is an oop
net.contentobjects.jnotify.macosx.JNotifyAdapterMacOSX$JNEvents 
 - klass: 'net/contentobjects/jnotify/macosx/JNotifyAdapterMacOSX$JNEvents'
R10=0x0000000000000001 is an unknown value
R11=0x0000000781a39220 is an oop
net.contentobjects.jnotify.macosx.JNotifyAdapterMacOSX$WatchData 
 - klass: 'net/contentobjects/jnotify/macosx/JNotifyAdapterMacOSX$WatchData'
R12=0x0000000000000000 is an unknown value
R13=0x0000000781a39220 is an oop
net.contentobjects.jnotify.macosx.JNotifyAdapterMacOSX$WatchData 
 - klass: 'net/contentobjects/jnotify/macosx/JNotifyAdapterMacOSX$WatchData'
R14=0x00000000f03fb02e is an unknown value
R15=0x00007fa778be9000 is a thread


Stack: [0x000070000e7ed000,0x000070000e8ed000],  sp=0x000070000e8e6080,  free space=996k
Native frames: (J=compiled Java code, j=interpreted, Vv=VM code, C=native code)
J 7732 C2 java.io.File.<init>(Ljava/lang/String;)V (47 bytes) @ 0x000000010c82ab1e [0x000000010c82aae0+0x3e]
J 10687 C1 net.contentobjects.jnotify.macosx.JNotifyAdapterMacOSX$WatchData.access$000(Lnet/contentobjects/jnotify/macosx/JNotifyAdapterMacOSX$WatchData;Lnet/contentobjects/jnotify/macosx/JNotifyAdapterMacOSX$ScanJob;Lnet/contentobjects/jnotify/macosx/JNotifyAdapterMacOSX$JNEvents;)V (7 bytes) @ 0x000000010b90d96c [0x000000010b90d860+0x10c]
J 10685 C2 net.contentobjects.jnotify.macosx.JNotifyAdapterMacOSX.batchEndEvent(I)V (815 bytes) @ 0x000000010cb4e608 [0x000000010cb4e240+0x3c8]
j  net.contentobjects.jnotify.macosx.JNotifyAdapterMacOSX$1.batchEnd(I)V+5
j  net.contentobjects.jnotify.macosx.JNotify_macosx.callbackInBatch(IZ)V+26
v  ~StubRoutines::call_stub
V  [libjvm.dylib+0x2ee70a]
V  [libjvm.dylib+0x3258b9]
V  [libjvm.dylib+0x318087]
C  [libjnotify.jnilib+0x1585]  fsevent_callback+0x115
C  [FSEvents+0x3b03]  implementation_callback_rpc+0x75b
C  [FSEvents+0x1702]  _Xcallback_rpc+0xfe
C  [FSEvents+0x17c9]  FSEventsD2F_server+0x37
C  [FSEvents+0x6fed]  FSEventsClientProcessMessageCallback+0x2c
C  [CoreFoundation+0x9030d]  __CFMachPortPerform+0xfd
C  [CoreFoundation+0x901f9]  __CFRUNLOOP_IS_CALLING_OUT_TO_A_SOURCE1_PERFORM_FUNCTION__+0x29
C  [CoreFoundation+0x90171]  __CFRunLoopDoSource1+0x1d1
C  [CoreFoundation+0x880c5]  __CFRunLoopRun+0x955
C  [CoreFoundation+0x87514]  CFRunLoopRunSpecific+0x1a4
C  [CoreFoundation+0xc6bb1]  CFRunLoopRun+0x61
j  net.contentobjects.jnotify.macosx.JNotify_macosx.nativeNotifyLoop()V+0
j  net.contentobjects.jnotify.macosx.JNotify_macosx.access$400()V+0
j  net.contentobjects.jnotify.macosx.JNotify_macosx$1.run()V+65
v  ~StubRoutines::call_stub
V  [libjvm.dylib+0x2ee70a]
V  [libjvm.dylib+0x2eeeae]
V  [libjvm.dylib+0x2ef05a]
V  [libjvm.dylib+0x3497b1]
V  [libjvm.dylib+0x56c0b3]
V  [libjvm.dylib+0x56d7a0]
V  [libjvm.dylib+0x48baee]
C  [libsystem_pthread.dylib+0x3aab]  _pthread_body+0xb4
C  [libsystem_pthread.dylib+0x39f7]  _pthread_body+0x0
C  [libsystem_pthread.dylib+0x3221]  thread_start+0xd
C  0x0000000000000000


---------------  P R O C E S S  ---------------

Java Threads: ( => current thread )
  0x00007fa7758af800 JavaThread "ForkJoinPool.commonPool-worker-6" daemon [_thread_blocked, id=38683, stack(0x000070000dfd5000,0x000070000e0d5000)]
  0x00007fa775808800 JavaThread "play-dev-mode-akka.actor.default-dispatcher-17" [_thread_blocked, id=4375, stack(0x000070000f71a000,0x000070000f81a000)]
  0x00007fa775807800 JavaThread "play-dev-mode-akka.actor.default-dispatcher-16" [_thread_blocked, id=36627, stack(0x000070000f617000,0x000070000f717000)]
  0x00007fa77a42e800 JavaThread "play-dev-mode-akka.actor.default-dispatcher-15" [_thread_blocked, id=36371, stack(0x000070000f514000,0x000070000f614000)]
  0x00007fa77a42e000 JavaThread "play-dev-mode-akka.actor.default-dispatcher-14" [_thread_blocked, id=4899, stack(0x000070000f411000,0x000070000f511000)]
  0x00007fa778da5800 JavaThread "play-dev-mode-akka.actor.default-dispatcher-13" [_thread_blocked, id=36891, stack(0x000070000f30e000,0x000070000f40e000)]
  0x00007fa77a42d000 JavaThread "play-dev-mode-akka.actor.default-dispatcher-12" [_thread_blocked, id=35347, stack(0x000070000f20b000,0x000070000f30b000)]
  0x00007fa775872000 JavaThread "play-dev-mode-akka.actor.default-dispatcher-10" [_thread_blocked, id=35607, stack(0x000070000e9f3000,0x000070000eaf3000)]
  0x00007fa77acb2800 JavaThread "play-dev-mode-akka.actor.default-dispatcher-8" [_thread_blocked, id=24595, stack(0x000070000e0d8000,0x000070000e1d8000)]
  0x00007fa773eac000 JavaThread "com.google.common.base.internal.Finalizer" daemon [_thread_blocked, id=34819, stack(0x000070000f005000,0x000070000f105000)]
  0x00007fa77ae93800 JavaThread "HikariPool-1 housekeeper" daemon [_thread_blocked, id=33543, stack(0x000070000edff000,0x000070000eeff000)]
  0x00007fa77ad8c800 JavaThread "PostgreSQL-JDBC-SharedTimer-1" daemon [_thread_blocked, id=33287, stack(0x000070000ecfc000,0x000070000edfc000)]
  0x00007fa772146000 JavaThread "application-akka.actor.default-dispatcher-4" [_thread_blocked, id=5143, stack(0x000070000ebf9000,0x000070000ecf9000)]
  0x00007fa77966a000 JavaThread "application-scheduler-1" [_thread_blocked, id=32783, stack(0x000070000e8f0000,0x000070000e9f0000)]
  0x00007fa775184800 JavaThread "__DEFAULT__" daemon [_thread_blocked, id=32523, stack(0x000070000e6ea000,0x000070000e7ea000)]
  0x00007fa7788f1000 JavaThread "AsyncAppender-Worker-ASYNCSTDOUT" daemon [_thread_blocked, id=32267, stack(0x000070000e5e7000,0x000070000e6e7000)]
  0x00007fa775088000 JavaThread "AsyncAppender-Worker-ASYNCFILE" daemon [_thread_blocked, id=5395, stack(0x000070000e3e1000,0x000070000e4e1000)]
  0x00007fa7777f7800 JavaThread "play-dev-mode-akka.io.pinned-dispatcher-5" [_thread_in_native, id=27911, stack(0x000070000e1db000,0x000070000e2db000)]
  0x00007fa7761d1800 JavaThread "play-dev-mode-akka.actor.default-dispatcher-2" [_thread_blocked, id=23315, stack(0x000070000ded2000,0x000070000dfd2000)]
  0x00007fa773e8b800 JavaThread "play-dev-mode-scheduler-1" [_thread_blocked, id=25623, stack(0x000070000dccc000,0x000070000ddcc000)]
  0x00007fa779001000 JavaThread "reloader-timer" daemon [_thread_blocked, id=26887, stack(0x000070000dbc9000,0x000070000dcc9000)]
=>0x00007fa778be9000 JavaThread "FSEvent thread" daemon [_thread_in_Java, id=28931, stack(0x000070000e7ed000,0x000070000e8ed000)]
  0x00007fa775044800 JavaThread "pool-4-thread-7" [_thread_in_native, id=27395, stack(0x000070000e4e4000,0x000070000e5e4000)]
  0x00007fa777eb7800 JavaThread "sbt-web-akka.actor.default-dispatcher-4" [_thread_blocked, id=23823, stack(0x000070000ddcf000,0x000070000decf000)]
  0x00007fa77a00b000 JavaThread "sbt-web-scheduler-1" [_thread_blocked, id=23055, stack(0x000070000dac6000,0x000070000dbc6000)]
  0x00007fa772826800 JavaThread "Service Thread" daemon [_thread_blocked, id=21251, stack(0x000070000d8c0000,0x000070000d9c0000)]
  0x00007fa772825800 JavaThread "C1 CompilerThread3" daemon [_thread_blocked, id=20739, stack(0x000070000d7bd000,0x000070000d8bd000)]
  0x00007fa771810800 JavaThread "C2 CompilerThread2" daemon [_thread_blocked, id=20227, stack(0x000070000d6ba000,0x000070000d7ba000)]
  0x00007fa772819000 JavaThread "C2 CompilerThread1" daemon [_thread_blocked, id=19715, stack(0x000070000d5b7000,0x000070000d6b7000)]
  0x00007fa77180f800 JavaThread "C2 CompilerThread0" daemon [_thread_blocked, id=19203, stack(0x000070000d4b4000,0x000070000d5b4000)]
  0x00007fa77180e800 JavaThread "Signal Dispatcher" daemon [_thread_blocked, id=18691, stack(0x000070000d3b1000,0x000070000d4b1000)]
  0x00007fa774029800 JavaThread "Finalizer" daemon [_thread_blocked, id=14595, stack(0x000070000d2ae000,0x000070000d3ae000)]
  0x00007fa771803800 JavaThread "Reference Handler" daemon [_thread_blocked, id=14083, stack(0x000070000d1ab000,0x000070000d2ab000)]
  0x00007fa773801800 JavaThread "main" [_thread_blocked, id=7171, stack(0x000070000c78d000,0x000070000c88d000)]

Other Threads:
  0x00007fa77280d800 VMThread [stack: 0x000070000d0a8000,0x000070000d1a8000] [id=13571]
  0x00007fa771800800 WatcherThread [stack: 0x000070000d9c3000,0x000070000dac3000] [id=21763]

VM state:not at safepoint (normal execution)

VM Mutex/Monitor currently owned by a thread: None

Heap:
 PSYoungGen      total 232960K, used 102933K [0x00000007aab00000, 0x00000007c0000000, 0x00000007c0000000)
  eden space 116736K, 86% used [0x00000007aab00000,0x00000007b0d6d558,0x00000007b1d00000)
  from space 116224K, 1% used [0x00000007b8e80000,0x00000007b9098020,0x00000007c0000000)
  to   space 116224K, 0% used [0x00000007b1d00000,0x00000007b1d00000,0x00000007b8e80000)
 ParOldGen       total 699392K, used 115439K [0x0000000780000000, 0x00000007aab00000, 0x00000007aab00000)
  object space 699392K, 16% used [0x0000000780000000,0x00000007870bbda0,0x00000007aab00000)
 Metaspace       used 116249K, capacity 120908K, committed 121048K, reserved 1150976K
  class space    used 19088K, capacity 19583K, committed 19672K, reserved 1048576K

Card table byte_map: [0x0000000104967000,0x0000000104b68000] byte_map_base: 0x0000000100d67000

Marking Bits: (ParMarkBitMap*) 0x0000000103ef35d0
 Begin Bits: [0x0000000104cbe000, 0x0000000105cbe000)
 End Bits:   [0x0000000105cbe000, 0x0000000106cbe000)

Polling page: 0x00000001024c6000

CodeCache: size=245760Kb used=26509Kb max_used=26509Kb free=219251Kb
 bounds [0x000000010b76f000, 0x000000010d17f000, 0x000000011a76f000]
 total_blobs=10342 nmethods=9647 adapters=606
 compilation: enabled

Compilation events (10 events):
Event: 807.862 Thread 0x00007fa772825800 nmethod 11919 0x000000010d1757d0 code [0x000000010d175940, 0x000000010d175ba8]
Event: 807.862 Thread 0x00007fa772825800 11921       3       akka.stream.stage.GraphStageLogic::pull (101 bytes)
Event: 807.863 Thread 0x00007fa771810800 nmethod 11920 0x000000010ba5a650 code [0x000000010ba5a780, 0x000000010ba5a7b8]
Event: 807.864 Thread 0x00007fa772825800 nmethod 11921 0x000000010d17b990 code [0x000000010d17bc40, 0x000000010d17d558]
Event: 807.864 Thread 0x00007fa772825800 11922       3       akka.stream.impl.fusing.GraphInterpreter::chasePull (39 bytes)
Event: 807.864 Thread 0x00007fa772825800 nmethod 11922 0x000000010d17b210 code [0x000000010d17b3a0, 0x000000010d17b7f0]
Event: 807.864 Thread 0x00007fa772825800 11923       3       akka.stream.impl.fusing.GraphInterpreter::processPull (29 bytes)
Event: 807.864 Thread 0x00007fa772825800 nmethod 11923 0x000000010d17a990 code [0x000000010d17ab20, 0x000000010d17b0c8]
Event: 807.864 Thread 0x00007fa772825800 11924       1       akka.actor.LocalRef::isLocal (2 bytes)
Event: 807.864 Thread 0x00007fa772825800 nmethod 11924 0x000000010d17a6d0 code [0x000000010d17a820, 0x000000010d17a930]

GC Heap History (10 events):
Event: 646.004 GC heap before
{Heap before GC invocations=124 (full 20):
 PSYoungGen      total 232448K, used 116736K [0x00000007aab00000, 0x00000007c0000000, 0x00000007c0000000)
  eden space 116736K, 100% used [0x00000007aab00000,0x00000007b1d00000,0x00000007b1d00000)
  from space 115712K, 0% used [0x00000007b8f00000,0x00000007b8f00000,0x00000007c0000000)
  to   space 116224K, 0% used [0x00000007b1d00000,0x00000007b1d00000,0x00000007b8e80000)
 ParOldGen       total 699392K, used 639678K [0x0000000780000000, 0x00000007aab00000, 0x00000007aab00000)
  object space 699392K, 91% used [0x0000000780000000,0x00000007a70af9d0,0x00000007aab00000)
 Metaspace       used 106891K, capacity 111488K, committed 111704K, reserved 1142784K
  class space    used 17772K, capacity 18240K, committed 18264K, reserved 1048576K
Event: 646.123 GC heap after
Heap after GC invocations=124 (full 20):
 PSYoungGen      total 232448K, used 0K [0x00000007aab00000, 0x00000007c0000000, 0x00000007c0000000)
  eden space 116736K, 0% used [0x00000007aab00000,0x00000007aab00000,0x00000007b1d00000)
  from space 115712K, 0% used [0x00000007b8f00000,0x00000007b8f00000,0x00000007c0000000)
  to   space 116224K, 0% used [0x00000007b1d00000,0x00000007b1d00000,0x00000007b8e80000)
 ParOldGen       total 699392K, used 110473K [0x0000000780000000, 0x00000007aab00000, 0x00000007aab00000)
  object space 699392K, 15% used [0x0000000780000000,0x0000000786be2488,0x00000007aab00000)
 Metaspace       used 106688K, capacity 111020K, committed 111704K, reserved 1142784K
  class space    used 17710K, capacity 18161K, committed 18264K, reserved 1048576K
}
Event: 647.256 GC heap before
{Heap before GC invocations=125 (full 20):
 PSYoungGen      total 232448K, used 116736K [0x00000007aab00000, 0x00000007c0000000, 0x00000007c0000000)
  eden space 116736K, 100% used [0x00000007aab00000,0x00000007b1d00000,0x00000007b1d00000)
  from space 115712K, 0% used [0x00000007b8f00000,0x00000007b8f00000,0x00000007c0000000)
  to   space 116224K, 0% used [0x00000007b1d00000,0x00000007b1d00000,0x00000007b8e80000)
 ParOldGen       total 699392K, used 110473K [0x0000000780000000, 0x00000007aab00000, 0x00000007aab00000)
  object space 699392K, 15% used [0x0000000780000000,0x0000000786be2488,0x00000007aab00000)
 Metaspace       used 115724K, capacity 120322K, committed 120408K, reserved 1150976K
  class space    used 19009K, capacity 19518K, committed 19544K, reserved 1048576K
Event: 647.263 GC heap after
Heap after GC invocations=125 (full 20):
 PSYoungGen      total 232960K, used 9762K [0x00000007aab00000, 0x00000007c0000000, 0x00000007c0000000)
  eden space 116736K, 0% used [0x00000007aab00000,0x00000007aab00000,0x00000007b1d00000)
  from space 116224K, 8% used [0x00000007b1d00000,0x00000007b2688bd0,0x00000007b8e80000)
  to   space 116224K, 0% used [0x00000007b8e80000,0x00000007b8e80000,0x00000007c0000000)
 ParOldGen       total 699392K, used 110481K [0x0000000780000000, 0x00000007aab00000, 0x00000007aab00000)
  object space 699392K, 15% used [0x0000000780000000,0x0000000786be4488,0x00000007aab00000)
 Metaspace       used 115724K, capacity 120322K, committed 120408K, reserved 1150976K
  class space    used 19009K, capacity 19518K, committed 19544K, reserved 1048576K
}
Event: 727.104 GC heap before
{Heap before GC invocations=126 (full 20):
 PSYoungGen      total 232960K, used 126498K [0x00000007aab00000, 0x00000007c0000000, 0x00000007c0000000)
  eden space 116736K, 100% used [0x00000007aab00000,0x00000007b1d00000,0x00000007b1d00000)
  from space 116224K, 8% used [0x00000007b1d00000,0x00000007b2688bd0,0x00000007b8e80000)
  to   space 116224K, 0% used [0x00000007b8e80000,0x00000007b8e80000,0x00000007c0000000)
 ParOldGen       total 699392K, used 110481K [0x0000000780000000, 0x00000007aab00000, 0x00000007aab00000)
  object space 699392K, 15% used [0x0000000780000000,0x0000000786be4488,0x00000007aab00000)
 Metaspace       used 116179K, capacity 120830K, committed 121048K, reserved 1150976K
  class space    used 19087K, capacity 19582K, committed 19672K, reserved 1048576K
Event: 727.147 GC heap after
Heap after GC invocations=126 (full 20):
 PSYoungGen      total 232960K, used 2048K [0x00000007aab00000, 0x00000007c0000000, 0x00000007c0000000)
  eden space 116736K, 0% used [0x00000007aab00000,0x00000007aab00000,0x00000007b1d00000)
  from space 116224K, 1% used [0x00000007b8e80000,0x00000007b9080050,0x00000007c0000000)
  to   space 116224K, 0% used [0x00000007b1d00000,0x00000007b1d00000,0x00000007b8e80000)
 ParOldGen       total 699392K, used 112560K [0x0000000780000000, 0x00000007aab00000, 0x00000007aab00000)
  object space 699392K, 16% used [0x0000000780000000,0x0000000786dec000,0x00000007aab00000)
 Metaspace       used 116179K, capacity 120830K, committed 121048K, reserved 1150976K
  class space    used 19087K, capacity 19582K, committed 19672K, reserved 1048576K
}
Event: 789.437 GC heap before
{Heap before GC invocations=127 (full 20):
 PSYoungGen      total 232960K, used 118784K [0x00000007aab00000, 0x00000007c0000000, 0x00000007c0000000)
  eden space 116736K, 100% used [0x00000007aab00000,0x00000007b1d00000,0x00000007b1d00000)
  from space 116224K, 1% used [0x00000007b8e80000,0x00000007b9080050,0x00000007c0000000)
  to   space 116224K, 0% used [0x00000007b1d00000,0x00000007b1d00000,0x00000007b8e80000)
 ParOldGen       total 699392K, used 112560K [0x0000000780000000, 0x00000007aab00000, 0x00000007aab00000)
  object space 699392K, 16% used [0x0000000780000000,0x0000000786dec000,0x00000007aab00000)
 Metaspace       used 116220K, capacity 120840K, committed 121048K, reserved 1150976K
  class space    used 19088K, capacity 19583K, committed 19672K, reserved 1048576K
Event: 789.445 GC heap after
Heap after GC invocations=127 (full 20):
 PSYoungGen      total 232960K, used 1792K [0x00000007aab00000, 0x00000007c0000000, 0x00000007c0000000)
  eden space 116736K, 0% used [0x00000007aab00000,0x00000007aab00000,0x00000007b1d00000)
  from space 116224K, 1% used [0x00000007b1d00000,0x00000007b1ec0010,0x00000007b8e80000)
  to   space 116224K, 0% used [0x00000007b8e80000,0x00000007b8e80000,0x00000007c0000000)
 ParOldGen       total 699392K, used 114183K [0x0000000780000000, 0x00000007aab00000, 0x00000007aab00000)
  object space 699392K, 16% used [0x0000000780000000,0x0000000786f81d90,0x00000007aab00000)
 Metaspace       used 116220K, capacity 120840K, committed 121048K, reserved 1150976K
  class space    used 19088K, capacity 19583K, committed 19672K, reserved 1048576K
}
Event: 812.159 GC heap before
{Heap before GC invocations=128 (full 20):
 PSYoungGen      total 232960K, used 118528K [0x00000007aab00000, 0x00000007c0000000, 0x00000007c0000000)
  eden space 116736K, 100% used [0x00000007aab00000,0x00000007b1d00000,0x00000007b1d00000)
  from space 116224K, 1% used [0x00000007b1d00000,0x00000007b1ec0010,0x00000007b8e80000)
  to   space 116224K, 0% used [0x00000007b8e80000,0x00000007b8e80000,0x00000007c0000000)
 ParOldGen       total 699392K, used 114183K [0x0000000780000000, 0x00000007aab00000, 0x00000007aab00000)
  object space 699392K, 16% used [0x0000000780000000,0x0000000786f81d90,0x00000007aab00000)
 Metaspace       used 116249K, capacity 120908K, committed 121048K, reserved 1150976K
  class space    used 19088K, capacity 19583K, committed 19672K, reserved 1048576K
Event: 812.165 GC heap after
Heap after GC invocations=128 (full 20):
 PSYoungGen      total 232960K, used 2144K [0x00000007aab00000, 0x00000007c0000000, 0x00000007c0000000)
  eden space 116736K, 0% used [0x00000007aab00000,0x00000007aab00000,0x00000007b1d00000)
  from space 116224K, 1% used [0x00000007b8e80000,0x00000007b9098020,0x00000007c0000000)
  to   space 116224K, 0% used [0x00000007b1d00000,0x00000007b1d00000,0x00000007b8e80000)
 ParOldGen       total 699392K, used 115439K [0x0000000780000000, 0x00000007aab00000, 0x00000007aab00000)
  object space 699392K, 16% used [0x0000000780000000,0x00000007870bbda0,0x00000007aab00000)
 Metaspace       used 116249K, capacity 120908K, committed 121048K, reserved 1150976K
  class space    used 19088K, capacity 19583K, committed 19672K, reserved 1048576K
}

Deoptimization events (10 events):
Event: 647.076 Thread 0x00007fa772146000 Uncommon trap: reason=unstable_if action=reinterpret pc=0x000000010b93d6c4 method=java.util.Collections.unmodifiableList(Ljava/util/List;)Ljava/util/List; @ 4
Event: 647.076 Thread 0x00007fa779174000 Uncommon trap: reason=unstable_if action=reinterpret pc=0x000000010b93d6c4 method=java.util.Collections.unmodifiableList(Ljava/util/List;)Ljava/util/List; @ 4
Event: 647.272 Thread 0x00007fa779174000 Uncommon trap: reason=class_check action=maybe_recompile pc=0x000000010ba55bc4 method=java.lang.reflect.Array.newInstance(Ljava/lang/Class;I)Ljava/lang/Object; @ 2
Event: 647.272 Thread 0x00007fa779174000 Uncommon trap: reason=unstable_if action=reinterpret pc=0x000000010cd3dc10 method=java.util.HashMap.putMapEntries(Ljava/util/Map;Z)V @ 53
Event: 647.276 Thread 0x00007fa779174000 Uncommon trap: reason=unstable_if action=reinterpret pc=0x000000010cfe1260 method=java.lang.invoke.MethodType$ConcurrentWeakInternSet$WeakEntry.equals(Ljava/lang/Object;)Z @ 21
Event: 687.062 Thread 0x00007fa772309000 Uncommon trap: reason=class_check action=maybe_recompile pc=0x000000010cf70388 method=sun.nio.ch.IOUtil.write(Ljava/io/FileDescriptor;Ljava/nio/ByteBuffer;JLsun/nio/ch/NativeDispatcher;)I @ 1
Event: 706.738 Thread 0x00007fa7761d1800 Uncommon trap: reason=class_check action=maybe_recompile pc=0x000000010cf70388 method=sun.nio.ch.IOUtil.write(Ljava/io/FileDescriptor;Ljava/nio/ByteBuffer;JLsun/nio/ch/NativeDispatcher;)I @ 1
Event: 747.161 Thread 0x00007fa775872000 Uncommon trap: reason=class_check action=maybe_recompile pc=0x000000010cf70388 method=sun.nio.ch.IOUtil.write(Ljava/io/FileDescriptor;Ljava/nio/ByteBuffer;JLsun/nio/ch/NativeDispatcher;)I @ 1
Event: 749.738 Thread 0x00007fa778be9000 Uncommon trap: reason=unstable_if action=reinterpret pc=0x000000010cf2580c method=net.contentobjects.jnotify.macosx.JNotifyAdapterMacOSX$WatchData.scan(Ljava/io/File;ZLnet/contentobjects/jnotify/macosx/JNotifyAdapterMacOSX$JNEvents;)V @ 433
Event: 807.863 Thread 0x00007fa7761d1800 Uncommon trap: reason=class_check action=maybe_recompile pc=0x000000010cf70388 method=sun.nio.ch.IOUtil.write(Ljava/io/FileDescriptor;Ljava/nio/ByteBuffer;JLsun/nio/ch/NativeDispatcher;)I @ 1

Internal exceptions (10 events):
Event: 647.299 Thread 0x00007fa779174000 Exception <a 'java/lang/NoSuchMethodError': java.lang.Object.$anonfun$maxAge$1$adapted(Lscala/concurrent/duration/FiniteDuration;)Ljava/lang/Object;> (0x00000007aada1078) thrown at [/Users/java_re/workspace/8-2-build-macosx-x86_64/jdk8u144/9417/hotspot/sr
Event: 647.299 Thread 0x00007fa772146000 Exception <a 'java/lang/NoSuchMethodError': java.lang.Object.$anonfun$encodeSetCookieHeader$1(Lplay/core/netty/utils/ServerCookieEncoder;Lplay/api/mvc/Cookie;)Ljava/lang/String;> (0x00000007aaf48ba0) thrown at [/Users/java_re/workspace/8-2-build-macosx-x8
Event: 647.299 Thread 0x00007fa779174000 Exception <a 'java/lang/NoSuchMethodError': java.lang.Object.$anonfun$encodeSetCookieHeader$1(Lplay/core/netty/utils/ServerCookieEncoder;Lplay/api/mvc/Cookie;)Ljava/lang/String;> (0x00000007aada4fa0) thrown at [/Users/java_re/workspace/8-2-build-macosx-x8
Event: 647.299 Thread 0x00007fa772146000 Exception <a 'java/lang/NoSuchMethodError': java.lang.Object.$anonfun$encodeSetCookieHeader$2()I> (0x00000007aaf4dc28) thrown at [/Users/java_re/workspace/8-2-build-macosx-x86_64/jdk8u144/9417/hotspot/src/share/vm/interpreter/linkResolver.cpp, line 582]
Event: 647.300 Thread 0x00007fa779174000 Exception <a 'java/lang/NoSuchMethodError': java.lang.Object.$anonfun$encodeSetCookieHeader$2()I> (0x00000007aada93f0) thrown at [/Users/java_re/workspace/8-2-build-macosx-x86_64/jdk8u144/9417/hotspot/src/share/vm/interpreter/linkResolver.cpp, line 582]
Event: 647.300 Thread 0x00007fa772146000 Exception <a 'java/lang/NoSuchMethodError': java.lang.Object.$anonfun$encodeSetCookieHeader$3$adapted(Lplay/core/netty/utils/DefaultCookie;Ljava/lang/String;)Ljava/lang/Object;> (0x00000007aaf51d38) thrown at [/Users/java_re/workspace/8-2-build-macosx-x86
Event: 647.300 Thread 0x00007fa779174000 Exception <a 'java/lang/NoSuchMethodError': java.lang.Object.$anonfun$encodeSetCookieHeader$3$adapted(Lplay/core/netty/utils/DefaultCookie;Ljava/lang/String;)Ljava/lang/Object;> (0x00000007aadac848) thrown at [/Users/java_re/workspace/8-2-build-macosx-x86
Event: 647.300 Thread 0x00007fa772146000 Exception <a 'java/lang/NoSuchMethodError': java.lang.Object.$anonfun$encodeSetCookieHeader$4(Lplay/api/mvc/Cookie$SameSite;)Ljava/lang/String;> (0x00000007aaf56848) thrown at [/Users/java_re/workspace/8-2-build-macosx-x86_64/jdk8u144/9417/hotspot/src/sha
Event: 647.300 Thread 0x00007fa779174000 Exception <a 'java/lang/NoSuchMethodError': java.lang.Object.$anonfun$encodeSetCookieHeader$4(Lplay/api/mvc/Cookie$SameSite;)Ljava/lang/String;> (0x00000007aadb0798) thrown at [/Users/java_re/workspace/8-2-build-macosx-x86_64/jdk8u144/9417/hotspot/src/sha
Event: 766.751 Thread 0x00007fa778be9000 Exception <a 'java/io/FileNotFoundException': /Users/jasmina/ABH/eRestoran/public/eRestoran_FE/tmp/rollup-cache_path-JsQPsdSe.tmp/node_modules/.bin/í ½í°¹> (0x00000007adedac90) thrown at [/Users/java_re/workspace/8-2-build-macosx-x86_64/jdk8u144/9417/hots

Events (10 events):
Event: 777.162 Executing VM operation: RevokeBias done
Event: 777.162 Thread 0x00007fa772309000 Thread exited: 0x00007fa772309000
Event: 789.437 Executing VM operation: ParallelGCFailedAllocation
Event: 789.445 Executing VM operation: ParallelGCFailedAllocation done
Event: 807.754 Thread 0x00007fa7758af800 Thread added: 0x00007fa7758af800
Event: 807.863 Thread 0x00007fa7761d1800 Uncommon trap: trap_request=0xffffffde fr.pc=0x000000010cf70388
Event: 807.863 Thread 0x00007fa7761d1800 DEOPT PACKING pc=0x000000010cf70388 sp=0x000070000dfd1040
Event: 807.863 Thread 0x00007fa7761d1800 DEOPT UNPACKING pc=0x000000010b774229 sp=0x000070000dfd0ff0 mode 2
Event: 812.159 Executing VM operation: ParallelGCFailedAllocation
Event: 812.165 Executing VM operation: ParallelGCFailedAllocation done


Dynamic libraries:
0x00000000435dd000 	/System/Library/Frameworks/Cocoa.framework/Versions/A/Cocoa
0x00000000435dd000 	/System/Library/Frameworks/Security.framework/Versions/A/Security
0x00000000435dd000 	/System/Library/Frameworks/ApplicationServices.framework/Versions/A/ApplicationServices
0x00000000435dd000 	/usr/lib/libz.1.dylib
0x00000000435dd000 	/usr/lib/libSystem.B.dylib
0x00000000435dd000 	/usr/lib/libobjc.A.dylib
0x00000000435dd000 	/System/Library/Frameworks/CoreFoundation.framework/Versions/A/CoreFoundation
0x00000000435dd000 	/System/Library/Frameworks/Foundation.framework/Versions/C/Foundation
0x00000000435dd000 	/System/Library/Frameworks/AppKit.framework/Versions/C/AppKit
0x00000000435dd000 	/System/Library/Frameworks/CoreData.framework/Versions/A/CoreData
0x00000000435dd000 	/System/Library/PrivateFrameworks/RemoteViewServices.framework/Versions/A/RemoteViewServices
0x00000000435dd000 	/System/Library/PrivateFrameworks/UIFoundation.framework/Versions/A/UIFoundation
0x00000000435dd000 	/System/Library/PrivateFrameworks/DFRFoundation.framework/Versions/A/DFRFoundation
0x00000000435dd000 	/usr/lib/libenergytrace.dylib
0x00000000435dd000 	/System/Library/PrivateFrameworks/SkyLight.framework/Versions/A/SkyLight
0x00000000435dd000 	/System/Library/Frameworks/CoreGraphics.framework/Versions/A/CoreGraphics
0x00000000435dd000 	/usr/lib/libScreenReader.dylib
0x00000000435dd000 	/System/Library/Frameworks/Accelerate.framework/Versions/A/Accelerate
0x00000000435dd000 	/System/Library/Frameworks/IOSurface.framework/Versions/A/IOSurface
0x00000000435dd000 	/System/Library/Frameworks/AudioToolbox.framework/Versions/A/AudioToolbox
0x00000000435dd000 	/System/Library/Frameworks/AudioUnit.framework/Versions/A/AudioUnit
0x00000000435dd000 	/System/Library/PrivateFrameworks/DataDetectorsCore.framework/Versions/A/DataDetectorsCore
0x00000000435dd000 	/System/Library/PrivateFrameworks/DesktopServicesPriv.framework/Versions/A/DesktopServicesPriv
0x00000000435dd000 	/System/Library/Frameworks/Carbon.framework/Versions/A/Frameworks/HIToolbox.framework/Versions/A/HIToolbox
0x00000000435dd000 	/usr/lib/libicucore.A.dylib
0x00000000435dd000 	/System/Library/Frameworks/QuartzCore.framework/Versions/A/QuartzCore
0x00000000435dd000 	/System/Library/Frameworks/Carbon.framework/Versions/A/Frameworks/SpeechRecognition.framework/Versions/A/SpeechRecognition
0x00000000435dd000 	/usr/lib/libauto.dylib
0x00000000435dd000 	/usr/lib/libxml2.2.dylib
0x00000000435dd000 	/System/Library/PrivateFrameworks/CoreUI.framework/Versions/A/CoreUI
0x00000000435dd000 	/System/Library/Frameworks/CoreAudio.framework/Versions/A/CoreAudio
0x00000000435dd000 	/System/Library/Frameworks/DiskArbitration.framework/Versions/A/DiskArbitration
0x00000000435dd000 	/usr/lib/liblangid.dylib
0x00000000435dd000 	/System/Library/PrivateFrameworks/MultitouchSupport.framework/Versions/A/MultitouchSupport
0x00000000435dd000 	/System/Library/Frameworks/IOKit.framework/Versions/A/IOKit
0x00000000435dd000 	/usr/lib/libDiagnosticMessagesClient.dylib
0x00000000435dd000 	/System/Library/Frameworks/CoreServices.framework/Versions/A/CoreServices
0x00000000435dd000 	/System/Library/PrivateFrameworks/PerformanceAnalysis.framework/Versions/A/PerformanceAnalysis
0x00000000435dd000 	/System/Library/PrivateFrameworks/GenerationalStorage.framework/Versions/A/GenerationalStorage
0x00000000435dd000 	/System/Library/Frameworks/OpenGL.framework/Versions/A/OpenGL
0x00000000435dd000 	/System/Library/Frameworks/CoreImage.framework/Versions/A/CoreImage
0x00000000435dd000 	/System/Library/Frameworks/CoreText.framework/Versions/A/CoreText
0x00000000435dd000 	/System/Library/Frameworks/ImageIO.framework/Versions/A/ImageIO
0x00000000435dd000 	/System/Library/PrivateFrameworks/Backup.framework/Versions/A/Backup
0x00000000435dd000 	/usr/lib/libarchive.2.dylib
0x00000000435dd000 	/System/Library/Frameworks/CFNetwork.framework/Versions/A/CFNetwork
0x00000000435dd000 	/System/Library/Frameworks/SystemConfiguration.framework/Versions/A/SystemConfiguration
0x00000000435dd000 	/usr/lib/libCRFSuite.dylib
0x00000000435dd000 	/usr/lib/libc++.1.dylib
0x00000000435dd000 	/usr/lib/libc++abi.dylib
0x00000000435dd000 	/usr/lib/system/libcache.dylib
0x00000000435dd000 	/usr/lib/system/libcommonCrypto.dylib
0x00000000435dd000 	/usr/lib/system/libcompiler_rt.dylib
0x00000000435dd000 	/usr/lib/system/libcopyfile.dylib
0x00000000435dd000 	/usr/lib/system/libcorecrypto.dylib
0x00000000435dd000 	/usr/lib/system/libdispatch.dylib
0x00000000435dd000 	/usr/lib/system/libdyld.dylib
0x00000000435dd000 	/usr/lib/system/libkeymgr.dylib
0x00000000435dd000 	/usr/lib/system/liblaunch.dylib
0x00000000435dd000 	/usr/lib/system/libmacho.dylib
0x00000000435dd000 	/usr/lib/system/libquarantine.dylib
0x00000000435dd000 	/usr/lib/system/libremovefile.dylib
0x00000000435dd000 	/usr/lib/system/libsystem_asl.dylib
0x00000000435dd000 	/usr/lib/system/libsystem_blocks.dylib
0x00000000435dd000 	/usr/lib/system/libsystem_c.dylib
0x00000000435dd000 	/usr/lib/system/libsystem_configuration.dylib
0x00000000435dd000 	/usr/lib/system/libsystem_coreservices.dylib
0x00000000435dd000 	/usr/lib/system/libsystem_coretls.dylib
0x00000000435dd000 	/usr/lib/system/libsystem_dnssd.dylib
0x00000000435dd000 	/usr/lib/system/libsystem_info.dylib
0x00000000435dd000 	/usr/lib/system/libsystem_kernel.dylib
0x00000000435dd000 	/usr/lib/system/libsystem_m.dylib
0x00000000435dd000 	/usr/lib/system/libsystem_malloc.dylib
0x00000000435dd000 	/usr/lib/system/libsystem_network.dylib
0x00000000435dd000 	/usr/lib/system/libsystem_networkextension.dylib
0x00000000435dd000 	/usr/lib/system/libsystem_notify.dylib
0x00000000435dd000 	/usr/lib/system/libsystem_platform.dylib
0x00000000435dd000 	/usr/lib/system/libsystem_pthread.dylib
0x00000000435dd000 	/usr/lib/system/libsystem_sandbox.dylib
0x00000000435dd000 	/usr/lib/system/libsystem_secinit.dylib
0x00000000435dd000 	/usr/lib/system/libsystem_symptoms.dylib
0x00000000435dd000 	/usr/lib/system/libsystem_trace.dylib
0x00000000435dd000 	/usr/lib/system/libunwind.dylib
0x00000000435dd000 	/usr/lib/system/libxpc.dylib
0x00000000435dd000 	/usr/lib/libbsm.0.dylib
0x00000000435dd000 	/usr/lib/system/libkxld.dylib
0x00000000435dd000 	/usr/lib/libcoretls.dylib
0x00000000435dd000 	/usr/lib/libcoretls_cfhelpers.dylib
0x00000000435dd000 	/usr/lib/libxar.1.dylib
0x00000000435dd000 	/usr/lib/libsqlite3.dylib
0x00000000435dd000 	/usr/lib/libpam.2.dylib
0x00000000435dd000 	/usr/lib/libOpenScriptingUtil.dylib
0x00000000435dd000 	/usr/lib/libbz2.1.0.dylib
0x00000000435dd000 	/usr/lib/liblzma.5.dylib
0x00000000435dd000 	/usr/lib/libnetwork.dylib
0x00000000435dd000 	/usr/lib/libpcap.A.dylib
0x00000000435dd000 	/System/Library/Frameworks/CoreServices.framework/Versions/A/Frameworks/FSEvents.framework/Versions/A/FSEvents
0x00000000435dd000 	/System/Library/Frameworks/CoreServices.framework/Versions/A/Frameworks/CarbonCore.framework/Versions/A/CarbonCore
0x00000000435dd000 	/System/Library/Frameworks/CoreServices.framework/Versions/A/Frameworks/Metadata.framework/Versions/A/Metadata
0x00000000435dd000 	/System/Library/Frameworks/CoreServices.framework/Versions/A/Frameworks/OSServices.framework/Versions/A/OSServices
0x00000000435dd000 	/System/Library/Frameworks/CoreServices.framework/Versions/A/Frameworks/SearchKit.framework/Versions/A/SearchKit
0x00000000435dd000 	/System/Library/Frameworks/CoreServices.framework/Versions/A/Frameworks/AE.framework/Versions/A/AE
0x00000000435dd000 	/System/Library/Frameworks/CoreServices.framework/Versions/A/Frameworks/LaunchServices.framework/Versions/A/LaunchServices
0x00000000435dd000 	/System/Library/Frameworks/CoreServices.framework/Versions/A/Frameworks/DictionaryServices.framework/Versions/A/DictionaryServices
0x00000000435dd000 	/System/Library/Frameworks/CoreServices.framework/Versions/A/Frameworks/SharedFileList.framework/Versions/A/SharedFileList
0x00000000435dd000 	/System/Library/Frameworks/NetFS.framework/Versions/A/NetFS
0x00000000435dd000 	/System/Library/PrivateFrameworks/NetAuth.framework/Versions/A/NetAuth
0x00000000435dd000 	/System/Library/PrivateFrameworks/login.framework/Versions/A/Frameworks/loginsupport.framework/Versions/A/loginsupport
0x00000000435dd000 	/System/Library/PrivateFrameworks/TCC.framework/Versions/A/TCC
0x00000000435dd000 	/usr/lib/libmecabra.dylib
0x00000000435dd000 	/System/Library/Frameworks/ApplicationServices.framework/Versions/A/Frameworks/ATS.framework/Versions/A/ATS
0x00000000435dd000 	/System/Library/Frameworks/ApplicationServices.framework/Versions/A/Frameworks/ColorSync.framework/Versions/A/ColorSync
0x00000000435dd000 	/System/Library/Frameworks/ApplicationServices.framework/Versions/A/Frameworks/HIServices.framework/Versions/A/HIServices
0x00000000435dd000 	/System/Library/Frameworks/ApplicationServices.framework/Versions/A/Frameworks/LangAnalysis.framework/Versions/A/LangAnalysis
0x00000000435dd000 	/System/Library/Frameworks/ApplicationServices.framework/Versions/A/Frameworks/PrintCore.framework/Versions/A/PrintCore
0x00000000435dd000 	/System/Library/Frameworks/ApplicationServices.framework/Versions/A/Frameworks/QD.framework/Versions/A/QD
0x00000000435dd000 	/System/Library/Frameworks/ApplicationServices.framework/Versions/A/Frameworks/SpeechSynthesis.framework/Versions/A/SpeechSynthesis
0x00000000435dd000 	/System/Library/Frameworks/Accelerate.framework/Versions/A/Frameworks/vImage.framework/Versions/A/vImage
0x00000000435dd000 	/System/Library/Frameworks/Accelerate.framework/Versions/A/Frameworks/vecLib.framework/Versions/A/vecLib
0x00000000435dd000 	/System/Library/Frameworks/Accelerate.framework/Versions/A/Frameworks/vecLib.framework/Versions/A/libvDSP.dylib
0x00000000435dd000 	/System/Library/Frameworks/Accelerate.framework/Versions/A/Frameworks/vecLib.framework/Versions/A/libBNNS.dylib
0x00000000435dd000 	/System/Library/Frameworks/Accelerate.framework/Versions/A/Frameworks/vecLib.framework/Versions/A/libQuadrature.dylib
0x00000000435dd000 	/System/Library/Frameworks/Accelerate.framework/Versions/A/Frameworks/vecLib.framework/Versions/A/libvMisc.dylib
0x00000000435dd000 	/System/Library/Frameworks/Accelerate.framework/Versions/A/Frameworks/vecLib.framework/Versions/A/libLAPACK.dylib
0x00000000435dd000 	/System/Library/Frameworks/Accelerate.framework/Versions/A/Frameworks/vecLib.framework/Versions/A/libBLAS.dylib
0x00000000435dd000 	/System/Library/Frameworks/Accelerate.framework/Versions/A/Frameworks/vecLib.framework/Versions/A/libLinearAlgebra.dylib
0x00000000435dd000 	/System/Library/Frameworks/Accelerate.framework/Versions/A/Frameworks/vecLib.framework/Versions/A/libSparseBLAS.dylib
0x00000000435dd000 	/System/Library/Frameworks/ApplicationServices.framework/Versions/A/Frameworks/ATS.framework/Versions/A/Resources/libFontParser.dylib
0x00000000435dd000 	/System/Library/Frameworks/ApplicationServices.framework/Versions/A/Frameworks/ATS.framework/Versions/A/Resources/libFontRegistry.dylib
0x00000000435dd000 	/System/Library/Frameworks/ImageIO.framework/Versions/A/Resources/libJPEG.dylib
0x00000000435dd000 	/System/Library/Frameworks/ImageIO.framework/Versions/A/Resources/libTIFF.dylib
0x00000000435dd000 	/System/Library/Frameworks/ImageIO.framework/Versions/A/Resources/libPng.dylib
0x00000000435dd000 	/System/Library/Frameworks/ImageIO.framework/Versions/A/Resources/libGIF.dylib
0x00000000435dd000 	/System/Library/Frameworks/ImageIO.framework/Versions/A/Resources/libJP2.dylib
0x00000000435dd000 	/System/Library/Frameworks/ImageIO.framework/Versions/A/Resources/libRadiance.dylib
0x00000000435dd000 	/usr/lib/libcompression.dylib
0x00000000435dd000 	/System/Library/PrivateFrameworks/AppleJPEG.framework/Versions/A/AppleJPEG
0x00000000435dd000 	/usr/lib/libcups.2.dylib
0x00000000435dd000 	/System/Library/Frameworks/Kerberos.framework/Versions/A/Kerberos
0x00000000435dd000 	/System/Library/Frameworks/GSS.framework/Versions/A/GSS
0x00000000435dd000 	/usr/lib/libresolv.9.dylib
0x00000000435dd000 	/usr/lib/libiconv.2.dylib
0x00000000435dd000 	/System/Library/PrivateFrameworks/Heimdal.framework/Versions/A/Heimdal
0x00000000435dd000 	/usr/lib/libheimdal-asn1.dylib
0x00000000435dd000 	/System/Library/Frameworks/OpenDirectory.framework/Versions/A/OpenDirectory
0x00000000435dd000 	/System/Library/PrivateFrameworks/CommonAuth.framework/Versions/A/CommonAuth
0x00000000435dd000 	/System/Library/Frameworks/OpenDirectory.framework/Versions/A/Frameworks/CFOpenDirectory.framework/Versions/A/CFOpenDirectory
0x00000000435dd000 	/System/Library/Frameworks/SecurityFoundation.framework/Versions/A/SecurityFoundation
0x00000000435dd000 	/System/Library/PrivateFrameworks/LanguageModeling.framework/Versions/A/LanguageModeling
0x00000000435dd000 	/usr/lib/libmarisa.dylib
0x00000000435dd000 	/usr/lib/libChineseTokenizer.dylib
0x00000000435dd000 	/usr/lib/libcmph.dylib
0x00000000435dd000 	/System/Library/PrivateFrameworks/CoreEmoji.framework/Versions/A/CoreEmoji
0x00000000435dd000 	/System/Library/Frameworks/ServiceManagement.framework/Versions/A/ServiceManagement
0x00000000435dd000 	/usr/lib/libxslt.1.dylib
0x00000000435dd000 	/System/Library/Frameworks/Carbon.framework/Versions/A/Frameworks/Ink.framework/Versions/A/Ink
0x00000000435dd000 	/System/Library/PrivateFrameworks/TextureIO.framework/Versions/A/TextureIO
0x00000000435dd000 	/System/Library/Frameworks/Metal.framework/Versions/A/Metal
0x00000000435dd000 	/usr/lib/libate.dylib
0x00000000435dd000 	/System/Library/PrivateFrameworks/GPUCompiler.framework/libmetal_timestamp.dylib
0x00000000435dd000 	/System/Library/Frameworks/OpenGL.framework/Versions/A/Libraries/libCoreFSCache.dylib
0x00000000435dd000 	/System/Library/PrivateFrameworks/IOAccelerator.framework/Versions/A/IOAccelerator
0x00000000435dd000 	/System/Library/Frameworks/CoreVideo.framework/Versions/A/CoreVideo
0x00000000435dd000 	/usr/lib/libFosl_dynamic.dylib
0x00000000435dd000 	/System/Library/PrivateFrameworks/MetalPerformanceShaders.framework/Versions/A/MetalPerformanceShaders
0x00000000435dd000 	/System/Library/PrivateFrameworks/FaceCore.framework/Versions/A/FaceCore
0x00000000435dd000 	/System/Library/Frameworks/OpenCL.framework/Versions/A/OpenCL
0x00000000435dd000 	/System/Library/Frameworks/OpenGL.framework/Versions/A/Libraries/libGLU.dylib
0x00000000435dd000 	/System/Library/Frameworks/OpenGL.framework/Versions/A/Libraries/libGFXShared.dylib
0x00000000435dd000 	/System/Library/Frameworks/OpenGL.framework/Versions/A/Libraries/libGL.dylib
0x00000000435dd000 	/System/Library/Frameworks/OpenGL.framework/Versions/A/Libraries/libGLImage.dylib
0x00000000435dd000 	/System/Library/Frameworks/OpenGL.framework/Versions/A/Libraries/libCVMSPluginSupport.dylib
0x00000000435dd000 	/System/Library/Frameworks/OpenGL.framework/Versions/A/Libraries/libCoreVMClient.dylib
0x00000000435dd000 	/System/Library/PrivateFrameworks/CrashReporterSupport.framework/Versions/A/CrashReporterSupport
0x00000000435dd000 	/System/Library/PrivateFrameworks/Sharing.framework/Versions/A/Sharing
0x00000000435dd000 	/System/Library/PrivateFrameworks/IconServices.framework/Versions/A/IconServices
0x00000000435dd000 	/System/Library/PrivateFrameworks/ProtocolBuffer.framework/Versions/A/ProtocolBuffer
0x00000000435dd000 	/System/Library/PrivateFrameworks/Apple80211.framework/Versions/A/Apple80211
0x00000000435dd000 	/System/Library/Frameworks/CoreWLAN.framework/Versions/A/CoreWLAN
0x00000000435dd000 	/System/Library/PrivateFrameworks/CoreUtils.framework/Versions/A/CoreUtils
0x00000000435dd000 	/System/Library/Frameworks/IOBluetooth.framework/Versions/A/IOBluetooth
0x00000000435dd000 	/System/Library/PrivateFrameworks/CoreWiFi.framework/Versions/A/CoreWiFi
0x00000000435dd000 	/System/Library/Frameworks/CoreBluetooth.framework/Versions/A/CoreBluetooth
0x00000000435dd000 	/System/Library/Frameworks/CoreDisplay.framework/Versions/A/CoreDisplay
0x00000000435dd000 	/System/Library/PrivateFrameworks/IOPresentment.framework/Versions/A/IOPresentment
0x00000000435dd000 	/System/Library/PrivateFrameworks/DebugSymbols.framework/Versions/A/DebugSymbols
0x00000000435dd000 	/System/Library/PrivateFrameworks/CoreSymbolication.framework/Versions/A/CoreSymbolication
0x00000000435dd000 	/System/Library/PrivateFrameworks/Symbolication.framework/Versions/A/Symbolication
0x00000000435dd000 	/System/Library/PrivateFrameworks/AppleFSCompression.framework/Versions/A/AppleFSCompression
0x00000000435dd000 	/System/Library/PrivateFrameworks/SpeechRecognitionCore.framework/Versions/A/SpeechRecognitionCore
0x00000000435dd000 	/System/Library/PrivateFrameworks/ChunkingLibrary.framework/Versions/A/ChunkingLibrary
0x0000000103600000 	/Library/Java/JavaVirtualMachines/jdk1.8.0_144.jdk/Contents/Home/jre/lib/server/libjvm.dylib
0x00000000435dd000 	/usr/lib/libstdc++.6.dylib
0x0000000102483000 	/Library/Java/JavaVirtualMachines/jdk1.8.0_144.jdk/Contents/Home/jre/lib/libverify.dylib
0x0000000102491000 	/Library/Java/JavaVirtualMachines/jdk1.8.0_144.jdk/Contents/Home/jre/lib/libjava.dylib
0x00000001024d0000 	/Library/Java/JavaVirtualMachines/jdk1.8.0_144.jdk/Contents/Home/jre/lib/libzip.dylib
0x0000000109515000 	/System/Library/Frameworks/JavaVM.framework/Frameworks/JavaRuntimeSupport.framework/JavaRuntimeSupport
0x00000001025e7000 	/System/Library/Frameworks/JavaVM.framework/Versions/A/Frameworks/JavaNativeFoundation.framework/Versions/A/JavaNativeFoundation
0x000000010952f000 	/System/Library/Frameworks/JavaVM.framework/Versions/A/JavaVM
0x00000000435dd000 	/System/Library/Frameworks/Carbon.framework/Versions/A/Carbon
0x000000010953c000 	/System/Library/PrivateFrameworks/JavaLaunching.framework/Versions/A/JavaLaunching
0x00000000435dd000 	/System/Library/Frameworks/Carbon.framework/Versions/A/Frameworks/CommonPanels.framework/Versions/A/CommonPanels
0x00000000435dd000 	/System/Library/Frameworks/Carbon.framework/Versions/A/Frameworks/Help.framework/Versions/A/Help
0x00000000435dd000 	/System/Library/Frameworks/Carbon.framework/Versions/A/Frameworks/ImageCapture.framework/Versions/A/ImageCapture
0x00000000435dd000 	/System/Library/Frameworks/Carbon.framework/Versions/A/Frameworks/OpenScripting.framework/Versions/A/OpenScripting
0x00000000435dd000 	/System/Library/Frameworks/Carbon.framework/Versions/A/Frameworks/Print.framework/Versions/A/Print
0x00000000435dd000 	/System/Library/Frameworks/Carbon.framework/Versions/A/Frameworks/SecurityHI.framework/Versions/A/SecurityHI
0x000000010ae60000 	/Library/Java/JavaVirtualMachines/jdk1.8.0_144.jdk/Contents/Home/jre/lib/libnet.dylib
0x000000010aebf000 	/Library/Java/JavaVirtualMachines/jdk1.8.0_144.jdk/Contents/Home/jre/lib/libnio.dylib
0x000000010aee1000 	/Library/Java/JavaVirtualMachines/jdk1.8.0_144.jdk/Contents/Home/jre/lib/libmanagement.dylib
0x000000010aeef000 	/Users/jasmina/ABH/eRestoran/target/jnotify/native_libraries/64bits/libjnotify.jnilib
0x000000011a974000 	/Library/Java/JavaVirtualMachines/jdk1.8.0_144.jdk/Contents/Home/jre/lib/libsunec.dylib

VM Arguments:
jvm_args: -Dfile.encoding=UTF8 -Djline.terminal=none -Dsbt.log.noformat=true -Dsbt.global.base=/private/var/folders/96/cw4ykw9n6z1d7rb_n0k307400000gn/T/sbt-global-pluginstub -Xms512M -Xmx1024M -Xss1M -XX:+CMSClassUnloadingEnabled -XX:MaxPermSize=256M 
java_command: xsbt.boot.Boot project root run
java_class_path (initial): /Users/jasmina/Library/Application Support/IntelliJIdea2017.2/Scala/launcher/sbt-launch.jar
Launcher Type: SUN_STANDARD

Environment Variables:
PATH=/usr/local/opt/node@6/bin:/usr/local/bin:/usr/bin:/bin:/usr/sbin:/sbin
SHELL=/bin/bash

Signal Handlers:
SIGSEGV: [libjvm.dylib+0x5b26e5], sa_mask[0]=11111111011111110111111111111111, sa_flags=SA_ONSTACK|SA_RESTART|SA_SIGINFO
SIGBUS: [libjvm.dylib+0x5b26e5], sa_mask[0]=11111111011111110111111111111111, sa_flags=SA_RESTART|SA_SIGINFO
SIGFPE: [libjvm.dylib+0x489100], sa_mask[0]=11111111011111110111111111111111, sa_flags=SA_RESTART|SA_SIGINFO
SIGPIPE: [libjvm.dylib+0x489100], sa_mask[0]=11111111011111110111111111111111, sa_flags=SA_RESTART|SA_SIGINFO
SIGXFSZ: [libjvm.dylib+0x489100], sa_mask[0]=11111111011111110111111111111111, sa_flags=SA_RESTART|SA_SIGINFO
SIGILL: [libjvm.dylib+0x489100], sa_mask[0]=11111111011111110111111111111111, sa_flags=SA_RESTART|SA_SIGINFO
SIGUSR1: SIG_DFL, sa_mask[0]=00000000000000000000000000000000, sa_flags=none
SIGUSR2: [libjvm.dylib+0x488c1e], sa_mask[0]=00100000000000000000000000000000, sa_flags=SA_RESTART|SA_SIGINFO
SIGHUP: [libjvm.dylib+0x4871f5], sa_mask[0]=11111111011111110111111111111111, sa_flags=SA_RESTART|SA_SIGINFO
SIGINT: [libjvm.dylib+0x4871f5], sa_mask[0]=11111111011111110111111111111111, sa_flags=SA_RESTART|SA_SIGINFO
SIGTERM: [libjvm.dylib+0x4871f5], sa_mask[0]=11111111011111110111111111111111, sa_flags=SA_RESTART|SA_SIGINFO
SIGQUIT: [libjvm.dylib+0x4871f5], sa_mask[0]=11111111011111110111111111111111, sa_flags=SA_RESTART|SA_SIGINFO


---------------  S Y S T E M  ---------------

OS:Bsduname:Darwin 16.1.0 Darwin Kernel Version 16.1.0: Wed Oct 19 20:31:56 PDT 2016; root:xnu-3789.21.4~4/RELEASE_X86_64 x86_64
rlimit: STACK 8192k, CORE 0k, NPROC 709, NOFILE 10240, AS infinity
load average:3.23 2.94 2.71

CPU:total 8 (initial active 8) (4 cores per cpu, 2 threads per core) family 6 model 70 stepping 1, cmov, cx8, fxsr, mmx, sse, sse2, sse3, ssse3, sse4.1, sse4.2, popcnt, avx, avx2, aes, clmul, erms, lzcnt, ht, tsc, tscinvbit, bmi1, bmi2

Memory: 4k page, physical 8388608k(117164k free)

/proc/meminfo:


vm_info: Java HotSpot(TM) 64-Bit Server VM (25.144-b01) for bsd-amd64 JRE (1.8.0_144-b01), built on Jul 21 2017 22:07:42 by "java_re" with gcc 4.2.1 (Based on Apple Inc. build 5658) (LLVM build 2336.11.00)

time: Mon Oct 16 13:49:34 2017
elapsed time: 812 seconds (0d 0h 13m 32s)

