#
# A fatal error has been detected by the Java Runtime Environment:
#
#  SIGSEGV (0xb) at pc=0x000000011f73431f, pid=558, tid=0x0000000000006b03
#
# JRE version: Java(TM) SE Runtime Environment (8.0_144-b01) (build 1.8.0_144-b01)
# Java VM: Java HotSpot(TM) 64-Bit Server VM (25.144-b01 mixed mode bsd-amd64 compressed oops)
# Problematic frame:
# J 7410 C2 java.io.File.<init>(Ljava/lang/String;)V (47 bytes) @ 0x000000011f73431f [0x000000011f7342e0+0x3f]
#
# Failed to write core dump. Core dumps have been disabled. To enable core dumping, try "ulimit -c unlimited" before starting Java again
#
# If you would like to submit a bug report, please visit:
#   http://bugreport.java.com/bugreport/crash.jsp
#

---------------  T H R E A D  ---------------

Current thread (0x00007fc21db43800):  JavaThread "FSEvent thread" daemon [_thread_in_Java, id=27395, stack(0x000070000365c000,0x000070000375c000)]

siginfo: si_signo: 11 (SIGSEGV), si_code: 1 (SEGV_MAPERR), si_addr: 0x000000021ce12c24

Registers:
RAX=0x00000007abf3f2b8, RBX=0x000000021ce12c18, RCX=0x00000007abf3f2b8, RDX=0x000000021ce12c18
RSP=0x0000700003755020, RBP=0x00007000037552a8, RSI=0x00000007abf3f2b8, RDI=0x000000011c41cf68
R8 =0x0000000003c1748e, R9 =0x0000000000000000, R10=0x000000010e767000, R11=0x0000000000000000
R12=0x0000000000000000, R13=0x00000001221c7594, R14=0x0000700003755070, R15=0x00007fc21db43800
RIP=0x000000011f73431f, EFLAGS=0x0000000000010206, ERR=0x0000000000000004
  TRAPNO=0x000000000000000e

Top of Stack: (sp=0x0000700003755020)
0x0000700003755020:   000000011c41aa27 0000700003755070
0x0000700003755030:   000000011c41b0b0 000000011c41ce00
0x0000700003755040:   000000011c41aa58 0000000000000000
0x0000700003755050:   0000700003755080 00007000037552a8
0x0000700003755060:   00000001221c7594 000000000000000f
0x0000700003755070:   00007000037552a8 00000001221c7a14
0x0000700003755080:   0000000000000000 0000000000000000
0x0000700003755090:   0000000000000000 0000000000000000
0x00007000037550a0:   0000000000000000 0000000000000000
0x00007000037550b0:   0000000000000000 0000000000000000
0x00007000037550c0:   73622f73746e656e 726f662d73622f33
0x00007000037550d0:   006e00690061006d 0000000000000000
0x00007000037550e0:   0000000200000002 0000000000000000
0x00007000037550f0:   0000000100000001 0000000000000000
0x0000700003755100:   00000007b1577210 000000011e5b8299
0x0000700003755110:   00000007b1577238 0000000000000000
0x0000700003755120:   00007fc200000000 0000000781f2fe00
0x0000700003755130:   00000007abf3f1c8 00000007abf3f198
0x0000700003755140:   00000007abf3f2b8 00000007abf3f088
0x0000700003755150:   00000007abf3f0b8 0000000000000000
0x0000700003755160:   00000007abf1f570 0000000782e91d40
0x0000700003755170:   00007000037551b0 0000000000000000
0x0000700003755180:   0000000781e628b8 00000000000002c9
0x0000700003755190:   00000007abf3f198 0000000782e91d40
0x00007000037551a0:   0000000000000000 00007000037551f8
0x00007000037551b0:   0000700003755390 00000001223b6164
0x00007000037551c0:   0000000114ae8f80 0000000000000000
0x00007000037551d0:   00007000037551f8 0000700003755240
0x00007000037551e0:   000000011e4ab2bd 0000000000000000
0x00007000037551f0:   0000000000000000 0000000782e91d40
0x0000700003755200:   0000700003755200 000000011b44825f
0x0000700003755210:   0000700003755260 000000011c411028 

Instructions: (pc=0x000000011f73431f)
0x000000011f7342ff:   90 89 84 24 00 c0 fe ff 55 48 83 ec 50 48 8b ce
0x000000011f73430f:   44 89 66 14 48 8b da 48 85 d2 0f 84 89 02 00 00
0x000000011f73431f:   44 8b 5a 0c 43 8b 7c dc 0c 85 ff 0f 8e 10 02 00
0x000000011f73432f:   00 85 ff 0f 86 dd 02 00 00 44 8b c7 41 ff c8 44 

Register to memory mapping:

RAX=0x00000007abf3f2b8 is an oop
java.io.File 
 - klass: 'java/io/File'
RBX=0x000000021ce12c18 is an unknown value
RCX=0x00000007abf3f2b8 is an oop
java.io.File 
 - klass: 'java/io/File'
RDX=0x000000021ce12c18 is an unknown value
RSP=0x0000700003755020 is pointing into the stack for thread: 0x00007fc21db43800
RBP=0x00007000037552a8 is pointing into the stack for thread: 0x00007fc21db43800
RSI=0x00000007abf3f2b8 is an oop
java.io.File 
 - klass: 'java/io/File'
RDI=0x000000011c41cf68 is pointing into metadata
R8 =0x0000000003c1748e is an unknown value
R9 =0x0000000000000000 is an unknown value
R10=0x000000010e767000 is an unknown value
R11=0x0000000000000000 is an unknown value
R12=0x0000000000000000 is an unknown value
R13=0x00000001221c7594 is at entry_point+1204 in (nmethod*)0x00000001221c6710
R14=0x0000700003755070 is pointing into the stack for thread: 0x00007fc21db43800
R15=0x00007fc21db43800 is a thread


Stack: [0x000070000365c000,0x000070000375c000],  sp=0x0000700003755020,  free space=996k
Native frames: (J=compiled Java code, j=interpreted, Vv=VM code, C=native code)
J 7410 C2 java.io.File.<init>(Ljava/lang/String;)V (47 bytes) @ 0x000000011f73431f [0x000000011f7342e0+0x3f]
J 23920 C1 net.contentobjects.jnotify.macosx.JNotifyAdapterMacOSX.batchEndEvent(I)V (815 bytes) @ 0x00000001221c7a14 [0x00000001221c70e0+0x934]
j  net.contentobjects.jnotify.macosx.JNotifyAdapterMacOSX$1.batchEnd(I)V+5
j  net.contentobjects.jnotify.macosx.JNotify_macosx.callbackInBatch(IZ)V+26
v  ~StubRoutines::call_stub
V  [libjvm.dylib+0x2ee70a]
V  [libjvm.dylib+0x3258b9]
V  [libjvm.dylib+0x318087]
C  [libjnotify.jnilib+0x1585]  fsevent_callback+0x115
C  [FSEvents+0x3b03]  implementation_callback_rpc+0x75b
C  [FSEvents+0x1702]  _Xcallback_rpc+0xfe
C  [FSEvents+0x17c9]  FSEventsD2F_server+0x37
C  [FSEvents+0x6fed]  FSEventsClientProcessMessageCallback+0x2c
C  [CoreFoundation+0x9030d]  __CFMachPortPerform+0xfd
C  [CoreFoundation+0x901f9]  __CFRUNLOOP_IS_CALLING_OUT_TO_A_SOURCE1_PERFORM_FUNCTION__+0x29
C  [CoreFoundation+0x90171]  __CFRunLoopDoSource1+0x1d1
C  [CoreFoundation+0x880c5]  __CFRunLoopRun+0x955
C  [CoreFoundation+0x87514]  CFRunLoopRunSpecific+0x1a4
C  [CoreFoundation+0xc6bb1]  CFRunLoopRun+0x61
j  net.contentobjects.jnotify.macosx.JNotify_macosx.nativeNotifyLoop()V+0
j  net.contentobjects.jnotify.macosx.JNotify_macosx.access$400()V+0
j  net.contentobjects.jnotify.macosx.JNotify_macosx$1.run()V+65
v  ~StubRoutines::call_stub
V  [libjvm.dylib+0x2ee70a]
V  [libjvm.dylib+0x2eeeae]
V  [libjvm.dylib+0x2ef05a]
V  [libjvm.dylib+0x3497b1]
V  [libjvm.dylib+0x56c0b3]
V  [libjvm.dylib+0x56d7a0]
V  [libjvm.dylib+0x48baee]
C  [libsystem_pthread.dylib+0x3aab]  _pthread_body+0xb4
C  [libsystem_pthread.dylib+0x39f7]  _pthread_body+0x0
C  [libsystem_pthread.dylib+0x3221]  thread_start+0xd
C  0x0000000000000000


---------------  P R O C E S S  ---------------

Java Threads: ( => current thread )
  0x00007fc22274f000 JavaThread "pool-17-thread-9" [_thread_blocked, id=22815, stack(0x000070000468c000,0x000070000478c000)]
  0x00007fc224b8c800 JavaThread "pool-17-thread-8" [_thread_blocked, id=22555, stack(0x0000700004589000,0x0000700004689000)]
  0x00007fc224b8b800 JavaThread "pool-17-thread-7" [_thread_in_native, id=24603, stack(0x0000700004486000,0x0000700004586000)]
  0x00007fc2211ba000 JavaThread "pool-17-thread-6" [_thread_blocked, id=25879, stack(0x0000700004383000,0x0000700004483000)]
  0x00007fc222726000 JavaThread "pool-17-thread-5" [_thread_blocked, id=24091, stack(0x0000700004280000,0x0000700004380000)]
  0x00007fc21d8f6800 JavaThread "pool-17-thread-4" [_thread_blocked, id=34863, stack(0x000070000407a000,0x000070000417a000)]
  0x00007fc21e6f5000 JavaThread "pool-17-thread-3" [_thread_blocked, id=38703, stack(0x0000700003f77000,0x0000700004077000)]
  0x00007fc22288f000 JavaThread "pool-17-thread-2" [_thread_blocked, id=26399, stack(0x0000700003d71000,0x0000700003e71000)]
  0x00007fc222960800 JavaThread "pool-17-thread-1" [_thread_blocked, id=34055, stack(0x0000700003b6b000,0x0000700003c6b000)]
  0x00007fc220e8e000 JavaThread "play-dev-mode-akka.actor.default-dispatcher-11" [_thread_blocked, id=32523, stack(0x0000700003559000,0x0000700003659000)]
  0x00007fc2230af000 JavaThread "play-dev-mode-akka.actor.default-dispatcher-10" [_thread_blocked, id=32775, stack(0x0000700002c3e000,0x0000700002d3e000)]
  0x00007fc21f1b7800 JavaThread "com.google.common.base.internal.Finalizer" daemon [_thread_blocked, id=4899, stack(0x000070000417d000,0x000070000427d000)]
  0x00007fc220311800 JavaThread "application-akka.actor.default-dispatcher-3" [_thread_blocked, id=23331, stack(0x0000700003a68000,0x0000700003b68000)]
  0x00007fc21f52c000 JavaThread "application-scheduler-1" [_thread_blocked, id=36119, stack(0x0000700003353000,0x0000700003453000)]
  0x00007fc2221d8800 JavaThread "__DEFAULT__" daemon [_thread_blocked, id=35859, stack(0x0000700003250000,0x0000700003350000)]
  0x00007fc222635800 JavaThread "HikariPool-3 housekeeper" daemon [_thread_blocked, id=26911, stack(0x000070000314d000,0x000070000324d000)]
  0x00007fc21f12d000 JavaThread "PostgreSQL-JDBC-SharedTimer-3" daemon [_thread_blocked, id=34335, stack(0x000070000304a000,0x000070000314a000)]
  0x00007fc21f132000 JavaThread "AsyncAppender-Worker-ASYNCSTDOUT" daemon [_thread_blocked, id=35091, stack(0x0000700002e44000,0x0000700002f44000)]
  0x00007fc22305c800 JavaThread "AsyncAppender-Worker-ASYNCFILE" daemon [_thread_blocked, id=37143, stack(0x0000700002b3b000,0x0000700002c3b000)]
  0x00007fc220f99000 JavaThread "play-dev-mode-akka.actor.default-dispatcher-9" [_thread_blocked, id=36887, stack(0x0000700003965000,0x0000700003a65000)]
  0x00007fc224e97000 JavaThread "com.google.common.base.internal.Finalizer" daemon [_thread_blocked, id=37655, stack(0x0000700003e74000,0x0000700003f74000)]
  0x00007fc21e7ae800 JavaThread "play-dev-mode-akka.actor.default-dispatcher-8" [_thread_blocked, id=31751, stack(0x0000700003456000,0x0000700003556000)]
  0x00007fc21dcb2800 JavaThread "play-dev-mode-akka.io.pinned-dispatcher-5" [_thread_in_native, id=33283, stack(0x0000700003c6e000,0x0000700003d6e000)]
  0x00007fc2225cd000 JavaThread "play-dev-mode-scheduler-1" [_thread_blocked, id=31235, stack(0x0000700003862000,0x0000700003962000)]
  0x00007fc225001800 JavaThread "reloader-timer" daemon [_thread_blocked, id=30723, stack(0x000070000375f000,0x000070000385f000)]
=>0x00007fc21db43800 JavaThread "FSEvent thread" daemon [_thread_in_Java, id=27395, stack(0x000070000365c000,0x000070000375c000)]
  0x00007fc222c18000 JavaThread "pool-4-thread-1" [_thread_in_native, id=5395, stack(0x0000700002f47000,0x0000700003047000)]
  0x00007fc21e7af800 JavaThread "sbt-web-akka.actor.default-dispatcher-4" [_thread_blocked, id=23055, stack(0x0000700002d41000,0x0000700002e41000)]
  0x00007fc21dcd8800 JavaThread "sbt-web-scheduler-1" [_thread_blocked, id=5651, stack(0x0000700002a38000,0x0000700002b38000)]
  0x00007fc21e07c000 JavaThread "Service Thread" daemon [_thread_blocked, id=21251, stack(0x0000700002832000,0x0000700002932000)]
  0x00007fc21e052800 JavaThread "C1 CompilerThread3" daemon [_thread_blocked, id=20739, stack(0x000070000272f000,0x000070000282f000)]
  0x00007fc21e052000 JavaThread "C2 CompilerThread2" daemon [_thread_blocked, id=20227, stack(0x000070000262c000,0x000070000272c000)]
  0x00007fc21e046800 JavaThread "C2 CompilerThread1" daemon [_thread_blocked, id=19715, stack(0x0000700002529000,0x0000700002629000)]
  0x00007fc21d80d800 JavaThread "C2 CompilerThread0" daemon [_thread_in_native, id=19203, stack(0x0000700002426000,0x0000700002526000)]
  0x00007fc21d80f000 JavaThread "Signal Dispatcher" daemon [_thread_blocked, id=18691, stack(0x0000700002323000,0x0000700002423000)]
  0x00007fc21d808000 JavaThread "Finalizer" daemon [_thread_blocked, id=14595, stack(0x0000700002220000,0x0000700002320000)]
  0x00007fc21d805000 JavaThread "Reference Handler" daemon [_thread_blocked, id=14083, stack(0x000070000211d000,0x000070000221d000)]
  0x00007fc21d009000 JavaThread "main" [_thread_blocked, id=7171, stack(0x00007000016ff000,0x00007000017ff000)]

Other Threads:
  0x00007fc21e03b000 VMThread [stack: 0x000070000201a000,0x000070000211a000] [id=13571]
  0x00007fc21e047800 WatcherThread [stack: 0x0000700002935000,0x0000700002a35000] [id=21763]

VM state:not at safepoint (normal execution)

VM Mutex/Monitor currently owned by a thread: None

Heap:
 PSYoungGen      total 232960K, used 26938K [0x00000007aab00000, 0x00000007c0000000, 0x00000007c0000000)
  eden space 116736K, 19% used [0x00000007aab00000,0x00000007ac16e978,0x00000007b1d00000)
  from space 116224K, 3% used [0x00000007b1d00000,0x00000007b20e0000,0x00000007b8e80000)
  to   space 116224K, 0% used [0x00000007b8e80000,0x00000007b8e80000,0x00000007c0000000)
 ParOldGen       total 699392K, used 610295K [0x0000000780000000, 0x00000007aab00000, 0x00000007aab00000)
  object space 699392K, 87% used [0x0000000780000000,0x00000007a53fde38,0x00000007aab00000)
 Metaspace       used 166805K, capacity 175375K, committed 175448K, reserved 1198080K
  class space    used 25695K, capacity 26414K, committed 26456K, reserved 1048576K

Card table byte_map: [0x0000000112367000,0x0000000112568000] byte_map_base: 0x000000010e767000

Marking Bits: (ParMarkBitMap*) 0x00000001118f35d0
 Begin Bits: [0x00000001126be000, 0x00000001136be000)
 End Bits:   [0x00000001136be000, 0x00000001146be000)

Polling page: 0x000000010ffd5000

CodeCache: size=245760Kb used=64247Kb max_used=64250Kb free=181512Kb
 bounds [0x000000011e4a3000, 0x00000001223c3000, 0x000000012d4a3000]
 total_blobs=20597 nmethods=19851 adapters=652
 compilation: enabled

Compilation events (10 events):
Event: 661.078 Thread 0x00007fc21e052800 nmethod 24311 0x0000000121f0d810 code [0x0000000121f0d9a0, 0x0000000121f0dc48]
Event: 661.078 Thread 0x00007fc21e052800 24312       3       net.contentobjects.jnotify.macosx.JNotifyAdapterMacOSX$1::notifyChange (13 bytes)
Event: 661.078 Thread 0x00007fc21e052800 nmethod 24312 0x0000000121f024d0 code [0x0000000121f02640, 0x0000000121f027c8]
Event: 661.078 Thread 0x00007fc21e052800 24313   !   3       net.contentobjects.jnotify.macosx.JNotifyAdapterMacOSX::notifyChangeEvent (63 bytes)
Event: 661.078 Thread 0x00007fc21e052000 nmethod 24310 0x000000012238f6d0 code [0x000000012238f820, 0x000000012238f8d8]
Event: 661.079 Thread 0x00007fc21e052800 nmethod 24313 0x00000001223b58d0 code [0x00000001223b5ac0, 0x00000001223b6458]
Event: 661.079 Thread 0x00007fc21e052800 24314       3       java.util.TreeMap$Values::iterator (19 bytes)
Event: 661.079 Thread 0x00007fc21e052800 nmethod 24314 0x0000000122330090 code [0x0000000122330220, 0x0000000122330730]
Event: 661.079 Thread 0x00007fc21e052800 24315       3       java.util.TreeMap$ValueIterator::<init> (12 bytes)
Event: 661.079 Thread 0x00007fc21e052800 nmethod 24315 0x0000000122334890 code [0x0000000122334a00, 0x0000000122334c90]

GC Heap History (10 events):
Event: 642.399 GC heap before
{Heap before GC invocations=107 (full 14):
 PSYoungGen      total 232960K, used 128640K [0x00000007aab00000, 0x00000007c0000000, 0x00000007c0000000)
  eden space 116736K, 100% used [0x00000007aab00000,0x00000007b1d00000,0x00000007b1d00000)
  from space 116224K, 10% used [0x00000007b8e80000,0x00000007b9a20000,0x00000007c0000000)
  to   space 116224K, 0% used [0x00000007b1d00000,0x00000007b1d00000,0x00000007b8e80000)
 ParOldGen       total 699392K, used 594679K [0x0000000780000000, 0x00000007aab00000, 0x00000007aab00000)
  object space 699392K, 85% used [0x0000000780000000,0x00000007a44bde38,0x00000007aab00000)
 Metaspace       used 166796K, capacity 175375K, committed 175448K, reserved 1198080K
  class space    used 25695K, capacity 26414K, committed 26456K, reserved 1048576K
Event: 642.428 GC heap after
Heap after GC invocations=107 (full 14):
 PSYoungGen      total 232960K, used 992K [0x00000007aab00000, 0x00000007c0000000, 0x00000007c0000000)
  eden space 116736K, 0% used [0x00000007aab00000,0x00000007aab00000,0x00000007b1d00000)
  from space 116224K, 0% used [0x00000007b1d00000,0x00000007b1df8000,0x00000007b8e80000)
  to   space 116224K, 0% used [0x00000007b8e80000,0x00000007b8e80000,0x00000007c0000000)
 ParOldGen       total 699392K, used 606471K [0x0000000780000000, 0x00000007aab00000, 0x00000007aab00000)
  object space 699392K, 86% used [0x0000000780000000,0x00000007a5041e38,0x00000007aab00000)
 Metaspace       used 166796K, capacity 175375K, committed 175448K, reserved 1198080K
  class space    used 25695K, capacity 26414K, committed 26456K, reserved 1048576K
}
Event: 647.215 GC heap before
{Heap before GC invocations=108 (full 14):
 PSYoungGen      total 232960K, used 117728K [0x00000007aab00000, 0x00000007c0000000, 0x00000007c0000000)
  eden space 116736K, 100% used [0x00000007aab00000,0x00000007b1d00000,0x00000007b1d00000)
  from space 116224K, 0% used [0x00000007b1d00000,0x00000007b1df8000,0x00000007b8e80000)
  to   space 116224K, 0% used [0x00000007b8e80000,0x00000007b8e80000,0x00000007c0000000)
 ParOldGen       total 699392K, used 606471K [0x0000000780000000, 0x00000007aab00000, 0x00000007aab00000)
  object space 699392K, 86% used [0x0000000780000000,0x00000007a5041e38,0x00000007aab00000)
 Metaspace       used 166802K, capacity 175375K, committed 175448K, reserved 1198080K
  class space    used 25695K, capacity 26414K, committed 26456K, reserved 1048576K
Event: 647.237 GC heap after
Heap after GC invocations=108 (full 14):
 PSYoungGen      total 232960K, used 6112K [0x00000007aab00000, 0x00000007c0000000, 0x00000007c0000000)
  eden space 116736K, 0% used [0x00000007aab00000,0x00000007aab00000,0x00000007b1d00000)
  from space 116224K, 5% used [0x00000007b8e80000,0x00000007b9478000,0x00000007c0000000)
  to   space 116224K, 0% used [0x00000007b1d00000,0x00000007b1d00000,0x00000007b8e80000)
 ParOldGen       total 699392K, used 606967K [0x0000000780000000, 0x00000007aab00000, 0x00000007aab00000)
  object space 699392K, 86% used [0x0000000780000000,0x00000007a50bde38,0x00000007aab00000)
 Metaspace       used 166802K, capacity 175375K, committed 175448K, reserved 1198080K
  class space    used 25695K, capacity 26414K, committed 26456K, reserved 1048576K
}
Event: 652.499 GC heap before
{Heap before GC invocations=109 (full 14):
 PSYoungGen      total 232960K, used 122848K [0x00000007aab00000, 0x00000007c0000000, 0x00000007c0000000)
  eden space 116736K, 100% used [0x00000007aab00000,0x00000007b1d00000,0x00000007b1d00000)
  from space 116224K, 5% used [0x00000007b8e80000,0x00000007b9478000,0x00000007c0000000)
  to   space 116224K, 0% used [0x00000007b1d00000,0x00000007b1d00000,0x00000007b8e80000)
 ParOldGen       total 699392K, used 606967K [0x0000000780000000, 0x00000007aab00000, 0x00000007aab00000)
  object space 699392K, 86% used [0x0000000780000000,0x00000007a50bde38,0x00000007aab00000)
 Metaspace       used 166803K, capacity 175375K, committed 175448K, reserved 1198080K
  class space    used 25695K, capacity 26414K, committed 26456K, reserved 1048576K
Event: 652.522 GC heap after
Heap after GC invocations=109 (full 14):
 PSYoungGen      total 232960K, used 6944K [0x00000007aab00000, 0x00000007c0000000, 0x00000007c0000000)
  eden space 116736K, 0% used [0x00000007aab00000,0x00000007aab00000,0x00000007b1d00000)
  from space 116224K, 5% used [0x00000007b1d00000,0x00000007b23c8000,0x00000007b8e80000)
  to   space 116224K, 0% used [0x00000007b8e80000,0x00000007b8e80000,0x00000007c0000000)
 ParOldGen       total 699392K, used 607447K [0x0000000780000000, 0x00000007aab00000, 0x00000007aab00000)
  object space 699392K, 86% used [0x0000000780000000,0x00000007a5135e38,0x00000007aab00000)
 Metaspace       used 166803K, capacity 175375K, committed 175448K, reserved 1198080K
  class space    used 25695K, capacity 26414K, committed 26456K, reserved 1048576K
}
Event: 657.675 GC heap before
{Heap before GC invocations=110 (full 14):
 PSYoungGen      total 232960K, used 123680K [0x00000007aab00000, 0x00000007c0000000, 0x00000007c0000000)
  eden space 116736K, 100% used [0x00000007aab00000,0x00000007b1d00000,0x00000007b1d00000)
  from space 116224K, 5% used [0x00000007b1d00000,0x00000007b23c8000,0x00000007b8e80000)
  to   space 116224K, 0% used [0x00000007b8e80000,0x00000007b8e80000,0x00000007c0000000)
 ParOldGen       total 699392K, used 607447K [0x0000000780000000, 0x00000007aab00000, 0x00000007aab00000)
  object space 699392K, 86% used [0x0000000780000000,0x00000007a5135e38,0x00000007aab00000)
 Metaspace       used 166803K, capacity 175375K, committed 175448K, reserved 1198080K
  class space    used 25695K, capacity 26414K, committed 26456K, reserved 1048576K
Event: 657.697 GC heap after
Heap after GC invocations=110 (full 14):
 PSYoungGen      total 232960K, used 7936K [0x00000007aab00000, 0x00000007c0000000, 0x00000007c0000000)
  eden space 116736K, 0% used [0x00000007aab00000,0x00000007aab00000,0x00000007b1d00000)
  from space 116224K, 6% used [0x00000007b8e80000,0x00000007b9640000,0x00000007c0000000)
  to   space 116224K, 0% used [0x00000007b1d00000,0x00000007b1d00000,0x00000007b8e80000)
 ParOldGen       total 699392K, used 608071K [0x0000000780000000, 0x00000007aab00000, 0x00000007aab00000)
  object space 699392K, 86% used [0x0000000780000000,0x00000007a51d1e38,0x00000007aab00000)
 Metaspace       used 166803K, capacity 175375K, committed 175448K, reserved 1198080K
  class space    used 25695K, capacity 26414K, committed 26456K, reserved 1048576K
}
Event: 661.001 GC heap before
{Heap before GC invocations=111 (full 14):
 PSYoungGen      total 232960K, used 124672K [0x00000007aab00000, 0x00000007c0000000, 0x00000007c0000000)
  eden space 116736K, 100% used [0x00000007aab00000,0x00000007b1d00000,0x00000007b1d00000)
  from space 116224K, 6% used [0x00000007b8e80000,0x00000007b9640000,0x00000007c0000000)
  to   space 116224K, 0% used [0x00000007b1d00000,0x00000007b1d00000,0x00000007b8e80000)
 ParOldGen       total 699392K, used 608071K [0x0000000780000000, 0x00000007aab00000, 0x00000007aab00000)
  object space 699392K, 86% used [0x0000000780000000,0x00000007a51d1e38,0x00000007aab00000)
 Metaspace       used 166803K, capacity 175375K, committed 175448K, reserved 1198080K
  class space    used 25695K, capacity 26414K, committed 26456K, reserved 1048576K
Event: 661.017 GC heap after
Heap after GC invocations=111 (full 14):
 PSYoungGen      total 232960K, used 3968K [0x00000007aab00000, 0x00000007c0000000, 0x00000007c0000000)
  eden space 116736K, 0% used [0x00000007aab00000,0x00000007aab00000,0x00000007b1d00000)
  from space 116224K, 3% used [0x00000007b1d00000,0x00000007b20e0000,0x00000007b8e80000)
  to   space 116224K, 0% used [0x00000007b8e80000,0x00000007b8e80000,0x00000007c0000000)
 ParOldGen       total 699392K, used 610295K [0x0000000780000000, 0x00000007aab00000, 0x00000007aab00000)
  object space 699392K, 87% used [0x0000000780000000,0x00000007a53fde38,0x00000007aab00000)
 Metaspace       used 166803K, capacity 175375K, committed 175448K, reserved 1198080K
  class space    used 25695K, capacity 26414K, committed 26456K, reserved 1048576K
}

Deoptimization events (10 events):
Event: 639.039 Thread 0x00007fc224b8b800 Uncommon trap: reason=bimorphic action=maybe_recompile pc=0x000000011f58d444 method=scala.collection.immutable.HashSet$HashTrieSet.foreach(Lscala/Function1;)V @ 18
Event: 639.445 Thread 0x00007fc224b8b800 Uncommon trap: reason=unstable_if action=reinterpret pc=0x000000011f420618 method=scala.collection.immutable.HashSet$HashSet1.removed0(Ljava/lang/Object;II)Lscala/collection/immutable/HashSet; @ 5
Event: 639.500 Thread 0x00007fc224b8b800 Uncommon trap: reason=class_check action=maybe_recompile pc=0x00000001216254f0 method=sbt.MRelation.contains(Ljava/lang/Object;Ljava/lang/Object;)Z @ 6
Event: 639.500 Thread 0x00007fc224b8b800 Uncommon trap: reason=class_check action=maybe_recompile pc=0x00000001216254f0 method=sbt.MRelation.contains(Ljava/lang/Object;Ljava/lang/Object;)Z @ 6
Event: 639.500 Thread 0x00007fc224b8b800 Uncommon trap: reason=class_check action=maybe_recompile pc=0x00000001216254f0 method=sbt.MRelation.contains(Ljava/lang/Object;Ljava/lang/Object;)Z @ 6
Event: 639.500 Thread 0x00007fc224b8b800 Uncommon trap: reason=class_check action=maybe_recompile pc=0x00000001216254f0 method=sbt.MRelation.contains(Ljava/lang/Object;Ljava/lang/Object;)Z @ 6
Event: 639.500 Thread 0x00007fc224b8b800 Uncommon trap: reason=class_check action=maybe_recompile pc=0x0000000121620420 method=sbt.MRelation.contains(Ljava/lang/Object;Ljava/lang/Object;)Z @ 6
Event: 641.389 Thread 0x00007fc224b8b800 Uncommon trap: reason=speculate_class_check action=maybe_recompile pc=0x000000012230c11c method=scala.collection.immutable.Stream.filter(Lscala/Function1;)Lscala/collection/immutable/Stream; @ 3
Event: 642.065 Thread 0x00007fc224b8b800 Uncommon trap: reason=class_check action=maybe_recompile pc=0x0000000121534f84 method=sbt.IO$$anonfun$sbt$IO$$visit$1$1.apply$mcZ$sp()Z @ 8
Event: 642.145 Thread 0x00007fc224b8b800 Uncommon trap: reason=class_check action=maybe_recompile pc=0x0000000121534f84 method=sbt.IO$$anonfun$sbt$IO$$visit$1$1.apply$mcZ$sp()Z @ 8

Internal exceptions (10 events):
Event: 660.935 Thread 0x00007fc21db43800 Exception <a 'java/io/FileNotFoundException': /Users/jasmina/ABH/eRestoran/public/eRestoran_FE/tmp/simple_concat_concat-output_path-y18pqfnU.tmp> (0x00000007b0930d20) thrown at [/Users/java_re/workspace/8-2-build-macosx-x86_64/jdk8u144/9417/hotspot/src/sh
Event: 660.935 Thread 0x00007fc21db43800 Exception <a 'java/io/FileNotFoundException': /Users/jasmina/ABH/eRestoran/public/eRestoran_FE/tmp/source_map_concat-cache_path-2JSe87lf.tmp> (0x00000007b0935818) thrown at [/Users/java_re/workspace/8-2-build-macosx-x86_64/jdk8u144/9417/hotspot/src/share/
Event: 660.935 Thread 0x00007fc21db43800 Exception <a 'java/io/FileNotFoundException': /Users/jasmina/ABH/eRestoran/public/eRestoran_FE/tmp/source_map_concat-cache_path-B8kh2KHD.tmp> (0x00000007b093a2f0) thrown at [/Users/java_re/workspace/8-2-build-macosx-x86_64/jdk8u144/9417/hotspot/src/share/
Event: 660.935 Thread 0x00007fc21db43800 Exception <a 'java/io/FileNotFoundException': /Users/jasmina/ABH/eRestoran/public/eRestoran_FE/tmp/source_map_concat-cache_path-Gsml9YOw.tmp> (0x00000007b093edc8) thrown at [/Users/java_re/workspace/8-2-build-macosx-x86_64/jdk8u144/9417/hotspot/src/share/
Event: 660.936 Thread 0x00007fc21db43800 Exception <a 'java/io/FileNotFoundException': /Users/jasmina/ABH/eRestoran/public/eRestoran_FE/tmp/source_map_concat-input_base_path-lCsnWRGP.tmp> (0x00000007b09438c8) thrown at [/Users/java_re/workspace/8-2-build-macosx-x86_64/jdk8u144/9417/hotspot/src/s
Event: 660.936 Thread 0x00007fc21db43800 Exception <a 'java/io/FileNotFoundException': /Users/jasmina/ABH/eRestoran/public/eRestoran_FE/tmp/source_map_concat-input_base_path-NymrYGDS.tmp> (0x00000007b09483d8) thrown at [/Users/java_re/workspace/8-2-build-macosx-x86_64/jdk8u144/9417/hotspot/src/s
Event: 660.936 Thread 0x00007fc21db43800 Exception <a 'java/io/FileNotFoundException': /Users/jasmina/ABH/eRestoran/public/eRestoran_FE/tmp/source_map_concat-input_base_path-qMjy1A8Y.tmp> (0x00000007b094cee8) thrown at [/Users/java_re/workspace/8-2-build-macosx-x86_64/jdk8u144/9417/hotspot/src/s
Event: 660.936 Thread 0x00007fc21db43800 Exception <a 'java/io/FileNotFoundException': /Users/jasmina/ABH/eRestoran/public/eRestoran_FE/tmp/source_map_concat-output_path-A075tuyI.tmp> (0x00000007b09519d0) thrown at [/Users/java_re/workspace/8-2-build-macosx-x86_64/jdk8u144/9417/hotspot/src/share
Event: 660.936 Thread 0x00007fc21db43800 Exception <a 'java/io/FileNotFoundException': /Users/jasmina/ABH/eRestoran/public/eRestoran_FE/tmp/source_map_concat-output_path-aYXVH547.tmp> (0x00000007b09564a8) thrown at [/Users/java_re/workspace/8-2-build-macosx-x86_64/jdk8u144/9417/hotspot/src/share
Event: 660.936 Thread 0x00007fc21db43800 Exception <a 'java/io/FileNotFoundException': /Users/jasmina/ABH/eRestoran/public/eRestoran_FE/tmp/source_map_concat-output_path-q3iCmHvO.tmp> (0x00000007b095af80) thrown at [/Users/java_re/workspace/8-2-build-macosx-x86_64/jdk8u144/9417/hotspot/src/share

Events (10 events):
Event: 652.528 Thread 0x00007fc21d805000 DEOPT PACKING pc=0x00000001219a8205 sp=0x000070000221c920
Event: 652.528 Thread 0x00007fc21d805000 DEOPT UNPACKING pc=0x000000011e4ea633 sp=0x000070000221c670 mode 0
Event: 657.675 Executing VM operation: ParallelGCFailedAllocation
Event: 657.697 Executing VM operation: ParallelGCFailedAllocation done
Event: 660.799 Thread 0x00007fc224b8b800 DEOPT PACKING pc=0x000000011f2412c0 sp=0x0000700004585030
Event: 660.799 Thread 0x00007fc224b8b800 DEOPT UNPACKING pc=0x000000011e4ea633 sp=0x0000700004584d90 mode 0
Event: 661.001 Executing VM operation: ParallelGCFailedAllocation
Event: 661.017 Executing VM operation: ParallelGCFailedAllocation done
Event: 661.020 Thread 0x00007fc21d808000 DEOPT PACKING pc=0x0000000122335b4a sp=0x000070000231f8d0
Event: 661.020 Thread 0x00007fc21d808000 DEOPT UNPACKING pc=0x000000011e4ea633 sp=0x000070000231f660 mode 0


Dynamic libraries:
0x000000000153b000 	/System/Library/Frameworks/Cocoa.framework/Versions/A/Cocoa
0x000000000153b000 	/System/Library/Frameworks/Security.framework/Versions/A/Security
0x000000000153b000 	/System/Library/Frameworks/ApplicationServices.framework/Versions/A/ApplicationServices
0x000000000153b000 	/usr/lib/libz.1.dylib
0x000000000153b000 	/usr/lib/libSystem.B.dylib
0x000000000153b000 	/usr/lib/libobjc.A.dylib
0x000000000153b000 	/System/Library/Frameworks/CoreFoundation.framework/Versions/A/CoreFoundation
0x000000000153b000 	/System/Library/Frameworks/Foundation.framework/Versions/C/Foundation
0x000000000153b000 	/System/Library/Frameworks/AppKit.framework/Versions/C/AppKit
0x000000000153b000 	/System/Library/Frameworks/CoreData.framework/Versions/A/CoreData
0x000000000153b000 	/System/Library/PrivateFrameworks/RemoteViewServices.framework/Versions/A/RemoteViewServices
0x000000000153b000 	/System/Library/PrivateFrameworks/UIFoundation.framework/Versions/A/UIFoundation
0x000000000153b000 	/System/Library/PrivateFrameworks/DFRFoundation.framework/Versions/A/DFRFoundation
0x000000000153b000 	/usr/lib/libenergytrace.dylib
0x000000000153b000 	/System/Library/PrivateFrameworks/SkyLight.framework/Versions/A/SkyLight
0x000000000153b000 	/System/Library/Frameworks/CoreGraphics.framework/Versions/A/CoreGraphics
0x000000000153b000 	/usr/lib/libScreenReader.dylib
0x000000000153b000 	/System/Library/Frameworks/Accelerate.framework/Versions/A/Accelerate
0x000000000153b000 	/System/Library/Frameworks/IOSurface.framework/Versions/A/IOSurface
0x000000000153b000 	/System/Library/Frameworks/AudioToolbox.framework/Versions/A/AudioToolbox
0x000000000153b000 	/System/Library/Frameworks/AudioUnit.framework/Versions/A/AudioUnit
0x000000000153b000 	/System/Library/PrivateFrameworks/DataDetectorsCore.framework/Versions/A/DataDetectorsCore
0x000000000153b000 	/System/Library/PrivateFrameworks/DesktopServicesPriv.framework/Versions/A/DesktopServicesPriv
0x000000000153b000 	/System/Library/Frameworks/Carbon.framework/Versions/A/Frameworks/HIToolbox.framework/Versions/A/HIToolbox
0x000000000153b000 	/usr/lib/libicucore.A.dylib
0x000000000153b000 	/System/Library/Frameworks/QuartzCore.framework/Versions/A/QuartzCore
0x000000000153b000 	/System/Library/Frameworks/Carbon.framework/Versions/A/Frameworks/SpeechRecognition.framework/Versions/A/SpeechRecognition
0x000000000153b000 	/usr/lib/libauto.dylib
0x000000000153b000 	/usr/lib/libxml2.2.dylib
0x000000000153b000 	/System/Library/PrivateFrameworks/CoreUI.framework/Versions/A/CoreUI
0x000000000153b000 	/System/Library/Frameworks/CoreAudio.framework/Versions/A/CoreAudio
0x000000000153b000 	/System/Library/Frameworks/DiskArbitration.framework/Versions/A/DiskArbitration
0x000000000153b000 	/usr/lib/liblangid.dylib
0x000000000153b000 	/System/Library/PrivateFrameworks/MultitouchSupport.framework/Versions/A/MultitouchSupport
0x000000000153b000 	/System/Library/Frameworks/IOKit.framework/Versions/A/IOKit
0x000000000153b000 	/usr/lib/libDiagnosticMessagesClient.dylib
0x000000000153b000 	/System/Library/Frameworks/CoreServices.framework/Versions/A/CoreServices
0x000000000153b000 	/System/Library/PrivateFrameworks/PerformanceAnalysis.framework/Versions/A/PerformanceAnalysis
0x000000000153b000 	/System/Library/PrivateFrameworks/GenerationalStorage.framework/Versions/A/GenerationalStorage
0x000000000153b000 	/System/Library/Frameworks/OpenGL.framework/Versions/A/OpenGL
0x000000000153b000 	/System/Library/Frameworks/CoreImage.framework/Versions/A/CoreImage
0x000000000153b000 	/System/Library/Frameworks/CoreText.framework/Versions/A/CoreText
0x000000000153b000 	/System/Library/Frameworks/ImageIO.framework/Versions/A/ImageIO
0x000000000153b000 	/System/Library/PrivateFrameworks/Backup.framework/Versions/A/Backup
0x000000000153b000 	/usr/lib/libarchive.2.dylib
0x000000000153b000 	/System/Library/Frameworks/CFNetwork.framework/Versions/A/CFNetwork
0x000000000153b000 	/System/Library/Frameworks/SystemConfiguration.framework/Versions/A/SystemConfiguration
0x000000000153b000 	/usr/lib/libCRFSuite.dylib
0x000000000153b000 	/usr/lib/libc++.1.dylib
0x000000000153b000 	/usr/lib/libc++abi.dylib
0x000000000153b000 	/usr/lib/system/libcache.dylib
0x000000000153b000 	/usr/lib/system/libcommonCrypto.dylib
0x000000000153b000 	/usr/lib/system/libcompiler_rt.dylib
0x000000000153b000 	/usr/lib/system/libcopyfile.dylib
0x000000000153b000 	/usr/lib/system/libcorecrypto.dylib
0x000000000153b000 	/usr/lib/system/libdispatch.dylib
0x000000000153b000 	/usr/lib/system/libdyld.dylib
0x000000000153b000 	/usr/lib/system/libkeymgr.dylib
0x000000000153b000 	/usr/lib/system/liblaunch.dylib
0x000000000153b000 	/usr/lib/system/libmacho.dylib
0x000000000153b000 	/usr/lib/system/libquarantine.dylib
0x000000000153b000 	/usr/lib/system/libremovefile.dylib
0x000000000153b000 	/usr/lib/system/libsystem_asl.dylib
0x000000000153b000 	/usr/lib/system/libsystem_blocks.dylib
0x000000000153b000 	/usr/lib/system/libsystem_c.dylib
0x000000000153b000 	/usr/lib/system/libsystem_configuration.dylib
0x000000000153b000 	/usr/lib/system/libsystem_coreservices.dylib
0x000000000153b000 	/usr/lib/system/libsystem_coretls.dylib
0x000000000153b000 	/usr/lib/system/libsystem_dnssd.dylib
0x000000000153b000 	/usr/lib/system/libsystem_info.dylib
0x000000000153b000 	/usr/lib/system/libsystem_kernel.dylib
0x000000000153b000 	/usr/lib/system/libsystem_m.dylib
0x000000000153b000 	/usr/lib/system/libsystem_malloc.dylib
0x000000000153b000 	/usr/lib/system/libsystem_network.dylib
0x000000000153b000 	/usr/lib/system/libsystem_networkextension.dylib
0x000000000153b000 	/usr/lib/system/libsystem_notify.dylib
0x000000000153b000 	/usr/lib/system/libsystem_platform.dylib
0x000000000153b000 	/usr/lib/system/libsystem_pthread.dylib
0x000000000153b000 	/usr/lib/system/libsystem_sandbox.dylib
0x000000000153b000 	/usr/lib/system/libsystem_secinit.dylib
0x000000000153b000 	/usr/lib/system/libsystem_symptoms.dylib
0x000000000153b000 	/usr/lib/system/libsystem_trace.dylib
0x000000000153b000 	/usr/lib/system/libunwind.dylib
0x000000000153b000 	/usr/lib/system/libxpc.dylib
0x000000000153b000 	/usr/lib/libbsm.0.dylib
0x000000000153b000 	/usr/lib/system/libkxld.dylib
0x000000000153b000 	/usr/lib/libcoretls.dylib
0x000000000153b000 	/usr/lib/libcoretls_cfhelpers.dylib
0x000000000153b000 	/usr/lib/libxar.1.dylib
0x000000000153b000 	/usr/lib/libsqlite3.dylib
0x000000000153b000 	/usr/lib/libpam.2.dylib
0x000000000153b000 	/usr/lib/libOpenScriptingUtil.dylib
0x000000000153b000 	/usr/lib/libbz2.1.0.dylib
0x000000000153b000 	/usr/lib/liblzma.5.dylib
0x000000000153b000 	/usr/lib/libnetwork.dylib
0x000000000153b000 	/usr/lib/libpcap.A.dylib
0x000000000153b000 	/System/Library/Frameworks/CoreServices.framework/Versions/A/Frameworks/FSEvents.framework/Versions/A/FSEvents
0x000000000153b000 	/System/Library/Frameworks/CoreServices.framework/Versions/A/Frameworks/CarbonCore.framework/Versions/A/CarbonCore
0x000000000153b000 	/System/Library/Frameworks/CoreServices.framework/Versions/A/Frameworks/Metadata.framework/Versions/A/Metadata
0x000000000153b000 	/System/Library/Frameworks/CoreServices.framework/Versions/A/Frameworks/OSServices.framework/Versions/A/OSServices
0x000000000153b000 	/System/Library/Frameworks/CoreServices.framework/Versions/A/Frameworks/SearchKit.framework/Versions/A/SearchKit
0x000000000153b000 	/System/Library/Frameworks/CoreServices.framework/Versions/A/Frameworks/AE.framework/Versions/A/AE
0x000000000153b000 	/System/Library/Frameworks/CoreServices.framework/Versions/A/Frameworks/LaunchServices.framework/Versions/A/LaunchServices
0x000000000153b000 	/System/Library/Frameworks/CoreServices.framework/Versions/A/Frameworks/DictionaryServices.framework/Versions/A/DictionaryServices
0x000000000153b000 	/System/Library/Frameworks/CoreServices.framework/Versions/A/Frameworks/SharedFileList.framework/Versions/A/SharedFileList
0x000000000153b000 	/System/Library/Frameworks/NetFS.framework/Versions/A/NetFS
0x000000000153b000 	/System/Library/PrivateFrameworks/NetAuth.framework/Versions/A/NetAuth
0x000000000153b000 	/System/Library/PrivateFrameworks/login.framework/Versions/A/Frameworks/loginsupport.framework/Versions/A/loginsupport
0x000000000153b000 	/System/Library/PrivateFrameworks/TCC.framework/Versions/A/TCC
0x000000000153b000 	/usr/lib/libmecabra.dylib
0x000000000153b000 	/System/Library/Frameworks/ApplicationServices.framework/Versions/A/Frameworks/ATS.framework/Versions/A/ATS
0x000000000153b000 	/System/Library/Frameworks/ApplicationServices.framework/Versions/A/Frameworks/ColorSync.framework/Versions/A/ColorSync
0x000000000153b000 	/System/Library/Frameworks/ApplicationServices.framework/Versions/A/Frameworks/HIServices.framework/Versions/A/HIServices
0x000000000153b000 	/System/Library/Frameworks/ApplicationServices.framework/Versions/A/Frameworks/LangAnalysis.framework/Versions/A/LangAnalysis
0x000000000153b000 	/System/Library/Frameworks/ApplicationServices.framework/Versions/A/Frameworks/PrintCore.framework/Versions/A/PrintCore
0x000000000153b000 	/System/Library/Frameworks/ApplicationServices.framework/Versions/A/Frameworks/QD.framework/Versions/A/QD
0x000000000153b000 	/System/Library/Frameworks/ApplicationServices.framework/Versions/A/Frameworks/SpeechSynthesis.framework/Versions/A/SpeechSynthesis
0x000000000153b000 	/System/Library/Frameworks/Accelerate.framework/Versions/A/Frameworks/vImage.framework/Versions/A/vImage
0x000000000153b000 	/System/Library/Frameworks/Accelerate.framework/Versions/A/Frameworks/vecLib.framework/Versions/A/vecLib
0x000000000153b000 	/System/Library/Frameworks/Accelerate.framework/Versions/A/Frameworks/vecLib.framework/Versions/A/libvDSP.dylib
0x000000000153b000 	/System/Library/Frameworks/Accelerate.framework/Versions/A/Frameworks/vecLib.framework/Versions/A/libBNNS.dylib
0x000000000153b000 	/System/Library/Frameworks/Accelerate.framework/Versions/A/Frameworks/vecLib.framework/Versions/A/libQuadrature.dylib
0x000000000153b000 	/System/Library/Frameworks/Accelerate.framework/Versions/A/Frameworks/vecLib.framework/Versions/A/libvMisc.dylib
0x000000000153b000 	/System/Library/Frameworks/Accelerate.framework/Versions/A/Frameworks/vecLib.framework/Versions/A/libLAPACK.dylib
0x000000000153b000 	/System/Library/Frameworks/Accelerate.framework/Versions/A/Frameworks/vecLib.framework/Versions/A/libBLAS.dylib
0x000000000153b000 	/System/Library/Frameworks/Accelerate.framework/Versions/A/Frameworks/vecLib.framework/Versions/A/libLinearAlgebra.dylib
0x000000000153b000 	/System/Library/Frameworks/Accelerate.framework/Versions/A/Frameworks/vecLib.framework/Versions/A/libSparseBLAS.dylib
0x000000000153b000 	/System/Library/Frameworks/ApplicationServices.framework/Versions/A/Frameworks/ATS.framework/Versions/A/Resources/libFontParser.dylib
0x000000000153b000 	/System/Library/Frameworks/ApplicationServices.framework/Versions/A/Frameworks/ATS.framework/Versions/A/Resources/libFontRegistry.dylib
0x000000000153b000 	/System/Library/Frameworks/ImageIO.framework/Versions/A/Resources/libJPEG.dylib
0x000000000153b000 	/System/Library/Frameworks/ImageIO.framework/Versions/A/Resources/libTIFF.dylib
0x000000000153b000 	/System/Library/Frameworks/ImageIO.framework/Versions/A/Resources/libPng.dylib
0x000000000153b000 	/System/Library/Frameworks/ImageIO.framework/Versions/A/Resources/libGIF.dylib
0x000000000153b000 	/System/Library/Frameworks/ImageIO.framework/Versions/A/Resources/libJP2.dylib
0x000000000153b000 	/System/Library/Frameworks/ImageIO.framework/Versions/A/Resources/libRadiance.dylib
0x000000000153b000 	/usr/lib/libcompression.dylib
0x000000000153b000 	/System/Library/PrivateFrameworks/AppleJPEG.framework/Versions/A/AppleJPEG
0x000000000153b000 	/usr/lib/libcups.2.dylib
0x000000000153b000 	/System/Library/Frameworks/Kerberos.framework/Versions/A/Kerberos
0x000000000153b000 	/System/Library/Frameworks/GSS.framework/Versions/A/GSS
0x000000000153b000 	/usr/lib/libresolv.9.dylib
0x000000000153b000 	/usr/lib/libiconv.2.dylib
0x000000000153b000 	/System/Library/PrivateFrameworks/Heimdal.framework/Versions/A/Heimdal
0x000000000153b000 	/usr/lib/libheimdal-asn1.dylib
0x000000000153b000 	/System/Library/Frameworks/OpenDirectory.framework/Versions/A/OpenDirectory
0x000000000153b000 	/System/Library/PrivateFrameworks/CommonAuth.framework/Versions/A/CommonAuth
0x000000000153b000 	/System/Library/Frameworks/OpenDirectory.framework/Versions/A/Frameworks/CFOpenDirectory.framework/Versions/A/CFOpenDirectory
0x000000000153b000 	/System/Library/Frameworks/SecurityFoundation.framework/Versions/A/SecurityFoundation
0x000000000153b000 	/System/Library/PrivateFrameworks/LanguageModeling.framework/Versions/A/LanguageModeling
0x000000000153b000 	/usr/lib/libmarisa.dylib
0x000000000153b000 	/usr/lib/libChineseTokenizer.dylib
0x000000000153b000 	/usr/lib/libcmph.dylib
0x000000000153b000 	/System/Library/PrivateFrameworks/CoreEmoji.framework/Versions/A/CoreEmoji
0x000000000153b000 	/System/Library/Frameworks/ServiceManagement.framework/Versions/A/ServiceManagement
0x000000000153b000 	/usr/lib/libxslt.1.dylib
0x000000000153b000 	/System/Library/Frameworks/Carbon.framework/Versions/A/Frameworks/Ink.framework/Versions/A/Ink
0x000000000153b000 	/System/Library/PrivateFrameworks/TextureIO.framework/Versions/A/TextureIO
0x000000000153b000 	/System/Library/Frameworks/Metal.framework/Versions/A/Metal
0x000000000153b000 	/usr/lib/libate.dylib
0x000000000153b000 	/System/Library/PrivateFrameworks/GPUCompiler.framework/libmetal_timestamp.dylib
0x000000000153b000 	/System/Library/Frameworks/OpenGL.framework/Versions/A/Libraries/libCoreFSCache.dylib
0x000000000153b000 	/System/Library/PrivateFrameworks/IOAccelerator.framework/Versions/A/IOAccelerator
0x000000000153b000 	/System/Library/Frameworks/CoreVideo.framework/Versions/A/CoreVideo
0x000000000153b000 	/usr/lib/libFosl_dynamic.dylib
0x000000000153b000 	/System/Library/PrivateFrameworks/MetalPerformanceShaders.framework/Versions/A/MetalPerformanceShaders
0x000000000153b000 	/System/Library/PrivateFrameworks/FaceCore.framework/Versions/A/FaceCore
0x000000000153b000 	/System/Library/Frameworks/OpenCL.framework/Versions/A/OpenCL
0x000000000153b000 	/System/Library/Frameworks/OpenGL.framework/Versions/A/Libraries/libGLU.dylib
0x000000000153b000 	/System/Library/Frameworks/OpenGL.framework/Versions/A/Libraries/libGFXShared.dylib
0x000000000153b000 	/System/Library/Frameworks/OpenGL.framework/Versions/A/Libraries/libGL.dylib
0x000000000153b000 	/System/Library/Frameworks/OpenGL.framework/Versions/A/Libraries/libGLImage.dylib
0x000000000153b000 	/System/Library/Frameworks/OpenGL.framework/Versions/A/Libraries/libCVMSPluginSupport.dylib
0x000000000153b000 	/System/Library/Frameworks/OpenGL.framework/Versions/A/Libraries/libCoreVMClient.dylib
0x000000000153b000 	/System/Library/PrivateFrameworks/CrashReporterSupport.framework/Versions/A/CrashReporterSupport
0x000000000153b000 	/System/Library/PrivateFrameworks/Sharing.framework/Versions/A/Sharing
0x000000000153b000 	/System/Library/PrivateFrameworks/IconServices.framework/Versions/A/IconServices
0x000000000153b000 	/System/Library/PrivateFrameworks/ProtocolBuffer.framework/Versions/A/ProtocolBuffer
0x000000000153b000 	/System/Library/PrivateFrameworks/Apple80211.framework/Versions/A/Apple80211
0x000000000153b000 	/System/Library/Frameworks/CoreWLAN.framework/Versions/A/CoreWLAN
0x000000000153b000 	/System/Library/PrivateFrameworks/CoreUtils.framework/Versions/A/CoreUtils
0x000000000153b000 	/System/Library/Frameworks/IOBluetooth.framework/Versions/A/IOBluetooth
0x000000000153b000 	/System/Library/PrivateFrameworks/CoreWiFi.framework/Versions/A/CoreWiFi
0x000000000153b000 	/System/Library/Frameworks/CoreBluetooth.framework/Versions/A/CoreBluetooth
0x000000000153b000 	/System/Library/Frameworks/CoreDisplay.framework/Versions/A/CoreDisplay
0x000000000153b000 	/System/Library/PrivateFrameworks/IOPresentment.framework/Versions/A/IOPresentment
0x000000000153b000 	/System/Library/PrivateFrameworks/DebugSymbols.framework/Versions/A/DebugSymbols
0x000000000153b000 	/System/Library/PrivateFrameworks/CoreSymbolication.framework/Versions/A/CoreSymbolication
0x000000000153b000 	/System/Library/PrivateFrameworks/Symbolication.framework/Versions/A/Symbolication
0x000000000153b000 	/System/Library/PrivateFrameworks/AppleFSCompression.framework/Versions/A/AppleFSCompression
0x000000000153b000 	/System/Library/PrivateFrameworks/SpeechRecognitionCore.framework/Versions/A/SpeechRecognitionCore
0x000000000153b000 	/System/Library/PrivateFrameworks/ChunkingLibrary.framework/Versions/A/ChunkingLibrary
0x0000000111000000 	/Library/Java/JavaVirtualMachines/jdk1.8.0_144.jdk/Contents/Home/jre/lib/server/libjvm.dylib
0x000000000153b000 	/usr/lib/libstdc++.6.dylib
0x000000010ff92000 	/Library/Java/JavaVirtualMachines/jdk1.8.0_144.jdk/Contents/Home/jre/lib/libverify.dylib
0x000000010ffa0000 	/Library/Java/JavaVirtualMachines/jdk1.8.0_144.jdk/Contents/Home/jre/lib/libjava.dylib
0x000000010ffdf000 	/Library/Java/JavaVirtualMachines/jdk1.8.0_144.jdk/Contents/Home/jre/lib/libzip.dylib
0x000000011700e000 	/System/Library/Frameworks/JavaVM.framework/Frameworks/JavaRuntimeSupport.framework/JavaRuntimeSupport
0x0000000117028000 	/System/Library/Frameworks/JavaVM.framework/Versions/A/Frameworks/JavaNativeFoundation.framework/Versions/A/JavaNativeFoundation
0x000000011703d000 	/System/Library/Frameworks/JavaVM.framework/Versions/A/JavaVM
0x000000000153b000 	/System/Library/Frameworks/Carbon.framework/Versions/A/Carbon
0x000000011704a000 	/System/Library/PrivateFrameworks/JavaLaunching.framework/Versions/A/JavaLaunching
0x000000000153b000 	/System/Library/Frameworks/Carbon.framework/Versions/A/Frameworks/CommonPanels.framework/Versions/A/CommonPanels
0x000000000153b000 	/System/Library/Frameworks/Carbon.framework/Versions/A/Frameworks/Help.framework/Versions/A/Help
0x000000000153b000 	/System/Library/Frameworks/Carbon.framework/Versions/A/Frameworks/ImageCapture.framework/Versions/A/ImageCapture
0x000000000153b000 	/System/Library/Frameworks/Carbon.framework/Versions/A/Frameworks/OpenScripting.framework/Versions/A/OpenScripting
0x000000000153b000 	/System/Library/Frameworks/Carbon.framework/Versions/A/Frameworks/Print.framework/Versions/A/Print
0x000000000153b000 	/System/Library/Frameworks/Carbon.framework/Versions/A/Frameworks/SecurityHI.framework/Versions/A/SecurityHI
0x0000000118970000 	/Library/Java/JavaVirtualMachines/jdk1.8.0_144.jdk/Contents/Home/jre/lib/libnet.dylib
0x00000001189cf000 	/Library/Java/JavaVirtualMachines/jdk1.8.0_144.jdk/Contents/Home/jre/lib/libnio.dylib
0x0000000118a32000 	/Library/Java/JavaVirtualMachines/jdk1.8.0_144.jdk/Contents/Home/jre/lib/libmanagement.dylib
0x0000000118a40000 	/Users/jasmina/ABH/eRestoran/target/jnotify/native_libraries/64bits/libjnotify.jnilib
0x0000000118ec5000 	/Library/Java/JavaVirtualMachines/jdk1.8.0_144.jdk/Contents/Home/jre/lib/libsunec.dylib

VM Arguments:
jvm_args: -Dfile.encoding=UTF8 -Djline.terminal=none -Dsbt.log.noformat=true -Dsbt.global.base=/private/var/folders/96/cw4ykw9n6z1d7rb_n0k307400000gn/T/sbt-global-pluginstub -Xms512M -Xmx1024M -Xss1M -XX:+CMSClassUnloadingEnabled -XX:MaxPermSize=256M 
java_command: xsbt.boot.Boot project root run
java_class_path (initial): /Users/jasmina/Library/Application Support/IntelliJIdea2017.2/Scala/launcher/sbt-launch.jar
Launcher Type: SUN_STANDARD

Environment Variables:
PATH=/usr/local/opt/node@6/bin:/usr/local/bin:/usr/bin:/bin:/usr/sbin:/sbin
SHELL=/bin/bash

Signal Handlers:
SIGSEGV: [libjvm.dylib+0x5b26e5], sa_mask[0]=11111111011111110111111111111111, sa_flags=SA_ONSTACK|SA_RESTART|SA_SIGINFO
SIGBUS: [libjvm.dylib+0x5b26e5], sa_mask[0]=11111111011111110111111111111111, sa_flags=SA_RESTART|SA_SIGINFO
SIGFPE: [libjvm.dylib+0x489100], sa_mask[0]=11111111011111110111111111111111, sa_flags=SA_RESTART|SA_SIGINFO
SIGPIPE: [libjvm.dylib+0x489100], sa_mask[0]=11111111011111110111111111111111, sa_flags=SA_RESTART|SA_SIGINFO
SIGXFSZ: [libjvm.dylib+0x489100], sa_mask[0]=11111111011111110111111111111111, sa_flags=SA_RESTART|SA_SIGINFO
SIGILL: [libjvm.dylib+0x489100], sa_mask[0]=11111111011111110111111111111111, sa_flags=SA_RESTART|SA_SIGINFO
SIGUSR1: SIG_DFL, sa_mask[0]=00000000000000000000000000000000, sa_flags=none
SIGUSR2: [libjvm.dylib+0x488c1e], sa_mask[0]=00100000000000000000000000000000, sa_flags=SA_RESTART|SA_SIGINFO
SIGHUP: [libjvm.dylib+0x4871f5], sa_mask[0]=11111111011111110111111111111111, sa_flags=SA_RESTART|SA_SIGINFO
SIGINT: [libjvm.dylib+0x4871f5], sa_mask[0]=11111111011111110111111111111111, sa_flags=SA_RESTART|SA_SIGINFO
SIGTERM: [libjvm.dylib+0x4871f5], sa_mask[0]=11111111011111110111111111111111, sa_flags=SA_RESTART|SA_SIGINFO
SIGQUIT: [libjvm.dylib+0x4871f5], sa_mask[0]=11111111011111110111111111111111, sa_flags=SA_RESTART|SA_SIGINFO


---------------  S Y S T E M  ---------------

OS:Bsduname:Darwin 16.1.0 Darwin Kernel Version 16.1.0: Wed Oct 19 20:31:56 PDT 2016; root:xnu-3789.21.4~4/RELEASE_X86_64 x86_64
rlimit: STACK 8192k, CORE 0k, NPROC 709, NOFILE 10240, AS infinity
load average:4.73 4.02 2.70

CPU:total 8 (initial active 8) (4 cores per cpu, 2 threads per core) family 6 model 70 stepping 1, cmov, cx8, fxsr, mmx, sse, sse2, sse3, ssse3, sse4.1, sse4.2, popcnt, avx, avx2, aes, clmul, erms, lzcnt, ht, tsc, tscinvbit, bmi1, bmi2

Memory: 4k page, physical 8388608k(564664k free)

/proc/meminfo:


vm_info: Java HotSpot(TM) 64-Bit Server VM (25.144-b01) for bsd-amd64 JRE (1.8.0_144-b01), built on Jul 21 2017 22:07:42 by "java_re" with gcc 4.2.1 (Based on Apple Inc. build 5658) (LLVM build 2336.11.00)

time: Mon Oct 23 12:55:34 2017
elapsed time: 661 seconds (0d 0h 11m 1s)

